-------------------------
time: October 6, 2021, 12:01 am
message: Booking data fetched.
-------------------------
-------------------------
time: October 6, 2021, 12:01 am
message: Booking data fetched.
-------------------------
-------------------------
time: October 6, 2021, 12:02 am
message: Error 2 occured on line 63 in file C:\inetpub\wwwroot\trbs_2021\services\api\images\update.php: unlink(../../uploads/551273-debrup poddar host pic (1).jpg): No such file or directory.
-------------------------
-------------------------
time: October 6, 2021, 12:15 am
message: Error 8 occured on line 24 in file C:\inetpub\wwwroot\trbs_2021\services\api\payments\create.php: Undefined property: stdClass::$order_id.
-------------------------
-------------------------
time: October 6, 2021, 12:15 am
message: Expired token
-------------------------
-------------------------
time: October 6, 2021, 12:27 am
message: Username/Password not valid.
-------------------------
-------------------------
time: October 6, 2021, 12:27 am
message: Username/Password not valid.
-------------------------
-------------------------
time: October 6, 2021, 12:32 am
message: Username/Password not valid.
-------------------------
-------------------------
time: October 6, 2021, 12:32 am
message: User not found with given email id.
-------------------------
-------------------------
time: October 6, 2021, 12:32 am
message: User not found with given email id.
-------------------------
-------------------------
time: October 6, 2021, 12:37 am
message: Username/Password not valid.
-------------------------
-------------------------
time: October 6, 2021, 12:39 am
message: Booking data fetched.
-------------------------
-------------------------
time: October 6, 2021, 12:39 am
message: Expired token
-------------------------
-------------------------
time: October 6, 2021, 12:39 am
message: Expired token
-------------------------
-------------------------
time: October 6, 2021, 12:39 am
message: Booking data fetched.
-------------------------
-------------------------
time: October 6, 2021, 12:40 am
message: Username/Password not valid.
-------------------------
-------------------------
time: October 6, 2021, 12:40 am
message: Booking data fetched.
-------------------------
-------------------------
time: October 6, 2021, 12:40 am
message: Booking data fetched.
-------------------------
-------------------------
time: October 6, 2021, 12:43 am
message: GET method not allowed
-------------------------
-------------------------
time: October 6, 2021, 12:43 am
message: Leaderboard data fetched.
-------------------------
-------------------------
time: October 6, 2021, 12:43 am
message: GET method not allowed.
-------------------------
-------------------------
time: October 6, 2021, 12:43 am
message: GET method not allowed
-------------------------
-------------------------
time: October 6, 2021, 12:45 am
message: GET method not allowed.
-------------------------
-------------------------
time: October 6, 2021, 12:46 am
message: GET method not allowed
-------------------------
-------------------------
time: October 6, 2021, 12:46 am
message: GET method not allowed
-------------------------
-------------------------
time: October 6, 2021, 12:59 am
message: GET method not allowed
-------------------------
-------------------------
time: October 6, 2021, 1:04 am
message: GET method not allowed
-------------------------
-------------------------
time: October 6, 2021, 1:04 am
message: GET method not allowed
-------------------------
-------------------------
time: October 6, 2021, 1:04 am
message: GET method not allowed
-------------------------
-------------------------
time: October 6, 2021, 1:04 am
message: GET method not allowed
-------------------------
-------------------------
time: October 6, 2021, 1:06 am
message: GET method not allowed
-------------------------
-------------------------
time: October 6, 2021, 1:17 am
message: Username/Password not valid.
-------------------------
-------------------------
time: October 6, 2021, 1:18 am
message: Username/Password not valid.
-------------------------
-------------------------
time: October 6, 2021, 1:19 am
message: Username/Password not valid.
-------------------------
-------------------------
time: October 6, 2021, 1:19 am
message: Username/Password not valid.
-------------------------
-------------------------
time: October 6, 2021, 1:31 am
message: Leaderboard data fetched.
-------------------------
-------------------------
time: October 6, 2021, 1:39 am
message: GET method not allowed
-------------------------
-------------------------
time: October 6, 2021, 1:41 am
message: Booking data fetched.
-------------------------
-------------------------
time: October 6, 2021, 1:43 am
message: Expired token
-------------------------
-------------------------
time: October 6, 2021, 1:53 am
message: Expired token
-------------------------
-------------------------
time: October 6, 2021, 2:11 am
message: Leaderboard data fetched.
-------------------------
-------------------------
time: October 6, 2021, 2:40 am
message: Booking data fetched.
-------------------------
-------------------------
time: October 6, 2021, 6:02 am
message: Leaderboard data fetched.
-------------------------
-------------------------
time: October 6, 2021, 6:43 am
message: Username/Password not valid.
-------------------------
-------------------------
time: October 6, 2021, 6:49 am
message: GET method not allowed
-------------------------
-------------------------
time: October 6, 2021, 6:57 am
message: GET method not allowed
-------------------------
-------------------------
time: October 6, 2021, 7:14 am
message: Username/Password not valid.
-------------------------
-------------------------
time: October 6, 2021, 7:17 am
message: Leaderboard data fetched.
-------------------------
-------------------------
time: October 6, 2021, 7:55 am
message: Booking data fetched.
-------------------------
-------------------------
time: October 6, 2021, 7:55 am
message: Booking data fetched.
-------------------------
-------------------------
time: October 6, 2021, 7:58 am
message: Username/Password not valid.
-------------------------
-------------------------
time: October 6, 2021, 7:58 am
message: Username/Password not valid.
-------------------------
-------------------------
time: October 6, 2021, 8:22 am
message: Leaderboard data fetched.
-------------------------
-------------------------
time: October 6, 2021, 8:22 am
message: Username/Password not valid.
-------------------------
-------------------------
time: October 6, 2021, 8:23 am
message: Username/Password not valid.
-------------------------
-------------------------
time: October 6, 2021, 8:23 am
message: Username/Password not valid.
-------------------------
-------------------------
time: October 6, 2021, 8:23 am
message: Username/Password not valid.
-------------------------
-------------------------
time: October 6, 2021, 8:23 am
message: Booking data fetched.
-------------------------
-------------------------
time: October 6, 2021, 8:23 am
message: Expired token
-------------------------
-------------------------
time: October 6, 2021, 8:23 am
message: Booking data fetched.
-------------------------
-------------------------
time: October 6, 2021, 8:23 am
message: Expired token
-------------------------
-------------------------
time: October 6, 2021, 8:25 am
message: Booking data fetched.
-------------------------
-------------------------
time: October 6, 2021, 8:25 am
message: Expired token
-------------------------
-------------------------
time: October 6, 2021, 8:25 am
message: Booking data fetched.
-------------------------
-------------------------
time: October 6, 2021, 8:25 am
message: Expired token
-------------------------
-------------------------
time: October 6, 2021, 8:25 am
message: Booking data fetched.
-------------------------
-------------------------
time: October 6, 2021, 8:25 am
message: Expired token
-------------------------
-------------------------
time: October 6, 2021, 8:25 am
message: Expired token
-------------------------
-------------------------
time: October 6, 2021, 8:25 am
message: Booking data fetched.
-------------------------
-------------------------
time: October 6, 2021, 8:25 am
message: Leaderboard data fetched.
-------------------------
-------------------------
time: October 6, 2021, 8:28 am
message: Booking data fetched.
-------------------------
-------------------------
time: October 6, 2021, 8:30 am
message: Leaderboard data fetched.
-------------------------
-------------------------
time: October 6, 2021, 8:38 am
message: Booking data fetched.
-------------------------
-------------------------
time: October 6, 2021, 8:38 am
message: Username/Password not valid.
-------------------------
-------------------------
time: October 6, 2021, 8:38 am
message: Booking data fetched.
-------------------------
-------------------------
time: October 6, 2021, 8:38 am
message: Username/Password not valid.
-------------------------
-------------------------
time: October 6, 2021, 8:38 am
message: Username/Password not valid.
-------------------------
-------------------------
time: October 6, 2021, 8:39 am
message: User not found with given email id.
-------------------------
-------------------------
time: October 6, 2021, 8:41 am
message: Username/Password not valid.
-------------------------
-------------------------
time: October 6, 2021, 8:45 am
message: Username/Password not valid.
-------------------------
-------------------------
time: October 6, 2021, 8:46 am
message: Username/Password not valid.
-------------------------
-------------------------
time: October 6, 2021, 8:47 am
message: Leaderboard data fetched.
-------------------------
-------------------------
time: October 6, 2021, 8:47 am
message: Leaderboard data fetched.
-------------------------
-------------------------
time: October 6, 2021, 8:48 am
message: SQLSTATE[22001]: String data, right truncated: 1406 Data too long for column 'address' at row 1
-------------------------
-------------------------
time: October 6, 2021, 8:48 am
message: SQLSTATE[22001]: String data, right truncated: 1406 Data too long for column 'address' at row 1
-------------------------
-------------------------
time: October 6, 2021, 8:48 am
message: SQLSTATE[22001]: String data, right truncated: 1406 Data too long for column 'address' at row 1
-------------------------
-------------------------
time: October 6, 2021, 8:48 am
message: SQLSTATE[22001]: String data, right truncated: 1406 Data too long for column 'address' at row 1
-------------------------
-------------------------
time: October 6, 2021, 8:58 am
message: Leaderboard data fetched.
-------------------------
-------------------------
time: October 6, 2021, 8:59 am
message: User not found with given email id.
-------------------------
-------------------------
time: October 6, 2021, 8:59 am
message: User not found with given email id.
-------------------------
-------------------------
time: October 6, 2021, 8:59 am
message: Username/Password not valid.
-------------------------
-------------------------
time: October 6, 2021, 9:00 am
message: User not found with given email id.
-------------------------
-------------------------
time: October 6, 2021, 9:00 am
message: Username/Password not valid.
-------------------------
-------------------------
time: October 6, 2021, 9:03 am
message: Leaderboard data fetched.
-------------------------
-------------------------
time: October 6, 2021, 9:08 am
message: Leaderboard data fetched.
-------------------------
-------------------------
time: October 6, 2021, 9:27 am
message: Username/Password not valid.
-------------------------
-------------------------
time: October 6, 2021, 9:27 am
message: Username/Password not valid.
-------------------------
-------------------------
time: October 6, 2021, 9:31 am
message: Booking data fetched.
-------------------------
-------------------------
time: October 6, 2021, 9:31 am
message: Booking data fetched.
-------------------------
-------------------------
time: October 6, 2021, 9:34 am
message: Username/Password not valid.
-------------------------
-------------------------
time: October 6, 2021, 9:34 am
message: User not found with given email id.
-------------------------
-------------------------
time: October 6, 2021, 9:35 am
message: User not found with given email id.
-------------------------
-------------------------
time: October 6, 2021, 9:35 am
message: User not found with given email id.
-------------------------
-------------------------
time: October 6, 2021, 9:48 am
message: Booking data fetched.
-------------------------
-------------------------
time: October 6, 2021, 9:48 am
message: Booking data fetched.
-------------------------
-------------------------
time: October 6, 2021, 9:51 am
message: Booking data fetched.
-------------------------
-------------------------
time: October 6, 2021, 9:54 am
message: GET method not allowed
-------------------------
-------------------------
time: October 6, 2021, 9:54 am
message: GET method not allowed
-------------------------
-------------------------
time: October 6, 2021, 9:54 am
message: GET method not allowed
-------------------------
-------------------------
time: October 6, 2021, 9:54 am
message: GET method not allowed
-------------------------
-------------------------
time: October 6, 2021, 10:03 am
message: Expired token
-------------------------
-------------------------
time: October 6, 2021, 10:41 am
message: Booking data fetched.
-------------------------
-------------------------
time: October 6, 2021, 10:42 am
message: Booking data fetched.
-------------------------
-------------------------
time: October 6, 2021, 10:43 am
message: Leaderboard data fetched.
-------------------------
-------------------------
time: October 6, 2021, 11:04 am
message: Booking data fetched.
-------------------------
-------------------------
time: October 6, 2021, 11:04 am
message: Username/Password not valid.
-------------------------
-------------------------
time: October 6, 2021, 11:05 am
message: Username/Password not valid.
-------------------------
-------------------------
time: October 6, 2021, 11:05 am
message: User not found with given email id.
-------------------------
-------------------------
time: October 6, 2021, 11:06 am
message: User not found with given email id.
-------------------------
-------------------------
time: October 6, 2021, 11:07 am
message: Username/Password not valid.
-------------------------
-------------------------
time: October 6, 2021, 11:07 am
message: User not found with given email id.
-------------------------
-------------------------
time: October 6, 2021, 11:10 am
message: Booking data fetched.
-------------------------
-------------------------
time: October 6, 2021, 11:12 am
message: Booking data fetched.
-------------------------
-------------------------
time: October 6, 2021, 11:12 am
message: Booking data fetched.
-------------------------
-------------------------
time: October 6, 2021, 11:15 am
message: SQLSTATE[22001]: String data, right truncated: 1406 Data too long for column 'address' at row 1
-------------------------
-------------------------
time: October 6, 2021, 11:15 am
message: SQLSTATE[22001]: String data, right truncated: 1406 Data too long for column 'address' at row 1
-------------------------
-------------------------
time: October 6, 2021, 11:22 am
message: SQLSTATE[HY000]: General error: 1366 Incorrect integer value: '' for column 'year' at row 1
-------------------------
-------------------------
time: October 6, 2021, 11:22 am
message: SQLSTATE[HY000]: General error: 1366 Incorrect integer value: '' for column 'year' at row 1
-------------------------
-------------------------
time: October 6, 2021, 11:25 am
message: Booking data fetched.
-------------------------
-------------------------
time: October 6, 2021, 11:29 am
message: Leaderboard data fetched.
-------------------------
-------------------------
time: October 6, 2021, 11:29 am
message: Leaderboard data fetched.
-------------------------
-------------------------
time: October 6, 2021, 11:30 am
message: Booking data fetched.
-------------------------
-------------------------
time: October 6, 2021, 11:36 am
message: User not found with given email id.
-------------------------
-------------------------
time: October 6, 2021, 11:37 am
message: User not found with given email id.
-------------------------
-------------------------
time: October 6, 2021, 11:42 am
message: Username/Password not valid.
-------------------------
-------------------------
time: October 6, 2021, 11:44 am
message: Username/Password not valid.
-------------------------
-------------------------
time: October 6, 2021, 11:45 am
message: User not found with given email id.
-------------------------
-------------------------
time: October 6, 2021, 11:45 am
message: User not found with given email id.
-------------------------
-------------------------
time: October 6, 2021, 11:45 am
message: User not found with given email id.
-------------------------
-------------------------
time: October 6, 2021, 11:46 am
message: Username/Password not valid.
-------------------------
-------------------------
time: October 6, 2021, 11:47 am
message: Username/Password not valid.
-------------------------
-------------------------
time: October 6, 2021, 11:47 am
message: Username/Password not valid.
-------------------------
-------------------------
time: October 6, 2021, 11:47 am
message: Username/Password not valid.
-------------------------
-------------------------
time: October 6, 2021, 11:48 am
message: Username/Password not valid.
-------------------------
-------------------------
time: October 6, 2021, 11:48 am
message: Username/Password not valid.
-------------------------
-------------------------
time: October 6, 2021, 11:48 am
message: User not found with given email id.
-------------------------
-------------------------
time: October 6, 2021, 11:55 am
message: Booking data fetched.
-------------------------
-------------------------
time: October 6, 2021, 12:02 pm
message: Booking data fetched.
-------------------------
-------------------------
time: October 6, 2021, 12:12 pm
message: GET method not allowed
-------------------------
-------------------------
time: October 6, 2021, 12:12 pm
message: GET method not allowed
-------------------------
-------------------------
time: October 6, 2021, 12:12 pm
message: GET method not allowed
-------------------------
-------------------------
time: October 6, 2021, 12:12 pm
message: GET method not allowed
-------------------------
-------------------------
time: October 6, 2021, 12:17 pm
message: Booking data fetched.
-------------------------
-------------------------
time: October 6, 2021, 12:22 pm
message: Booking data fetched.
-------------------------
-------------------------
time: October 6, 2021, 12:25 pm
message: SQLSTATE[22001]: String data, right truncated: 1406 Data too long for column 'address' at row 1
-------------------------
-------------------------
time: October 6, 2021, 12:25 pm
message: SQLSTATE[22001]: String data, right truncated: 1406 Data too long for column 'address' at row 1
-------------------------
-------------------------
time: October 6, 2021, 12:27 pm
message: GET method not allowed
-------------------------
-------------------------
time: October 6, 2021, 12:27 pm
message: GET method not allowed
-------------------------
-------------------------
time: October 6, 2021, 12:27 pm
message: GET method not allowed
-------------------------
-------------------------
time: October 6, 2021, 12:30 pm
message: Leaderboard data fetched.
-------------------------
-------------------------
time: October 6, 2021, 12:36 pm
message: SQLSTATE[HY000]: General error: 1366 Incorrect integer value: '' for column 'year' at row 1
-------------------------
-------------------------
time: October 6, 2021, 12:36 pm
message: SQLSTATE[HY000]: General error: 1366 Incorrect integer value: '' for column 'year' at row 1
-------------------------
-------------------------
time: October 6, 2021, 12:38 pm
message: Username/Password not valid.
-------------------------
-------------------------
time: October 6, 2021, 12:40 pm
message: Leaderboard data fetched.
-------------------------
-------------------------
time: October 6, 2021, 12:50 pm
message: Leaderboard data fetched.
-------------------------
-------------------------
time: October 6, 2021, 1:05 pm
message: Error 8 occured on line 24 in file C:\inetpub\wwwroot\trbs_2021\services\api\payments\create.php: Undefined property: stdClass::$order_id.
-------------------------
-------------------------
time: October 6, 2021, 1:06 pm
message: Booking data fetched.
-------------------------
-------------------------
time: October 6, 2021, 1:07 pm
message: Booking data fetched.
-------------------------
-------------------------
time: October 6, 2021, 1:10 pm
message: SQLSTATE[HY000]: General error: 1366 Incorrect integer value: '' for column 'year' at row 1
-------------------------
-------------------------
time: October 6, 2021, 1:10 pm
message: SQLSTATE[HY000]: General error: 1366 Incorrect integer value: '' for column 'year' at row 1
-------------------------
-------------------------
time: October 6, 2021, 1:10 pm
message: SQLSTATE[22001]: String data, right truncated: 1406 Data too long for column 'address' at row 1
-------------------------
-------------------------
time: October 6, 2021, 1:10 pm
message: SQLSTATE[22001]: String data, right truncated: 1406 Data too long for column 'address' at row 1
-------------------------
-------------------------
time: October 6, 2021, 1:14 pm
message: Booking data fetched.
-------------------------
-------------------------
time: October 6, 2021, 1:14 pm
message: Expired token
-------------------------
-------------------------
time: October 6, 2021, 1:25 pm
message: Leaderboard data fetched.
-------------------------
-------------------------
time: October 6, 2021, 1:32 pm
message: Booking data fetched.
-------------------------
-------------------------
time: October 6, 2021, 1:32 pm
message: Expired token
-------------------------
-------------------------
time: October 6, 2021, 1:33 pm
message: Booking data fetched.
-------------------------
-------------------------
time: October 6, 2021, 1:33 pm
message: Expired token
-------------------------
-------------------------
time: October 6, 2021, 1:33 pm
message: Expired token
-------------------------
-------------------------
time: October 6, 2021, 1:33 pm
message: Booking data fetched.
-------------------------
-------------------------
time: October 6, 2021, 1:33 pm
message: Leaderboard data fetched.
-------------------------
-------------------------
time: October 6, 2021, 1:34 pm
message: Booking data fetched.
-------------------------
-------------------------
time: October 6, 2021, 1:34 pm
message: Expired token
-------------------------
-------------------------
time: October 6, 2021, 1:35 pm
message: Expired token
-------------------------
-------------------------
time: October 6, 2021, 1:36 pm
message: Username/Password not valid.
-------------------------
-------------------------
time: October 6, 2021, 1:36 pm
message: Username/Password not valid.
-------------------------
-------------------------
time: October 6, 2021, 1:38 pm
message: Booking data fetched.
-------------------------
-------------------------
time: October 6, 2021, 1:39 pm
message: Booking data fetched.
-------------------------
-------------------------
time: October 6, 2021, 1:40 pm
message: Leaderboard data fetched.
-------------------------
-------------------------
time: October 6, 2021, 1:52 pm
message: Booking data fetched.
-------------------------
-------------------------
time: October 6, 2021, 1:56 pm
message: Username/Password not valid.
-------------------------
-------------------------
time: October 6, 2021, 2:00 pm
message: Leaderboard data fetched.
-------------------------
-------------------------
time: October 6, 2021, 2:00 pm
message: Username/Password not valid.
-------------------------
-------------------------
time: October 6, 2021, 2:00 pm
message: User not found with given email id.
-------------------------
-------------------------
time: October 6, 2021, 2:01 pm
message: User not found with given email id.
-------------------------
-------------------------
time: October 6, 2021, 2:01 pm
message: User not found with given email id.
-------------------------
-------------------------
time: October 6, 2021, 2:01 pm
message: User not found with given email id.
-------------------------
-------------------------
time: October 6, 2021, 2:03 pm
message: User not found with given email id.
-------------------------
-------------------------
time: October 6, 2021, 2:03 pm
message: User not found with given email id.
-------------------------
-------------------------
time: October 6, 2021, 2:03 pm
message: Username/Password not valid.
-------------------------
-------------------------
time: October 6, 2021, 2:03 pm
message: Username/Password not valid.
-------------------------
-------------------------
time: October 6, 2021, 2:04 pm
message: User not found with given email id.
-------------------------
-------------------------
time: October 6, 2021, 2:05 pm
message: Booking data fetched.
-------------------------
-------------------------
time: October 6, 2021, 2:08 pm
message: Booking data fetched.
-------------------------
-------------------------
time: October 6, 2021, 2:12 pm
message: Username/Password not valid.
-------------------------
-------------------------
time: October 6, 2021, 2:12 pm
message: Username/Password not valid.
-------------------------
-------------------------
time: October 6, 2021, 2:16 pm
message: Username/Password not valid.
-------------------------
-------------------------
time: October 6, 2021, 2:17 pm
message: SQLSTATE[22001]: String data, right truncated: 1406 Data too long for column 'address' at row 1
-------------------------
-------------------------
time: October 6, 2021, 2:17 pm
message: SQLSTATE[22001]: String data, right truncated: 1406 Data too long for column 'address' at row 1
-------------------------
-------------------------
time: October 6, 2021, 2:28 pm
message: Booking data fetched.
-------------------------
-------------------------
time: October 6, 2021, 2:33 pm
message: SQLSTATE[HY000]: General error: 1366 Incorrect integer value: 'Select an option' for column 'college_id' at row 1
-------------------------
-------------------------
time: October 6, 2021, 2:33 pm
message: SQLSTATE[HY000]: General error: 1366 Incorrect integer value: 'Select an option' for column 'college_id' at row 1
-------------------------
-------------------------
time: October 6, 2021, 2:34 pm
message: SQLSTATE[HY000]: General error: 1366 Incorrect integer value: 'Select an option' for column 'state_id' at row 1
-------------------------
-------------------------
time: October 6, 2021, 2:34 pm
message: SQLSTATE[HY000]: General error: 1366 Incorrect integer value: 'Select an option' for column 'state_id' at row 1
-------------------------
-------------------------
time: October 6, 2021, 2:39 pm
message: Booking data fetched.
-------------------------
-------------------------
time: October 6, 2021, 2:41 pm
message: Leaderboard data fetched.
-------------------------
-------------------------
time: October 6, 2021, 2:43 pm
message: Username/Password not valid.
-------------------------
-------------------------
time: October 6, 2021, 2:43 pm
message: Username/Password not valid.
-------------------------
-------------------------
time: October 6, 2021, 2:44 pm
message: Username/Password not valid.
-------------------------
-------------------------
time: October 6, 2021, 2:45 pm
message: Email Id is already associated with another account.
-------------------------
-------------------------
time: October 6, 2021, 2:45 pm
message: Username/Password not valid.
-------------------------
-------------------------
time: October 6, 2021, 2:46 pm
message: Username/Password not valid.
-------------------------
-------------------------
time: October 6, 2021, 2:47 pm
message: Username/Password not valid.
-------------------------
-------------------------
time: October 6, 2021, 2:47 pm
message: Username/Password not valid.
-------------------------
-------------------------
time: October 6, 2021, 2:49 pm
message: Leaderboard data fetched.
-------------------------
-------------------------
time: October 6, 2021, 2:51 pm
message: User not found with given email id.
-------------------------
-------------------------
time: October 6, 2021, 2:51 pm
message: User not found with given email id.
-------------------------
-------------------------
time: October 6, 2021, 2:51 pm
message: Username/Password not valid.
-------------------------
-------------------------
time: October 6, 2021, 2:52 pm
message: User not found with given email id.
-------------------------
-------------------------
time: October 6, 2021, 2:52 pm
message: User not found with given email id.
-------------------------
-------------------------
time: October 6, 2021, 2:52 pm
message: User not found with given email id.
-------------------------
-------------------------
time: October 6, 2021, 2:52 pm
message: User not found with given email id.
-------------------------
-------------------------
time: October 6, 2021, 2:52 pm
message: User not found with given email id.
-------------------------
-------------------------
time: October 6, 2021, 2:52 pm
message: User not found with given email id.
-------------------------
-------------------------
time: October 6, 2021, 2:53 pm
message: SQLSTATE[22001]: String data, right truncated: 1406 Data too long for column 'address' at row 1
-------------------------
-------------------------
time: October 6, 2021, 2:53 pm
message: SQLSTATE[22001]: String data, right truncated: 1406 Data too long for column 'address' at row 1
-------------------------
-------------------------
time: October 6, 2021, 2:54 pm
message: SQLSTATE[22001]: String data, right truncated: 1406 Data too long for column 'address' at row 1
-------------------------
-------------------------
time: October 6, 2021, 2:54 pm
message: SQLSTATE[22001]: String data, right truncated: 1406 Data too long for column 'address' at row 1
-------------------------
-------------------------
time: October 6, 2021, 2:58 pm
message: GET method not allowed.
-------------------------
-------------------------
time: October 6, 2021, 2:58 pm
message: GET method not allowed.
-------------------------
-------------------------
time: October 6, 2021, 2:58 pm
message: GET method not allowed.
-------------------------
-------------------------
time: October 6, 2021, 3:03 pm
message: Expired token
-------------------------
-------------------------
time: October 6, 2021, 3:03 pm
message: Booking data fetched.
-------------------------
-------------------------
time: October 6, 2021, 3:05 pm
message: Leaderboard data fetched.
-------------------------
-------------------------
time: October 6, 2021, 3:07 pm
message: Leaderboard data fetched.
-------------------------
-------------------------
time: October 6, 2021, 3:12 pm
message: SQLSTATE[22001]: String data, right truncated: 1406 Data too long for column 'address' at row 1
-------------------------
-------------------------
time: October 6, 2021, 3:12 pm
message: SQLSTATE[22001]: String data, right truncated: 1406 Data too long for column 'address' at row 1
-------------------------
-------------------------
time: October 6, 2021, 3:12 pm
message: Booking data fetched.
-------------------------
-------------------------
time: October 6, 2021, 3:12 pm
message: Booking data fetched.
-------------------------
-------------------------
time: October 6, 2021, 3:13 pm
message: Booking data fetched.
-------------------------
-------------------------
time: October 6, 2021, 3:14 pm
message: Leaderboard data fetched.
-------------------------
-------------------------
time: October 6, 2021, 3:18 pm
message: Booking data fetched.
-------------------------
-------------------------
time: October 6, 2021, 3:19 pm
message: Expired token
-------------------------
-------------------------
time: October 6, 2021, 3:19 pm
message: Booking data fetched.
-------------------------
-------------------------
time: October 6, 2021, 3:20 pm
message: Expired token
-------------------------
-------------------------
time: October 6, 2021, 3:23 pm
message: Leaderboard data fetched.
-------------------------
-------------------------
time: October 6, 2021, 3:24 pm
message: Booking data fetched.
-------------------------
-------------------------
time: October 6, 2021, 3:27 pm
message: Leaderboard data fetched.
-------------------------
-------------------------
time: October 6, 2021, 3:29 pm
message: Leaderboard data fetched.
-------------------------
-------------------------
time: October 6, 2021, 3:42 pm
message: Leaderboard data fetched.
-------------------------
-------------------------
time: October 6, 2021, 3:44 pm
message: Leaderboard data fetched.
-------------------------
-------------------------
time: October 6, 2021, 3:46 pm
message: Leaderboard data fetched.
-------------------------
-------------------------
time: October 6, 2021, 3:53 pm
message: Leaderboard data fetched.
-------------------------
-------------------------
time: October 6, 2021, 3:57 pm
message: Leaderboard data fetched.
-------------------------
-------------------------
time: October 6, 2021, 4:08 pm
message: Leaderboard data fetched.
-------------------------
-------------------------
time: October 6, 2021, 4:15 pm
message: SQLSTATE[22001]: String data, right truncated: 1406 Data too long for column 'address' at row 1
-------------------------
-------------------------
time: October 6, 2021, 4:15 pm
message: SQLSTATE[22001]: String data, right truncated: 1406 Data too long for column 'address' at row 1
-------------------------
-------------------------
time: October 6, 2021, 4:18 pm
message: Username/Password not valid.
-------------------------
-------------------------
time: October 6, 2021, 4:19 pm
message: Username/Password not valid.
-------------------------
-------------------------
time: October 6, 2021, 4:19 pm
message: Username/Password not valid.
-------------------------
-------------------------
time: October 6, 2021, 4:20 pm
message: Username/Password not valid.
-------------------------
-------------------------
time: October 6, 2021, 4:20 pm
message: Username/Password not valid.
-------------------------
-------------------------
time: October 6, 2021, 4:20 pm
message: Expired token
-------------------------
-------------------------
time: October 6, 2021, 4:20 pm
message: SQLSTATE[22001]: String data, right truncated: 1406 Data too long for column 'address' at row 1
-------------------------
-------------------------
time: October 6, 2021, 4:20 pm
message: SQLSTATE[22001]: String data, right truncated: 1406 Data too long for column 'address' at row 1
-------------------------
-------------------------
time: October 6, 2021, 4:21 pm
message: Expired token
-------------------------
-------------------------
time: October 6, 2021, 4:21 pm
message: User not found with given email id.
-------------------------
-------------------------
time: October 6, 2021, 4:22 pm
message: User not found with given email id.
-------------------------
-------------------------
time: October 6, 2021, 4:22 pm
message: Leaderboard data fetched.
-------------------------
-------------------------
time: October 6, 2021, 4:22 pm
message: Leaderboard data fetched.
-------------------------
-------------------------
time: October 6, 2021, 4:22 pm
message: Username/Password not valid.
-------------------------
-------------------------
time: October 6, 2021, 4:23 pm
message: Username/Password not valid.
-------------------------
-------------------------
time: October 6, 2021, 4:23 pm
message: Username/Password not valid.
-------------------------
-------------------------
time: October 6, 2021, 4:23 pm
message: Username/Password not valid.
-------------------------
-------------------------
time: October 6, 2021, 4:23 pm
message: Leaderboard data fetched.
-------------------------
-------------------------
time: October 6, 2021, 4:23 pm
message: User not found with given email id.
-------------------------
-------------------------
time: October 6, 2021, 4:23 pm
message: Leaderboard data fetched.
-------------------------
-------------------------
time: October 6, 2021, 4:26 pm
message: Username/Password not valid.
-------------------------
-------------------------
time: October 6, 2021, 4:26 pm
message: Username/Password not valid.
-------------------------
-------------------------
time: October 6, 2021, 4:26 pm
message: Username/Password not valid.
-------------------------
-------------------------
time: October 6, 2021, 4:26 pm
message: Username/Password not valid.
-------------------------
-------------------------
time: October 6, 2021, 4:26 pm
message: User not found with given email id.
-------------------------
-------------------------
time: October 6, 2021, 4:27 pm
message: User not found with given email id.
-------------------------
-------------------------
time: October 6, 2021, 4:27 pm
message: User not found with given email id.
-------------------------
-------------------------
time: October 6, 2021, 4:27 pm
message: User not found with given email id.
-------------------------
-------------------------
time: October 6, 2021, 4:27 pm
message: User not found with given email id.
-------------------------
-------------------------
time: October 6, 2021, 4:27 pm
message: User not found with given email id.
-------------------------
-------------------------
time: October 6, 2021, 4:27 pm
message: User not found with given email id.
-------------------------
-------------------------
time: October 6, 2021, 4:27 pm
message: User not found with given email id.
-------------------------
-------------------------
time: October 6, 2021, 4:27 pm
message: User not found with given email id.
-------------------------
-------------------------
time: October 6, 2021, 4:27 pm
message: User not found with given email id.
-------------------------
-------------------------
time: October 6, 2021, 4:27 pm
message: User not found with given email id.
-------------------------
-------------------------
time: October 6, 2021, 4:27 pm
message: User not found with given email id.
-------------------------
-------------------------
time: October 6, 2021, 4:27 pm
message: User not found with given email id.
-------------------------
-------------------------
time: October 6, 2021, 4:27 pm
message: User not found with given email id.
-------------------------
-------------------------
time: October 6, 2021, 4:29 pm
message: Leaderboard data fetched.
-------------------------
-------------------------
time: October 6, 2021, 4:31 pm
message: Leaderboard data fetched.
-------------------------
-------------------------
time: October 6, 2021, 4:32 pm
message: Leaderboard data fetched.
-------------------------
-------------------------
time: October 6, 2021, 4:32 pm
message: Leaderboard data fetched.
-------------------------
-------------------------
time: October 6, 2021, 4:32 pm
message: Username/Password not valid.
-------------------------
-------------------------
time: October 6, 2021, 4:32 pm
message: Username/Password not valid.
-------------------------
-------------------------
time: October 6, 2021, 4:33 pm
message: Username/Password not valid.
-------------------------
-------------------------
time: October 6, 2021, 4:33 pm
message: Username/Password not valid.
-------------------------
-------------------------
time: October 6, 2021, 4:33 pm
message: Username/Password not valid.
-------------------------
-------------------------
time: October 6, 2021, 4:33 pm
message: Username/Password not valid.
-------------------------
-------------------------
time: October 6, 2021, 4:33 pm
message: Booking data fetched.
-------------------------
-------------------------
time: October 6, 2021, 4:34 pm
message: Username/Password not valid.
-------------------------
-------------------------
time: October 6, 2021, 4:34 pm
message: User not found with given email id.
-------------------------
-------------------------
time: October 6, 2021, 4:34 pm
message: User not found with given email id.
-------------------------
-------------------------
time: October 6, 2021, 4:34 pm
message: User not found with given email id.
-------------------------
-------------------------
time: October 6, 2021, 4:34 pm
message: User not found with given email id.
-------------------------
-------------------------
time: October 6, 2021, 4:34 pm
message: User not found with given email id.
-------------------------
-------------------------
time: October 6, 2021, 4:34 pm
message: User not found with given email id.
-------------------------
-------------------------
time: October 6, 2021, 4:34 pm
message: User not found with given email id.
-------------------------
-------------------------
time: October 6, 2021, 4:34 pm
message: User not found with given email id.
-------------------------
-------------------------
time: October 6, 2021, 4:34 pm
message: User not found with given email id.
-------------------------
-------------------------
time: October 6, 2021, 4:34 pm
message: User not found with given email id.
-------------------------
-------------------------
time: October 6, 2021, 4:34 pm
message: User not found with given email id.
-------------------------
-------------------------
time: October 6, 2021, 4:34 pm
message: User not found with given email id.
-------------------------
-------------------------
time: October 6, 2021, 4:34 pm
message: User not found with given email id.
-------------------------
-------------------------
time: October 6, 2021, 4:34 pm
message: User not found with given email id.
-------------------------
-------------------------
time: October 6, 2021, 4:34 pm
message: User not found with given email id.
-------------------------
-------------------------
time: October 6, 2021, 4:34 pm
message: User not found with given email id.
-------------------------
-------------------------
time: October 6, 2021, 4:34 pm
message: User not found with given email id.
-------------------------
-------------------------
time: October 6, 2021, 4:34 pm
message: User not found with given email id.
-------------------------
-------------------------
time: October 6, 2021, 4:34 pm
message: User not found with given email id.
-------------------------
-------------------------
time: October 6, 2021, 4:34 pm
message: User not found with given email id.
-------------------------
-------------------------
time: October 6, 2021, 4:34 pm
message: User not found with given email id.
-------------------------
-------------------------
time: October 6, 2021, 4:34 pm
message: User not found with given email id.
-------------------------
-------------------------
time: October 6, 2021, 4:34 pm
message: User not found with given email id.
-------------------------
-------------------------
time: October 6, 2021, 4:34 pm
message: User not found with given email id.
-------------------------
-------------------------
time: October 6, 2021, 4:34 pm
message: User not found with given email id.
-------------------------
-------------------------
time: October 6, 2021, 4:34 pm
message: User not found with given email id.
-------------------------
-------------------------
time: October 6, 2021, 4:34 pm
message: User not found with given email id.
-------------------------
-------------------------
time: October 6, 2021, 4:34 pm
message: User not found with given email id.
-------------------------
-------------------------
time: October 6, 2021, 4:34 pm
message: User not found with given email id.
-------------------------
-------------------------
time: October 6, 2021, 4:35 pm
message: Email Id is already associated with another account.
-------------------------
-------------------------
time: October 6, 2021, 4:35 pm
message: Email Id is already associated with another account.
-------------------------
-------------------------
time: October 6, 2021, 4:37 pm
message: SQLSTATE[22001]: String data, right truncated: 1406 Data too long for column 'address' at row 1
-------------------------
-------------------------
time: October 6, 2021, 4:37 pm
message: SQLSTATE[22001]: String data, right truncated: 1406 Data too long for column 'address' at row 1
-------------------------
-------------------------
time: October 6, 2021, 4:48 pm
message: Booking data fetched.
-------------------------
-------------------------
time: October 6, 2021, 4:51 pm
message: Booking data fetched.
-------------------------
-------------------------
time: October 6, 2021, 4:51 pm
message: Username/Password not valid.
-------------------------
-------------------------
time: October 6, 2021, 4:57 pm
message: Username/Password not valid.
-------------------------
-------------------------
time: October 6, 2021, 4:57 pm
message: Username/Password not valid.
-------------------------
-------------------------
time: October 6, 2021, 5:07 pm
message: Leaderboard data fetched.
-------------------------
-------------------------
time: October 6, 2021, 5:19 pm
message: Leaderboard data fetched.
-------------------------
-------------------------
time: October 6, 2021, 5:21 pm
message: Username/Password not valid.
-------------------------
-------------------------
time: October 6, 2021, 5:24 pm
message: Leaderboard data fetched.
-------------------------
-------------------------
time: October 6, 2021, 5:24 pm
message: Leaderboard data fetched.
-------------------------
-------------------------
time: October 6, 2021, 5:26 pm
message: Expired token
-------------------------
-------------------------
time: October 6, 2021, 5:27 pm
message: Leaderboard data fetched.
-------------------------
-------------------------
time: October 6, 2021, 5:27 pm
message: SQLSTATE[22001]: String data, right truncated: 1406 Data too long for column 'address' at row 1
-------------------------
-------------------------
time: October 6, 2021, 5:27 pm
message: SQLSTATE[22001]: String data, right truncated: 1406 Data too long for column 'address' at row 1
-------------------------
-------------------------
time: October 6, 2021, 5:27 pm
message: SQLSTATE[22001]: String data, right truncated: 1406 Data too long for column 'address' at row 1
-------------------------
-------------------------
time: October 6, 2021, 5:27 pm
message: SQLSTATE[22001]: String data, right truncated: 1406 Data too long for column 'address' at row 1
-------------------------
-------------------------
time: October 6, 2021, 5:28 pm
message: SQLSTATE[22001]: String data, right truncated: 1406 Data too long for column 'address' at row 1
-------------------------
-------------------------
time: October 6, 2021, 5:28 pm
message: SQLSTATE[22001]: String data, right truncated: 1406 Data too long for column 'address' at row 1
-------------------------
-------------------------
time: October 6, 2021, 5:28 pm
message: Username/Password not valid.
-------------------------
-------------------------
time: October 6, 2021, 5:28 pm
message: Username/Password not valid.
-------------------------
-------------------------
time: October 6, 2021, 5:29 pm
message: User not found with given email id.
-------------------------
-------------------------
time: October 6, 2021, 5:29 pm
message: User not found with given email id.
-------------------------
-------------------------
time: October 6, 2021, 5:29 pm
message: User not found with given email id.
-------------------------
-------------------------
time: October 6, 2021, 5:30 pm
message: User not found with given email id.
-------------------------
-------------------------
time: October 6, 2021, 5:31 pm
message: Username/Password not valid.
-------------------------
-------------------------
time: October 6, 2021, 5:32 pm
message: Username/Password not valid.
-------------------------
-------------------------
time: October 6, 2021, 5:32 pm
message: Username/Password not valid.
-------------------------
-------------------------
time: October 6, 2021, 5:34 pm
message: Booking data fetched.
-------------------------
-------------------------
time: October 6, 2021, 5:38 pm
message: Booking data fetched.
-------------------------
-------------------------
time: October 6, 2021, 5:49 pm
message: Booking data fetched.
-------------------------
-------------------------
time: October 6, 2021, 5:49 pm
message: Expired token
-------------------------
-------------------------
time: October 6, 2021, 5:52 pm
message: Booking data fetched.
-------------------------
-------------------------
time: October 6, 2021, 5:59 pm
message: Leaderboard data fetched.
-------------------------
-------------------------
time: October 6, 2021, 5:59 pm
message: Username/Password not valid.
-------------------------
-------------------------
time: October 6, 2021, 5:59 pm
message: User not found with given email id.
-------------------------
-------------------------
time: October 6, 2021, 6:14 pm
message: SQLSTATE[42000]: Syntax error or access violation: 1064 You have an error in your SQL syntax; check the manual that corresponds to your MySQL server version for the right syntax to use near 's-Panel'' at line 1
-------------------------
-------------------------
time: October 6, 2021, 6:14 pm
message: SQLSTATE[42000]: Syntax error or access violation: 1064 You have an error in your SQL syntax; check the manual that corresponds to your MySQL server version for the right syntax to use near 's-Panel'' at line 1
-------------------------
-------------------------
time: October 6, 2021, 6:14 pm
message: SQLSTATE[42000]: Syntax error or access violation: 1064 You have an error in your SQL syntax; check the manual that corresponds to your MySQL server version for the right syntax to use near 's-Panel'' at line 1
-------------------------
-------------------------
time: October 6, 2021, 6:14 pm
message: SQLSTATE[42000]: Syntax error or access violation: 1064 You have an error in your SQL syntax; check the manual that corresponds to your MySQL server version for the right syntax to use near 's-Panel'' at line 1
-------------------------
-------------------------
time: October 6, 2021, 6:14 pm
message: SQLSTATE[42000]: Syntax error or access violation: 1064 You have an error in your SQL syntax; check the manual that corresponds to your MySQL server version for the right syntax to use near 's-Panel'' at line 1
-------------------------
-------------------------
time: October 6, 2021, 6:14 pm
message: SQLSTATE[42000]: Syntax error or access violation: 1064 You have an error in your SQL syntax; check the manual that corresponds to your MySQL server version for the right syntax to use near 's-Panel'' at line 1
-------------------------
-------------------------
time: October 6, 2021, 6:14 pm
message: Leaderboard data fetched.
-------------------------
-------------------------
time: October 6, 2021, 6:14 pm
message: Booking data fetched.
-------------------------
-------------------------
time: October 6, 2021, 6:15 pm
message: SQLSTATE[42000]: Syntax error or access violation: 1064 You have an error in your SQL syntax; check the manual that corresponds to your MySQL server version for the right syntax to use near 's-Panel'' at line 1
-------------------------
-------------------------
time: October 6, 2021, 6:15 pm
message: SQLSTATE[42000]: Syntax error or access violation: 1064 You have an error in your SQL syntax; check the manual that corresponds to your MySQL server version for the right syntax to use near 's-Panel'' at line 1
-------------------------
-------------------------
time: October 6, 2021, 6:15 pm
message: SQLSTATE[42000]: Syntax error or access violation: 1064 You have an error in your SQL syntax; check the manual that corresponds to your MySQL server version for the right syntax to use near 's-Panel'' at line 1
-------------------------
-------------------------
time: October 6, 2021, 6:15 pm
message: SQLSTATE[42000]: Syntax error or access violation: 1064 You have an error in your SQL syntax; check the manual that corresponds to your MySQL server version for the right syntax to use near 's-Panel'' at line 1
-------------------------
-------------------------
time: October 6, 2021, 6:16 pm
message: Booking data fetched.
-------------------------
-------------------------
time: October 6, 2021, 6:16 pm
message: Booking data fetched.
-------------------------
-------------------------
time: October 6, 2021, 6:23 pm
message: Booking data fetched.
-------------------------
-------------------------
time: October 6, 2021, 6:23 pm
message: Booking data fetched.
-------------------------
-------------------------
time: October 6, 2021, 6:25 pm
message: Booking data fetched.
-------------------------
-------------------------
time: October 6, 2021, 6:25 pm
message: Booking data fetched.
-------------------------
-------------------------
time: October 6, 2021, 6:25 pm
message: Booking data fetched.
-------------------------
-------------------------
time: October 6, 2021, 6:26 pm
message: SQLSTATE[22001]: String data, right truncated: 1406 Data too long for column 'address' at row 1
-------------------------
-------------------------
time: October 6, 2021, 6:26 pm
message: SQLSTATE[22001]: String data, right truncated: 1406 Data too long for column 'address' at row 1
-------------------------
-------------------------
time: October 6, 2021, 6:28 pm
message: Booking data fetched.
-------------------------
-------------------------
time: October 6, 2021, 6:36 pm
message: Error uploading image file.
-------------------------
-------------------------
time: October 6, 2021, 6:39 pm
message: Username/Password not valid.
-------------------------
-------------------------
time: October 6, 2021, 6:40 pm
message: Username/Password not valid.
-------------------------
-------------------------
time: October 6, 2021, 6:40 pm
message: Username/Password not valid.
-------------------------
-------------------------
time: October 6, 2021, 6:40 pm
message: Username/Password not valid.
-------------------------
-------------------------
time: October 6, 2021, 6:41 pm
message: User not found with given email id.
-------------------------
-------------------------
time: October 6, 2021, 6:41 pm
message: User not found with given email id.
-------------------------
-------------------------
time: October 6, 2021, 6:42 pm
message: User not found with given email id.
-------------------------
-------------------------
time: October 6, 2021, 6:44 pm
message: User not found with given email id.
-------------------------
-------------------------
time: October 6, 2021, 7:00 pm
message: Booking data fetched.
-------------------------
-------------------------
time: October 6, 2021, 7:00 pm
message: Expired token
-------------------------
-------------------------
time: October 6, 2021, 7:01 pm
message: Booking data fetched.
-------------------------
-------------------------
time: October 6, 2021, 7:07 pm
message: Booking data fetched.
-------------------------
-------------------------
time: October 6, 2021, 7:15 pm
message: SQLSTATE[HY000]: General error: 1366 Incorrect integer value: '' for column 'year' at row 1
-------------------------
-------------------------
time: October 6, 2021, 7:15 pm
message: SQLSTATE[HY000]: General error: 1366 Incorrect integer value: '' for column 'year' at row 1
-------------------------
-------------------------
time: October 6, 2021, 7:24 pm
message: Username/Password not valid.
-------------------------
-------------------------
time: October 6, 2021, 7:26 pm
message: Username/Password not valid.
-------------------------
-------------------------
time: October 6, 2021, 7:28 pm
message: Username/Password not valid.
-------------------------
-------------------------
time: October 6, 2021, 7:29 pm
message: Username/Password not valid.
-------------------------
-------------------------
time: October 6, 2021, 7:29 pm
message: Username/Password not valid.
-------------------------
-------------------------
time: October 6, 2021, 7:29 pm
message: Username/Password not valid.
-------------------------
-------------------------
time: October 6, 2021, 7:29 pm
message: Username/Password not valid.
-------------------------
-------------------------
time: October 6, 2021, 7:30 pm
message: User not found with given email id.
-------------------------
-------------------------
time: October 6, 2021, 7:30 pm
message: Username/Password not valid.
-------------------------
-------------------------
time: October 6, 2021, 7:33 pm
message: Booking data fetched.
-------------------------
-------------------------
time: October 6, 2021, 7:36 pm
message: SQLSTATE[22001]: String data, right truncated: 1406 Data too long for column 'address' at row 1
-------------------------
-------------------------
time: October 6, 2021, 7:36 pm
message: SQLSTATE[22001]: String data, right truncated: 1406 Data too long for column 'address' at row 1
-------------------------
-------------------------
time: October 6, 2021, 7:36 pm
message: SQLSTATE[22001]: String data, right truncated: 1406 Data too long for column 'address' at row 1
-------------------------
-------------------------
time: October 6, 2021, 7:36 pm
message: SQLSTATE[22001]: String data, right truncated: 1406 Data too long for column 'address' at row 1
-------------------------
-------------------------
time: October 6, 2021, 7:39 pm
message: Username/Password not valid.
-------------------------
-------------------------
time: October 6, 2021, 7:39 pm
message: Booking data fetched.
-------------------------
-------------------------
time: October 6, 2021, 7:40 pm
message: Username/Password not valid.
-------------------------
-------------------------
time: October 6, 2021, 7:41 pm
message: Username/Password not valid.
-------------------------
-------------------------
time: October 6, 2021, 7:41 pm
message: Username/Password not valid.
-------------------------
-------------------------
time: October 6, 2021, 7:42 pm
message: Username/Password not valid.
-------------------------
-------------------------
time: October 6, 2021, 7:42 pm
message: User not found with given email id.
-------------------------
-------------------------
time: October 6, 2021, 7:44 pm
message: User not found with given email id.
-------------------------
-------------------------
time: October 6, 2021, 7:48 pm
message: User not found with given email id.
-------------------------
-------------------------
time: October 6, 2021, 7:51 pm
message: Leaderboard data fetched.
-------------------------
-------------------------
time: October 6, 2021, 7:53 pm
message: Leaderboard data fetched.
-------------------------
-------------------------
time: October 6, 2021, 7:54 pm
message: SQLSTATE[22001]: String data, right truncated: 1406 Data too long for column 'address' at row 1
-------------------------
-------------------------
time: October 6, 2021, 7:54 pm
message: SQLSTATE[22001]: String data, right truncated: 1406 Data too long for column 'address' at row 1
-------------------------
-------------------------
time: October 6, 2021, 7:54 pm
message: SQLSTATE[22001]: String data, right truncated: 1406 Data too long for column 'address' at row 1
-------------------------
-------------------------
time: October 6, 2021, 7:54 pm
message: SQLSTATE[22001]: String data, right truncated: 1406 Data too long for column 'address' at row 1
-------------------------
-------------------------
time: October 6, 2021, 7:55 pm
message: SQLSTATE[22001]: String data, right truncated: 1406 Data too long for column 'address' at row 1
-------------------------
-------------------------
time: October 6, 2021, 7:55 pm
message: SQLSTATE[22001]: String data, right truncated: 1406 Data too long for column 'address' at row 1
-------------------------
-------------------------
time: October 6, 2021, 7:59 pm
message: Booking data fetched.
-------------------------
-------------------------
time: October 6, 2021, 8:10 pm
message: Booking data fetched.
-------------------------
-------------------------
time: October 6, 2021, 8:30 pm
message: Leaderboard data fetched.
-------------------------
-------------------------
time: October 6, 2021, 8:38 pm
message: User not found with given email id.
-------------------------
-------------------------
time: October 6, 2021, 8:39 pm
message: User not found with given email id.
-------------------------
-------------------------
time: October 6, 2021, 8:39 pm
message: Username/Password not valid.
-------------------------
-------------------------
time: October 6, 2021, 8:40 pm
message: SQLSTATE[22001]: String data, right truncated: 1406 Data too long for column 'address' at row 1
-------------------------
-------------------------
time: October 6, 2021, 8:40 pm
message: SQLSTATE[22001]: String data, right truncated: 1406 Data too long for column 'address' at row 1
-------------------------
-------------------------
time: October 6, 2021, 8:40 pm
message: SQLSTATE[22001]: String data, right truncated: 1406 Data too long for column 'address' at row 1
-------------------------
-------------------------
time: October 6, 2021, 8:40 pm
message: SQLSTATE[22001]: String data, right truncated: 1406 Data too long for column 'address' at row 1
-------------------------
-------------------------
time: October 6, 2021, 8:45 pm
message: Leaderboard data fetched.
-------------------------
-------------------------
time: October 6, 2021, 9:02 pm
message: Username/Password not valid.
-------------------------
-------------------------
time: October 6, 2021, 9:03 pm
message: Username/Password not valid.
-------------------------
-------------------------
time: October 6, 2021, 9:04 pm
message: Username/Password not valid.
-------------------------
-------------------------
time: October 6, 2021, 9:05 pm
message: Email Id is already associated with another account.
-------------------------
-------------------------
time: October 6, 2021, 9:05 pm
message: Username/Password not valid.
-------------------------
-------------------------
time: October 6, 2021, 9:13 pm
message: Leaderboard data fetched.
-------------------------
-------------------------
time: October 6, 2021, 9:14 pm
message: Booking data fetched.
-------------------------
-------------------------
time: October 6, 2021, 9:15 pm
message: Username/Password not valid.
-------------------------
-------------------------
time: October 6, 2021, 9:15 pm
message: Username/Password not valid.
-------------------------
-------------------------
time: October 6, 2021, 9:15 pm
message: Username/Password not valid.
-------------------------
-------------------------
time: October 6, 2021, 9:16 pm
message: User not found with given email id.
-------------------------
-------------------------
time: October 6, 2021, 9:16 pm
message: User not found with given email id.
-------------------------
-------------------------
time: October 6, 2021, 9:17 pm
message: Username/Password not valid.
-------------------------
-------------------------
time: October 6, 2021, 9:17 pm
message: User not found with given email id.
-------------------------
-------------------------
time: October 6, 2021, 9:17 pm
message: User not found with given email id.
-------------------------
-------------------------
time: October 6, 2021, 9:17 pm
message: User not found with given email id.
-------------------------
-------------------------
time: October 6, 2021, 9:21 pm
message: Booking data fetched.
-------------------------
-------------------------
time: October 6, 2021, 9:25 pm
message: Expired token
-------------------------
-------------------------
time: October 6, 2021, 9:25 pm
message: Booking data fetched.
-------------------------
-------------------------
time: October 6, 2021, 9:28 pm
message: Booking data fetched.
-------------------------
-------------------------
time: October 6, 2021, 9:28 pm
message: Expired token
-------------------------
-------------------------
time: October 6, 2021, 9:29 pm
message: Booking data fetched.
-------------------------
-------------------------
time: October 6, 2021, 9:29 pm
message: Expired token
-------------------------
-------------------------
time: October 6, 2021, 9:29 pm
message: Booking data fetched.
-------------------------
-------------------------
time: October 6, 2021, 9:32 pm
message: Booking data fetched.
-------------------------
-------------------------
time: October 6, 2021, 9:33 pm
message: Booking data fetched.
-------------------------
-------------------------
time: October 6, 2021, 9:37 pm
message: Booking data fetched.
-------------------------
-------------------------
time: October 6, 2021, 9:38 pm
message: Booking data fetched.
-------------------------
-------------------------
time: October 6, 2021, 9:38 pm
message: Booking data fetched.
-------------------------
-------------------------
time: October 6, 2021, 9:40 pm
message: Booking data fetched.
-------------------------
-------------------------
time: October 6, 2021, 9:41 pm
message: Booking data fetched.
-------------------------
-------------------------
time: October 6, 2021, 9:47 pm
message: Booking data fetched.
-------------------------
-------------------------
time: October 6, 2021, 9:48 pm
message: Leaderboard data fetched.
-------------------------
-------------------------
time: October 6, 2021, 9:50 pm
message: Leaderboard data fetched.
-------------------------
-------------------------
time: October 6, 2021, 9:55 pm
message: Leaderboard data fetched.
-------------------------
-------------------------
time: October 6, 2021, 9:55 pm
message: Leaderboard data fetched.
-------------------------
-------------------------
time: October 6, 2021, 9:55 pm
message: Leaderboard data fetched.
-------------------------
-------------------------
time: October 6, 2021, 9:55 pm
message: Leaderboard data fetched.
-------------------------
-------------------------
time: October 6, 2021, 9:57 pm
message: GET method not allowed
-------------------------
-------------------------
time: October 6, 2021, 9:57 pm
message: Leaderboard data fetched.
-------------------------
-------------------------
time: October 6, 2021, 9:57 pm
message: GET method not allowed
-------------------------
-------------------------
time: October 6, 2021, 9:57 pm
message: GET method not allowed
-------------------------
-------------------------
time: October 6, 2021, 9:58 pm
message: GET method not allowed.
-------------------------
-------------------------
time: October 6, 2021, 9:58 pm
message: GET method not allowed
-------------------------
-------------------------
time: October 6, 2021, 9:58 pm
message: GET method not allowed.
-------------------------
-------------------------
time: October 6, 2021, 9:58 pm
message: Booking data fetched.
-------------------------
-------------------------
time: October 6, 2021, 10:09 pm
message: Username/Password not valid.
-------------------------
-------------------------
time: October 6, 2021, 10:10 pm
message: SQLSTATE[42000]: Syntax error or access violation: 1064 You have an error in your SQL syntax; check the manual that corresponds to your MySQL server version for the right syntax to use near '= ''' at line 1
-------------------------
-------------------------
time: October 6, 2021, 10:10 pm
message: SQLSTATE[42000]: Syntax error or access violation: 1064 You have an error in your SQL syntax; check the manual that corresponds to your MySQL server version for the right syntax to use near '= ''' at line 1
-------------------------
-------------------------
time: October 6, 2021, 10:13 pm
message: SQLSTATE[42000]: Syntax error or access violation: 1064 You have an error in your SQL syntax; check the manual that corresponds to your MySQL server version for the right syntax to use near '= ''' at line 1
-------------------------
-------------------------
time: October 6, 2021, 10:13 pm
message: SQLSTATE[42000]: Syntax error or access violation: 1064 You have an error in your SQL syntax; check the manual that corresponds to your MySQL server version for the right syntax to use near '= ''' at line 1
-------------------------
-------------------------
time: October 6, 2021, 10:13 pm
message: SQLSTATE[42S22]: Column not found: 1054 Unknown column 'au.user_id' in 'field list'
-------------------------
-------------------------
time: October 6, 2021, 10:13 pm
message: SQLSTATE[42S22]: Column not found: 1054 Unknown column 'au.user_id' in 'field list'
-------------------------
-------------------------
time: October 6, 2021, 10:17 pm
message: SQLSTATE[22001]: String data, right truncated: 1406 Data too long for column 'address' at row 1
-------------------------
-------------------------
time: October 6, 2021, 10:17 pm
message: SQLSTATE[22001]: String data, right truncated: 1406 Data too long for column 'address' at row 1
-------------------------
-------------------------
time: October 6, 2021, 10:18 pm
message: Leaderboard data fetched.
-------------------------
-------------------------
time: October 6, 2021, 10:18 pm
message: Booking data fetched.
-------------------------
-------------------------
time: October 6, 2021, 10:18 pm
message: Booking data fetched.
-------------------------
-------------------------
time: October 6, 2021, 10:19 pm
message: GET method not allowed
-------------------------
-------------------------
time: October 6, 2021, 10:20 pm
message: GET method not allowed
-------------------------
-------------------------
time: October 6, 2021, 10:20 pm
message: Booking data fetched.
-------------------------
-------------------------
time: October 6, 2021, 10:21 pm
message: Booking data fetched.
-------------------------
-------------------------
time: October 6, 2021, 10:21 pm
message: Booking data fetched.
-------------------------
-------------------------
time: October 6, 2021, 10:21 pm
message: GET method not allowed
-------------------------
-------------------------
time: October 6, 2021, 10:22 pm
message: Booking data fetched.
-------------------------
-------------------------
time: October 6, 2021, 10:22 pm
message: Booking data fetched.
-------------------------
-------------------------
time: October 6, 2021, 10:23 pm
message: Booking data fetched.
-------------------------
-------------------------
time: October 6, 2021, 10:24 pm
message: Booking data fetched.
-------------------------
-------------------------
time: October 6, 2021, 10:26 pm
message: Error 8 occured on line 24 in file C:\inetpub\wwwroot\trbs_2021\services\api\payments\create.php: Undefined property: stdClass::$order_id.
-------------------------
-------------------------
time: October 6, 2021, 10:26 pm
message: Expired token
-------------------------
-------------------------
time: October 6, 2021, 10:27 pm
message: Booking data fetched.
-------------------------
-------------------------
time: October 6, 2021, 10:28 pm
message: Booking data fetched.
-------------------------
-------------------------
time: October 6, 2021, 10:28 pm
message: Booking data fetched.
-------------------------
-------------------------
time: October 6, 2021, 10:28 pm
message: Transaction Id has already been used.
-------------------------
-------------------------
time: October 6, 2021, 10:28 pm
message: Booking data fetched.
-------------------------
-------------------------
time: October 6, 2021, 10:28 pm
message: Transaction Id has already been used.
-------------------------
-------------------------
time: October 6, 2021, 10:28 pm
message: Booking data fetched.
-------------------------
-------------------------
time: October 6, 2021, 10:33 pm
message: GET method not allowed
-------------------------
-------------------------
time: October 6, 2021, 10:33 pm
message: GET method not allowed
-------------------------
-------------------------
time: October 6, 2021, 10:38 pm
message: Booking data fetched.
-------------------------
-------------------------
time: October 6, 2021, 10:38 pm
message: Expired token
-------------------------
-------------------------
time: October 6, 2021, 10:40 pm
message: Leaderboard data fetched.
-------------------------
-------------------------
time: October 6, 2021, 10:49 pm
message: SQLSTATE[HY000]: General error: 1366 Incorrect integer value: 'Select an option' for column 'state_id' at row 1
-------------------------
-------------------------
time: October 6, 2021, 10:49 pm
message: SQLSTATE[HY000]: General error: 1366 Incorrect integer value: 'Select an option' for column 'state_id' at row 1
-------------------------
-------------------------
time: October 6, 2021, 10:51 pm
message: Booking data fetched.
-------------------------
-------------------------
time: October 6, 2021, 10:59 pm
message: GET method not allowed
-------------------------
-------------------------
time: October 6, 2021, 11:03 pm
message: GET method not allowed
-------------------------
-------------------------
time: October 6, 2021, 11:06 pm
message: Booking data fetched.
-------------------------
-------------------------
time: October 6, 2021, 11:07 pm
message: Booking data fetched.
-------------------------
-------------------------
time: October 6, 2021, 11:07 pm
message: Expired token
-------------------------
-------------------------
time: October 6, 2021, 11:11 pm
message: Booking data fetched.
-------------------------
-------------------------
time: October 6, 2021, 11:12 pm
message: Booking data fetched.
-------------------------
-------------------------
time: October 6, 2021, 11:14 pm
message: Username/Password not valid.
-------------------------
-------------------------
time: October 6, 2021, 11:14 pm
message: Username/Password not valid.
-------------------------
-------------------------
time: October 6, 2021, 11:14 pm
message: Username/Password not valid.
-------------------------
-------------------------
time: October 6, 2021, 11:15 pm
message: GET method not allowed
-------------------------
-------------------------
time: October 6, 2021, 11:16 pm
message: GET method not allowed
-------------------------
-------------------------
time: October 6, 2021, 11:17 pm
message: Booking data fetched.
-------------------------
-------------------------
time: October 6, 2021, 11:17 pm
message: Leaderboard data fetched.
-------------------------
-------------------------
time: October 6, 2021, 11:18 pm
message: Leaderboard data fetched.
-------------------------
-------------------------
time: October 6, 2021, 11:20 pm
message: GET method not allowed
-------------------------
-------------------------
time: October 6, 2021, 11:25 pm
message: GET method not allowed
-------------------------
-------------------------
time: October 6, 2021, 11:28 pm
message: GET method not allowed
-------------------------
-------------------------
time: October 6, 2021, 11:32 pm
message: Expired token
-------------------------
-------------------------
time: October 6, 2021, 11:33 pm
message: GET method not allowed
-------------------------
-------------------------
time: October 6, 2021, 11:33 pm
message: Expired token
-------------------------
-------------------------
time: October 6, 2021, 11:34 pm
message: GET method not allowed
-------------------------
-------------------------
time: October 6, 2021, 11:34 pm
message: GET method not allowed
-------------------------
-------------------------
time: October 6, 2021, 11:34 pm
message: GET method not allowed
-------------------------
-------------------------
time: October 6, 2021, 11:35 pm
message: Expired token
-------------------------
-------------------------
time: October 6, 2021, 11:35 pm
message: GET method not allowed
-------------------------
-------------------------
time: October 6, 2021, 11:36 pm
message: Expired token
-------------------------
-------------------------
time: October 6, 2021, 11:36 pm
message: GET method not allowed
-------------------------
-------------------------
time: October 6, 2021, 11:37 pm
message: Expired token
-------------------------
-------------------------
time: October 6, 2021, 11:40 pm
message: Booking data fetched.
-------------------------
-------------------------
time: October 6, 2021, 11:41 pm
message: Booking data fetched.
-------------------------
-------------------------
time: October 6, 2021, 11:41 pm
message: Booking data fetched.
-------------------------
-------------------------
time: October 6, 2021, 11:42 pm
message: Booking data fetched.
-------------------------
-------------------------
time: October 6, 2021, 11:44 pm
message: Email Id is already associated with another account.
-------------------------
-------------------------
time: October 6, 2021, 11:46 pm
message: Leaderboard data fetched.
-------------------------
-------------------------
time: October 6, 2021, 11:49 pm
message: GET method not allowed
-------------------------
-------------------------
time: October 6, 2021, 11:49 pm
message: GET method not allowed
-------------------------
-------------------------
time: October 6, 2021, 11:49 pm
message: Booking data fetched.
-------------------------
-------------------------
time: October 6, 2021, 11:52 pm
message: GET method not allowed
-------------------------
-------------------------
time: October 6, 2021, 11:53 pm
message: GET method not allowed
-------------------------
-------------------------
time: October 6, 2021, 11:55 pm
message: GET method not allowed
-------------------------
-------------------------
time: October 6, 2021, 11:56 pm
message: GET method not allowed
-------------------------
-------------------------
time: October 6, 2021, 11:57 pm
message: Booking data fetched.
-------------------------
-------------------------
time: October 6, 2021, 11:59 pm
message: Booking data fetched.
-------------------------
-------------------------
time: October 6, 2021, 11:59 pm
message: Booking data fetched.
-------------------------
