-------------------------
time: November 26, 2021, 6:49 am
message: GET method not allowed
-------------------------
-------------------------
time: November 26, 2021, 10:46 am
message: GET method not allowed
-------------------------
-------------------------
time: November 26, 2021, 11:26 am
message: Leaderboard data fetched.
-------------------------
-------------------------
time: November 26, 2021, 5:19 pm
message: GET method not allowed
-------------------------
-------------------------
time: November 26, 2021, 5:19 pm
message: GET method not allowed
-------------------------
-------------------------
time: November 26, 2021, 5:19 pm
message: GET method not allowed
-------------------------
-------------------------
time: November 26, 2021, 5:19 pm
message: GET method not allowed
-------------------------
