-------------------------
time: October 27, 2021, 12:01 am
message: GET method not allowed
-------------------------
-------------------------
time: October 27, 2021, 12:45 am
message: Expired token
-------------------------
-------------------------
time: October 27, 2021, 12:45 am
message: Booking data fetched.
-------------------------
-------------------------
time: October 27, 2021, 5:52 am
message: GET method not allowed
-------------------------
-------------------------
time: October 27, 2021, 5:52 am
message: GET method not allowed
-------------------------
-------------------------
time: October 27, 2021, 9:03 am
message: GET method not allowed
-------------------------
-------------------------
time: October 27, 2021, 9:20 am
message: Leaderboard data fetched.
-------------------------
-------------------------
time: October 27, 2021, 9:21 am
message: GET method not allowed
-------------------------
-------------------------
time: October 27, 2021, 9:21 am
message: GET method not allowed
-------------------------
-------------------------
time: October 27, 2021, 9:21 am
message: GET method not allowed
-------------------------
-------------------------
time: October 27, 2021, 9:22 am
message: GET method not allowed
-------------------------
-------------------------
time: October 27, 2021, 9:22 am
message: GET method not allowed
-------------------------
-------------------------
time: October 27, 2021, 9:22 am
message: GET method not allowed
-------------------------
-------------------------
time: October 27, 2021, 9:22 am
message: GET method not allowed
-------------------------
-------------------------
time: October 27, 2021, 9:22 am
message: GET method not allowed
-------------------------
-------------------------
time: October 27, 2021, 9:22 am
message: GET method not allowed
-------------------------
-------------------------
time: October 27, 2021, 9:49 am
message: Booking data fetched.
-------------------------
-------------------------
time: October 27, 2021, 9:49 am
message: Expired token
-------------------------
-------------------------
time: October 27, 2021, 8:49 pm
message: GET method not allowed
-------------------------
-------------------------
time: October 27, 2021, 8:49 pm
message: GET method not allowed
-------------------------
-------------------------
time: October 27, 2021, 8:49 pm
message: GET method not allowed
-------------------------
-------------------------
time: October 27, 2021, 8:49 pm
message: GET method not allowed
-------------------------
-------------------------
time: October 27, 2021, 9:20 pm
message: GET method not allowed
-------------------------
-------------------------
time: October 27, 2021, 9:20 pm
message: GET method not allowed
-------------------------
-------------------------
time: October 27, 2021, 9:20 pm
message: GET method not allowed
-------------------------
-------------------------
time: October 27, 2021, 10:03 pm
message: Leaderboard data fetched.
-------------------------
-------------------------
time: October 27, 2021, 10:35 pm
message: Leaderboard data fetched.
-------------------------
-------------------------
time: October 27, 2021, 11:46 pm
message: GET method not allowed
-------------------------
