-------------------------
time: August 24, 2021, 4:12 pm
message: SQLSTATE[42000]: Syntax error or access violation: 1064 You have an error in your SQL syntax; check the manual that corresponds to your MySQL server version for the right syntax to use near 'WHERE coupon_id = '30'' at line 1
-------------------------
-------------------------
time: August 24, 2021, 4:12 pm
message: SQLSTATE[42000]: Syntax error or access violation: 1064 You have an error in your SQL syntax; check the manual that corresponds to your MySQL server version for the right syntax to use near 'WHERE coupon_id = '30'' at line 1
-------------------------
-------------------------
time: August 24, 2021, 4:13 pm
message: SQLSTATE[42000]: Syntax error or access violation: 1064 You have an error in your SQL syntax; check the manual that corresponds to your MySQL server version for the right syntax to use near 'WHERE coupon_id = '30'' at line 1
-------------------------
-------------------------
time: August 24, 2021, 4:13 pm
message: SQLSTATE[42000]: Syntax error or access violation: 1064 You have an error in your SQL syntax; check the manual that corresponds to your MySQL server version for the right syntax to use near 'WHERE coupon_id = '30'' at line 1
-------------------------
-------------------------
time: August 24, 2021, 4:13 pm
message: SQLSTATE[42000]: Syntax error or access violation: 1064 You have an error in your SQL syntax; check the manual that corresponds to your MySQL server version for the right syntax to use near 'WHERE coupon_id = '30'' at line 1
-------------------------
-------------------------
time: August 24, 2021, 4:13 pm
message: SQLSTATE[42000]: Syntax error or access violation: 1064 You have an error in your SQL syntax; check the manual that corresponds to your MySQL server version for the right syntax to use near 'WHERE coupon_id = '30'' at line 1
-------------------------
-------------------------
time: August 24, 2021, 4:15 pm
message: SQLSTATE[42000]: Syntax error or access violation: 1064 You have an error in your SQL syntax; check the manual that corresponds to your MySQL server version for the right syntax to use near 'WHERE coupon_id = '30'' at line 1
-------------------------
-------------------------
time: August 24, 2021, 4:15 pm
message: SQLSTATE[42000]: Syntax error or access violation: 1064 You have an error in your SQL syntax; check the manual that corresponds to your MySQL server version for the right syntax to use near 'WHERE coupon_id = '30'' at line 1
-------------------------
-------------------------
time: August 24, 2021, 4:15 pm
message: SQLSTATE[42000]: Syntax error or access violation: 1064 You have an error in your SQL syntax; check the manual that corresponds to your MySQL server version for the right syntax to use near 'WHERE coupon_id = '30'' at line 1
-------------------------
-------------------------
time: August 24, 2021, 4:15 pm
message: SQLSTATE[42000]: Syntax error or access violation: 1064 You have an error in your SQL syntax; check the manual that corresponds to your MySQL server version for the right syntax to use near 'WHERE coupon_id = '30'' at line 1
-------------------------
-------------------------
time: August 24, 2021, 4:17 pm
message: SQLSTATE[42000]: Syntax error or access violation: 1064 You have an error in your SQL syntax; check the manual that corresponds to your MySQL server version for the right syntax to use near 'WHERE coupon_id = '30'' at line 1
-------------------------
-------------------------
time: August 24, 2021, 4:17 pm
message: SQLSTATE[42000]: Syntax error or access violation: 1064 You have an error in your SQL syntax; check the manual that corresponds to your MySQL server version for the right syntax to use near 'WHERE coupon_id = '30'' at line 1
-------------------------
-------------------------
time: August 24, 2021, 4:19 pm
message: SQLSTATE[42000]: Syntax error or access violation: 1064 You have an error in your SQL syntax; check the manual that corresponds to your MySQL server version for the right syntax to use near 'WHERE coupon_id = '30'' at line 1
-------------------------
-------------------------
time: August 24, 2021, 4:19 pm
message: SQLSTATE[42000]: Syntax error or access violation: 1064 You have an error in your SQL syntax; check the manual that corresponds to your MySQL server version for the right syntax to use near 'WHERE coupon_id = '30'' at line 1
-------------------------
-------------------------
time: August 24, 2021, 4:19 pm
message: SQLSTATE[42000]: Syntax error or access violation: 1064 You have an error in your SQL syntax; check the manual that corresponds to your MySQL server version for the right syntax to use near 'WHERE coupon_id = '30'' at line 1
-------------------------
-------------------------
time: August 24, 2021, 4:19 pm
message: SQLSTATE[42000]: Syntax error or access violation: 1064 You have an error in your SQL syntax; check the manual that corresponds to your MySQL server version for the right syntax to use near 'WHERE coupon_id = '30'' at line 1
-------------------------
-------------------------
time: August 24, 2021, 4:30 pm
message: SQLSTATE[42000]: Syntax error or access violation: 1064 You have an error in your SQL syntax; check the manual that corresponds to your MySQL server version for the right syntax to use near 'WHERE coupon_id = '30'' at line 1
-------------------------
-------------------------
time: August 24, 2021, 4:30 pm
message: SQLSTATE[42000]: Syntax error or access violation: 1064 You have an error in your SQL syntax; check the manual that corresponds to your MySQL server version for the right syntax to use near 'WHERE coupon_id = '30'' at line 1
-------------------------
-------------------------
time: August 24, 2021, 4:35 pm
message: SQLSTATE[42000]: Syntax error or access violation: 1064 You have an error in your SQL syntax; check the manual that corresponds to your MySQL server version for the right syntax to use near 'WHERE coupon_id = '30'' at line 1
-------------------------
-------------------------
time: August 24, 2021, 4:35 pm
message: SQLSTATE[42000]: Syntax error or access violation: 1064 You have an error in your SQL syntax; check the manual that corresponds to your MySQL server version for the right syntax to use near 'WHERE coupon_id = '30'' at line 1
-------------------------
-------------------------
time: August 24, 2021, 4:36 pm
message: SQLSTATE[42000]: Syntax error or access violation: 1064 You have an error in your SQL syntax; check the manual that corresponds to your MySQL server version for the right syntax to use near 'INTO coupon_master SET discount = '50.00', status = '1', applied_on = '2021-08-2' at line 1
-------------------------
-------------------------
time: August 24, 2021, 4:36 pm
message: SQLSTATE[42000]: Syntax error or access violation: 1064 You have an error in your SQL syntax; check the manual that corresponds to your MySQL server version for the right syntax to use near 'INTO coupon_master SET discount = '50.00', status = '1', applied_on = '2021-08-2' at line 1
-------------------------
-------------------------
time: August 24, 2021, 4:51 pm
message: Coupon has expired.
-------------------------
-------------------------
time: August 24, 2021, 4:52 pm
message: Coupon has expired.
-------------------------
-------------------------
time: August 24, 2021, 5:08 pm
message: GET method not allowed
-------------------------
-------------------------
time: August 24, 2021, 5:59 pm
message: GET method not allowed
-------------------------
-------------------------
time: August 24, 2021, 6:03 pm
message: Username/Password not valid.
-------------------------
-------------------------
time: August 24, 2021, 6:03 pm
message: Error 2 occured on line 8 in file F:\SERVER\www\iim-app-services\api\users\read_single.php: include_once(F:\SERVER\www\iim-app-services\api\users/../../models/AppUser.php): failed to open stream: No such file or directory.
-------------------------
-------------------------
time: August 24, 2021, 6:03 pm
message: Error 2 occured on line 8 in file F:\SERVER\www\iim-app-services\api\users\read_single.php: include_once(F:\SERVER\www\iim-app-services\api\users/../../models/AppUser.php): failed to open stream: No such file or directory.
-------------------------
-------------------------
time: August 24, 2021, 6:04 pm
message: Error 2 occured on line 8 in file F:\SERVER\www\iim-app-services\api\users\read_single.php: include_once(F:\SERVER\www\iim-app-services\api\users/../../models/AppUser.php): failed to open stream: No such file or directory.
-------------------------
-------------------------
time: August 24, 2021, 6:05 pm
message: Error 2 occured on line 8 in file F:\SERVER\www\iim-app-services\api\users\read_single.php: include_once(F:\SERVER\www\iim-app-services\api\users/../../models/AppUser.php): failed to open stream: No such file or directory.
-------------------------
-------------------------
time: August 24, 2021, 6:06 pm
message: Username/Password not valid.
-------------------------
-------------------------
time: August 24, 2021, 6:06 pm
message: Username/Password not valid.
-------------------------
-------------------------
time: August 24, 2021, 6:06 pm
message: Username/Password not valid.
-------------------------
-------------------------
time: August 24, 2021, 6:06 pm
message: Error 2 occured on line 8 in file F:\SERVER\www\iim-app-services\api\users\read_single.php: include_once(F:\SERVER\www\iim-app-services\api\users/../../models/AppUser.php): failed to open stream: No such file or directory.
-------------------------
-------------------------
time: August 24, 2021, 6:08 pm
message: Username/Password not valid.
-------------------------
-------------------------
time: August 24, 2021, 6:20 pm
message: Error 8 occured on line 41 in file F:\SERVER\www\iim-app-services\api\users\read_single.php: Undefined variable: cart_id.
-------------------------
-------------------------
time: August 24, 2021, 6:21 pm
message: No cart found.
-------------------------
-------------------------
time: August 24, 2021, 6:29 pm
message: GET method not allowed
-------------------------
-------------------------
time: August 24, 2021, 7:44 pm
message: GET method not allowed
-------------------------
-------------------------
time: August 24, 2021, 7:55 pm
message: GET method not allowed
-------------------------
