-------------------------
time: October 19, 2021, 12:01 pm
message: Leaderboard data fetched.
-------------------------
-------------------------
time: October 19, 2021, 12:01 pm
message: Leaderboard data fetched.
-------------------------
-------------------------
time: October 19, 2021, 12:04 pm
message: Leaderboard data fetched.
-------------------------
-------------------------
time: October 19, 2021, 12:04 pm
message: Leaderboard data fetched.
-------------------------
-------------------------
time: October 19, 2021, 12:39 pm
message: Booking data fetched.
-------------------------
-------------------------
time: October 19, 2021, 12:53 pm
message: Booking data fetched.
-------------------------
-------------------------
time: October 19, 2021, 12:53 pm
message: Expired token
-------------------------
-------------------------
time: October 19, 2021, 2:14 pm
message: GET method not allowed
-------------------------
-------------------------
time: October 19, 2021, 2:14 pm
message: GET method not allowed
-------------------------
-------------------------
time: October 19, 2021, 2:14 pm
message: GET method not allowed
-------------------------
-------------------------
time: October 19, 2021, 2:16 pm
message: GET method not allowed
-------------------------
-------------------------
time: October 19, 2021, 3:36 pm
message: Booking data fetched.
-------------------------
-------------------------
time: October 19, 2021, 3:36 pm
message: Expired token
-------------------------
-------------------------
time: October 19, 2021, 3:59 pm
message: Booking data fetched.
-------------------------
-------------------------
time: October 19, 2021, 3:59 pm
message: Expired token
-------------------------
-------------------------
time: October 19, 2021, 5:45 pm
message: Leaderboard data fetched.
-------------------------
-------------------------
time: October 19, 2021, 6:09 pm
message: GET method not allowed
-------------------------
-------------------------
time: October 19, 2021, 6:44 pm
message: GET method not allowed
-------------------------
-------------------------
time: October 19, 2021, 7:15 pm
message: GET method not allowed
-------------------------
-------------------------
time: October 19, 2021, 7:17 pm
message: Leaderboard data fetched.
-------------------------
-------------------------
time: October 19, 2021, 7:33 pm
message: Leaderboard data fetched.
-------------------------
-------------------------
time: October 19, 2021, 8:39 pm
message: Leaderboard data fetched.
-------------------------
