-------------------------
time: January 21, 2022, 12:00 am
message: Contact Role data fetched.
-------------------------
-------------------------
time: January 21, 2022, 1:06 am
message: Contact Role data fetched.
-------------------------
-------------------------
time: January 21, 2022, 1:20 am
message: Contact Role data fetched.
-------------------------
-------------------------
time: January 21, 2022, 1:28 am
message: Leaderboard data fetched.
-------------------------
-------------------------
time: January 21, 2022, 1:48 am
message: Contact Role data fetched.
-------------------------
-------------------------
time: January 21, 2022, 2:22 am
message: Contact Role data fetched.
-------------------------
-------------------------
time: January 21, 2022, 3:25 am
message: Contact Role data fetched.
-------------------------
-------------------------
time: January 21, 2022, 3:41 am
message: Contact Role data fetched.
-------------------------
-------------------------
time: January 21, 2022, 4:24 am
message: Contact Role data fetched.
-------------------------
-------------------------
time: January 21, 2022, 4:34 am
message: Contact Role data fetched.
-------------------------
-------------------------
time: January 21, 2022, 5:18 am
message: Contact Role data fetched.
-------------------------
-------------------------
time: January 21, 2022, 5:30 am
message: GET method not allowed
-------------------------
-------------------------
time: January 21, 2022, 5:31 am
message: Contact Role data fetched.
-------------------------
-------------------------
time: January 21, 2022, 9:33 am
message: Contact Role data fetched.
-------------------------
-------------------------
time: January 21, 2022, 10:17 am
message: Contact Role data fetched.
-------------------------
-------------------------
time: January 21, 2022, 12:04 pm
message: Contact Role data fetched.
-------------------------
-------------------------
time: January 21, 2022, 1:28 pm
message: Contact Role data fetched.
-------------------------
-------------------------
time: January 21, 2022, 2:12 pm
message: Contact Role data fetched.
-------------------------
-------------------------
time: January 21, 2022, 3:14 pm
message: Contact Role data fetched.
-------------------------
-------------------------
time: January 21, 2022, 3:28 pm
message: Contact Role data fetched.
-------------------------
-------------------------
time: January 21, 2022, 3:36 pm
message: Contact Role data fetched.
-------------------------
-------------------------
time: January 21, 2022, 5:17 pm
message: Contact Role data fetched.
-------------------------
-------------------------
time: January 21, 2022, 7:01 pm
message: Contact Role data fetched.
-------------------------
-------------------------
time: January 21, 2022, 7:11 pm
message: Contact Role data fetched.
-------------------------
-------------------------
time: January 21, 2022, 7:35 pm
message: Contact Role data fetched.
-------------------------
-------------------------
time: January 21, 2022, 8:11 pm
message: Contact Role data fetched.
-------------------------
-------------------------
time: January 21, 2022, 8:35 pm
message: Contact Role data fetched.
-------------------------
-------------------------
time: January 21, 2022, 8:39 pm
message: Contact Role data fetched.
-------------------------
-------------------------
time: January 21, 2022, 8:44 pm
message: Contact Role data fetched.
-------------------------
-------------------------
time: January 21, 2022, 8:45 pm
message: Leaderboard data fetched.
-------------------------
-------------------------
time: January 21, 2022, 9:32 pm
message: Contact Role data fetched.
-------------------------
-------------------------
time: January 21, 2022, 9:46 pm
message: Contact Role data fetched.
-------------------------
