-------------------------
time: December 18, 2021, 9:47 pm
message: Contact Role data fetched.
-------------------------
-------------------------
time: December 18, 2021, 9:48 pm
message: GET method not allowed
-------------------------
-------------------------
time: December 18, 2021, 9:48 pm
message: Expired token
-------------------------
-------------------------
time: December 18, 2021, 9:49 pm
message: GET method not allowed
-------------------------
-------------------------
time: December 18, 2021, 9:49 pm
message: GET method not allowed
-------------------------
-------------------------
time: December 18, 2021, 9:49 pm
message: GET method not allowed
-------------------------
-------------------------
time: December 18, 2021, 9:49 pm
message: GET method not allowed
-------------------------
-------------------------
time: December 18, 2021, 9:49 pm
message: GET method not allowed
-------------------------
-------------------------
time: December 18, 2021, 9:49 pm
message: GET method not allowed
-------------------------
-------------------------
time: December 18, 2021, 9:53 pm
message: Contact Role data fetched.
-------------------------
-------------------------
time: December 18, 2021, 10:01 pm
message: GET method not allowed.
-------------------------
-------------------------
time: December 18, 2021, 10:14 pm
message: GET method not allowed
-------------------------
-------------------------
time: December 18, 2021, 10:14 pm
message: GET method not allowed
-------------------------
-------------------------
time: December 18, 2021, 10:24 pm
message: GET method not allowed
-------------------------
-------------------------
time: December 18, 2021, 10:57 pm
message: GET method not allowed
-------------------------
-------------------------
time: December 18, 2021, 10:59 pm
message: GET method not allowed
-------------------------
-------------------------
time: December 18, 2021, 11:01 pm
message: GET method not allowed
-------------------------
-------------------------
time: December 18, 2021, 11:01 pm
message: GET method not allowed
-------------------------
-------------------------
time: December 18, 2021, 11:03 pm
message: GET method not allowed
-------------------------
-------------------------
time: December 18, 2021, 11:03 pm
message: Leaderboard data fetched.
-------------------------
-------------------------
time: December 18, 2021, 11:06 pm
message: GET method not allowed
-------------------------
-------------------------
time: December 18, 2021, 11:13 pm
message: GET method not allowed
-------------------------
