-------------------------
time: August 13, 2021, 6:00 pm
message: SQLSTATE[42S22]: Column not found: 1054 Unknown column 'app_user_id' in 'where clause'
-------------------------
-------------------------
time: August 13, 2021, 6:00 pm
message: SQLSTATE[42S22]: Column not found: 1054 Unknown column 'app_user_id' in 'where clause'
-------------------------
-------------------------
time: August 13, 2021, 8:20 pm
message: Error 8 occured on line 78 in file F:\SERVER\www\iim-app-services\auth\token_utils.php: Undefined index: HTTP_AUTHORIZATION.
-------------------------
-------------------------
time: August 13, 2021, 8:21 pm
message: Error 8 occured on line 78 in file F:\SERVER\www\iim-app-services\auth\token_utils.php: Undefined index: HTTP_AUTHORIZATION.
-------------------------
-------------------------
time: August 13, 2021, 8:24 pm
message: Error 8 occured on line 78 in file F:\SERVER\www\iim-app-services\auth\token_utils.php: Undefined index: HTTP_AUTHORIZATION.
-------------------------
-------------------------
time: August 13, 2021, 8:24 pm
message: Error 8 occured on line 78 in file F:\SERVER\www\iim-app-services\auth\token_utils.php: Undefined index: HTTP_AUTHORIZATION.
-------------------------
-------------------------
time: August 13, 2021, 8:24 pm
message: Error 8 occured on line 78 in file F:\SERVER\www\iim-app-services\auth\token_utils.php: Undefined index: HTTP_AUTHORIZATION.
-------------------------
-------------------------
time: August 13, 2021, 8:24 pm
message: Error 8 occured on line 78 in file F:\SERVER\www\iim-app-services\auth\token_utils.php: Undefined index: HTTP_AUTHORIZATION.
-------------------------
-------------------------
time: August 13, 2021, 8:24 pm
message: Error 8 occured on line 78 in file F:\SERVER\www\iim-app-services\auth\token_utils.php: Undefined index: HTTP_AUTHORIZATION.
-------------------------
-------------------------
time: August 13, 2021, 8:25 pm
message: Error 8 occured on line 78 in file F:\SERVER\www\iim-app-services\auth\token_utils.php: Undefined index: HTTP_AUTHORIZATION.
-------------------------
-------------------------
time: August 13, 2021, 8:25 pm
message: Error 8 occured on line 78 in file F:\SERVER\www\iim-app-services\auth\token_utils.php: Undefined index: HTTP_AUTHORIZATION.
-------------------------
-------------------------
time: August 13, 2021, 8:27 pm
message: Error 8 occured on line 78 in file F:\SERVER\www\iim-app-services\auth\token_utils.php: Undefined index: HTTP_AUTHORIZATION.
-------------------------
-------------------------
time: August 13, 2021, 8:28 pm
message: Error 8 occured on line 78 in file F:\SERVER\www\iim-app-services\auth\token_utils.php: Undefined index: HTTP_AUTHORIZATION.
-------------------------
-------------------------
time: August 13, 2021, 8:30 pm
message: GET method not allowed.
-------------------------
-------------------------
time: August 13, 2021, 8:31 pm
message: Something went wrong.
-------------------------
-------------------------
time: August 13, 2021, 8:32 pm
message: Something went wrong.PDOException: SQLSTATE[HY093]: Invalid parameter number: parameter was not defined in F:\SERVER\www\iim-app-services\auth\login.php:28
Stack trace:
#0 F:\SERVER\www\iim-app-services\auth\login.php(28): PDOStatement->execute()
#1 {main}
-------------------------
-------------------------
time: August 13, 2021, 8:33 pm
message: Username/Password not valid.
-------------------------
-------------------------
time: August 13, 2021, 8:34 pm
message: Error 8 occured on line 78 in file F:\SERVER\www\iim-app-services\auth\token_utils.php: Undefined index: HTTP_AUTHORIZATION.
-------------------------
-------------------------
time: August 13, 2021, 8:34 pm
message: Error 8 occured on line 78 in file F:\SERVER\www\iim-app-services\auth\token_utils.php: Undefined index: HTTP_AUTHORIZATION.
-------------------------
-------------------------
time: August 13, 2021, 8:35 pm
message: Error 8 occured on line 78 in file F:\SERVER\www\iim-app-services\auth\token_utils.php: Undefined index: HTTP_AUTHORIZATION.
-------------------------
-------------------------
time: August 13, 2021, 8:35 pm
message: Error 8 occured on line 78 in file F:\SERVER\www\iim-app-services\auth\token_utils.php: Undefined index: HTTP_AUTHORIZATION.
-------------------------
-------------------------
time: August 13, 2021, 8:35 pm
message: Error 8 occured on line 78 in file F:\SERVER\www\iim-app-services\auth\token_utils.php: Undefined index: HTTP_AUTHORIZATION.
-------------------------
-------------------------
time: August 13, 2021, 8:35 pm
message: Error 8 occured on line 78 in file F:\SERVER\www\iim-app-services\auth\token_utils.php: Undefined index: HTTP_AUTHORIZATION.
-------------------------
-------------------------
time: August 13, 2021, 8:36 pm
message: Error 8 occured on line 78 in file F:\SERVER\www\iim-app-services\auth\token_utils.php: Undefined index: HTTP_AUTHORIZATION.
-------------------------
-------------------------
time: August 13, 2021, 8:36 pm
message: Error 8 occured on line 78 in file F:\SERVER\www\iim-app-services\auth\token_utils.php: Undefined index: HTTP_AUTHORIZATION.
-------------------------
-------------------------
time: August 13, 2021, 8:37 pm
message: Error 8 occured on line 78 in file F:\SERVER\www\iim-app-services\auth\token_utils.php: Undefined index: HTTP_AUTHORIZATION.
-------------------------
-------------------------
time: August 13, 2021, 8:41 pm
message: Error 8 occured on line 78 in file F:\SERVER\www\iim-app-services\auth\token_utils.php: Undefined index: HTTP_AUTHORIZATION.
-------------------------
-------------------------
time: August 13, 2021, 8:41 pm
message: Error 8 occured on line 78 in file F:\SERVER\www\iim-app-services\auth\token_utils.php: Undefined index: HTTP_AUTHORIZATION.
-------------------------
-------------------------
time: August 13, 2021, 8:41 pm
message: Error 8 occured on line 78 in file F:\SERVER\www\iim-app-services\auth\token_utils.php: Undefined index: HTTP_AUTHORIZATION.
-------------------------
-------------------------
time: August 13, 2021, 8:43 pm
message: Error 8 occured on line 23 in file F:\SERVER\www\iim-app-services\api\users\read_single.php: Undefined index: HTTP_AUTHORIZATION.
-------------------------
-------------------------
time: August 13, 2021, 8:43 pm
message: Error 8 occured on line 23 in file F:\SERVER\www\iim-app-services\api\users\read_single.php: Undefined index: HTTP_AUTHORIZATION.
-------------------------
-------------------------
time: August 13, 2021, 8:43 pm
message: Error 8 occured on line 23 in file F:\SERVER\www\iim-app-services\api\users\read_single.php: Undefined index: HTTP_AUTHORIZATION.
-------------------------
-------------------------
time: August 13, 2021, 8:44 pm
message: Error 8 occured on line 23 in file F:\SERVER\www\iim-app-services\api\users\read_single.php: Undefined index: PHP_AUTH_USER.
-------------------------
-------------------------
time: August 13, 2021, 8:44 pm
message: Error 8 occured on line 23 in file F:\SERVER\www\iim-app-services\api\users\read_single.php: Undefined index: PHP_AUTH_USER.
-------------------------
-------------------------
time: August 13, 2021, 8:45 pm
message: Error 8 occured on line 23 in file F:\SERVER\www\iim-app-services\api\users\read_single.php: Undefined index: HTTP_AUTHORIZATION.
-------------------------
-------------------------
time: August 13, 2021, 8:45 pm
message: Error 8 occured on line 23 in file F:\SERVER\www\iim-app-services\api\users\read_single.php: Undefined index: HTTP_AUTHORIZATION.
-------------------------
-------------------------
time: August 13, 2021, 8:46 pm
message: POST method not allowed.
-------------------------
-------------------------
time: August 13, 2021, 8:46 pm
message: Error 8 occured on line 23 in file F:\SERVER\www\iim-app-services\api\users\read_single.php: Undefined index: HTTP_AUTHORIZATION.
-------------------------
-------------------------
time: August 13, 2021, 8:46 pm
message: Error 8 occured on line 23 in file F:\SERVER\www\iim-app-services\api\users\read_single.php: Undefined index: HTTP_AUTHORIZATION.
-------------------------
-------------------------
time: August 13, 2021, 8:46 pm
message: Error 8 occured on line 23 in file F:\SERVER\www\iim-app-services\api\users\read_single.php: Undefined index: HTTP_AUTHORIZATION.
-------------------------
-------------------------
time: August 13, 2021, 8:46 pm
message: Error 8 occured on line 23 in file F:\SERVER\www\iim-app-services\api\users\read_single.php: Undefined index: HTTP_AUTHORIZATION.
-------------------------
-------------------------
time: August 13, 2021, 8:46 pm
message: Error 8 occured on line 23 in file F:\SERVER\www\iim-app-services\api\users\read_single.php: Undefined index: HTTP_AUTHORIZATION.
-------------------------
-------------------------
time: August 13, 2021, 8:47 pm
message: Error 8 occured on line 23 in file F:\SERVER\www\iim-app-services\api\users\read_single.php: Undefined index: HTTP_AUTHORIZATION.
-------------------------
-------------------------
time: August 13, 2021, 8:47 pm
message: Error 8 occured on line 25 in file F:\SERVER\www\iim-app-services\api\users\read_single.php: Undefined index: HTTP_AUTHORIZATION.
-------------------------
-------------------------
time: August 13, 2021, 8:48 pm
message: Error 8 occured on line 25 in file F:\SERVER\www\iim-app-services\api\users\read_single.php: Undefined index: HTTP_AUTHORIZATION.
-------------------------
-------------------------
time: August 13, 2021, 8:48 pm
message: Error 8 occured on line 25 in file F:\SERVER\www\iim-app-services\api\users\read_single.php: Undefined index: HTTP_AUTHORIZATION.
-------------------------
-------------------------
time: August 13, 2021, 8:49 pm
message: Error 8 occured on line 25 in file F:\SERVER\www\iim-app-services\api\users\read_single.php: Undefined index: HTTP_AUTHORIZATION.
-------------------------
-------------------------
time: August 13, 2021, 8:49 pm
message: POST method not allowed.
-------------------------
-------------------------
time: August 13, 2021, 8:49 pm
message: Error 8 occured on line 25 in file F:\SERVER\www\iim-app-services\api\users\read_single.php: Undefined index: HTTP_AUTHORIZATION.
-------------------------
-------------------------
time: August 13, 2021, 8:51 pm
message: Error 8 occured on line 25 in file F:\SERVER\www\iim-app-services\api\users\read_single.php: Undefined index: HTTP_AUTHORIZATION.
-------------------------
-------------------------
time: August 13, 2021, 8:52 pm
message: Error 8 occured on line 25 in file F:\SERVER\www\iim-app-services\api\users\read_single.php: Undefined index: HTTP_AUTHORIZATION.
-------------------------
-------------------------
time: August 13, 2021, 8:52 pm
message: Error 8 occured on line 25 in file F:\SERVER\www\iim-app-services\api\users\read_single.php: Undefined index: HTTP_AUTHORIZATION.
-------------------------
-------------------------
time: August 13, 2021, 8:53 pm
message: Error 8 occured on line 25 in file F:\SERVER\www\iim-app-services\api\users\read_single.php: Undefined index: HTTP_AUTHORIZATION.
-------------------------
-------------------------
time: August 13, 2021, 8:56 pm
message: Error 8 occured on line 25 in file F:\SERVER\www\iim-app-services\api\users\read_single.php: Undefined index: HTTP_AUTHORIZATION.
-------------------------
-------------------------
time: August 13, 2021, 9:00 pm
message: Error 8 occured on line 25 in file F:\SERVER\www\iim-app-services\api\users\read_single.php: Undefined index: HTTP_AUTHORIZATION.
-------------------------
-------------------------
time: August 13, 2021, 9:03 pm
message: Error 8 occured on line 27 in file F:\SERVER\www\iim-app-services\api\users\read_single.php: Undefined index: HTTP_AUTHORIZATION.
-------------------------
-------------------------
time: August 13, 2021, 9:04 pm
message: POST method not allowed.
-------------------------
-------------------------
time: August 13, 2021, 9:04 pm
message: Error 8 occured on line 27 in file F:\SERVER\www\iim-app-services\api\users\read_single.php: Undefined index: REDIRECT_HTTP_AUTHENTICATION.
-------------------------
-------------------------
time: August 13, 2021, 9:04 pm
message: Error 8 occured on line 27 in file F:\SERVER\www\iim-app-services\api\users\read_single.php: Undefined index: REDIRECT_HTTP_AUTHENTICATION.
-------------------------
-------------------------
time: August 13, 2021, 9:06 pm
message: Error 8 occured on line 26 in file F:\SERVER\www\iim-app-services\api\users\read_single.php: Undefined index: REDIRECT_HTTP_AUTHENTICATION.
-------------------------
-------------------------
time: August 13, 2021, 9:07 pm
message: Error 8 occured on line 26 in file F:\SERVER\www\iim-app-services\api\users\read_single.php: Undefined index: REDIRECT_HTTP_AUTHENTICATION.
-------------------------
-------------------------
time: August 13, 2021, 9:08 pm
message: Error 8 occured on line 26 in file F:\SERVER\www\iim-app-services\api\users\read_single.php: Undefined index: REDIRECT_HTTP_AUTHENTICATION.
-------------------------
-------------------------
time: August 13, 2021, 9:09 pm
message: Error 8 occured on line 26 in file F:\SERVER\www\iim-app-services\api\users\read_single.php: Undefined index: REDIRECT_HTTP_AUTHENTICATION.
-------------------------
-------------------------
time: August 13, 2021, 9:13 pm
message: GET method not allowed.
-------------------------
-------------------------
time: August 13, 2021, 9:13 pm
message: Error 8 occured on line 27 in file F:\SERVER\www\iim-app-services\api\users\read_single.php: Undefined property: stdClass::$tokrn.
-------------------------
-------------------------
time: August 13, 2021, 9:13 pm
message: Invalid Token
-------------------------
-------------------------
time: August 13, 2021, 9:14 pm
message: Error 8 occured on line 90 in file F:\SERVER\www\iim-app-services\models\AppUser.php: Undefined index: image_url.
-------------------------
-------------------------
time: August 13, 2021, 9:17 pm
message: GET method not allowed.
-------------------------
-------------------------
time: August 13, 2021, 9:17 pm
message: Error 8 occured on line 22 in file F:\SERVER\www\iim-app-services\api\users\update.php: Undefined property: stdClass::$token.
-------------------------
-------------------------
time: August 13, 2021, 9:18 pm
message: Error 8 occured on line 32 in file F:\SERVER\www\iim-app-services\api\users\update.php: Undefined property: stdClass::$email_validated.
-------------------------
-------------------------
time: August 13, 2021, 9:18 pm
message: Error 8 occured on line 36 in file F:\SERVER\www\iim-app-services\api\users\update.php: Undefined property: stdClass::$created_by.
-------------------------
-------------------------
time: August 13, 2021, 9:20 pm
message: SQLSTATE[HY093]: Invalid parameter number: number of bound variables does not match number of tokens
-------------------------
-------------------------
time: August 13, 2021, 9:20 pm
message: SQLSTATE[HY093]: Invalid parameter number: number of bound variables does not match number of tokens
-------------------------
-------------------------
time: August 13, 2021, 9:21 pm
message: SQLSTATE[HY093]: Invalid parameter number: number of bound variables does not match number of tokens
-------------------------
-------------------------
time: August 13, 2021, 9:21 pm
message: SQLSTATE[HY093]: Invalid parameter number: number of bound variables does not match number of tokens
-------------------------
-------------------------
time: August 13, 2021, 9:22 pm
message: SQLSTATE[HY093]: Invalid parameter number: number of bound variables does not match number of tokens
-------------------------
-------------------------
time: August 13, 2021, 9:22 pm
message: SQLSTATE[HY093]: Invalid parameter number: number of bound variables does not match number of tokens
-------------------------
