-------------------------
time: December 30, 2021, 12:16 am
message: Contact Role data fetched.
-------------------------
-------------------------
time: December 30, 2021, 12:47 am
message: Contact Role data fetched.
-------------------------
-------------------------
time: December 30, 2021, 1:13 am
message: Contact Role data fetched.
-------------------------
-------------------------
time: December 30, 2021, 1:32 am
message: Contact Role data fetched.
-------------------------
-------------------------
time: December 30, 2021, 1:40 am
message: Contact Role data fetched.
-------------------------
-------------------------
time: December 30, 2021, 3:04 am
message: Contact Role data fetched.
-------------------------
-------------------------
time: December 30, 2021, 5:05 am
message: Contact Role data fetched.
-------------------------
-------------------------
time: December 30, 2021, 5:26 am
message: Leaderboard data fetched.
-------------------------
-------------------------
time: December 30, 2021, 5:27 am
message: Leaderboard data fetched.
-------------------------
-------------------------
time: December 30, 2021, 7:08 am
message: Contact Role data fetched.
-------------------------
-------------------------
time: December 30, 2021, 8:11 am
message: Contact Role data fetched.
-------------------------
-------------------------
time: December 30, 2021, 9:30 am
message: Contact Role data fetched.
-------------------------
-------------------------
time: December 30, 2021, 9:59 am
message: Contact Role data fetched.
-------------------------
-------------------------
time: December 30, 2021, 10:34 am
message: Contact Role data fetched.
-------------------------
-------------------------
time: December 30, 2021, 12:06 pm
message: Contact Role data fetched.
-------------------------
-------------------------
time: December 30, 2021, 12:06 pm
message: Contact Role data fetched.
-------------------------
-------------------------
time: December 30, 2021, 12:07 pm
message: Contact Role data fetched.
-------------------------
-------------------------
time: December 30, 2021, 12:07 pm
message: Contact Role data fetched.
-------------------------
-------------------------
time: December 30, 2021, 12:51 pm
message: Contact Role data fetched.
-------------------------
-------------------------
time: December 30, 2021, 1:30 pm
message: Contact Role data fetched.
-------------------------
-------------------------
time: December 30, 2021, 2:21 pm
message: Contact Role data fetched.
-------------------------
-------------------------
time: December 30, 2021, 2:33 pm
message: Contact Role data fetched.
-------------------------
-------------------------
time: December 30, 2021, 3:47 pm
message: Contact Role data fetched.
-------------------------
-------------------------
time: December 30, 2021, 5:06 pm
message: Contact Role data fetched.
-------------------------
-------------------------
time: December 30, 2021, 6:31 pm
message: Contact Role data fetched.
-------------------------
-------------------------
time: December 30, 2021, 6:48 pm
message: Contact Role data fetched.
-------------------------
-------------------------
time: December 30, 2021, 9:15 pm
message: Contact Role data fetched.
-------------------------
-------------------------
time: December 30, 2021, 9:37 pm
message: Contact Role data fetched.
-------------------------
-------------------------
time: December 30, 2021, 10:27 pm
message: GET method not allowed
-------------------------
-------------------------
time: December 30, 2021, 11:45 pm
message: Contact Role data fetched.
-------------------------
