-------------------------
time: August 22, 2021, 5:53 am
message: Error 2 occured on line 7 in file F:\SERVER\www\iim-app-services\api\users\create.php: include_once(F:\SERVER\www\iim-app-services\api\users/../../models/AppUser.php): failed to open stream: No such file or directory.
-------------------------
-------------------------
time: August 22, 2021, 6:07 am
message: Error 2 occured on line 2 in file F:\SERVER\www\iim-app-services\models\Common\ModelUtils.php: include_once(F:\SERVER\www\iim-app-services\models\Common/query_utils.php): failed to open stream: No such file or directory.
-------------------------
-------------------------
time: August 22, 2021, 6:08 am
message: SQLSTATE[HY093]: Invalid parameter number: number of bound variables does not match number of tokens
-------------------------
-------------------------
time: August 22, 2021, 6:08 am
message: SQLSTATE[HY093]: Invalid parameter number: number of bound variables does not match number of tokens
-------------------------
-------------------------
time: August 22, 2021, 6:10 am
message: SQLSTATE[HY093]: Invalid parameter number: number of bound variables does not match number of tokens
-------------------------
-------------------------
time: August 22, 2021, 6:10 am
message: SQLSTATE[HY093]: Invalid parameter number: number of bound variables does not match number of tokens
-------------------------
-------------------------
time: August 22, 2021, 6:17 am
message: SQLSTATE[HY093]: Invalid parameter number: number of bound variables does not match number of tokens
-------------------------
-------------------------
time: August 22, 2021, 6:17 am
message: SQLSTATE[HY093]: Invalid parameter number: number of bound variables does not match number of tokens
-------------------------
-------------------------
time: August 22, 2021, 6:25 am
message: GET method not allowed
-------------------------
-------------------------
time: August 22, 2021, 6:25 am
message: Error 8 occured on line 30 in file F:\SERVER\www\iim-app-services\models\Common\QueryUtils.php: Undefined property: stdClass::$value.
-------------------------
-------------------------
time: August 22, 2021, 6:26 am
message: Error 8 occured on line 19 in file F:\SERVER\www\iim-app-services\models\Common\QueryUtils.php: Trying to get property 'filters' of non-object.
-------------------------
-------------------------
time: August 22, 2021, 6:27 am
message: Error 8 occured on line 19 in file F:\SERVER\www\iim-app-services\models\Common\QueryUtils.php: Trying to get property 'filters' of non-object.
-------------------------
-------------------------
time: August 22, 2021, 6:29 am
message: Error 8 occured on line 19 in file F:\SERVER\www\iim-app-services\models\Common\QueryUtils.php: Trying to get property 'filters' of non-object.
-------------------------
-------------------------
time: August 22, 2021, 6:33 am
message: Error 8 occured on line 19 in file F:\SERVER\www\iim-app-services\models\Common\QueryUtils.php: Trying to get property 'filters' of non-object.
-------------------------
-------------------------
time: August 22, 2021, 6:34 am
message: Error 4096 occured on line 20 in file F:\SERVER\www\iim-app-services\api\users\cart\read.php: Object of class stdClass could not be converted to string.
-------------------------
-------------------------
time: August 22, 2021, 6:34 am
message: Error 4096 occured on line 20 in file F:\SERVER\www\iim-app-services\api\users\cart\read.php: Object of class stdClass could not be converted to string.
-------------------------
-------------------------
time: August 22, 2021, 6:35 am
message: Error 8 occured on line 20 in file F:\SERVER\www\iim-app-services\api\users\cart\read.php: Array to string conversion.
-------------------------
-------------------------
time: August 22, 2021, 6:35 am
message: Error 8 occured on line 20 in file F:\SERVER\www\iim-app-services\api\users\cart\read.php: Undefined index: field_name.
-------------------------
-------------------------
time: August 22, 2021, 6:36 am
message: Error 8 occured on line 19 in file F:\SERVER\www\iim-app-services\models\Common\QueryUtils.php: Trying to get property 'filters' of non-object.
-------------------------
-------------------------
time: August 22, 2021, 6:37 am
message: Error 8 occured on line 19 in file F:\SERVER\www\iim-app-services\models\Common\QueryUtils.php: Trying to get property 'filters' of non-object.
-------------------------
-------------------------
time: August 22, 2021, 6:37 am
message: Error 8 occured on line 19 in file F:\SERVER\www\iim-app-services\models\Common\QueryUtils.php: Trying to get property 'filters' of non-object.
-------------------------
-------------------------
time: August 22, 2021, 6:43 am
message: Error 8 occured on line 30 in file F:\SERVER\www\iim-app-services\models\Common\QueryUtils.php: Trying to get property 'value' of non-object.
-------------------------
-------------------------
time: August 22, 2021, 6:45 am
message: Error 8 occured on line 32 in file F:\SERVER\www\iim-app-services\models\Common\QueryUtils.php: Undefined property: stdClass::$field_name.
-------------------------
-------------------------
time: August 22, 2021, 6:45 am
message: SQLSTATE[42000]: Syntax error or access violation: 1064 You have an error in your SQL syntax; check the manual that corresponds to your MySQL server version for the right syntax to use near 'WHERE  cart_id = '1'' at line 1
-------------------------
-------------------------
time: August 22, 2021, 6:45 am
message: SQLSTATE[42000]: Syntax error or access violation: 1064 You have an error in your SQL syntax; check the manual that corresponds to your MySQL server version for the right syntax to use near 'WHERE  cart_id = '1'' at line 1
-------------------------
-------------------------
time: August 22, 2021, 6:46 am
message: SQLSTATE[42000]: Syntax error or access violation: 1064 You have an error in your SQL syntax; check the manual that corresponds to your MySQL server version for the right syntax to use near 'WHERE  cart_id = '1'' at line 1
-------------------------
-------------------------
time: August 22, 2021, 6:46 am
message: SQLSTATE[42000]: Syntax error or access violation: 1064 You have an error in your SQL syntax; check the manual that corresponds to your MySQL server version for the right syntax to use near 'WHERE  cart_id = '1'' at line 1
-------------------------
-------------------------
time: August 22, 2021, 6:47 am
message: SQLSTATE[42000]: Syntax error or access violation: 1064 You have an error in your SQL syntax; check the manual that corresponds to your MySQL server version for the right syntax to use near 'WHERE  cart_id = '1'' at line 1
-------------------------
-------------------------
time: August 22, 2021, 6:47 am
message: SQLSTATE[42000]: Syntax error or access violation: 1064 You have an error in your SQL syntax; check the manual that corresponds to your MySQL server version for the right syntax to use near 'WHERE  cart_id = '1'' at line 1
-------------------------
-------------------------
time: August 22, 2021, 6:47 am
message: SQLSTATE[42000]: Syntax error or access violation: 1064 You have an error in your SQL syntax; check the manual that corresponds to your MySQL server version for the right syntax to use near 'WHERE  cart_id = 1' at line 1
-------------------------
-------------------------
time: August 22, 2021, 6:47 am
message: SQLSTATE[42000]: Syntax error or access violation: 1064 You have an error in your SQL syntax; check the manual that corresponds to your MySQL server version for the right syntax to use near 'WHERE  cart_id = 1' at line 1
-------------------------
-------------------------
time: August 22, 2021, 6:48 am
message: SQLSTATE[42000]: Syntax error or access violation: 1064 You have an error in your SQL syntax; check the manual that corresponds to your MySQL server version for the right syntax to use near 'WHERE  cart_id = 1' at line 1
-------------------------
-------------------------
time: August 22, 2021, 6:48 am
message: SQLSTATE[42000]: Syntax error or access violation: 1064 You have an error in your SQL syntax; check the manual that corresponds to your MySQL server version for the right syntax to use near 'WHERE  cart_id = 1' at line 1
-------------------------
-------------------------
time: August 22, 2021, 6:48 am
message: SQLSTATE[42000]: Syntax error or access violation: 1064 You have an error in your SQL syntax; check the manual that corresponds to your MySQL server version for the right syntax to use near 'WHERE  cart_id = 1' at line 1
-------------------------
-------------------------
time: August 22, 2021, 6:48 am
message: SQLSTATE[42000]: Syntax error or access violation: 1064 You have an error in your SQL syntax; check the manual that corresponds to your MySQL server version for the right syntax to use near 'WHERE  cart_id = 1' at line 1
-------------------------
-------------------------
time: August 22, 2021, 6:49 am
message: SQLSTATE[42000]: Syntax error or access violation: 1064 You have an error in your SQL syntax; check the manual that corresponds to your MySQL server version for the right syntax to use near 'WHERE  cart_id = 1' at line 1
-------------------------
-------------------------
time: August 22, 2021, 6:49 am
message: SQLSTATE[42000]: Syntax error or access violation: 1064 You have an error in your SQL syntax; check the manual that corresponds to your MySQL server version for the right syntax to use near 'WHERE  cart_id = 1' at line 1
-------------------------
-------------------------
time: August 22, 2021, 6:50 am
message: SQLSTATE[42000]: Syntax error or access violation: 1064 You have an error in your SQL syntax; check the manual that corresponds to your MySQL server version for the right syntax to use near 'WHERE  cart_id = 1' at line 1
-------------------------
-------------------------
time: August 22, 2021, 6:50 am
message: SQLSTATE[42000]: Syntax error or access violation: 1064 You have an error in your SQL syntax; check the manual that corresponds to your MySQL server version for the right syntax to use near 'WHERE  cart_id = 1' at line 1
-------------------------
-------------------------
time: August 22, 2021, 6:51 am
message: SQLSTATE[42000]: Syntax error or access violation: 1064 You have an error in your SQL syntax; check the manual that corresponds to your MySQL server version for the right syntax to use near 'WHERE  cart_id = 1' at line 1
-------------------------
-------------------------
time: August 22, 2021, 6:51 am
message: SQLSTATE[42000]: Syntax error or access violation: 1064 You have an error in your SQL syntax; check the manual that corresponds to your MySQL server version for the right syntax to use near 'WHERE  cart_id = 1' at line 1
-------------------------
-------------------------
time: August 22, 2021, 6:52 am
message: SQLSTATE[42000]: Syntax error or access violation: 1064 You have an error in your SQL syntax; check the manual that corresponds to your MySQL server version for the right syntax to use near 'WHERE  cart_id = 1' at line 1
-------------------------
-------------------------
time: August 22, 2021, 6:52 am
message: SQLSTATE[42000]: Syntax error or access violation: 1064 You have an error in your SQL syntax; check the manual that corresponds to your MySQL server version for the right syntax to use near 'WHERE  cart_id = 1' at line 1
-------------------------
-------------------------
time: August 22, 2021, 6:52 am
message: SQLSTATE[42000]: Syntax error or access violation: 1064 You have an error in your SQL syntax; check the manual that corresponds to your MySQL server version for the right syntax to use near 'WHERE  cart_id = '1'' at line 1
-------------------------
-------------------------
time: August 22, 2021, 6:52 am
message: SQLSTATE[42000]: Syntax error or access violation: 1064 You have an error in your SQL syntax; check the manual that corresponds to your MySQL server version for the right syntax to use near 'WHERE  cart_id = '1'' at line 1
-------------------------
-------------------------
time: August 22, 2021, 6:52 am
message: SQLSTATE[42000]: Syntax error or access violation: 1064 You have an error in your SQL syntax; check the manual that corresponds to your MySQL server version for the right syntax to use near 'WHERE  cart_id = '1'' at line 1
-------------------------
-------------------------
time: August 22, 2021, 6:52 am
message: SQLSTATE[42000]: Syntax error or access violation: 1064 You have an error in your SQL syntax; check the manual that corresponds to your MySQL server version for the right syntax to use near 'WHERE  cart_id = '1'' at line 1
-------------------------
-------------------------
time: August 22, 2021, 6:52 am
message: SQLSTATE[42000]: Syntax error or access violation: 1064 You have an error in your SQL syntax; check the manual that corresponds to your MySQL server version for the right syntax to use near 'WHERE  cart_id = '1'' at line 1
-------------------------
-------------------------
time: August 22, 2021, 6:52 am
message: SQLSTATE[42000]: Syntax error or access violation: 1064 You have an error in your SQL syntax; check the manual that corresponds to your MySQL server version for the right syntax to use near 'WHERE  cart_id = '1'' at line 1
-------------------------
-------------------------
time: August 22, 2021, 6:56 am
message: SQLSTATE[42000]: Syntax error or access violation: 1064 You have an error in your SQL syntax; check the manual that corresponds to your MySQL server version for the right syntax to use near 'WHERE  cart_id = '1'' at line 1
-------------------------
-------------------------
time: August 22, 2021, 6:56 am
message: SQLSTATE[42000]: Syntax error or access violation: 1064 You have an error in your SQL syntax; check the manual that corresponds to your MySQL server version for the right syntax to use near 'WHERE  cart_id = '1'' at line 1
-------------------------
-------------------------
time: August 22, 2021, 6:57 am
message: Error 8 occured on line 52 in file F:\SERVER\www\iim-app-services\api\users\cart\read.php: Undefined index: user_id.
-------------------------
-------------------------
time: August 22, 2021, 7:03 am
message: GET method not allowed
-------------------------
-------------------------
time: August 22, 2021, 7:03 am
message: Error 8 occured on line 22 in file F:\SERVER\www\iim-app-services\api\users\cart\update.php: Trying to get property 'cart_id' of non-object.
-------------------------
-------------------------
time: August 22, 2021, 7:03 am
message: No cart found.
-------------------------
-------------------------
time: August 22, 2021, 7:05 am
message: SQLSTATE[42S22]: Column not found: 1054 Unknown column 'product_name' in 'field list'
-------------------------
-------------------------
time: August 22, 2021, 7:05 am
message: SQLSTATE[42S22]: Column not found: 1054 Unknown column 'product_name' in 'field list'
-------------------------
-------------------------
time: August 22, 2021, 7:07 am
message: SQLSTATE[HY000]: General error: 1366 Incorrect decimal value: '' for column 'price' at row 1
-------------------------
-------------------------
time: August 22, 2021, 7:07 am
message: SQLSTATE[HY000]: General error: 1366 Incorrect decimal value: '' for column 'price' at row 1
-------------------------
-------------------------
time: August 22, 2021, 7:36 am
message: GET method not allowed
-------------------------
-------------------------
time: August 22, 2021, 7:36 am
message: SQLSTATE[42000]: Syntax error or access violation: 1064 You have an error in your SQL syntax; check the manual that corresponds to your MySQL server version for the right syntax to use near 'order SET total = '110', user_id = '1', payment_id = '', discount = '10', taxes ' at line 1
-------------------------
-------------------------
time: August 22, 2021, 7:36 am
message: SQLSTATE[42000]: Syntax error or access violation: 1064 You have an error in your SQL syntax; check the manual that corresponds to your MySQL server version for the right syntax to use near 'order SET total = '110', user_id = '1', payment_id = '', discount = '10', taxes ' at line 1
-------------------------
-------------------------
time: August 22, 2021, 7:37 am
message: SQLSTATE[42S22]: Column not found: 1054 Unknown column 'payment_id' in 'field list'
-------------------------
-------------------------
time: August 22, 2021, 7:37 am
message: SQLSTATE[42S22]: Column not found: 1054 Unknown column 'payment_id' in 'field list'
-------------------------
-------------------------
time: August 22, 2021, 7:39 am
message: SQLSTATE[HY000]: General error: 1364 Field 'updated_at' doesn't have a default value
-------------------------
-------------------------
time: August 22, 2021, 7:39 am
message: SQLSTATE[HY000]: General error: 1364 Field 'updated_at' doesn't have a default value
-------------------------
-------------------------
time: August 22, 2021, 7:43 am
message: Error 8 occured on line 54 in file F:\SERVER\www\iim-app-services\api\users\order\create.php: Array to string conversion.
-------------------------
-------------------------
time: August 22, 2021, 7:51 am
message: Error 8 occured on line 24 in file F:\SERVER\www\iim-app-services\api\payments\create.php: Trying to get property 'transaction_id' of non-object.
-------------------------
-------------------------
time: August 22, 2021, 7:52 am
message: SQLSTATE[HY093]: Invalid parameter number: number of bound variables does not match number of tokens
-------------------------
-------------------------
time: August 22, 2021, 7:52 am
message: SQLSTATE[HY093]: Invalid parameter number: number of bound variables does not match number of tokens
-------------------------
-------------------------
time: August 22, 2021, 7:53 am
message: SQLSTATE[HY000]: General error: 1366 Incorrect integer value: 'TXN12318293' for column 'transaction_id' at row 1
-------------------------
-------------------------
time: August 22, 2021, 7:53 am
message: SQLSTATE[HY000]: General error: 1366 Incorrect integer value: 'TXN12318293' for column 'transaction_id' at row 1
-------------------------
-------------------------
time: August 22, 2021, 7:54 am
message: Error 8 occured on line 19 in file F:\SERVER\www\iim-app-services\models\Common\QueryUtils.php: Trying to get property 'filters' of non-object.
-------------------------
-------------------------
time: August 22, 2021, 7:57 am
message: SQLSTATE[HY000]: General error: 1366 Incorrect integer value: '' for column 'order_id' at row 1
-------------------------
-------------------------
time: August 22, 2021, 7:57 am
message: SQLSTATE[HY000]: General error: 1366 Incorrect integer value: '' for column 'order_id' at row 1
-------------------------
-------------------------
time: August 22, 2021, 7:58 am
message: SQLSTATE[HY000]: General error: 1366 Incorrect integer value: '' for column 'order_id' at row 1
-------------------------
-------------------------
time: August 22, 2021, 7:58 am
message: SQLSTATE[HY000]: General error: 1366 Incorrect integer value: '' for column 'order_id' at row 1
-------------------------
-------------------------
time: August 22, 2021, 7:59 am
message: SQLSTATE[HY000]: General error: 1366 Incorrect integer value: '' for column 'order_id' at row 1
-------------------------
-------------------------
time: August 22, 2021, 7:59 am
message: SQLSTATE[HY000]: General error: 1366 Incorrect integer value: '' for column 'order_id' at row 1
-------------------------
-------------------------
time: August 22, 2021, 8:02 am
message: SQLSTATE[42000]: Syntax error or access violation: 1064 You have an error in your SQL syntax; check the manual that corresponds to your MySQL server version for the right syntax to use near '' at line 1
-------------------------
-------------------------
time: August 22, 2021, 8:02 am
message: SQLSTATE[42000]: Syntax error or access violation: 1064 You have an error in your SQL syntax; check the manual that corresponds to your MySQL server version for the right syntax to use near '' at line 1
-------------------------
-------------------------
time: August 22, 2021, 8:04 am
message: SQLSTATE[42000]: Syntax error or access violation: 1064 You have an error in your SQL syntax; check the manual that corresponds to your MySQL server version for the right syntax to use near '' at line 1
-------------------------
-------------------------
time: August 22, 2021, 8:04 am
message: SQLSTATE[42000]: Syntax error or access violation: 1064 You have an error in your SQL syntax; check the manual that corresponds to your MySQL server version for the right syntax to use near '' at line 1
-------------------------
-------------------------
time: August 22, 2021, 8:05 am
message: Order could not be updated.
-------------------------
-------------------------
time: August 22, 2021, 8:06 am
message: Error 8 occured on line 68 in file F:\SERVER\www\iim-app-services\models\User\Order\Order.php: Undefined index: payment_id.
-------------------------
-------------------------
time: August 22, 2021, 8:07 am
message: SQLSTATE[HY093]: Invalid parameter number: number of bound variables does not match number of tokens
-------------------------
-------------------------
time: August 22, 2021, 8:07 am
message: SQLSTATE[HY093]: Invalid parameter number: number of bound variables does not match number of tokens
-------------------------
-------------------------
time: August 22, 2021, 8:10 am
message: SQLSTATE[HY093]: Invalid parameter number: number of bound variables does not match number of tokens
-------------------------
-------------------------
time: August 22, 2021, 8:10 am
message: SQLSTATE[HY093]: Invalid parameter number: number of bound variables does not match number of tokens
-------------------------
-------------------------
time: August 22, 2021, 8:18 am
message: GET method not allowed
-------------------------
-------------------------
time: August 22, 2021, 8:19 am
message: Error 8 occured on line 19 in file F:\SERVER\www\iim-app-services\models\Common\QueryUtils.php: Trying to get property 'filters' of non-object.
-------------------------
-------------------------
time: August 22, 2021, 8:20 am
message: Error 8 occured on line 46 in file F:\SERVER\www\iim-app-services\api\users\booking\bulk_booking.php: Trying to get property 'app_user_id' of non-object.
-------------------------
-------------------------
time: August 22, 2021, 8:23 am
message: Error 8 occured on line 46 in file F:\SERVER\www\iim-app-services\api\users\booking\bulk_booking.php: Undefined index: app_user_id.
-------------------------
-------------------------
time: August 22, 2021, 8:24 am
message: SQLSTATE[HY000]: General error: 1366 Incorrect integer value: '' for column 'order_id' at row 1
-------------------------
-------------------------
time: August 22, 2021, 8:24 am
message: SQLSTATE[HY000]: General error: 1366 Incorrect integer value: '' for column 'order_id' at row 1
-------------------------
-------------------------
time: August 22, 2021, 8:26 am
message: SQLSTATE[HY000]: General error: 1366 Incorrect integer value: '' for column 'order_id' at row 1
-------------------------
-------------------------
time: August 22, 2021, 8:26 am
message: SQLSTATE[HY000]: General error: 1366 Incorrect integer value: '' for column 'order_id' at row 1
-------------------------
-------------------------
time: August 22, 2021, 8:27 am
message: Error 8 occured on line 52 in file F:\SERVER\www\iim-app-services\api\users\booking\bulk_booking.php: Trying to get property 'email_id' of non-object.
-------------------------
-------------------------
time: August 22, 2021, 8:29 am
message: Error 8 occured on line 52 in file F:\SERVER\www\iim-app-services\api\users\booking\bulk_booking.php: Undefined index: email_id.
-------------------------
-------------------------
time: August 22, 2021, 8:31 am
message: SQLSTATE[HY000]: General error: 1366 Incorrect integer value: '' for column 'college_id' at row 1
-------------------------
-------------------------
time: August 22, 2021, 8:31 am
message: SQLSTATE[HY000]: General error: 1366 Incorrect integer value: '' for column 'college_id' at row 1
-------------------------
-------------------------
time: August 22, 2021, 8:36 am
message: Laminas\Config\Exception\RuntimeException: Filename "../../auth/config.php" cannot be found relative to the working directory in F:\SERVER\www\iim-app-services\vendor\laminas\laminas-config\src\Factory.php:75
Stack trace:
#0 F:\SERVER\www\iim-app-services\api\users\booking\bulk_booking.php(92): Laminas\Config\Factory::fromFile('../../auth/conf...', true)
#1 {main}
-------------------------
-------------------------
time: August 22, 2021, 8:36 am
message: Something went wrong.
-------------------------
-------------------------
time: August 22, 2021, 8:39 am
message: Error 8 occured on line 101 in file F:\SERVER\www\iim-app-services\api\users\booking\bulk_booking.php: Array to string conversion.
-------------------------
-------------------------
time: August 22, 2021, 8:42 am
message: Username/Password not valid.
-------------------------
-------------------------
time: August 22, 2021, 10:06 am
message: Error 8 occured on line 25 in file F:\SERVER\www\iim-app-services\api\strategizer\create.php: Undefined property: stdClass::$college_name.
-------------------------
-------------------------
time: August 22, 2021, 10:06 am
message: SQLSTATE[HY000]: General error: 1364 Field 'leaderboard_id' doesn't have a default value
-------------------------
-------------------------
time: August 22, 2021, 10:06 am
message: SQLSTATE[HY000]: General error: 1364 Field 'leaderboard_id' doesn't have a default value
-------------------------
-------------------------
time: August 22, 2021, 10:14 am
message: GET method not allowed
-------------------------
-------------------------
time: August 22, 2021, 10:14 am
message: Leaderboard data fetched.
-------------------------
-------------------------
time: August 22, 2021, 10:17 am
message: Error 8 occured on line 23 in file F:\SERVER\www\iim-app-services\api\strategizer\read_single.php: Undefined property: Strategizer::$email_id.
-------------------------
-------------------------
time: August 22, 2021, 10:19 am
message: No matched record found.
-------------------------
-------------------------
time: August 22, 2021, 10:24 am
message: GET method not allowed.
-------------------------
-------------------------
time: August 22, 2021, 10:24 am
message: POST method not allowed.
-------------------------
-------------------------
time: August 22, 2021, 10:24 am
message: No matched record found.
-------------------------
