-------------------------
time: January 1, 2022, 12:33 am
message: Contact Role data fetched.
-------------------------
-------------------------
time: January 1, 2022, 1:11 am
message: Contact Role data fetched.
-------------------------
-------------------------
time: January 1, 2022, 1:44 am
message: Leaderboard data fetched.
-------------------------
-------------------------
time: January 1, 2022, 2:28 am
message: Contact Role data fetched.
-------------------------
-------------------------
time: January 1, 2022, 3:32 am
message: Contact Role data fetched.
-------------------------
-------------------------
time: January 1, 2022, 4:03 am
message: Contact Role data fetched.
-------------------------
-------------------------
time: January 1, 2022, 4:35 am
message: Contact Role data fetched.
-------------------------
-------------------------
time: January 1, 2022, 4:47 am
message: Contact Role data fetched.
-------------------------
-------------------------
time: January 1, 2022, 5:10 am
message: Contact Role data fetched.
-------------------------
-------------------------
time: January 1, 2022, 5:51 am
message: Contact Role data fetched.
-------------------------
-------------------------
time: January 1, 2022, 7:11 am
message: Contact Role data fetched.
-------------------------
-------------------------
time: January 1, 2022, 7:40 am
message: Contact Role data fetched.
-------------------------
-------------------------
time: January 1, 2022, 9:04 am
message: Contact Role data fetched.
-------------------------
-------------------------
time: January 1, 2022, 9:31 am
message: Contact Role data fetched.
-------------------------
-------------------------
time: January 1, 2022, 9:57 am
message: Contact Role data fetched.
-------------------------
-------------------------
time: January 1, 2022, 10:35 am
message: Contact Role data fetched.
-------------------------
-------------------------
time: January 1, 2022, 10:43 am
message: Contact Role data fetched.
-------------------------
-------------------------
time: January 1, 2022, 10:53 am
message: Contact Role data fetched.
-------------------------
-------------------------
time: January 1, 2022, 10:54 am
message: Contact Role data fetched.
-------------------------
-------------------------
time: January 1, 2022, 10:55 am
message: Contact Role data fetched.
-------------------------
-------------------------
time: January 1, 2022, 10:56 am
message: Contact Role data fetched.
-------------------------
-------------------------
time: January 1, 2022, 10:57 am
message: Contact Role data fetched.
-------------------------
-------------------------
time: January 1, 2022, 10:57 am
message: Contact Role data fetched.
-------------------------
-------------------------
time: January 1, 2022, 11:00 am
message: Contact Role data fetched.
-------------------------
-------------------------
time: January 1, 2022, 11:02 am
message: Contact Role data fetched.
-------------------------
-------------------------
time: January 1, 2022, 11:05 am
message: Contact Role data fetched.
-------------------------
-------------------------
time: January 1, 2022, 11:07 am
message: Contact Role data fetched.
-------------------------
-------------------------
time: January 1, 2022, 11:08 am
message: Contact Role data fetched.
-------------------------
-------------------------
time: January 1, 2022, 11:14 am
message: Contact Role data fetched.
-------------------------
-------------------------
time: January 1, 2022, 11:14 am
message: Contact Role data fetched.
-------------------------
-------------------------
time: January 1, 2022, 11:18 am
message: Contact Role data fetched.
-------------------------
-------------------------
time: January 1, 2022, 11:20 am
message: Contact Role data fetched.
-------------------------
-------------------------
time: January 1, 2022, 11:20 am
message: Contact Role data fetched.
-------------------------
-------------------------
time: January 1, 2022, 11:21 am
message: Contact Role data fetched.
-------------------------
-------------------------
time: January 1, 2022, 11:22 am
message: Contact Role data fetched.
-------------------------
-------------------------
time: January 1, 2022, 11:22 am
message: Contact Role data fetched.
-------------------------
-------------------------
time: January 1, 2022, 11:40 am
message: Contact Role data fetched.
-------------------------
-------------------------
time: January 1, 2022, 12:10 pm
message: Contact Role data fetched.
-------------------------
-------------------------
time: January 1, 2022, 12:12 pm
message: Contact Role data fetched.
-------------------------
-------------------------
time: January 1, 2022, 12:24 pm
message: Contact Role data fetched.
-------------------------
-------------------------
time: January 1, 2022, 12:27 pm
message: Contact Role data fetched.
-------------------------
-------------------------
time: January 1, 2022, 12:29 pm
message: Contact Role data fetched.
-------------------------
-------------------------
time: January 1, 2022, 12:30 pm
message: Contact Role data fetched.
-------------------------
-------------------------
time: January 1, 2022, 12:30 pm
message: Contact Role data fetched.
-------------------------
-------------------------
time: January 1, 2022, 12:34 pm
message: Contact Role data fetched.
-------------------------
-------------------------
time: January 1, 2022, 12:35 pm
message: Contact Role data fetched.
-------------------------
-------------------------
time: January 1, 2022, 12:49 pm
message: Contact Role data fetched.
-------------------------
-------------------------
time: January 1, 2022, 12:54 pm
message: Contact Role data fetched.
-------------------------
-------------------------
time: January 1, 2022, 2:39 pm
message: Contact Role data fetched.
-------------------------
-------------------------
time: January 1, 2022, 2:45 pm
message: Expired token
-------------------------
-------------------------
time: January 1, 2022, 2:45 pm
message: Contact Role data fetched.
-------------------------
-------------------------
time: January 1, 2022, 3:33 pm
message: Contact Role data fetched.
-------------------------
-------------------------
time: January 1, 2022, 3:36 pm
message: Contact Role data fetched.
-------------------------
-------------------------
time: January 1, 2022, 3:40 pm
message: Contact Role data fetched.
-------------------------
-------------------------
time: January 1, 2022, 3:41 pm
message: Contact Role data fetched.
-------------------------
-------------------------
time: January 1, 2022, 3:46 pm
message: Contact Role data fetched.
-------------------------
-------------------------
time: January 1, 2022, 3:48 pm
message: Contact Role data fetched.
-------------------------
-------------------------
time: January 1, 2022, 3:49 pm
message: Contact Role data fetched.
-------------------------
-------------------------
time: January 1, 2022, 3:49 pm
message: Contact Role data fetched.
-------------------------
-------------------------
time: January 1, 2022, 4:05 pm
message: Contact Role data fetched.
-------------------------
-------------------------
time: January 1, 2022, 4:46 pm
message: Contact Role data fetched.
-------------------------
-------------------------
time: January 1, 2022, 5:13 pm
message: Contact Role data fetched.
-------------------------
-------------------------
time: January 1, 2022, 5:21 pm
message: Contact Role data fetched.
-------------------------
-------------------------
time: January 1, 2022, 6:15 pm
message: Contact Role data fetched.
-------------------------
-------------------------
time: January 1, 2022, 6:23 pm
message: Contact Role data fetched.
-------------------------
-------------------------
time: January 1, 2022, 6:37 pm
message: Contact Role data fetched.
-------------------------
-------------------------
time: January 1, 2022, 7:35 pm
message: Contact Role data fetched.
-------------------------
-------------------------
time: January 1, 2022, 8:19 pm
message: Contact Role data fetched.
-------------------------
-------------------------
time: January 1, 2022, 8:24 pm
message: Contact Role data fetched.
-------------------------
-------------------------
time: January 1, 2022, 8:34 pm
message: Contact Role data fetched.
-------------------------
-------------------------
time: January 1, 2022, 8:34 pm
message: Contact Role data fetched.
-------------------------
-------------------------
time: January 1, 2022, 9:13 pm
message: Contact Role data fetched.
-------------------------
-------------------------
time: January 1, 2022, 9:18 pm
message: Contact Role data fetched.
-------------------------
-------------------------
time: January 1, 2022, 10:07 pm
message: Contact Role data fetched.
-------------------------
-------------------------
time: January 1, 2022, 10:19 pm
message: Contact Role data fetched.
-------------------------
-------------------------
time: January 1, 2022, 10:20 pm
message: Expired token
-------------------------
-------------------------
time: January 1, 2022, 10:25 pm
message: Contact Role data fetched.
-------------------------
-------------------------
time: January 1, 2022, 10:37 pm
message: Contact Role data fetched.
-------------------------
-------------------------
time: January 1, 2022, 10:38 pm
message: Contact Role data fetched.
-------------------------
-------------------------
time: January 1, 2022, 10:39 pm
message: Contact Role data fetched.
-------------------------
-------------------------
time: January 1, 2022, 10:41 pm
message: Contact Role data fetched.
-------------------------
-------------------------
time: January 1, 2022, 10:52 pm
message: Contact Role data fetched.
-------------------------
-------------------------
time: January 1, 2022, 11:03 pm
message: Contact Role data fetched.
-------------------------
-------------------------
time: January 1, 2022, 11:04 pm
message: Booking data fetched.
-------------------------
-------------------------
time: January 1, 2022, 11:04 pm
message: Contact Role data fetched.
-------------------------
-------------------------
time: January 1, 2022, 11:18 pm
message: Contact Role data fetched.
-------------------------
-------------------------
time: January 1, 2022, 11:36 pm
message: Contact Role data fetched.
-------------------------
-------------------------
time: January 1, 2022, 11:37 pm
message: Contact Role data fetched.
-------------------------
-------------------------
time: January 1, 2022, 11:37 pm
message: Booking data fetched.
-------------------------
-------------------------
time: January 1, 2022, 11:37 pm
message: Booking data fetched.
-------------------------
