-------------------------
time: October 29, 2021, 4:19 am
message: GET method not allowed
-------------------------
-------------------------
time: October 29, 2021, 4:19 am
message: GET method not allowed
-------------------------
-------------------------
time: October 29, 2021, 4:26 am
message: GET method not allowed
-------------------------
-------------------------
time: October 29, 2021, 4:35 am
message: Booking data fetched.
-------------------------
-------------------------
time: October 29, 2021, 4:35 am
message: Expired token
-------------------------
-------------------------
time: October 29, 2021, 4:35 am
message: Booking data fetched.
-------------------------
-------------------------
time: October 29, 2021, 4:35 am
message: Expired token
-------------------------
-------------------------
time: October 29, 2021, 4:50 am
message: GET method not allowed
-------------------------
-------------------------
time: October 29, 2021, 4:50 am
message: GET method not allowed
-------------------------
-------------------------
time: October 29, 2021, 4:57 am
message: GET method not allowed
-------------------------
-------------------------
time: October 29, 2021, 10:12 am
message: Booking data fetched.
-------------------------
-------------------------
time: October 29, 2021, 10:12 am
message: Expired token
-------------------------
-------------------------
time: October 29, 2021, 10:13 am
message: Booking data fetched.
-------------------------
-------------------------
time: October 29, 2021, 10:13 am
message: Expired token
-------------------------
-------------------------
time: October 29, 2021, 10:16 am
message: Expired token
-------------------------
-------------------------
time: October 29, 2021, 10:16 am
message: Booking data fetched.
-------------------------
-------------------------
time: October 29, 2021, 10:17 am
message: Booking data fetched.
-------------------------
-------------------------
time: October 29, 2021, 10:17 am
message: Expired token
-------------------------
-------------------------
time: October 29, 2021, 10:38 am
message: Booking data fetched.
-------------------------
-------------------------
time: October 29, 2021, 10:38 am
message: Booking data fetched.
-------------------------
-------------------------
time: October 29, 2021, 12:24 pm
message: Booking data fetched.
-------------------------
-------------------------
time: October 29, 2021, 12:24 pm
message: Expired token
-------------------------
-------------------------
time: October 29, 2021, 3:00 pm
message: Booking data fetched.
-------------------------
-------------------------
time: October 29, 2021, 3:00 pm
message: Expired token
-------------------------
-------------------------
time: October 29, 2021, 4:43 pm
message: Something went wrong.
-------------------------
-------------------------
time: October 29, 2021, 6:03 pm
message: Booking data fetched.
-------------------------
-------------------------
time: October 29, 2021, 6:03 pm
message: Expired token
-------------------------
-------------------------
time: October 29, 2021, 8:39 pm
message: Leaderboard data fetched.
-------------------------
-------------------------
time: October 29, 2021, 10:55 pm
message: Leaderboard data fetched.
-------------------------
