-------------------------
time: January 9, 2022, 2:20 am
message: Contact Role data fetched.
-------------------------
-------------------------
time: January 9, 2022, 3:17 am
message: Contact Role data fetched.
-------------------------
-------------------------
time: January 9, 2022, 3:24 am
message: Contact Role data fetched.
-------------------------
-------------------------
time: January 9, 2022, 5:00 am
message: Contact Role data fetched.
-------------------------
-------------------------
time: January 9, 2022, 5:35 am
message: Contact Role data fetched.
-------------------------
-------------------------
time: January 9, 2022, 6:27 am
message: Contact Role data fetched.
-------------------------
-------------------------
time: January 9, 2022, 6:39 am
message: Contact Role data fetched.
-------------------------
-------------------------
time: January 9, 2022, 6:50 am
message: Leaderboard data fetched.
-------------------------
-------------------------
time: January 9, 2022, 7:34 am
message: Contact Role data fetched.
-------------------------
-------------------------
time: January 9, 2022, 8:13 am
message: Contact Role data fetched.
-------------------------
-------------------------
time: January 9, 2022, 8:21 am
message: Contact Role data fetched.
-------------------------
-------------------------
time: January 9, 2022, 8:31 am
message: Contact Role data fetched.
-------------------------
-------------------------
time: January 9, 2022, 8:45 am
message: Contact Role data fetched.
-------------------------
-------------------------
time: January 9, 2022, 8:45 am
message: Contact Role data fetched.
-------------------------
-------------------------
time: January 9, 2022, 9:47 am
message: Contact Role data fetched.
-------------------------
-------------------------
time: January 9, 2022, 11:29 am
message: Contact Role data fetched.
-------------------------
-------------------------
time: January 9, 2022, 11:29 am
message: Contact Role data fetched.
-------------------------
-------------------------
time: January 9, 2022, 11:48 am
message: Contact Role data fetched.
-------------------------
-------------------------
time: January 9, 2022, 11:56 am
message: Contact Role data fetched.
-------------------------
-------------------------
time: January 9, 2022, 12:30 pm
message: Contact Role data fetched.
-------------------------
-------------------------
time: January 9, 2022, 12:56 pm
message: Contact Role data fetched.
-------------------------
-------------------------
time: January 9, 2022, 1:39 pm
message: Contact Role data fetched.
-------------------------
-------------------------
time: January 9, 2022, 2:00 pm
message: Contact Role data fetched.
-------------------------
-------------------------
time: January 9, 2022, 3:07 pm
message: Contact Role data fetched.
-------------------------
-------------------------
time: January 9, 2022, 3:11 pm
message: Contact Role data fetched.
-------------------------
-------------------------
time: January 9, 2022, 3:13 pm
message: Contact Role data fetched.
-------------------------
-------------------------
time: January 9, 2022, 3:23 pm
message: Leaderboard data fetched.
-------------------------
-------------------------
time: January 9, 2022, 3:25 pm
message: Contact Role data fetched.
-------------------------
-------------------------
time: January 9, 2022, 3:28 pm
message: Contact Role data fetched.
-------------------------
-------------------------
time: January 9, 2022, 3:30 pm
message: Contact Role data fetched.
-------------------------
-------------------------
time: January 9, 2022, 3:53 pm
message: Contact Role data fetched.
-------------------------
-------------------------
time: January 9, 2022, 4:59 pm
message: Contact Role data fetched.
-------------------------
-------------------------
time: January 9, 2022, 5:59 pm
message: Contact Role data fetched.
-------------------------
-------------------------
time: January 9, 2022, 6:04 pm
message: Contact Role data fetched.
-------------------------
-------------------------
time: January 9, 2022, 6:30 pm
message: Contact Role data fetched.
-------------------------
-------------------------
time: January 9, 2022, 6:51 pm
message: Contact Role data fetched.
-------------------------
-------------------------
time: January 9, 2022, 7:03 pm
message: Contact Role data fetched.
-------------------------
-------------------------
time: January 9, 2022, 7:10 pm
message: Contact Role data fetched.
-------------------------
-------------------------
time: January 9, 2022, 7:25 pm
message: Contact Role data fetched.
-------------------------
-------------------------
time: January 9, 2022, 8:13 pm
message: Contact Role data fetched.
-------------------------
-------------------------
time: January 9, 2022, 8:18 pm
message: Contact Role data fetched.
-------------------------
-------------------------
time: January 9, 2022, 8:21 pm
message: Contact Role data fetched.
-------------------------
-------------------------
time: January 9, 2022, 9:03 pm
message: Contact Role data fetched.
-------------------------
-------------------------
time: January 9, 2022, 9:55 pm
message: Leaderboard data fetched.
-------------------------
-------------------------
time: January 9, 2022, 10:10 pm
message: Contact Role data fetched.
-------------------------
-------------------------
time: January 9, 2022, 10:34 pm
message: Leaderboard data fetched.
-------------------------
-------------------------
time: January 9, 2022, 10:58 pm
message: Contact Role data fetched.
-------------------------
-------------------------
time: January 9, 2022, 10:59 pm
message: Contact Role data fetched.
-------------------------
-------------------------
time: January 9, 2022, 11:01 pm
message: Contact Role data fetched.
-------------------------
-------------------------
time: January 9, 2022, 11:15 pm
message: Contact Role data fetched.
-------------------------
-------------------------
time: January 9, 2022, 11:47 pm
message: Contact Role data fetched.
-------------------------
