-------------------------
time: January 6, 2022, 12:04 am
message: Contact Role data fetched.
-------------------------
-------------------------
time: January 6, 2022, 12:12 am
message: Contact Role data fetched.
-------------------------
-------------------------
time: January 6, 2022, 12:22 am
message: Contact Role data fetched.
-------------------------
-------------------------
time: January 6, 2022, 12:23 am
message: Contact Role data fetched.
-------------------------
-------------------------
time: January 6, 2022, 12:30 am
message: Leaderboard data fetched.
-------------------------
-------------------------
time: January 6, 2022, 1:14 am
message: Contact Role data fetched.
-------------------------
-------------------------
time: January 6, 2022, 1:50 am
message: Contact Role data fetched.
-------------------------
-------------------------
time: January 6, 2022, 4:18 am
message: Contact Role data fetched.
-------------------------
-------------------------
time: January 6, 2022, 4:20 am
message: Contact Role data fetched.
-------------------------
-------------------------
time: January 6, 2022, 4:56 am
message: Contact Role data fetched.
-------------------------
-------------------------
time: January 6, 2022, 5:30 am
message: Leaderboard data fetched.
-------------------------
-------------------------
time: January 6, 2022, 7:23 am
message: Contact Role data fetched.
-------------------------
-------------------------
time: January 6, 2022, 8:16 am
message: Contact Role data fetched.
-------------------------
-------------------------
time: January 6, 2022, 8:33 am
message: Contact Role data fetched.
-------------------------
-------------------------
time: January 6, 2022, 9:07 am
message: Contact Role data fetched.
-------------------------
-------------------------
time: January 6, 2022, 10:00 am
message: Contact Role data fetched.
-------------------------
-------------------------
time: January 6, 2022, 10:07 am
message: Contact Role data fetched.
-------------------------
-------------------------
time: January 6, 2022, 10:42 am
message: Contact Role data fetched.
-------------------------
-------------------------
time: January 6, 2022, 10:59 am
message: Contact Role data fetched.
-------------------------
-------------------------
time: January 6, 2022, 11:19 am
message: Contact Role data fetched.
-------------------------
-------------------------
time: January 6, 2022, 11:31 am
message: Contact Role data fetched.
-------------------------
-------------------------
time: January 6, 2022, 11:48 am
message: Contact Role data fetched.
-------------------------
-------------------------
time: January 6, 2022, 12:14 pm
message: Contact Role data fetched.
-------------------------
-------------------------
time: January 6, 2022, 12:28 pm
message: Contact Role data fetched.
-------------------------
-------------------------
time: January 6, 2022, 1:05 pm
message: Contact Role data fetched.
-------------------------
-------------------------
time: January 6, 2022, 1:10 pm
message: Contact Role data fetched.
-------------------------
-------------------------
time: January 6, 2022, 1:23 pm
message: Contact Role data fetched.
-------------------------
-------------------------
time: January 6, 2022, 1:30 pm
message: Contact Role data fetched.
-------------------------
-------------------------
time: January 6, 2022, 1:37 pm
message: Contact Role data fetched.
-------------------------
-------------------------
time: January 6, 2022, 1:59 pm
message: GET method not allowed
-------------------------
-------------------------
time: January 6, 2022, 2:14 pm
message: Contact Role data fetched.
-------------------------
-------------------------
time: January 6, 2022, 2:30 pm
message: GET method not allowed
-------------------------
-------------------------
time: January 6, 2022, 2:38 pm
message: Contact Role data fetched.
-------------------------
-------------------------
time: January 6, 2022, 2:54 pm
message: Leaderboard data fetched.
-------------------------
-------------------------
time: January 6, 2022, 3:18 pm
message: Contact Role data fetched.
-------------------------
-------------------------
time: January 6, 2022, 3:18 pm
message: Contact Role data fetched.
-------------------------
-------------------------
time: January 6, 2022, 3:41 pm
message: Contact Role data fetched.
-------------------------
-------------------------
time: January 6, 2022, 3:43 pm
message: Contact Role data fetched.
-------------------------
-------------------------
time: January 6, 2022, 4:57 pm
message: Contact Role data fetched.
-------------------------
-------------------------
time: January 6, 2022, 5:44 pm
message: Contact Role data fetched.
-------------------------
-------------------------
time: January 6, 2022, 5:44 pm
message: Contact Role data fetched.
-------------------------
-------------------------
time: January 6, 2022, 5:57 pm
message: Contact Role data fetched.
-------------------------
-------------------------
time: January 6, 2022, 6:23 pm
message: Contact Role data fetched.
-------------------------
-------------------------
time: January 6, 2022, 6:37 pm
message: Contact Role data fetched.
-------------------------
-------------------------
time: January 6, 2022, 6:58 pm
message: Contact Role data fetched.
-------------------------
-------------------------
time: January 6, 2022, 8:00 pm
message: Contact Role data fetched.
-------------------------
-------------------------
time: January 6, 2022, 8:10 pm
message: Contact Role data fetched.
-------------------------
-------------------------
time: January 6, 2022, 9:28 pm
message: Contact Role data fetched.
-------------------------
-------------------------
time: January 6, 2022, 9:57 pm
message: Contact Role data fetched.
-------------------------
-------------------------
time: January 6, 2022, 10:33 pm
message: Contact Role data fetched.
-------------------------
-------------------------
time: January 6, 2022, 10:58 pm
message: Contact Role data fetched.
-------------------------
-------------------------
time: January 6, 2022, 11:53 pm
message: GET method not allowed
-------------------------
-------------------------
time: January 6, 2022, 11:53 pm
message: GET method not allowed
-------------------------
-------------------------
time: January 6, 2022, 11:58 pm
message: Contact Role data fetched.
-------------------------
