-------------------------
time: December 22, 2021, 12:00 am
message: GET method not allowed
-------------------------
-------------------------
time: December 22, 2021, 12:01 am
message: GET method not allowed
-------------------------
-------------------------
time: December 22, 2021, 12:02 am
message: Contact Role data fetched.
-------------------------
-------------------------
time: December 22, 2021, 12:02 am
message: Contact Role data fetched.
-------------------------
-------------------------
time: December 22, 2021, 12:02 am
message: GET method not allowed
-------------------------
-------------------------
time: December 22, 2021, 12:02 am
message: Contact Role data fetched.
-------------------------
-------------------------
time: December 22, 2021, 12:03 am
message: Contact Role data fetched.
-------------------------
-------------------------
time: December 22, 2021, 12:03 am
message: Contact Role data fetched.
-------------------------
-------------------------
time: December 22, 2021, 12:07 am
message: GET method not allowed
-------------------------
-------------------------
time: December 22, 2021, 12:09 am
message: GET method not allowed.
-------------------------
-------------------------
time: December 22, 2021, 12:09 am
message: Contact Role data fetched.
-------------------------
-------------------------
time: December 22, 2021, 12:10 am
message: Contact Role data fetched.
-------------------------
-------------------------
time: December 22, 2021, 12:11 am
message: GET method not allowed
-------------------------
-------------------------
time: December 22, 2021, 12:12 am
message: before foreach: 100, event
-------------------------
-------------------------
time: December 22, 2021, 12:12 am
message: Contact Role data fetched.
-------------------------
-------------------------
time: December 22, 2021, 12:14 am
message: GET method not allowed.
-------------------------
-------------------------
time: December 22, 2021, 12:19 am
message: GET method not allowed.
-------------------------
-------------------------
time: December 22, 2021, 12:19 am
message: GET method not allowed.
-------------------------
-------------------------
time: December 22, 2021, 12:19 am
message: Contact Role data fetched.
-------------------------
-------------------------
time: December 22, 2021, 12:20 am
message: Error 8 occured on line 75 in file C:\inetpub\wwwroot\trbs_2021\services\api\common\APIUtil.php: Undefined property: stdClass::$visible.
-------------------------
-------------------------
time: December 22, 2021, 12:20 am
message: Contact Role data fetched.
-------------------------
-------------------------
time: December 22, 2021, 12:20 am
message: Contact Role data fetched.
-------------------------
-------------------------
time: December 22, 2021, 12:20 am
message: Contact Role data fetched.
-------------------------
-------------------------
time: December 22, 2021, 12:21 am
message: Contact Role data fetched.
-------------------------
-------------------------
time: December 22, 2021, 12:21 am
message: Contact Role data fetched.
-------------------------
-------------------------
time: December 22, 2021, 12:21 am
message: Contact Role data fetched.
-------------------------
-------------------------
time: December 22, 2021, 12:22 am
message: before foreach: 45, workshop
-------------------------
-------------------------
time: December 22, 2021, 12:22 am
message: Contact Role data fetched.
-------------------------
-------------------------
time: December 22, 2021, 12:22 am
message: Contact Role data fetched.
-------------------------
-------------------------
time: December 22, 2021, 12:22 am
message: Contact Role data fetched.
-------------------------
-------------------------
time: December 22, 2021, 12:23 am
message: GET method not allowed.
-------------------------
-------------------------
time: December 22, 2021, 12:24 am
message: GET method not allowed
-------------------------
-------------------------
time: December 22, 2021, 12:26 am
message: SQLSTATE[42S22]: Column not found: 1054 Unknown column 'visible' in 'field list'
-------------------------
-------------------------
time: December 22, 2021, 12:26 am
message: SQLSTATE[42S22]: Column not found: 1054 Unknown column 'visible' in 'field list'
-------------------------
-------------------------
time: December 22, 2021, 12:29 am
message: GET method not allowed.
-------------------------
-------------------------
time: December 22, 2021, 12:29 am
message: Contact Role data fetched.
-------------------------
-------------------------
time: December 22, 2021, 12:30 am
message: GET method not allowed
-------------------------
-------------------------
time: December 22, 2021, 12:30 am
message: SQLSTATE[42000]: Syntax error or access violation: 1064 You have an error in your SQL syntax; check the manual that corresponds to your MySQL server version for the right syntax to use near 'e.visible = 1  ORDER BY  e.view_order ASC' at line 1
-------------------------
-------------------------
time: December 22, 2021, 12:30 am
message: SQLSTATE[42000]: Syntax error or access violation: 1064 You have an error in your SQL syntax; check the manual that corresponds to your MySQL server version for the right syntax to use near 'e.visible = 1  ORDER BY  e.view_order ASC' at line 1
-------------------------
-------------------------
time: December 22, 2021, 12:32 am
message: SQLSTATE[42000]: Syntax error or access violation: 1064 You have an error in your SQL syntax; check the manual that corresponds to your MySQL server version for the right syntax to use near 'e.visible = 1  ORDER BY  e.view_order ASC' at line 1
-------------------------
-------------------------
time: December 22, 2021, 12:32 am
message: SQLSTATE[42000]: Syntax error or access violation: 1064 You have an error in your SQL syntax; check the manual that corresponds to your MySQL server version for the right syntax to use near 'e.visible = 1  ORDER BY  e.view_order ASC' at line 1
-------------------------
-------------------------
time: December 22, 2021, 12:33 am
message: GET method not allowed.
-------------------------
-------------------------
time: December 22, 2021, 12:33 am
message: Contact Role data fetched.
-------------------------
-------------------------
time: December 22, 2021, 12:35 am
message: before foreach: 11, informal_event
-------------------------
-------------------------
time: December 22, 2021, 12:35 am
message: Contact Role data fetched.
-------------------------
-------------------------
time: December 22, 2021, 12:36 am
message: GET method not allowed.
-------------------------
-------------------------
time: December 22, 2021, 12:36 am
message: Contact Role data fetched.
-------------------------
-------------------------
time: December 22, 2021, 12:36 am
message: Contact Role data fetched.
-------------------------
-------------------------
time: December 22, 2021, 12:39 am
message: GET method not allowed.
-------------------------
-------------------------
time: December 22, 2021, 12:39 am
message: GET method not allowed
-------------------------
-------------------------
time: December 22, 2021, 12:43 am
message: Contact Role data fetched.
-------------------------
-------------------------
time: December 22, 2021, 12:44 am
message: GET method not allowed.
-------------------------
-------------------------
time: December 22, 2021, 12:44 am
message: Contact Role data fetched.
-------------------------
-------------------------
time: December 22, 2021, 12:44 am
message: Contact Role data fetched.
-------------------------
-------------------------
time: December 22, 2021, 12:44 am
message: before foreach: 29, speaker
-------------------------
-------------------------
time: December 22, 2021, 12:45 am
message: Contact Role data fetched.
-------------------------
-------------------------
time: December 22, 2021, 12:45 am
message: Contact Role data fetched.
-------------------------
-------------------------
time: December 22, 2021, 12:45 am
message: Contact Role data fetched.
-------------------------
-------------------------
time: December 22, 2021, 12:50 am
message: Error 8 occured on line 182 in file C:\inetpub\wwwroot\trbs_2021\services\models\Common\QueryUtils.php: Undefined index: visible.
-------------------------
-------------------------
time: December 22, 2021, 12:50 am
message: Contact Role data fetched.
-------------------------
-------------------------
time: December 22, 2021, 12:51 am
message: Contact Role data fetched.
-------------------------
-------------------------
time: December 22, 2021, 12:51 am
message: GET method not allowed.
-------------------------
-------------------------
time: December 22, 2021, 12:52 am
message: Contact Role data fetched.
-------------------------
-------------------------
time: December 22, 2021, 12:53 am
message: Contact Role data fetched.
-------------------------
-------------------------
time: December 22, 2021, 12:53 am
message: GET method not allowed.
-------------------------
-------------------------
time: December 22, 2021, 12:53 am
message: GET method not allowed.
-------------------------
-------------------------
time: December 22, 2021, 12:53 am
message: Contact Role data fetched.
-------------------------
-------------------------
time: December 22, 2021, 12:53 am
message: before foreach: 12, connexion
-------------------------
-------------------------
time: December 22, 2021, 12:53 am
message: Contact Role data fetched.
-------------------------
-------------------------
time: December 22, 2021, 12:54 am
message: GET method not allowed
-------------------------
-------------------------
time: December 22, 2021, 12:56 am
message: Contact Role data fetched.
-------------------------
-------------------------
time: December 22, 2021, 12:56 am
message: Contact Role data fetched.
-------------------------
-------------------------
time: December 22, 2021, 12:56 am
message: GET method not allowed
-------------------------
-------------------------
time: December 22, 2021, 12:59 am
message: GET method not allowed.
-------------------------
-------------------------
time: December 22, 2021, 12:59 am
message: Contact Role data fetched.
-------------------------
-------------------------
time: December 22, 2021, 1:01 am
message: GET method not allowed.
-------------------------
-------------------------
time: December 22, 2021, 1:01 am
message: Contact Role data fetched.
-------------------------
-------------------------
time: December 22, 2021, 1:01 am
message: GET method not allowed.
-------------------------
-------------------------
time: December 22, 2021, 1:02 am
message: GET method not allowed
-------------------------
-------------------------
time: December 22, 2021, 1:03 am
message: Contact Role data fetched.
-------------------------
-------------------------
time: December 22, 2021, 1:05 am
message: Contact Role data fetched.
-------------------------
-------------------------
time: December 22, 2021, 1:05 am
message: Contact Role data fetched.
-------------------------
-------------------------
time: December 22, 2021, 1:05 am
message: Contact Role data fetched.
-------------------------
-------------------------
time: December 22, 2021, 1:05 am
message: Contact Role data fetched.
-------------------------
-------------------------
time: December 22, 2021, 1:05 am
message: Contact Role data fetched.
-------------------------
-------------------------
time: December 22, 2021, 1:06 am
message: Contact Role data fetched.
-------------------------
-------------------------
time: December 22, 2021, 1:06 am
message: Contact Role data fetched.
-------------------------
-------------------------
time: December 22, 2021, 1:06 am
message: Contact Role data fetched.
-------------------------
-------------------------
time: December 22, 2021, 1:06 am
message: Contact Role data fetched.
-------------------------
-------------------------
time: December 22, 2021, 1:06 am
message: Contact Role data fetched.
-------------------------
-------------------------
time: December 22, 2021, 1:08 am
message: Contact Role data fetched.
-------------------------
-------------------------
time: December 22, 2021, 1:08 am
message: Leaderboard data fetched.
-------------------------
-------------------------
time: December 22, 2021, 1:08 am
message: Expired token
-------------------------
-------------------------
time: December 22, 2021, 1:08 am
message: Contact Role data fetched.
-------------------------
-------------------------
time: December 22, 2021, 1:09 am
message: Expired token
-------------------------
-------------------------
time: December 22, 2021, 1:09 am
message: Contact Role data fetched.
-------------------------
-------------------------
time: December 22, 2021, 1:09 am
message: Expired token
-------------------------
-------------------------
time: December 22, 2021, 1:09 am
message: Expired token
-------------------------
-------------------------
time: December 22, 2021, 1:09 am
message: Expired token
-------------------------
-------------------------
time: December 22, 2021, 1:09 am
message: Expired token
-------------------------
-------------------------
time: December 22, 2021, 1:10 am
message: Contact Role data fetched.
-------------------------
-------------------------
time: December 22, 2021, 1:10 am
message: Contact Role data fetched.
-------------------------
-------------------------
time: December 22, 2021, 1:12 am
message: Contact Role data fetched.
-------------------------
-------------------------
time: December 22, 2021, 1:12 am
message: GET method not allowed.
-------------------------
-------------------------
time: December 22, 2021, 1:12 am
message: GET method not allowed.
-------------------------
-------------------------
time: December 22, 2021, 1:12 am
message: Contact Role data fetched.
-------------------------
-------------------------
time: December 22, 2021, 1:12 am
message: Contact Role data fetched.
-------------------------
-------------------------
time: December 22, 2021, 1:13 am
message: Contact Role data fetched.
-------------------------
-------------------------
time: December 22, 2021, 1:13 am
message: Leaderboard data fetched.
-------------------------
-------------------------
time: December 22, 2021, 1:14 am
message: Leaderboard data fetched.
-------------------------
-------------------------
time: December 22, 2021, 1:15 am
message: Coupon data fetched.
-------------------------
-------------------------
time: December 22, 2021, 1:15 am
message: Contact Role data fetched.
-------------------------
-------------------------
time: December 22, 2021, 1:15 am
message: GET method not allowed
-------------------------
-------------------------
time: December 22, 2021, 1:15 am
message: Contact Role data fetched.
-------------------------
-------------------------
time: December 22, 2021, 1:16 am
message: Contact Role data fetched.
-------------------------
-------------------------
time: December 22, 2021, 1:16 am
message: Contact Role data fetched.
-------------------------
-------------------------
time: December 22, 2021, 1:17 am
message: GET method not allowed
-------------------------
-------------------------
time: December 22, 2021, 1:18 am
message: Coupon data fetched.
-------------------------
-------------------------
time: December 22, 2021, 1:18 am
message: Contact Role data fetched.
-------------------------
-------------------------
time: December 22, 2021, 1:18 am
message: GET method not allowed
-------------------------
-------------------------
time: December 22, 2021, 1:18 am
message: Contact Role data fetched.
-------------------------
-------------------------
time: December 22, 2021, 1:18 am
message: GET method not allowed
-------------------------
-------------------------
time: December 22, 2021, 1:19 am
message: Contact Role data fetched.
-------------------------
-------------------------
time: December 22, 2021, 1:20 am
message: Contact Role data fetched.
-------------------------
-------------------------
time: December 22, 2021, 1:21 am
message: Contact Role data fetched.
-------------------------
-------------------------
time: December 22, 2021, 1:22 am
message: GET method not allowed
-------------------------
-------------------------
time: December 22, 2021, 1:22 am
message: Contact Role data fetched.
-------------------------
-------------------------
time: December 22, 2021, 1:22 am
message: Contact Role data fetched.
-------------------------
-------------------------
time: December 22, 2021, 1:22 am
message: Contact Role data fetched.
-------------------------
-------------------------
time: December 22, 2021, 1:22 am
message: GET method not allowed
-------------------------
-------------------------
time: December 22, 2021, 1:26 am
message: GET method not allowed.
-------------------------
-------------------------
time: December 22, 2021, 1:27 am
message: Contact Role data fetched.
-------------------------
-------------------------
time: December 22, 2021, 1:27 am
message: Contact Role data fetched.
-------------------------
-------------------------
time: December 22, 2021, 1:28 am
message: Contact Role data fetched.
-------------------------
-------------------------
time: December 22, 2021, 1:28 am
message: GET method not allowed.
-------------------------
-------------------------
time: December 22, 2021, 1:28 am
message: Contact Role data fetched.
-------------------------
-------------------------
time: December 22, 2021, 1:29 am
message: Contact Role data fetched.
-------------------------
-------------------------
time: December 22, 2021, 1:29 am
message: Contact Role data fetched.
-------------------------
-------------------------
time: December 22, 2021, 1:30 am
message: Contact Role data fetched.
-------------------------
-------------------------
time: December 22, 2021, 1:30 am
message: Contact Role data fetched.
-------------------------
-------------------------
time: December 22, 2021, 1:30 am
message: Contact Role data fetched.
-------------------------
-------------------------
time: December 22, 2021, 1:30 am
message: Contact Role data fetched.
-------------------------
-------------------------
time: December 22, 2021, 1:30 am
message: Contact Role data fetched.
-------------------------
-------------------------
time: December 22, 2021, 1:30 am
message: Contact Role data fetched.
-------------------------
-------------------------
time: December 22, 2021, 1:30 am
message: Contact Role data fetched.
-------------------------
-------------------------
time: December 22, 2021, 1:32 am
message: Contact Role data fetched.
-------------------------
-------------------------
time: December 22, 2021, 1:32 am
message: Error 8 occured on line 35 in file C:\inetpub\wwwroot\trbs_2021\services\api\contact-person\read_single.php: Undefined property: ContactPerson::$visibe.
-------------------------
-------------------------
time: December 22, 2021, 1:32 am
message: Contact Role data fetched.
-------------------------
-------------------------
time: December 22, 2021, 1:32 am
message: Contact Role data fetched.
-------------------------
-------------------------
time: December 22, 2021, 1:32 am
message: Contact Role data fetched.
-------------------------
-------------------------
time: December 22, 2021, 1:35 am
message: Contact Role data fetched.
-------------------------
-------------------------
time: December 22, 2021, 1:35 am
message: Contact Role data fetched.
-------------------------
-------------------------
time: December 22, 2021, 1:36 am
message: Contact Role data fetched.
-------------------------
-------------------------
time: December 22, 2021, 1:36 am
message: Contact Role data fetched.
-------------------------
-------------------------
time: December 22, 2021, 1:38 am
message: Contact Role data fetched.
-------------------------
-------------------------
time: December 22, 2021, 1:38 am
message: Contact Role data fetched.
-------------------------
-------------------------
time: December 22, 2021, 1:39 am
message: Contact Role data fetched.
-------------------------
-------------------------
time: December 22, 2021, 1:39 am
message: Contact Role data fetched.
-------------------------
-------------------------
time: December 22, 2021, 1:39 am
message: Contact Role data fetched.
-------------------------
-------------------------
time: December 22, 2021, 1:39 am
message: Contact Role data fetched.
-------------------------
-------------------------
time: December 22, 2021, 1:39 am
message: Contact Role data fetched.
-------------------------
-------------------------
time: December 22, 2021, 1:39 am
message: Contact Role data fetched.
-------------------------
-------------------------
time: December 22, 2021, 1:39 am
message: Contact Role data fetched.
-------------------------
-------------------------
time: December 22, 2021, 1:41 am
message: Contact Role data fetched.
-------------------------
-------------------------
time: December 22, 2021, 1:41 am
message: Contact Role data fetched.
-------------------------
-------------------------
time: December 22, 2021, 1:41 am
message: Contact Role data fetched.
-------------------------
-------------------------
time: December 22, 2021, 1:41 am
message: Contact Role data fetched.
-------------------------
-------------------------
time: December 22, 2021, 1:41 am
message: Contact Role data fetched.
-------------------------
-------------------------
time: December 22, 2021, 1:41 am
message: Contact Role data fetched.
-------------------------
-------------------------
time: December 22, 2021, 1:42 am
message: GET method not allowed.
-------------------------
-------------------------
time: December 22, 2021, 1:42 am
message: Contact Role data fetched.
-------------------------
-------------------------
time: December 22, 2021, 1:42 am
message: Contact Role data fetched.
-------------------------
-------------------------
time: December 22, 2021, 1:42 am
message: Coupon data fetched.
-------------------------
-------------------------
time: December 22, 2021, 1:45 am
message: GET method not allowed
-------------------------
-------------------------
time: December 22, 2021, 2:00 am
message: GET method not allowed
-------------------------
-------------------------
time: December 22, 2021, 11:22 am
message: Leaderboard data fetched.
-------------------------
-------------------------
time: December 22, 2021, 3:07 pm
message: Leaderboard data fetched.
-------------------------
-------------------------
time: December 22, 2021, 10:32 pm
message: Contact Role data fetched.
-------------------------
-------------------------
time: December 22, 2021, 10:33 pm
message: Coupon data fetched.
-------------------------
-------------------------
time: December 22, 2021, 10:33 pm
message: Expired token
-------------------------
-------------------------
time: December 22, 2021, 10:33 pm
message: Contact Role data fetched.
-------------------------
-------------------------
time: December 22, 2021, 10:34 pm
message: GET method not allowed
-------------------------
-------------------------
time: December 22, 2021, 10:34 pm
message: GET method not allowed
-------------------------
-------------------------
time: December 22, 2021, 10:34 pm
message: GET method not allowed
-------------------------
-------------------------
time: December 22, 2021, 10:40 pm
message: GET method not allowed.
-------------------------
-------------------------
time: December 22, 2021, 10:42 pm
message: GET method not allowed
-------------------------
-------------------------
time: December 22, 2021, 10:43 pm
message: GET method not allowed.
-------------------------
-------------------------
time: December 22, 2021, 10:44 pm
message: GET method not allowed
-------------------------
-------------------------
time: December 22, 2021, 10:44 pm
message: Coupon data fetched.
-------------------------
-------------------------
time: December 22, 2021, 10:46 pm
message: GET method not allowed
-------------------------
-------------------------
time: December 22, 2021, 10:46 pm
message: GET method not allowed
-------------------------
-------------------------
time: December 22, 2021, 10:47 pm
message: Coupon data fetched.
-------------------------
-------------------------
time: December 22, 2021, 10:47 pm
message: GET method not allowed.
-------------------------
-------------------------
time: December 22, 2021, 10:49 pm
message: Coupon data fetched.
-------------------------
-------------------------
time: December 22, 2021, 10:49 pm
message: Coupon data fetched.
-------------------------
-------------------------
time: December 22, 2021, 10:49 pm
message: GET method not allowed.
-------------------------
-------------------------
time: December 22, 2021, 10:50 pm
message: Coupon data fetched.
-------------------------
-------------------------
time: December 22, 2021, 10:50 pm
message: Coupon data fetched.
-------------------------
-------------------------
time: December 22, 2021, 10:50 pm
message: Coupon data fetched.
-------------------------
-------------------------
time: December 22, 2021, 10:51 pm
message: Coupon data fetched.
-------------------------
-------------------------
time: December 22, 2021, 10:52 pm
message: Coupon data fetched.
-------------------------
-------------------------
time: December 22, 2021, 10:52 pm
message: Coupon data fetched.
-------------------------
-------------------------
time: December 22, 2021, 10:54 pm
message: Coupon data fetched.
-------------------------
-------------------------
time: December 22, 2021, 10:54 pm
message: Coupon data fetched.
-------------------------
-------------------------
time: December 22, 2021, 10:54 pm
message: Coupon data fetched.
-------------------------
-------------------------
time: December 22, 2021, 10:54 pm
message: Coupon data fetched.
-------------------------
-------------------------
time: December 22, 2021, 10:58 pm
message: Contact Role data fetched.
-------------------------
-------------------------
time: December 22, 2021, 10:58 pm
message: GET method not allowed.
-------------------------
-------------------------
time: December 22, 2021, 11:03 pm
message: GET method not allowed.
-------------------------
-------------------------
time: December 22, 2021, 11:05 pm
message: GET method not allowed
-------------------------
-------------------------
time: December 22, 2021, 11:07 pm
message: GET method not allowed.
-------------------------
-------------------------
time: December 22, 2021, 11:07 pm
message: GET method not allowed
-------------------------
-------------------------
time: December 22, 2021, 11:30 pm
message: GET method not allowed.
-------------------------
-------------------------
time: December 22, 2021, 11:56 pm
message: GET method not allowed.
-------------------------
