-------------------------
time: December 19, 2021, 12:29 am
message: Contact Role data fetched.
-------------------------
-------------------------
time: December 19, 2021, 12:29 am
message: Username/Password not valid.
-------------------------
-------------------------
time: December 19, 2021, 12:29 am
message: Username/Password not valid.
-------------------------
-------------------------
time: December 19, 2021, 12:29 am
message: Username/Password not valid.
-------------------------
-------------------------
time: December 19, 2021, 12:31 am
message: GET method not allowed
-------------------------
-------------------------
time: December 19, 2021, 12:31 am
message: GET method not allowed.
-------------------------
-------------------------
time: December 19, 2021, 12:31 am
message: GET method not allowed.
-------------------------
-------------------------
time: December 19, 2021, 12:32 am
message: GET method not allowed
-------------------------
-------------------------
time: December 19, 2021, 12:32 am
message: GET method not allowed.
-------------------------
-------------------------
time: December 19, 2021, 12:51 am
message: Contact Role data fetched.
-------------------------
-------------------------
time: December 19, 2021, 12:54 am
message: GET method not allowed
-------------------------
-------------------------
time: December 19, 2021, 12:54 am
message: GET method not allowed
-------------------------
-------------------------
time: December 19, 2021, 12:55 am
message: GET method not allowed
-------------------------
-------------------------
time: December 19, 2021, 12:56 am
message: Contact Role data fetched.
-------------------------
-------------------------
time: December 19, 2021, 1:01 am
message: Contact Role data fetched.
-------------------------
-------------------------
time: December 19, 2021, 1:17 am
message: Contact Role data fetched.
-------------------------
-------------------------
time: December 19, 2021, 1:18 am
message: Contact Role data fetched.
-------------------------
-------------------------
time: December 19, 2021, 1:20 am
message: Contact Role data fetched.
-------------------------
-------------------------
time: December 19, 2021, 1:21 am
message: Contact Role data fetched.
-------------------------
-------------------------
time: December 19, 2021, 1:22 am
message: Contact Role data fetched.
-------------------------
-------------------------
time: December 19, 2021, 1:23 am
message: Contact Role data fetched.
-------------------------
-------------------------
time: December 19, 2021, 1:25 am
message: Contact Role data fetched.
-------------------------
-------------------------
time: December 19, 2021, 1:34 am
message: GET method not allowed
-------------------------
-------------------------
time: December 19, 2021, 1:37 am
message: Contact Role data fetched.
-------------------------
-------------------------
time: December 19, 2021, 1:40 am
message: GET method not allowed.
-------------------------
-------------------------
time: December 19, 2021, 1:40 am
message: Contact Role data fetched.
-------------------------
-------------------------
time: December 19, 2021, 1:40 am
message: Contact Role data fetched.
-------------------------
-------------------------
time: December 19, 2021, 1:42 am
message: Contact Role data fetched.
-------------------------
-------------------------
time: December 19, 2021, 1:46 am
message: GET method not allowed
-------------------------
-------------------------
time: December 19, 2021, 1:47 am
message: GET method not allowed
-------------------------
-------------------------
time: December 19, 2021, 1:48 am
message: Contact Role data fetched.
-------------------------
-------------------------
time: December 19, 2021, 1:52 am
message: Contact Role data fetched.
-------------------------
-------------------------
time: December 19, 2021, 1:54 am
message: Contact Role data fetched.
-------------------------
-------------------------
time: December 19, 2021, 1:56 am
message: Contact Role data fetched.
-------------------------
-------------------------
time: December 19, 2021, 1:59 am
message: Contact Role data fetched.
-------------------------
-------------------------
time: December 19, 2021, 2:00 am
message: GET method not allowed
-------------------------
-------------------------
time: December 19, 2021, 2:06 am
message: Contact Role data fetched.
-------------------------
-------------------------
time: December 19, 2021, 2:14 am
message: GET method not allowed
-------------------------
-------------------------
time: December 19, 2021, 2:15 am
message: GET method not allowed
-------------------------
-------------------------
time: December 19, 2021, 2:15 am
message: GET method not allowed
-------------------------
-------------------------
time: December 19, 2021, 2:17 am
message: Contact Role data fetched.
-------------------------
-------------------------
time: December 19, 2021, 2:20 am
message: GET method not allowed
-------------------------
-------------------------
time: December 19, 2021, 2:26 am
message: Contact Role data fetched.
-------------------------
-------------------------
time: December 19, 2021, 2:30 am
message: GET method not allowed
-------------------------
-------------------------
time: December 19, 2021, 2:30 am
message: Expired token
-------------------------
-------------------------
time: December 19, 2021, 2:30 am
message: Contact Role data fetched.
-------------------------
-------------------------
time: December 19, 2021, 2:32 am
message: GET method not allowed
-------------------------
-------------------------
time: December 19, 2021, 2:32 am
message: GET method not allowed
-------------------------
-------------------------
time: December 19, 2021, 2:33 am
message: Contact Role data fetched.
-------------------------
-------------------------
time: December 19, 2021, 2:34 am
message: GET method not allowed.
-------------------------
-------------------------
time: December 19, 2021, 2:34 am
message: GET method not allowed
-------------------------
-------------------------
time: December 19, 2021, 2:34 am
message: GET method not allowed.
-------------------------
-------------------------
time: December 19, 2021, 2:38 am
message: Contact Role data fetched.
-------------------------
-------------------------
time: December 19, 2021, 2:38 am
message: Contact Role data fetched.
-------------------------
-------------------------
time: December 19, 2021, 2:39 am
message: Contact Role data fetched.
-------------------------
-------------------------
time: December 19, 2021, 2:41 am
message: Contact Role data fetched.
-------------------------
-------------------------
time: December 19, 2021, 2:44 am
message: GET method not allowed.
-------------------------
-------------------------
time: December 19, 2021, 2:45 am
message: Contact Role data fetched.
-------------------------
-------------------------
time: December 19, 2021, 2:49 am
message: GET method not allowed
-------------------------
-------------------------
time: December 19, 2021, 3:40 am
message: GET method not allowed
-------------------------
-------------------------
time: December 19, 2021, 2:58 pm
message: Contact Role data fetched.
-------------------------
-------------------------
time: December 19, 2021, 2:59 pm
message: GET method not allowed
-------------------------
-------------------------
time: December 19, 2021, 3:00 pm
message: GET method not allowed
-------------------------
-------------------------
time: December 19, 2021, 3:01 pm
message: GET method not allowed
-------------------------
-------------------------
time: December 19, 2021, 3:01 pm
message: GET method not allowed
-------------------------
-------------------------
time: December 19, 2021, 3:02 pm
message: GET method not allowed
-------------------------
-------------------------
time: December 19, 2021, 3:04 pm
message: Contact Role data fetched.
-------------------------
-------------------------
time: December 19, 2021, 3:09 pm
message: Contact Role data fetched.
-------------------------
-------------------------
time: December 19, 2021, 3:09 pm
message: GET method not allowed
-------------------------
-------------------------
time: December 19, 2021, 3:12 pm
message: GET method not allowed
-------------------------
-------------------------
time: December 19, 2021, 3:12 pm
message: GET method not allowed
-------------------------
-------------------------
time: December 19, 2021, 3:16 pm
message: GET method not allowed
-------------------------
-------------------------
time: December 19, 2021, 3:21 pm
message: Contact Role data fetched.
-------------------------
-------------------------
time: December 19, 2021, 3:22 pm
message: Contact Role data fetched.
-------------------------
-------------------------
time: December 19, 2021, 3:24 pm
message: Contact Role data fetched.
-------------------------
-------------------------
time: December 19, 2021, 3:27 pm
message: Leaderboard data fetched.
-------------------------
-------------------------
time: December 19, 2021, 3:27 pm
message: Leaderboard data fetched.
-------------------------
-------------------------
time: December 19, 2021, 3:27 pm
message: Leaderboard data fetched.
-------------------------
-------------------------
time: December 19, 2021, 3:28 pm
message: Leaderboard data fetched.
-------------------------
-------------------------
time: December 19, 2021, 3:29 pm
message: GET method not allowed
-------------------------
-------------------------
time: December 19, 2021, 3:29 pm
message: Leaderboard data fetched.
-------------------------
-------------------------
time: December 19, 2021, 3:29 pm
message: Leaderboard data fetched.
-------------------------
-------------------------
time: December 19, 2021, 3:29 pm
message: Contact Role data fetched.
-------------------------
-------------------------
time: December 19, 2021, 3:29 pm
message: Leaderboard data fetched.
-------------------------
-------------------------
time: December 19, 2021, 3:30 pm
message: GET method not allowed
-------------------------
-------------------------
time: December 19, 2021, 3:46 pm
message: Contact Role data fetched.
-------------------------
-------------------------
time: December 19, 2021, 3:53 pm
message: Leaderboard data fetched.
-------------------------
-------------------------
time: December 19, 2021, 3:58 pm
message: Leaderboard data fetched.
-------------------------
-------------------------
time: December 19, 2021, 3:59 pm
message: Contact Role data fetched.
-------------------------
-------------------------
time: December 19, 2021, 3:59 pm
message: Contact Role data fetched.
-------------------------
-------------------------
time: December 19, 2021, 3:59 pm
message: GET method not allowed
-------------------------
-------------------------
time: December 19, 2021, 4:00 pm
message: GET method not allowed
-------------------------
-------------------------
time: December 19, 2021, 4:00 pm
message: GET method not allowed
-------------------------
-------------------------
time: December 19, 2021, 4:00 pm
message: GET method not allowed
-------------------------
-------------------------
time: December 19, 2021, 4:01 pm
message: GET method not allowed
-------------------------
-------------------------
time: December 19, 2021, 4:02 pm
message: GET method not allowed
-------------------------
-------------------------
time: December 19, 2021, 4:02 pm
message: GET method not allowed
-------------------------
-------------------------
time: December 19, 2021, 4:03 pm
message: Contact Role data fetched.
-------------------------
-------------------------
time: December 19, 2021, 4:06 pm
message: GET method not allowed.
-------------------------
-------------------------
time: December 19, 2021, 4:06 pm
message: GET method not allowed.
-------------------------
-------------------------
time: December 19, 2021, 4:07 pm
message: GET method not allowed.
-------------------------
-------------------------
time: December 19, 2021, 4:08 pm
message: Contact Role data fetched.
-------------------------
-------------------------
time: December 19, 2021, 4:08 pm
message: Contact Role data fetched.
-------------------------
-------------------------
time: December 19, 2021, 4:08 pm
message: Leaderboard data fetched.
-------------------------
-------------------------
time: December 19, 2021, 4:09 pm
message: Leaderboard data fetched.
-------------------------
-------------------------
time: December 19, 2021, 4:11 pm
message: GET method not allowed
-------------------------
-------------------------
time: December 19, 2021, 4:13 pm
message: Contact Role data fetched.
-------------------------
-------------------------
time: December 19, 2021, 4:13 pm
message: Leaderboard data fetched.
-------------------------
-------------------------
time: December 19, 2021, 4:15 pm
message: Leaderboard data fetched.
-------------------------
-------------------------
time: December 19, 2021, 4:15 pm
message: Leaderboard data fetched.
-------------------------
-------------------------
time: December 19, 2021, 4:15 pm
message: Leaderboard data fetched.
-------------------------
-------------------------
time: December 19, 2021, 4:17 pm
message: GET method not allowed
-------------------------
-------------------------
time: December 19, 2021, 4:18 pm
message: Leaderboard data fetched.
-------------------------
-------------------------
time: December 19, 2021, 4:18 pm
message: Leaderboard data fetched.
-------------------------
-------------------------
time: December 19, 2021, 4:19 pm
message: Leaderboard data fetched.
-------------------------
-------------------------
time: December 19, 2021, 4:21 pm
message: Contact Role data fetched.
-------------------------
-------------------------
time: December 19, 2021, 4:26 pm
message: GET method not allowed
-------------------------
-------------------------
time: December 19, 2021, 4:28 pm
message: Booking data fetched.
-------------------------
-------------------------
time: December 19, 2021, 4:29 pm
message: Contact Role data fetched.
-------------------------
-------------------------
time: December 19, 2021, 4:29 pm
message: Contact Role data fetched.
-------------------------
-------------------------
time: December 19, 2021, 4:29 pm
message: Contact Role data fetched.
-------------------------
-------------------------
time: December 19, 2021, 4:30 pm
message: GET method not allowed
-------------------------
-------------------------
time: December 19, 2021, 4:31 pm
message: GET method not allowed
-------------------------
-------------------------
time: December 19, 2021, 4:35 pm
message: Contact Role data fetched.
-------------------------
-------------------------
time: December 19, 2021, 4:37 pm
message: Booking data fetched.
-------------------------
-------------------------
time: December 19, 2021, 5:13 pm
message: GET method not allowed
-------------------------
-------------------------
time: December 19, 2021, 5:28 pm
message: GET method not allowed.
-------------------------
-------------------------
time: December 19, 2021, 5:30 pm
message: Leaderboard data fetched.
-------------------------
-------------------------
time: December 19, 2021, 5:31 pm
message: Booking data fetched.
-------------------------
-------------------------
time: December 19, 2021, 5:32 pm
message: GET method not allowed
-------------------------
-------------------------
time: December 19, 2021, 5:54 pm
message: Booking data fetched.
-------------------------
-------------------------
time: December 19, 2021, 5:54 pm
message: Contact Role data fetched.
-------------------------
-------------------------
time: December 19, 2021, 6:05 pm
message: Expired token
-------------------------
-------------------------
time: December 19, 2021, 6:05 pm
message: Expired token
-------------------------
-------------------------
time: December 19, 2021, 6:06 pm
message: Contact Role data fetched.
-------------------------
-------------------------
time: December 19, 2021, 6:06 pm
message: Booking data fetched.
-------------------------
-------------------------
time: December 19, 2021, 6:08 pm
message: Booking data fetched.
-------------------------
-------------------------
time: December 19, 2021, 6:08 pm
message: GET method not allowed.
-------------------------
-------------------------
time: December 19, 2021, 6:09 pm
message: Booking data fetched.
-------------------------
-------------------------
time: December 19, 2021, 6:09 pm
message: Contact Role data fetched.
-------------------------
-------------------------
time: December 19, 2021, 6:14 pm
message: Booking data fetched.
-------------------------
-------------------------
time: December 19, 2021, 6:14 pm
message: Contact Role data fetched.
-------------------------
-------------------------
time: December 19, 2021, 6:15 pm
message: GET method not allowed
-------------------------
-------------------------
time: December 19, 2021, 6:20 pm
message: Booking data fetched.
-------------------------
-------------------------
time: December 19, 2021, 6:22 pm
message: Contact Role data fetched.
-------------------------
-------------------------
time: December 19, 2021, 6:23 pm
message: GET method not allowed.
-------------------------
-------------------------
time: December 19, 2021, 6:23 pm
message: Contact Role data fetched.
-------------------------
-------------------------
time: December 19, 2021, 6:23 pm
message: Contact Role data fetched.
-------------------------
-------------------------
time: December 19, 2021, 6:23 pm
message: GET method not allowed
-------------------------
-------------------------
time: December 19, 2021, 6:24 pm
message: Contact Role data fetched.
-------------------------
-------------------------
time: December 19, 2021, 6:24 pm
message: Leaderboard data fetched.
-------------------------
-------------------------
time: December 19, 2021, 6:24 pm
message: GET method not allowed
-------------------------
-------------------------
time: December 19, 2021, 6:25 pm
message: Leaderboard data fetched.
-------------------------
-------------------------
time: December 19, 2021, 6:27 pm
message: GET method not allowed
-------------------------
-------------------------
time: December 19, 2021, 6:27 pm
message: Contact Role data fetched.
-------------------------
-------------------------
time: December 19, 2021, 6:28 pm
message: Contact Role data fetched.
-------------------------
-------------------------
time: December 19, 2021, 6:28 pm
message: Contact Role data fetched.
-------------------------
-------------------------
time: December 19, 2021, 6:41 pm
message: GET method not allowed
-------------------------
-------------------------
time: December 19, 2021, 6:45 pm
message: GET method not allowed
-------------------------
-------------------------
time: December 19, 2021, 6:49 pm
message: GET method not allowed
-------------------------
-------------------------
time: December 19, 2021, 7:06 pm
message: GET method not allowed
-------------------------
-------------------------
time: December 19, 2021, 7:10 pm
message: GET method not allowed.
-------------------------
-------------------------
time: December 19, 2021, 8:08 pm
message: Expired token
-------------------------
-------------------------
time: December 19, 2021, 8:08 pm
message: Contact Role data fetched.
-------------------------
-------------------------
time: December 19, 2021, 8:23 pm
message: GET method not allowed
-------------------------
-------------------------
time: December 19, 2021, 8:28 pm
message: Leaderboard data fetched.
-------------------------
-------------------------
time: December 19, 2021, 8:29 pm
message: Leaderboard data fetched.
-------------------------
-------------------------
time: December 19, 2021, 8:31 pm
message: GET method not allowed
-------------------------
-------------------------
time: December 19, 2021, 8:32 pm
message: Leaderboard data fetched.
-------------------------
-------------------------
time: December 19, 2021, 8:32 pm
message: GET method not allowed
-------------------------
-------------------------
time: December 19, 2021, 8:32 pm
message: Error 8 occured on line 18 in file C:\inetpub\wwwroot\trbs_2021\services\models\Common\QueryUtils.php: Trying to get property of non-object.
-------------------------
-------------------------
time: December 19, 2021, 8:33 pm
message: Leaderboard data fetched.
-------------------------
-------------------------
time: December 19, 2021, 8:35 pm
message: before foreach: 15, member
-------------------------
-------------------------
time: December 19, 2021, 8:37 pm
message: Member not found with id: 15
-------------------------
-------------------------
time: December 19, 2021, 8:38 pm
message: GET method not allowed.
-------------------------
-------------------------
time: December 19, 2021, 8:39 pm
message: GET method not allowed.
-------------------------
-------------------------
time: December 19, 2021, 8:40 pm
message: GET method not allowed.
-------------------------
-------------------------
time: December 19, 2021, 8:43 pm
message: GET method not allowed.
-------------------------
-------------------------
time: December 19, 2021, 8:44 pm
message: Leaderboard data fetched.
-------------------------
-------------------------
time: December 19, 2021, 8:49 pm
message: GET method not allowed
-------------------------
-------------------------
time: December 19, 2021, 8:56 pm
message: GET method not allowed
-------------------------
-------------------------
time: December 19, 2021, 9:37 pm
message: Contact Role data fetched.
-------------------------
-------------------------
time: December 19, 2021, 9:39 pm
message: GET method not allowed
-------------------------
-------------------------
time: December 19, 2021, 9:40 pm
message: Contact Role data fetched.
-------------------------
-------------------------
time: December 19, 2021, 9:40 pm
message: GET method not allowed
-------------------------
-------------------------
time: December 19, 2021, 9:40 pm
message: Contact Role data fetched.
-------------------------
-------------------------
time: December 19, 2021, 9:41 pm
message: GET method not allowed.
-------------------------
-------------------------
time: December 19, 2021, 9:42 pm
message: GET method not allowed.
-------------------------
-------------------------
time: December 19, 2021, 9:43 pm
message: Contact Role data fetched.
-------------------------
-------------------------
time: December 19, 2021, 9:43 pm
message: before foreach: 18, member
-------------------------
-------------------------
time: December 19, 2021, 9:43 pm
message: Image file to be deleted: C:\inetpub\wwwroot\trbs_2021\services\models/../uploads/39471-banner-4.jpg
-------------------------
-------------------------
time: December 19, 2021, 9:43 pm
message: Image file deleted: C:\inetpub\wwwroot\trbs_2021\services\models/../uploads/39471-banner-4.jpg
-------------------------
-------------------------
time: December 19, 2021, 9:43 pm
message: Contact Role data fetched.
-------------------------
-------------------------
time: December 19, 2021, 9:43 pm
message: before foreach: 17, member
-------------------------
-------------------------
time: December 19, 2021, 9:43 pm
message: Image file to be deleted: C:\inetpub\wwwroot\trbs_2021\services\models/../uploads/831365-iim logo.png
-------------------------
-------------------------
time: December 19, 2021, 9:43 pm
message: Image file does not exist with id: 274
-------------------------
-------------------------
time: December 19, 2021, 9:43 pm
message: Contact Role data fetched.
-------------------------
-------------------------
time: December 19, 2021, 9:45 pm
message: GET method not allowed.
-------------------------
-------------------------
time: December 19, 2021, 9:46 pm
message: before foreach: 16, member
-------------------------
-------------------------
time: December 19, 2021, 9:46 pm
message: Contact Role data fetched.
-------------------------
-------------------------
time: December 19, 2021, 9:49 pm
message: GET method not allowed
-------------------------
-------------------------
time: December 19, 2021, 9:49 pm
message: Contact Role data fetched.
-------------------------
-------------------------
time: December 19, 2021, 9:51 pm
message: Contact Role data fetched.
-------------------------
-------------------------
time: December 19, 2021, 9:51 pm
message: before foreach: 19, member
-------------------------
-------------------------
time: December 19, 2021, 9:51 pm
message: Image file to be deleted: C:\inetpub\wwwroot\trbs_2021\services\models/../uploads/635930-gauri sharda_coordinator.jpg
-------------------------
-------------------------
time: December 19, 2021, 9:51 pm
message: Image file does not exist with id: 276
-------------------------
-------------------------
time: December 19, 2021, 9:51 pm
message: Contact Role data fetched.
-------------------------
-------------------------
time: December 19, 2021, 9:52 pm
message: Contact Role data fetched.
-------------------------
-------------------------
time: December 19, 2021, 9:53 pm
message: Contact Role data fetched.
-------------------------
-------------------------
time: December 19, 2021, 9:54 pm
message: Contact Role data fetched.
-------------------------
-------------------------
time: December 19, 2021, 9:54 pm
message: Contact Role data fetched.
-------------------------
-------------------------
time: December 19, 2021, 10:12 pm
message: GET method not allowed.
-------------------------
-------------------------
time: December 19, 2021, 10:32 pm
message: Contact Role data fetched.
-------------------------
-------------------------
time: December 19, 2021, 10:34 pm
message: Contact Role data fetched.
-------------------------
-------------------------
time: December 19, 2021, 10:37 pm
message: Error 8 occured on line 18 in file C:\inetpub\wwwroot\trbs_2021\services\models\Common\QueryUtils.php: Trying to get property of non-object.
-------------------------
-------------------------
time: December 19, 2021, 10:38 pm
message: Expired token
-------------------------
-------------------------
time: December 19, 2021, 10:38 pm
message: Expired token
-------------------------
-------------------------
time: December 19, 2021, 10:38 pm
message: Contact Role data fetched.
-------------------------
-------------------------
time: December 19, 2021, 10:39 pm
message: Contact Role data fetched.
-------------------------
-------------------------
time: December 19, 2021, 10:40 pm
message: GET method not allowed
-------------------------
-------------------------
time: December 19, 2021, 10:41 pm
message: Contact Role data fetched.
-------------------------
-------------------------
time: December 19, 2021, 10:41 pm
message: GET method not allowed
-------------------------
-------------------------
time: December 19, 2021, 10:43 pm
message: Contact Role data fetched.
-------------------------
-------------------------
time: December 19, 2021, 10:43 pm
message: GET method not allowed.
-------------------------
-------------------------
time: December 19, 2021, 10:44 pm
message: Contact Role data fetched.
-------------------------
-------------------------
time: December 19, 2021, 10:44 pm
message: before foreach: 23, member
-------------------------
-------------------------
time: December 19, 2021, 10:44 pm
message: Image file to be deleted: C:\inetpub\wwwroot\trbs_2021\services\models/../uploads/455285-karthik anand_corpcomm.jpg
-------------------------
-------------------------
time: December 19, 2021, 10:44 pm
message: Image file does not exist with id: 280
-------------------------
-------------------------
time: December 19, 2021, 10:44 pm
message: Contact Role data fetched.
-------------------------
-------------------------
time: December 19, 2021, 10:45 pm
message: GET method not allowed.
-------------------------
-------------------------
time: December 19, 2021, 10:45 pm
message: Contact Role data fetched.
-------------------------
-------------------------
time: December 19, 2021, 10:45 pm
message: GET method not allowed.
-------------------------
-------------------------
time: December 19, 2021, 10:45 pm
message: GET method not allowed.
-------------------------
-------------------------
time: December 19, 2021, 10:46 pm
message: Contact Role data fetched.
-------------------------
-------------------------
time: December 19, 2021, 10:46 pm
message: Contact Role data fetched.
-------------------------
-------------------------
time: December 19, 2021, 10:47 pm
message: Contact Role data fetched.
-------------------------
-------------------------
time: December 19, 2021, 10:47 pm
message: Contact Role data fetched.
-------------------------
-------------------------
time: December 19, 2021, 10:48 pm
message: before foreach: 27, member
-------------------------
-------------------------
time: December 19, 2021, 10:48 pm
message: Image file to be deleted: C:\inetpub\wwwroot\trbs_2021\services\models/../uploads/895240-anushree naik_events.jpg
-------------------------
-------------------------
time: December 19, 2021, 10:48 pm
message: Image file does not exist with id: 284
-------------------------
-------------------------
time: December 19, 2021, 10:48 pm
message: Contact Role data fetched.
-------------------------
-------------------------
time: December 19, 2021, 10:49 pm
message: Contact Role data fetched.
-------------------------
-------------------------
time: December 19, 2021, 10:49 pm
message: Leaderboard data fetched.
-------------------------
-------------------------
time: December 19, 2021, 10:49 pm
message: Contact Role data fetched.
-------------------------
-------------------------
time: December 19, 2021, 10:50 pm
message: Contact Role data fetched.
-------------------------
-------------------------
time: December 19, 2021, 10:50 pm
message: Contact Role data fetched.
-------------------------
-------------------------
time: December 19, 2021, 10:51 pm
message: Contact Role data fetched.
-------------------------
-------------------------
time: December 19, 2021, 10:52 pm
message: Contact Role data fetched.
-------------------------
-------------------------
time: December 19, 2021, 10:52 pm
message: before foreach: 34, member
-------------------------
-------------------------
time: December 19, 2021, 10:52 pm
message: Image file to be deleted: C:\inetpub\wwwroot\trbs_2021\services\models/../uploads/358755-ritvick kapoor_hospitality.jpg
-------------------------
-------------------------
time: December 19, 2021, 10:52 pm
message: Image file does not exist with id: 291
-------------------------
-------------------------
time: December 19, 2021, 10:52 pm
message: Contact Role data fetched.
-------------------------
-------------------------
time: December 19, 2021, 10:53 pm
message: Contact Role data fetched.
-------------------------
-------------------------
time: December 19, 2021, 10:54 pm
message: Contact Role data fetched.
-------------------------
-------------------------
time: December 19, 2021, 10:54 pm
message: Contact Role data fetched.
-------------------------
-------------------------
time: December 19, 2021, 10:55 pm
message: Contact Role data fetched.
-------------------------
-------------------------
time: December 19, 2021, 10:56 pm
message: Contact Role data fetched.
-------------------------
-------------------------
time: December 19, 2021, 10:56 pm
message: Contact Role data fetched.
-------------------------
-------------------------
time: December 19, 2021, 10:57 pm
message: Contact Role data fetched.
-------------------------
-------------------------
time: December 19, 2021, 10:57 pm
message: Contact Role data fetched.
-------------------------
-------------------------
time: December 19, 2021, 10:58 pm
message: before foreach: 39, member
-------------------------
-------------------------
time: December 19, 2021, 10:58 pm
message: Image file to be deleted: C:\inetpub\wwwroot\trbs_2021\services\models/../uploads/450082-anushka_tamta_marketing _ pr.jpg
-------------------------
-------------------------
time: December 19, 2021, 10:58 pm
message: Image file does not exist with id: 296
-------------------------
-------------------------
time: December 19, 2021, 10:58 pm
message: Contact Role data fetched.
-------------------------
-------------------------
time: December 19, 2021, 10:58 pm
message: before foreach: 40, member
-------------------------
-------------------------
time: December 19, 2021, 10:58 pm
message: Image file to be deleted: C:\inetpub\wwwroot\trbs_2021\services\models/../uploads/313000-danny_hmar_marketing _ pr.jpg
-------------------------
-------------------------
time: December 19, 2021, 10:58 pm
message: Image file does not exist with id: 297
-------------------------
-------------------------
time: December 19, 2021, 10:58 pm
message: Contact Role data fetched.
-------------------------
-------------------------
time: December 19, 2021, 10:59 pm
message: Contact Role data fetched.
-------------------------
-------------------------
time: December 19, 2021, 11:00 pm
message: Contact Role data fetched.
-------------------------
-------------------------
time: December 19, 2021, 11:01 pm
message: Contact Role data fetched.
-------------------------
-------------------------
time: December 19, 2021, 11:01 pm
message: Contact Role data fetched.
-------------------------
-------------------------
time: December 19, 2021, 11:02 pm
message: Contact Role data fetched.
-------------------------
-------------------------
time: December 19, 2021, 11:03 pm
message: Contact Role data fetched.
-------------------------
-------------------------
time: December 19, 2021, 11:03 pm
message: Contact Role data fetched.
-------------------------
-------------------------
time: December 19, 2021, 11:12 pm
message: GET method not allowed.
-------------------------
-------------------------
time: December 19, 2021, 11:13 pm
message: GET method not allowed
-------------------------
-------------------------
time: December 19, 2021, 11:13 pm
message: GET method not allowed
-------------------------
-------------------------
time: December 19, 2021, 11:13 pm
message: GET method not allowed
-------------------------
-------------------------
time: December 19, 2021, 11:13 pm
message: GET method not allowed
-------------------------
-------------------------
time: December 19, 2021, 11:14 pm
message: GET method not allowed
-------------------------
-------------------------
time: December 19, 2021, 11:14 pm
message: GET method not allowed
-------------------------
-------------------------
time: December 19, 2021, 11:18 pm
message: Leaderboard data fetched.
-------------------------
-------------------------
time: December 19, 2021, 11:45 pm
message: Contact Role data fetched.
-------------------------
-------------------------
time: December 19, 2021, 11:46 pm
message: Contact Role data fetched.
-------------------------
-------------------------
time: December 19, 2021, 11:46 pm
message: before foreach: 50, member
-------------------------
-------------------------
time: December 19, 2021, 11:46 pm
message: Image file to be deleted: C:\inetpub\wwwroot\trbs_2021\services\models/../uploads/624215-banner-4.jpg
-------------------------
-------------------------
time: December 19, 2021, 11:46 pm
message: Image file deleted: C:\inetpub\wwwroot\trbs_2021\services\models/../uploads/624215-banner-4.jpg
-------------------------
-------------------------
time: December 19, 2021, 11:46 pm
message: before foreach: 51, member
-------------------------
-------------------------
time: December 19, 2021, 11:46 pm
message: Image file to be deleted: C:\inetpub\wwwroot\trbs_2021\services\models/../uploads/852576-banner-3.jpg
-------------------------
-------------------------
time: December 19, 2021, 11:46 pm
message: Image file deleted: C:\inetpub\wwwroot\trbs_2021\services\models/../uploads/852576-banner-3.jpg
-------------------------
-------------------------
time: December 19, 2021, 11:46 pm
message: Contact Role data fetched.
-------------------------
-------------------------
time: December 19, 2021, 11:53 pm
message: Leaderboard data fetched.
-------------------------
-------------------------
time: December 19, 2021, 11:54 pm
message: Leaderboard data fetched.
-------------------------
-------------------------
time: December 19, 2021, 11:54 pm
message: Leaderboard data fetched.
-------------------------
-------------------------
time: December 19, 2021, 11:54 pm
message: Leaderboard data fetched.
-------------------------
-------------------------
time: December 19, 2021, 11:54 pm
message: Leaderboard data fetched.
-------------------------
-------------------------
time: December 19, 2021, 11:55 pm
message: Coupon data fetched.
-------------------------
-------------------------
time: December 19, 2021, 11:56 pm
message: Contact Role data fetched.
-------------------------
-------------------------
time: December 19, 2021, 11:56 pm
message: Coupon data fetched.
-------------------------
-------------------------
time: December 19, 2021, 11:56 pm
message: Contact Role data fetched.
-------------------------
-------------------------
time: December 19, 2021, 11:56 pm
message: GET method not allowed.
-------------------------
-------------------------
time: December 19, 2021, 11:57 pm
message: GET method not allowed
-------------------------
-------------------------
time: December 19, 2021, 11:57 pm
message: Contact Role data fetched.
-------------------------
-------------------------
time: December 19, 2021, 11:57 pm
message: GET method not allowed
-------------------------
-------------------------
time: December 19, 2021, 11:57 pm
message: Contact Role data fetched.
-------------------------
-------------------------
time: December 19, 2021, 11:57 pm
message: Contact Role data fetched.
-------------------------
-------------------------
time: December 19, 2021, 11:57 pm
message: Contact Role data fetched.
-------------------------
-------------------------
time: December 19, 2021, 11:57 pm
message: Contact Role data fetched.
-------------------------
-------------------------
time: December 19, 2021, 11:57 pm
message: Contact Role data fetched.
-------------------------
-------------------------
time: December 19, 2021, 11:58 pm
message: Contact Role data fetched.
-------------------------
-------------------------
time: December 19, 2021, 11:58 pm
message: Contact Role data fetched.
-------------------------
