-------------------------
time: September 30, 2021, 1:57 am
message: Mail Exception: Could not read from smtp.gmail.com
-------------------------
-------------------------
time: September 30, 2021, 2:04 am
message: Mail Exception: 5.7.8 Username and Password not accepted. Learn more at
 5.7.8  https://support.google.com/mail/?p=BadCredentials h6sm2803207pji.6 - gsmtp

-------------------------
-------------------------
time: September 30, 2021, 2:07 am
message: Mail Exception: Could not read from 127.0.0.1
-------------------------
-------------------------
time: September 30, 2021, 2:18 am
message: Mail Exception: Could not read from 127.0.0.1
-------------------------
-------------------------
time: September 30, 2021, 2:27 am
message: Mail Exception: Could not read from localhost
-------------------------
-------------------------
time: September 30, 2021, 2:28 am
message: Mail Exception: Could not read from localhost
-------------------------
-------------------------
time: September 30, 2021, 2:29 am
message: Mail Exception: cannot connect to host; error = stream_socket_client(): unable to connect to tcp://smtp.127.0.0.1:25 (php_network_getaddresses: getaddrinfo failed: No such host is known. ) (errno = 0 )
-------------------------
-------------------------
time: September 30, 2021, 10:03 pm
message: Mail Exception: cannot connect to host; error = stream_socket_client(): unable to connect to ssl://smtp.gmail:465 (php_network_getaddresses: getaddrinfo failed: No such host is known. ) (errno = 0 )
-------------------------
-------------------------
time: September 30, 2021, 10:04 pm
message: Mail Exception: 5.7.8 Username and Password not accepted. Learn more at
 5.7.8  https://support.google.com/mail/?p=BadCredentials n66sm3700113pfn.142 - gsmtp

-------------------------
-------------------------
time: September 30, 2021, 10:09 pm
message: Mail Exception: Could not read from smtp.gmail.com
-------------------------
-------------------------
time: September 30, 2021, 11:31 pm
message: Error 8 occured on line 52 in file C:\inetpub\wwwroot\trbs_test\services\services\mail\LaminasMail.php: Undefined variable: body.
-------------------------
