-------------------------
time: October 16, 2021, 12:12 am
message: Leaderboard data fetched.
-------------------------
-------------------------
time: October 16, 2021, 12:17 am
message: GET method not allowed
-------------------------
-------------------------
time: October 16, 2021, 12:19 am
message: Leaderboard data fetched.
-------------------------
-------------------------
time: October 16, 2021, 1:23 am
message: Booking data fetched.
-------------------------
-------------------------
time: October 16, 2021, 1:23 am
message: Expired token
-------------------------
-------------------------
time: October 16, 2021, 1:44 am
message: Leaderboard data fetched.
-------------------------
-------------------------
time: October 16, 2021, 1:56 am
message: Leaderboard data fetched.
-------------------------
-------------------------
time: October 16, 2021, 1:59 am
message: Leaderboard data fetched.
-------------------------
-------------------------
time: October 16, 2021, 2:00 am
message: Leaderboard data fetched.
-------------------------
-------------------------
time: October 16, 2021, 3:19 am
message: Leaderboard data fetched.
-------------------------
-------------------------
time: October 16, 2021, 6:42 am
message: Leaderboard data fetched.
-------------------------
-------------------------
time: October 16, 2021, 7:11 am
message: Leaderboard data fetched.
-------------------------
-------------------------
time: October 16, 2021, 7:26 am
message: Leaderboard data fetched.
-------------------------
-------------------------
time: October 16, 2021, 7:42 am
message: Leaderboard data fetched.
-------------------------
-------------------------
time: October 16, 2021, 7:44 am
message: Leaderboard data fetched.
-------------------------
-------------------------
time: October 16, 2021, 8:35 am
message: Expired token
-------------------------
-------------------------
time: October 16, 2021, 8:35 am
message: Booking data fetched.
-------------------------
-------------------------
time: October 16, 2021, 10:00 am
message: GET method not allowed
-------------------------
-------------------------
time: October 16, 2021, 10:09 am
message: Expired token
-------------------------
-------------------------
time: October 16, 2021, 10:09 am
message: Booking data fetched.
-------------------------
-------------------------
time: October 16, 2021, 10:10 am
message: Booking data fetched.
-------------------------
-------------------------
time: October 16, 2021, 10:10 am
message: Expired token
-------------------------
-------------------------
time: October 16, 2021, 10:31 am
message: GET method not allowed
-------------------------
-------------------------
time: October 16, 2021, 10:50 am
message: Leaderboard data fetched.
-------------------------
-------------------------
time: October 16, 2021, 11:34 am
message: GET method not allowed
-------------------------
-------------------------
time: October 16, 2021, 11:35 am
message: GET method not allowed
-------------------------
-------------------------
time: October 16, 2021, 11:36 am
message: GET method not allowed
-------------------------
-------------------------
time: October 16, 2021, 11:38 am
message: GET method not allowed
-------------------------
-------------------------
time: October 16, 2021, 1:09 pm
message: Leaderboard data fetched.
-------------------------
-------------------------
time: October 16, 2021, 2:31 pm
message: Username/Password not valid.
-------------------------
-------------------------
time: October 16, 2021, 2:32 pm
message: Username/Password not valid.
-------------------------
-------------------------
time: October 16, 2021, 2:51 pm
message: Leaderboard data fetched.
-------------------------
-------------------------
time: October 16, 2021, 3:49 pm
message: Leaderboard data fetched.
-------------------------
-------------------------
time: October 16, 2021, 4:08 pm
message: Leaderboard data fetched.
-------------------------
-------------------------
time: October 16, 2021, 5:24 pm
message: Booking data fetched.
-------------------------
-------------------------
time: October 16, 2021, 5:24 pm
message: Expired token
-------------------------
-------------------------
time: October 16, 2021, 5:46 pm
message: Leaderboard data fetched.
-------------------------
-------------------------
time: October 16, 2021, 7:55 pm
message: Leaderboard data fetched.
-------------------------
-------------------------
time: October 16, 2021, 9:47 pm
message: Error 2 occured on line 21 in file C:\inetpub\wwwroot\trbs_2021\services\api\contact-role\create.php: Creating default object from empty value.
-------------------------
-------------------------
time: October 16, 2021, 9:49 pm
message: GET method not allowed.
-------------------------
-------------------------
time: October 16, 2021, 9:55 pm
message: GET method not allowed
-------------------------
-------------------------
time: October 16, 2021, 9:55 pm
message: GET method not allowed
-------------------------
-------------------------
time: October 16, 2021, 9:58 pm
message: GET method not allowed
-------------------------
-------------------------
time: October 16, 2021, 9:59 pm
message: GET method not allowed
-------------------------
-------------------------
time: October 16, 2021, 10:16 pm
message: Leaderboard data fetched.
-------------------------
-------------------------
time: October 16, 2021, 10:21 pm
message: Expired token
-------------------------
-------------------------
time: October 16, 2021, 10:21 pm
message: Booking data fetched.
-------------------------
-------------------------
time: October 16, 2021, 10:39 pm
message: Leaderboard data fetched.
-------------------------
-------------------------
time: October 16, 2021, 10:59 pm
message: Leaderboard data fetched.
-------------------------
-------------------------
time: October 16, 2021, 11:02 pm
message: GET method not allowed
-------------------------
-------------------------
time: October 16, 2021, 11:33 pm
message: GET method not allowed
-------------------------
-------------------------
time: October 16, 2021, 11:43 pm
message: GET method not allowed
-------------------------
