-------------------------
time: October 26, 2021, 9:34 am
message: Booking data fetched.
-------------------------
-------------------------
time: October 26, 2021, 9:34 am
message: Expired token
-------------------------
-------------------------
time: October 26, 2021, 10:06 am
message: Booking data fetched.
-------------------------
-------------------------
time: October 26, 2021, 10:06 am
message: Expired token
-------------------------
-------------------------
time: October 26, 2021, 10:06 am
message: Booking data fetched.
-------------------------
-------------------------
time: October 26, 2021, 10:47 am
message: Booking data fetched.
-------------------------
-------------------------
time: October 26, 2021, 10:47 am
message: Booking data fetched.
-------------------------
-------------------------
time: October 26, 2021, 6:34 pm
message: Booking data fetched.
-------------------------
-------------------------
time: October 26, 2021, 6:34 pm
message: Expired token
-------------------------
-------------------------
time: October 26, 2021, 6:46 pm
message: Expired token
-------------------------
-------------------------
time: October 26, 2021, 6:46 pm
message: Booking data fetched.
-------------------------
-------------------------
time: October 26, 2021, 6:47 pm
message: Booking data fetched.
-------------------------
-------------------------
time: October 26, 2021, 6:47 pm
message: Expired token
-------------------------
-------------------------
time: October 26, 2021, 11:25 pm
message: GET method not allowed
-------------------------
