-------------------------
time: October 2, 2021, 3:03 am
message: Email Id is already associated with another account.
-------------------------
-------------------------
time: October 2, 2021, 3:03 am
message: Email Id is already associated with another account.
-------------------------
-------------------------
time: October 2, 2021, 3:05 am
message: Username/Password not valid.
-------------------------
-------------------------
time: October 2, 2021, 3:06 am
message: Failed to initate payment. Please Try again after sometime.
-------------------------
-------------------------
time: October 2, 2021, 3:06 am
message: Booking data fetched.
-------------------------
-------------------------
time: October 2, 2021, 3:07 am
message: Failed to initate payment. Please Try again after sometime.
-------------------------
-------------------------
time: October 2, 2021, 3:07 am
message: Failed to initate payment. Please Try again after sometime.
-------------------------
-------------------------
time: October 2, 2021, 3:08 am
message: Booking data fetched.
-------------------------
-------------------------
time: October 2, 2021, 3:16 am
message: Error 8 occured on line 75 in file C:\inetpub\wwwroot\trbs_test\services\api\common\APIUtil.php: Undefined property: stdClass::$link.
-------------------------
-------------------------
time: October 2, 2021, 3:17 am
message: Error 8 occured on line 75 in file C:\inetpub\wwwroot\trbs_test\services\api\common\APIUtil.php: Undefined property: stdClass::$link.
-------------------------
-------------------------
time: October 2, 2021, 3:17 am
message: Error 8 occured on line 75 in file C:\inetpub\wwwroot\trbs_test\services\api\common\APIUtil.php: Undefined property: stdClass::$link.
-------------------------
-------------------------
time: October 2, 2021, 3:17 am
message: Error 8 occured on line 75 in file C:\inetpub\wwwroot\trbs_test\services\api\common\APIUtil.php: Undefined property: stdClass::$link.
-------------------------
-------------------------
time: October 2, 2021, 3:17 am
message: Error 8 occured on line 75 in file C:\inetpub\wwwroot\trbs_test\services\api\common\APIUtil.php: Undefined property: stdClass::$link.
-------------------------
-------------------------
time: October 2, 2021, 3:18 am
message: Error 8 occured on line 75 in file C:\inetpub\wwwroot\trbs_test\services\api\common\APIUtil.php: Undefined property: stdClass::$link.
-------------------------
-------------------------
time: October 2, 2021, 3:23 am
message: Leaderboard data fetched.
-------------------------
-------------------------
time: October 2, 2021, 3:23 am
message: Failed to initate payment. Please Try again after sometime.
-------------------------
-------------------------
time: October 2, 2021, 9:34 am
message: GET method not allowed.
-------------------------
-------------------------
time: October 2, 2021, 9:35 am
message: Error 8 occured on line 75 in file C:\inetpub\wwwroot\trbs_test\services\api\common\APIUtil.php: Undefined property: stdClass::$link.
-------------------------
-------------------------
time: October 2, 2021, 9:35 am
message: GET method not allowed.
-------------------------
-------------------------
time: October 2, 2021, 9:38 am
message: GET method not allowed.
-------------------------
-------------------------
time: October 2, 2021, 9:41 am
message: GET method not allowed
-------------------------
-------------------------
time: October 2, 2021, 9:42 am
message: GET method not allowed
-------------------------
-------------------------
time: October 2, 2021, 9:46 am
message: GET method not allowed
-------------------------
-------------------------
time: October 2, 2021, 9:47 am
message: GET method not allowed
-------------------------
-------------------------
time: October 2, 2021, 9:47 am
message: GET method not allowed
-------------------------
-------------------------
time: October 2, 2021, 11:03 am
message: Error 8 occured on line 75 in file C:\inetpub\wwwroot\trbs_test\services\api\common\APIUtil.php: Undefined property: stdClass::$link.
-------------------------
-------------------------
time: October 2, 2021, 11:03 am
message: Error 8 occured on line 75 in file C:\inetpub\wwwroot\trbs_test\services\api\common\APIUtil.php: Undefined property: stdClass::$link.
-------------------------
-------------------------
time: October 2, 2021, 11:04 am
message: Error 8 occured on line 75 in file C:\inetpub\wwwroot\trbs_test\services\api\common\APIUtil.php: Undefined property: stdClass::$link.
-------------------------
-------------------------
time: October 2, 2021, 11:05 am
message: Error 8 occured on line 75 in file C:\inetpub\wwwroot\trbs_test\services\api\common\APIUtil.php: Undefined property: stdClass::$link.
-------------------------
-------------------------
time: October 2, 2021, 12:53 pm
message: Booking data fetched.
-------------------------
-------------------------
time: October 2, 2021, 12:53 pm
message: Booking data fetched.
-------------------------
-------------------------
time: October 2, 2021, 12:57 pm
message: Error 8 occured on line 75 in file C:\inetpub\wwwroot\trbs_test\services\api\common\APIUtil.php: Undefined property: stdClass::$link.
-------------------------
-------------------------
time: October 2, 2021, 12:57 pm
message: Error 8 occured on line 75 in file C:\inetpub\wwwroot\trbs_test\services\api\common\APIUtil.php: Undefined property: stdClass::$link.
-------------------------
-------------------------
time: October 2, 2021, 2:44 pm
message: Username/Password not valid.
-------------------------
-------------------------
time: October 2, 2021, 2:45 pm
message: GET method not allowed
-------------------------
-------------------------
time: October 2, 2021, 2:45 pm
message: GET method not allowed
-------------------------
-------------------------
time: October 2, 2021, 2:45 pm
message: GET method not allowed
-------------------------
-------------------------
time: October 2, 2021, 2:46 pm
message: GET method not allowed
-------------------------
-------------------------
time: October 2, 2021, 2:46 pm
message: GET method not allowed.
-------------------------
-------------------------
time: October 2, 2021, 2:47 pm
message: Failed to initate payment. Please Try again after sometime.
-------------------------
-------------------------
time: October 2, 2021, 2:48 pm
message: Error 8 occured on line 75 in file C:\inetpub\wwwroot\trbs_test\services\api\common\APIUtil.php: Undefined property: stdClass::$link.
-------------------------
-------------------------
time: October 2, 2021, 2:49 pm
message: GET method not allowed
-------------------------
-------------------------
time: October 2, 2021, 2:49 pm
message: GET method not allowed
-------------------------
-------------------------
time: October 2, 2021, 2:51 pm
message: GET method not allowed.
-------------------------
-------------------------
time: October 2, 2021, 2:51 pm
message: Error 8 occured on line 75 in file C:\inetpub\wwwroot\trbs_test\services\api\common\APIUtil.php: Undefined property: stdClass::$link.
-------------------------
-------------------------
time: October 2, 2021, 2:52 pm
message: Error 8 occured on line 75 in file C:\inetpub\wwwroot\trbs_test\services\api\common\APIUtil.php: Undefined property: stdClass::$timeline_image_url.
-------------------------
-------------------------
time: October 2, 2021, 2:52 pm
message: Error 8 occured on line 75 in file C:\inetpub\wwwroot\trbs_test\services\api\common\APIUtil.php: Undefined property: stdClass::$timeline_image_url.
-------------------------
-------------------------
time: October 2, 2021, 2:53 pm
message: Error 8 occured on line 75 in file C:\inetpub\wwwroot\trbs_test\services\api\common\APIUtil.php: Undefined property: stdClass::$timeline_image_url.
-------------------------
-------------------------
time: October 2, 2021, 2:55 pm
message: GET method not allowed.
-------------------------
-------------------------
time: October 2, 2021, 3:13 pm
message: SQLSTATE[HY000]: General error: 1366 Incorrect integer value: '' for column 'view_order' at row 1
-------------------------
-------------------------
time: October 2, 2021, 3:13 pm
message: SQLSTATE[HY000]: General error: 1366 Incorrect integer value: '' for column 'view_order' at row 1
-------------------------
-------------------------
time: October 2, 2021, 3:14 pm
message: before foreach: 10, workshop
-------------------------
-------------------------
time: October 2, 2021, 3:16 pm
message: GET method not allowed.
-------------------------
-------------------------
time: October 2, 2021, 3:16 pm
message: GET method not allowed
-------------------------
-------------------------
time: October 2, 2021, 3:25 pm
message: GET method not allowed.
-------------------------
-------------------------
time: October 2, 2021, 3:47 pm
message: Leaderboard data fetched.
-------------------------
-------------------------
time: October 2, 2021, 3:48 pm
message: Booking data fetched.
-------------------------
-------------------------
time: October 2, 2021, 3:48 pm
message: Expired token
-------------------------
-------------------------
time: October 2, 2021, 3:51 pm
message: Expired token
-------------------------
-------------------------
time: October 2, 2021, 3:54 pm
message: Error 2 occured on line 63 in file C:\inetpub\wwwroot\trbs_test\services\api\images\update.php: unlink(../../uploads/969167-reckitt 11.png): No such file or directory.
-------------------------
-------------------------
time: October 2, 2021, 3:54 pm
message: Error 2 occured on line 63 in file C:\inetpub\wwwroot\trbs_test\services\api\images\update.php: unlink(../../uploads/96879-reckitt d2c website banner.png): No such file or directory.
-------------------------
-------------------------
time: October 2, 2021, 3:57 pm
message: Error 2 occured on line 63 in file C:\inetpub\wwwroot\trbs_test\services\api\images\update.php: unlink(../../uploads/992537-reckitt d2c website banner.png): No such file or directory.
-------------------------
-------------------------
time: October 2, 2021, 3:57 pm
message: Error 2 occured on line 63 in file C:\inetpub\wwwroot\trbs_test\services\api\images\update.php: unlink(../../uploads/895280-reckitt 11.png): No such file or directory.
-------------------------
-------------------------
time: October 2, 2021, 4:00 pm
message: Error 2 occured on line 63 in file C:\inetpub\wwwroot\trbs_test\services\api\images\update.php: unlink(../../uploads/681665-reckitt 11.png): No such file or directory.
-------------------------
-------------------------
time: October 2, 2021, 4:00 pm
message: Error 2 occured on line 63 in file C:\inetpub\wwwroot\trbs_test\services\api\images\update.php: unlink(../../uploads/797968-reckitt d2c website banner.png): No such file or directory.
-------------------------
-------------------------
time: October 2, 2021, 4:03 pm
message: Error 2 occured on line 63 in file C:\inetpub\wwwroot\trbs_test\services\api\images\update.php: unlink(../../uploads/53148-reckitt 11.png): No such file or directory.
-------------------------
-------------------------
time: October 2, 2021, 4:11 pm
message: Error 2 occured on line 63 in file C:\inetpub\wwwroot\trbs_test\services\api\images\update.php: unlink(../../uploads/519969-koineearth d2c website banner.png): No such file or directory.
-------------------------
-------------------------
time: October 2, 2021, 4:11 pm
message: Error 2 occured on line 63 in file C:\inetpub\wwwroot\trbs_test\services\api\images\update.php: unlink(../../uploads/488734-koineearth 11.png): No such file or directory.
-------------------------
-------------------------
time: October 2, 2021, 4:14 pm
message: Error 2 occured on line 63 in file C:\inetpub\wwwroot\trbs_test\services\api\images\update.php: unlink(../../uploads/77593-koineearth d2c website banner.png): No such file or directory.
-------------------------
-------------------------
time: October 2, 2021, 4:14 pm
message: Error 2 occured on line 63 in file C:\inetpub\wwwroot\trbs_test\services\api\images\update.php: unlink(../../uploads/787326-koineearth 11.png): No such file or directory.
-------------------------
-------------------------
time: October 2, 2021, 4:18 pm
message: Expired token
-------------------------
-------------------------
time: October 2, 2021, 4:18 pm
message: Booking data fetched.
-------------------------
-------------------------
time: October 2, 2021, 4:18 pm
message: Booking data fetched.
-------------------------
-------------------------
time: October 2, 2021, 4:18 pm
message: Expired token
-------------------------
-------------------------
time: October 2, 2021, 4:30 pm
message: Error 2 occured on line 63 in file C:\inetpub\wwwroot\trbs_test\services\api\images\update.php: unlink(../../uploads/155349-reckitt 11.png): No such file or directory.
-------------------------
-------------------------
time: October 2, 2021, 4:30 pm
message: Error 2 occured on line 63 in file C:\inetpub\wwwroot\trbs_test\services\api\images\update.php: unlink(../../uploads/777780-reckitt d2c website banner.png): No such file or directory.
-------------------------
-------------------------
time: October 2, 2021, 4:31 pm
message: Error 2 occured on line 63 in file C:\inetpub\wwwroot\trbs_test\services\api\images\update.php: unlink(../../uploads/319137-koineearth 11.png): No such file or directory.
-------------------------
-------------------------
time: October 2, 2021, 4:31 pm
message: Error 2 occured on line 63 in file C:\inetpub\wwwroot\trbs_test\services\api\images\update.php: unlink(../../uploads/618965-koineearth d2c website banner.png): No such file or directory.
-------------------------
-------------------------
time: October 2, 2021, 4:32 pm
message: Error 2 occured on line 63 in file C:\inetpub\wwwroot\trbs_test\services\api\images\update.php: unlink(../../uploads/790678-cfo 11 (1).png): No such file or directory.
-------------------------
-------------------------
time: October 2, 2021, 4:32 pm
message: Error 2 occured on line 63 in file C:\inetpub\wwwroot\trbs_test\services\api\images\update.php: unlink(../../uploads/492703-cfo 11 (1).png): No such file or directory.
-------------------------
-------------------------
time: October 2, 2021, 4:37 pm
message: Error 2 occured on line 63 in file C:\inetpub\wwwroot\trbs_test\services\api\images\update.php: unlink(../../uploads/985302-cfo 11 (1).png): No such file or directory.
-------------------------
-------------------------
time: October 2, 2021, 4:37 pm
message: Error 2 occured on line 63 in file C:\inetpub\wwwroot\trbs_test\services\api\images\update.php: unlink(../../uploads/988389-cfo 11 (1).png): No such file or directory.
-------------------------
-------------------------
time: October 2, 2021, 4:39 pm
message: Error 2 occured on line 63 in file C:\inetpub\wwwroot\trbs_test\services\api\images\update.php: unlink(../../uploads/845650-cfo 11 (1).png): No such file or directory.
-------------------------
-------------------------
time: October 2, 2021, 4:39 pm
message: Error 2 occured on line 63 in file C:\inetpub\wwwroot\trbs_test\services\api\images\update.php: unlink(../../uploads/131770-cfo 11 (1).png): No such file or directory.
-------------------------
-------------------------
time: October 2, 2021, 5:41 pm
message: Expired token
-------------------------
-------------------------
time: October 2, 2021, 5:58 pm
message: before foreach: 6, workshop
-------------------------
-------------------------
time: October 2, 2021, 5:58 pm
message: Image file to be deleted: C:\inetpub\wwwroot\trbs_test\services\models/../uploads/27344-flipkart.png
-------------------------
-------------------------
time: October 2, 2021, 5:58 pm
message: Image file does not exist with id: 112
-------------------------
-------------------------
time: October 2, 2021, 5:58 pm
message: Image file to be deleted: C:\inetpub\wwwroot\trbs_test\services\models/../uploads/600957-tajmahal.jpg
-------------------------
-------------------------
time: October 2, 2021, 5:58 pm
message: Image file does not exist with id: 113
-------------------------
-------------------------
time: October 2, 2021, 5:58 pm
message: before foreach: 5, workshop
-------------------------
-------------------------
time: October 2, 2021, 5:58 pm
message: Image file to be deleted: C:\inetpub\wwwroot\trbs_test\services\models/../uploads/339457-random2.jpg
-------------------------
-------------------------
time: October 2, 2021, 5:58 pm
message: Image file does not exist with id: 98
-------------------------
-------------------------
time: October 2, 2021, 5:58 pm
message: Image file to be deleted: C:\inetpub\wwwroot\trbs_test\services\models/../uploads/59758-banner-4.jpg
-------------------------
-------------------------
time: October 2, 2021, 5:58 pm
message: Image file does not exist with id: 99
-------------------------
-------------------------
time: October 2, 2021, 6:33 pm
message: Error 2 occured on line 63 in file C:\inetpub\wwwroot\trbs_test\services\api\images\update.php: unlink(../../uploads/982101-allounder 11.png): No such file or directory.
-------------------------
-------------------------
time: October 2, 2021, 6:54 pm
message: Error 2 occured on line 63 in file C:\inetpub\wwwroot\trbs_test\services\api\images\update.php: unlink(../../uploads/325600-kickstarter 1920560.png): No such file or directory.
-------------------------
-------------------------
time: October 2, 2021, 8:03 pm
message: before foreach: 7, workshop
-------------------------
-------------------------
time: October 2, 2021, 8:03 pm
message: Image file to be deleted: C:\inetpub\wwwroot\trbs_test\services\models/../uploads/607198-random.jpg
-------------------------
-------------------------
time: October 2, 2021, 8:03 pm
message: Image file does not exist with id: 121
-------------------------
-------------------------
time: October 2, 2021, 8:03 pm
message: Image file to be deleted: C:\inetpub\wwwroot\trbs_test\services\models/../uploads/896451-random2.jpg
-------------------------
-------------------------
time: October 2, 2021, 8:03 pm
message: Image file does not exist with id: 122
-------------------------
-------------------------
time: October 2, 2021, 8:03 pm
message: before foreach: 8, workshop
-------------------------
-------------------------
time: October 2, 2021, 8:03 pm
message: Image file to be deleted: C:\inetpub\wwwroot\trbs_test\services\models/../uploads/45935-dulux.png
-------------------------
-------------------------
time: October 2, 2021, 8:03 pm
message: Image file does not exist with id: 123
-------------------------
-------------------------
time: October 2, 2021, 8:03 pm
message: Image file to be deleted: C:\inetpub\wwwroot\trbs_test\services\models/../uploads/310258-tajmahal.jpg
-------------------------
-------------------------
time: October 2, 2021, 8:03 pm
message: Image file does not exist with id: 124
-------------------------
-------------------------
time: October 2, 2021, 8:07 pm
message: Error 2 occured on line 63 in file C:\inetpub\wwwroot\trbs_test\services\api\images\update.php: unlink(../../uploads/524868-agro1920560 (1).png): No such file or directory.
-------------------------
-------------------------
time: October 2, 2021, 8:08 pm
message: Error 2 occured on line 63 in file C:\inetpub\wwwroot\trbs_test\services\api\images\update.php: unlink(../../uploads/302394-agro1920560 (1).png): No such file or directory.
-------------------------
-------------------------
time: October 2, 2021, 9:08 pm
message: before foreach: 9, workshop
-------------------------
-------------------------
time: October 2, 2021, 9:08 pm
message: Image file to be deleted: C:\inetpub\wwwroot\trbs_test\services\models/../uploads/169038-nerolac.png
-------------------------
-------------------------
time: October 2, 2021, 9:08 pm
message: Image file does not exist with id: 127
-------------------------
-------------------------
time: October 2, 2021, 9:11 pm
message: SQLSTATE[HY000]: General error: 1366 Incorrect integer value: '' for column 'view_order' at row 1
-------------------------
-------------------------
time: October 2, 2021, 9:11 pm
message: SQLSTATE[HY000]: General error: 1366 Incorrect integer value: '' for column 'view_order' at row 1
-------------------------
-------------------------
time: October 2, 2021, 9:27 pm
message: Error 8 occured on line 33 in file C:\inetpub\wwwroot\trbs_test\services\api\users\cart\update.php: Undefined property: stdClass::$state.
-------------------------
-------------------------
time: October 2, 2021, 10:41 pm
message: Error 2 occured on line 63 in file C:\inetpub\wwwroot\trbs_test\services\api\images\update.php: unlink(../../uploads/175759-aswath damodaran 11.png): No such file or directory.
-------------------------
-------------------------
time: October 2, 2021, 10:41 pm
message: Error 2 occured on line 63 in file C:\inetpub\wwwroot\trbs_test\services\api\images\update.php: unlink(../../uploads/814329-aswath damodaran d2c website banner.png): No such file or directory.
-------------------------
-------------------------
time: October 2, 2021, 11:09 pm
message: Expired token
-------------------------
