-------------------------
time: December 23, 2021, 12:01 am
message: Contact Role data fetched.
-------------------------
-------------------------
time: December 23, 2021, 12:01 am
message: Contact Role data fetched.
-------------------------
-------------------------
time: December 23, 2021, 12:02 am
message: GET method not allowed
-------------------------
-------------------------
time: December 23, 2021, 12:04 am
message: GET method not allowed.
-------------------------
-------------------------
time: December 23, 2021, 12:04 am
message: GET method not allowed
-------------------------
-------------------------
time: December 23, 2021, 12:05 am
message: GET method not allowed
-------------------------
-------------------------
time: December 23, 2021, 12:05 am
message: GET method not allowed
-------------------------
-------------------------
time: December 23, 2021, 12:05 am
message: GET method not allowed
-------------------------
-------------------------
time: December 23, 2021, 12:06 am
message: GET method not allowed
-------------------------
-------------------------
time: December 23, 2021, 12:06 am
message: GET method not allowed
-------------------------
-------------------------
time: December 23, 2021, 12:07 am
message: GET method not allowed
-------------------------
-------------------------
time: December 23, 2021, 12:09 am
message: Booking data fetched.
-------------------------
-------------------------
time: December 23, 2021, 12:11 am
message: GET method not allowed
-------------------------
-------------------------
time: December 23, 2021, 12:21 am
message: GET method not allowed.
-------------------------
-------------------------
time: December 23, 2021, 12:22 am
message: GET method not allowed.
-------------------------
-------------------------
time: December 23, 2021, 12:24 am
message: GET method not allowed
-------------------------
-------------------------
time: December 23, 2021, 12:25 am
message: GET method not allowed
-------------------------
-------------------------
time: December 23, 2021, 12:25 am
message: GET method not allowed
-------------------------
-------------------------
time: December 23, 2021, 12:26 am
message: Booking data fetched.
-------------------------
-------------------------
time: December 23, 2021, 12:28 am
message: Contact Role data fetched.
-------------------------
-------------------------
time: December 23, 2021, 12:29 am
message: Contact Role data fetched.
-------------------------
-------------------------
time: December 23, 2021, 12:30 am
message: GET method not allowed.
-------------------------
-------------------------
time: December 23, 2021, 12:31 am
message: GET method not allowed.
-------------------------
-------------------------
time: December 23, 2021, 12:35 am
message: GET method not allowed.
-------------------------
-------------------------
time: December 23, 2021, 12:36 am
message: Contact Role data fetched.
-------------------------
-------------------------
time: December 23, 2021, 12:37 am
message: GET method not allowed
-------------------------
-------------------------
time: December 23, 2021, 12:50 am
message: Contact Role data fetched.
-------------------------
-------------------------
time: December 23, 2021, 12:50 am
message: Contact Role data fetched.
-------------------------
-------------------------
time: December 23, 2021, 12:50 am
message: Leaderboard data fetched.
-------------------------
-------------------------
time: December 23, 2021, 12:51 am
message: GET method not allowed
-------------------------
-------------------------
time: December 23, 2021, 1:04 am
message: Contact Role data fetched.
-------------------------
-------------------------
time: December 23, 2021, 1:06 am
message: GET method not allowed
-------------------------
-------------------------
time: December 23, 2021, 1:48 am
message: Contact Role data fetched.
-------------------------
-------------------------
time: December 23, 2021, 2:33 am
message: Contact Role data fetched.
-------------------------
-------------------------
time: December 23, 2021, 2:56 am
message: Contact Role data fetched.
-------------------------
-------------------------
time: December 23, 2021, 4:03 am
message: Contact Role data fetched.
-------------------------
-------------------------
time: December 23, 2021, 4:12 am
message: Contact Role data fetched.
-------------------------
-------------------------
time: December 23, 2021, 8:58 am
message: Contact Role data fetched.
-------------------------
-------------------------
time: December 23, 2021, 9:19 am
message: GET method not allowed
-------------------------
-------------------------
time: December 23, 2021, 10:18 am
message: GET method not allowed
-------------------------
-------------------------
time: December 23, 2021, 10:26 am
message: Contact Role data fetched.
-------------------------
-------------------------
time: December 23, 2021, 10:29 am
message: Contact Role data fetched.
-------------------------
-------------------------
time: December 23, 2021, 10:45 am
message: Contact Role data fetched.
-------------------------
-------------------------
time: December 23, 2021, 10:49 am
message: GET method not allowed
-------------------------
-------------------------
time: December 23, 2021, 11:54 am
message: Contact Role data fetched.
-------------------------
-------------------------
time: December 23, 2021, 12:58 pm
message: Contact Role data fetched.
-------------------------
-------------------------
time: December 23, 2021, 1:15 pm
message: Contact Role data fetched.
-------------------------
-------------------------
time: December 23, 2021, 1:15 pm
message: Contact Role data fetched.
-------------------------
-------------------------
time: December 23, 2021, 1:16 pm
message: Contact Role data fetched.
-------------------------
-------------------------
time: December 23, 2021, 1:22 pm
message: Contact Role data fetched.
-------------------------
-------------------------
time: December 23, 2021, 1:54 pm
message: Contact Role data fetched.
-------------------------
-------------------------
time: December 23, 2021, 2:26 pm
message: Contact Role data fetched.
-------------------------
-------------------------
time: December 23, 2021, 2:30 pm
message: Contact Role data fetched.
-------------------------
-------------------------
time: December 23, 2021, 3:55 pm
message: Contact Role data fetched.
-------------------------
-------------------------
time: December 23, 2021, 5:48 pm
message: Contact Role data fetched.
-------------------------
-------------------------
time: December 23, 2021, 7:39 pm
message: Contact Role data fetched.
-------------------------
-------------------------
time: December 23, 2021, 11:31 pm
message: Contact Role data fetched.
-------------------------
