-------------------------
time: December 24, 2021, 12:00 am
message: Contact Role data fetched.
-------------------------
-------------------------
time: December 24, 2021, 3:02 am
message: GET method not allowed
-------------------------
-------------------------
time: December 24, 2021, 4:54 am
message: Leaderboard data fetched.
-------------------------
-------------------------
time: December 24, 2021, 4:54 am
message: Contact Role data fetched.
-------------------------
-------------------------
time: December 24, 2021, 7:27 am
message: Contact Role data fetched.
-------------------------
-------------------------
time: December 24, 2021, 7:37 am
message: Contact Role data fetched.
-------------------------
-------------------------
time: December 24, 2021, 8:25 am
message: Contact Role data fetched.
-------------------------
-------------------------
time: December 24, 2021, 8:49 am
message: Contact Role data fetched.
-------------------------
-------------------------
time: December 24, 2021, 9:27 am
message: Contact Role data fetched.
-------------------------
-------------------------
time: December 24, 2021, 1:11 pm
message: Contact Role data fetched.
-------------------------
-------------------------
time: December 24, 2021, 2:17 pm
message: GET method not allowed
-------------------------
-------------------------
time: December 24, 2021, 2:17 pm
message: GET method not allowed
-------------------------
-------------------------
time: December 24, 2021, 2:48 pm
message: GET method not allowed
-------------------------
-------------------------
time: December 24, 2021, 2:48 pm
message: GET method not allowed
-------------------------
-------------------------
time: December 24, 2021, 3:39 pm
message: Leaderboard data fetched.
-------------------------
-------------------------
time: December 24, 2021, 4:04 pm
message: Contact Role data fetched.
-------------------------
-------------------------
time: December 24, 2021, 4:05 pm
message: Contact Role data fetched.
-------------------------
-------------------------
time: December 24, 2021, 4:20 pm
message: Contact Role data fetched.
-------------------------
-------------------------
time: December 24, 2021, 6:29 pm
message: Leaderboard data fetched.
-------------------------
-------------------------
time: December 24, 2021, 6:29 pm
message: Contact Role data fetched.
-------------------------
-------------------------
time: December 24, 2021, 6:40 pm
message: Contact Role data fetched.
-------------------------
-------------------------
time: December 24, 2021, 7:19 pm
message: Contact Role data fetched.
-------------------------
-------------------------
time: December 24, 2021, 7:35 pm
message: Contact Role data fetched.
-------------------------
-------------------------
time: December 24, 2021, 8:28 pm
message: Contact Role data fetched.
-------------------------
-------------------------
time: December 24, 2021, 9:33 pm
message: Contact Role data fetched.
-------------------------
-------------------------
time: December 24, 2021, 10:30 pm
message: Contact Role data fetched.
-------------------------
-------------------------
time: December 24, 2021, 11:23 pm
message: Contact Role data fetched.
-------------------------
