-------------------------
time: January 3, 2022, 12:13 am
message: Contact Role data fetched.
-------------------------
-------------------------
time: January 3, 2022, 12:14 am
message: Contact Role data fetched.
-------------------------
-------------------------
time: January 3, 2022, 12:25 am
message: Contact Role data fetched.
-------------------------
-------------------------
time: January 3, 2022, 12:27 am
message: Leaderboard data fetched.
-------------------------
-------------------------
time: January 3, 2022, 12:27 am
message: Contact Role data fetched.
-------------------------
-------------------------
time: January 3, 2022, 12:32 am
message: Contact Role data fetched.
-------------------------
-------------------------
time: January 3, 2022, 12:42 am
message: Contact Role data fetched.
-------------------------
-------------------------
time: January 3, 2022, 2:31 am
message: Contact Role data fetched.
-------------------------
-------------------------
time: January 3, 2022, 2:46 am
message: Contact Role data fetched.
-------------------------
-------------------------
time: January 3, 2022, 3:14 am
message: Contact Role data fetched.
-------------------------
-------------------------
time: January 3, 2022, 3:32 am
message: Contact Role data fetched.
-------------------------
-------------------------
time: January 3, 2022, 3:51 am
message: Contact Role data fetched.
-------------------------
-------------------------
time: January 3, 2022, 3:52 am
message: Contact Role data fetched.
-------------------------
-------------------------
time: January 3, 2022, 4:12 am
message: Contact Role data fetched.
-------------------------
-------------------------
time: January 3, 2022, 4:49 am
message: Contact Role data fetched.
-------------------------
-------------------------
time: January 3, 2022, 5:38 am
message: Contact Role data fetched.
-------------------------
-------------------------
time: January 3, 2022, 5:45 am
message: Contact Role data fetched.
-------------------------
-------------------------
time: January 3, 2022, 6:41 am
message: Contact Role data fetched.
-------------------------
-------------------------
time: January 3, 2022, 7:37 am
message: Contact Role data fetched.
-------------------------
-------------------------
time: January 3, 2022, 8:03 am
message: Contact Role data fetched.
-------------------------
-------------------------
time: January 3, 2022, 8:32 am
message: Contact Role data fetched.
-------------------------
-------------------------
time: January 3, 2022, 8:36 am
message: Contact Role data fetched.
-------------------------
-------------------------
time: January 3, 2022, 8:45 am
message: Contact Role data fetched.
-------------------------
-------------------------
time: January 3, 2022, 9:11 am
message: Contact Role data fetched.
-------------------------
-------------------------
time: January 3, 2022, 12:44 pm
message: Contact Role data fetched.
-------------------------
-------------------------
time: January 3, 2022, 1:20 pm
message: Contact Role data fetched.
-------------------------
-------------------------
time: January 3, 2022, 1:24 pm
message: Contact Role data fetched.
-------------------------
-------------------------
time: January 3, 2022, 1:41 pm
message: Contact Role data fetched.
-------------------------
-------------------------
time: January 3, 2022, 2:33 pm
message: Contact Role data fetched.
-------------------------
-------------------------
time: January 3, 2022, 2:41 pm
message: Contact Role data fetched.
-------------------------
-------------------------
time: January 3, 2022, 2:45 pm
message: Contact Role data fetched.
-------------------------
-------------------------
time: January 3, 2022, 3:08 pm
message: GET method not allowed
-------------------------
-------------------------
time: January 3, 2022, 3:30 pm
message: Contact Role data fetched.
-------------------------
-------------------------
time: January 3, 2022, 3:39 pm
message: GET method not allowed
-------------------------
-------------------------
time: January 3, 2022, 3:44 pm
message: Contact Role data fetched.
-------------------------
-------------------------
time: January 3, 2022, 3:53 pm
message: Contact Role data fetched.
-------------------------
-------------------------
time: January 3, 2022, 4:34 pm
message: Contact Role data fetched.
-------------------------
-------------------------
time: January 3, 2022, 4:48 pm
message: Contact Role data fetched.
-------------------------
-------------------------
time: January 3, 2022, 4:57 pm
message: Contact Role data fetched.
-------------------------
-------------------------
time: January 3, 2022, 5:42 pm
message: Contact Role data fetched.
-------------------------
-------------------------
time: January 3, 2022, 5:43 pm
message: Contact Role data fetched.
-------------------------
-------------------------
time: January 3, 2022, 5:49 pm
message: Contact Role data fetched.
-------------------------
-------------------------
time: January 3, 2022, 6:41 pm
message: Contact Role data fetched.
-------------------------
-------------------------
time: January 3, 2022, 6:52 pm
message: Contact Role data fetched.
-------------------------
-------------------------
time: January 3, 2022, 7:14 pm
message: GET method not allowed
-------------------------
-------------------------
time: January 3, 2022, 7:45 pm
message: GET method not allowed
-------------------------
-------------------------
time: January 3, 2022, 8:10 pm
message: Contact Role data fetched.
-------------------------
-------------------------
time: January 3, 2022, 8:42 pm
message: Contact Role data fetched.
-------------------------
-------------------------
time: January 3, 2022, 9:10 pm
message: Contact Role data fetched.
-------------------------
-------------------------
time: January 3, 2022, 9:50 pm
message: Contact Role data fetched.
-------------------------
-------------------------
time: January 3, 2022, 11:42 pm
message: Contact Role data fetched.
-------------------------
-------------------------
time: January 3, 2022, 11:50 pm
message: Contact Role data fetched.
-------------------------
-------------------------
time: January 3, 2022, 11:50 pm
message: Contact Role data fetched.
-------------------------
