-------------------------
time: January 2, 2022, 1:01 am
message: Contact Role data fetched.
-------------------------
-------------------------
time: January 2, 2022, 1:10 am
message: Contact Role data fetched.
-------------------------
-------------------------
time: January 2, 2022, 1:58 am
message: Contact Role data fetched.
-------------------------
-------------------------
time: January 2, 2022, 3:06 am
message: Contact Role data fetched.
-------------------------
-------------------------
time: January 2, 2022, 3:36 am
message: Contact Role data fetched.
-------------------------
-------------------------
time: January 2, 2022, 3:45 am
message: Contact Role data fetched.
-------------------------
-------------------------
time: January 2, 2022, 4:24 am
message: Contact Role data fetched.
-------------------------
-------------------------
time: January 2, 2022, 5:37 am
message: Contact Role data fetched.
-------------------------
-------------------------
time: January 2, 2022, 5:56 am
message: Contact Role data fetched.
-------------------------
-------------------------
time: January 2, 2022, 7:17 am
message: Leaderboard data fetched.
-------------------------
-------------------------
time: January 2, 2022, 8:48 am
message: Contact Role data fetched.
-------------------------
-------------------------
time: January 2, 2022, 8:52 am
message: Contact Role data fetched.
-------------------------
-------------------------
time: January 2, 2022, 9:24 am
message: GET method not allowed
-------------------------
-------------------------
time: January 2, 2022, 9:52 am
message: Contact Role data fetched.
-------------------------
-------------------------
time: January 2, 2022, 10:50 am
message: Contact Role data fetched.
-------------------------
-------------------------
time: January 2, 2022, 10:58 am
message: Contact Role data fetched.
-------------------------
-------------------------
time: January 2, 2022, 11:59 am
message: Contact Role data fetched.
-------------------------
-------------------------
time: January 2, 2022, 12:23 pm
message: Contact Role data fetched.
-------------------------
-------------------------
time: January 2, 2022, 12:50 pm
message: Contact Role data fetched.
-------------------------
-------------------------
time: January 2, 2022, 1:00 pm
message: Contact Role data fetched.
-------------------------
-------------------------
time: January 2, 2022, 1:47 pm
message: Contact Role data fetched.
-------------------------
-------------------------
time: January 2, 2022, 1:52 pm
message: Contact Role data fetched.
-------------------------
-------------------------
time: January 2, 2022, 4:49 pm
message: Contact Role data fetched.
-------------------------
-------------------------
time: January 2, 2022, 4:50 pm
message: Contact Role data fetched.
-------------------------
-------------------------
time: January 2, 2022, 4:50 pm
message: Leaderboard data fetched.
-------------------------
-------------------------
time: January 2, 2022, 4:50 pm
message: Contact Role data fetched.
-------------------------
-------------------------
time: January 2, 2022, 4:54 pm
message: Contact Role data fetched.
-------------------------
-------------------------
time: January 2, 2022, 5:33 pm
message: Contact Role data fetched.
-------------------------
-------------------------
time: January 2, 2022, 5:39 pm
message: Contact Role data fetched.
-------------------------
-------------------------
time: January 2, 2022, 5:46 pm
message: Contact Role data fetched.
-------------------------
-------------------------
time: January 2, 2022, 5:47 pm
message: Leaderboard data fetched.
-------------------------
-------------------------
time: January 2, 2022, 5:59 pm
message: Contact Role data fetched.
-------------------------
-------------------------
time: January 2, 2022, 6:04 pm
message: Contact Role data fetched.
-------------------------
-------------------------
time: January 2, 2022, 6:46 pm
message: Contact Role data fetched.
-------------------------
-------------------------
time: January 2, 2022, 7:46 pm
message: Contact Role data fetched.
-------------------------
-------------------------
time: January 2, 2022, 7:47 pm
message: Contact Role data fetched.
-------------------------
-------------------------
time: January 2, 2022, 8:05 pm
message: Contact Role data fetched.
-------------------------
-------------------------
time: January 2, 2022, 8:41 pm
message: Contact Role data fetched.
-------------------------
-------------------------
time: January 2, 2022, 9:26 pm
message: Contact Role data fetched.
-------------------------
-------------------------
time: January 2, 2022, 9:26 pm
message: Contact Role data fetched.
-------------------------
-------------------------
time: January 2, 2022, 9:38 pm
message: Contact Role data fetched.
-------------------------
-------------------------
time: January 2, 2022, 10:25 pm
message: Contact Role data fetched.
-------------------------
-------------------------
time: January 2, 2022, 10:29 pm
message: Contact Role data fetched.
-------------------------
-------------------------
time: January 2, 2022, 10:40 pm
message: Contact Role data fetched.
-------------------------
-------------------------
time: January 2, 2022, 10:41 pm
message: Contact Role data fetched.
-------------------------
-------------------------
time: January 2, 2022, 10:44 pm
message: Contact Role data fetched.
-------------------------
-------------------------
time: January 2, 2022, 11:46 pm
message: Contact Role data fetched.
-------------------------
