-------------------------
time: January 16, 2022, 12:13 am
message: GET method not allowed
-------------------------
-------------------------
time: January 16, 2022, 12:20 am
message: Contact Role data fetched.
-------------------------
-------------------------
time: January 16, 2022, 12:44 am
message: GET method not allowed
-------------------------
-------------------------
time: January 16, 2022, 12:47 am
message: Contact Role data fetched.
-------------------------
-------------------------
time: January 16, 2022, 1:28 am
message: Contact Role data fetched.
-------------------------
-------------------------
time: January 16, 2022, 1:38 am
message: Contact Role data fetched.
-------------------------
-------------------------
time: January 16, 2022, 1:55 am
message: Contact Role data fetched.
-------------------------
-------------------------
time: January 16, 2022, 2:30 am
message: Contact Role data fetched.
-------------------------
-------------------------
time: January 16, 2022, 2:34 am
message: Contact Role data fetched.
-------------------------
-------------------------
time: January 16, 2022, 2:50 am
message: Contact Role data fetched.
-------------------------
-------------------------
time: January 16, 2022, 3:37 am
message: Contact Role data fetched.
-------------------------
-------------------------
time: January 16, 2022, 3:52 am
message: Contact Role data fetched.
-------------------------
-------------------------
time: January 16, 2022, 4:28 am
message: Contact Role data fetched.
-------------------------
-------------------------
time: January 16, 2022, 4:40 am
message: Contact Role data fetched.
-------------------------
-------------------------
time: January 16, 2022, 5:00 am
message: Contact Role data fetched.
-------------------------
-------------------------
time: January 16, 2022, 5:19 am
message: Contact Role data fetched.
-------------------------
-------------------------
time: January 16, 2022, 6:04 am
message: Contact Role data fetched.
-------------------------
-------------------------
time: January 16, 2022, 6:24 am
message: Contact Role data fetched.
-------------------------
-------------------------
time: January 16, 2022, 7:25 am
message: Contact Role data fetched.
-------------------------
-------------------------
time: January 16, 2022, 8:20 am
message: Contact Role data fetched.
-------------------------
-------------------------
time: January 16, 2022, 8:34 am
message: Contact Role data fetched.
-------------------------
-------------------------
time: January 16, 2022, 8:57 am
message: Contact Role data fetched.
-------------------------
-------------------------
time: January 16, 2022, 9:17 am
message: Contact Role data fetched.
-------------------------
-------------------------
time: January 16, 2022, 9:29 am
message: Contact Role data fetched.
-------------------------
-------------------------
time: January 16, 2022, 10:00 am
message: Contact Role data fetched.
-------------------------
-------------------------
time: January 16, 2022, 10:29 am
message: Contact Role data fetched.
-------------------------
-------------------------
time: January 16, 2022, 10:33 am
message: Contact Role data fetched.
-------------------------
-------------------------
time: January 16, 2022, 11:26 am
message: Contact Role data fetched.
-------------------------
-------------------------
time: January 16, 2022, 12:29 pm
message: Contact Role data fetched.
-------------------------
-------------------------
time: January 16, 2022, 12:57 pm
message: Contact Role data fetched.
-------------------------
-------------------------
time: January 16, 2022, 1:14 pm
message: Contact Role data fetched.
-------------------------
-------------------------
time: January 16, 2022, 2:07 pm
message: Contact Role data fetched.
-------------------------
-------------------------
time: January 16, 2022, 2:24 pm
message: Contact Role data fetched.
-------------------------
-------------------------
time: January 16, 2022, 3:13 pm
message: Contact Role data fetched.
-------------------------
-------------------------
time: January 16, 2022, 3:31 pm
message: Contact Role data fetched.
-------------------------
-------------------------
time: January 16, 2022, 3:45 pm
message: Contact Role data fetched.
-------------------------
-------------------------
time: January 16, 2022, 4:34 pm
message: Contact Role data fetched.
-------------------------
-------------------------
time: January 16, 2022, 5:12 pm
message: Contact Role data fetched.
-------------------------
-------------------------
time: January 16, 2022, 5:20 pm
message: Contact Role data fetched.
-------------------------
-------------------------
time: January 16, 2022, 5:21 pm
message: GET method not allowed
-------------------------
-------------------------
time: January 16, 2022, 8:23 pm
message: Contact Role data fetched.
-------------------------
-------------------------
time: January 16, 2022, 9:16 pm
message: Contact Role data fetched.
-------------------------
-------------------------
time: January 16, 2022, 9:23 pm
message: Contact Role data fetched.
-------------------------
-------------------------
time: January 16, 2022, 9:31 pm
message: Contact Role data fetched.
-------------------------
-------------------------
time: January 16, 2022, 10:21 pm
message: Contact Role data fetched.
-------------------------
-------------------------
time: January 16, 2022, 10:25 pm
message: Contact Role data fetched.
-------------------------
-------------------------
time: January 16, 2022, 10:32 pm
message: Contact Role data fetched.
-------------------------
-------------------------
time: January 16, 2022, 11:19 pm
message: Contact Role data fetched.
-------------------------
-------------------------
time: January 16, 2022, 11:20 pm
message: Contact Role data fetched.
-------------------------
-------------------------
time: January 16, 2022, 11:28 pm
message: Contact Role data fetched.
-------------------------
