-------------------------
time: January 12, 2022, 1:08 am
message: Contact Role data fetched.
-------------------------
-------------------------
time: January 12, 2022, 1:40 am
message: Contact Role data fetched.
-------------------------
-------------------------
time: January 12, 2022, 3:29 am
message: Contact Role data fetched.
-------------------------
-------------------------
time: January 12, 2022, 4:31 am
message: Contact Role data fetched.
-------------------------
-------------------------
time: January 12, 2022, 5:14 am
message: Contact Role data fetched.
-------------------------
-------------------------
time: January 12, 2022, 5:26 am
message: Contact Role data fetched.
-------------------------
-------------------------
time: January 12, 2022, 5:27 am
message: GET method not allowed
-------------------------
-------------------------
time: January 12, 2022, 5:58 am
message: GET method not allowed
-------------------------
-------------------------
time: January 12, 2022, 6:39 am
message: Contact Role data fetched.
-------------------------
-------------------------
time: January 12, 2022, 7:38 am
message: Contact Role data fetched.
-------------------------
-------------------------
time: January 12, 2022, 8:04 am
message: Contact Role data fetched.
-------------------------
-------------------------
time: January 12, 2022, 9:02 am
message: Contact Role data fetched.
-------------------------
-------------------------
time: January 12, 2022, 9:42 am
message: Contact Role data fetched.
-------------------------
-------------------------
time: January 12, 2022, 9:44 am
message: Contact Role data fetched.
-------------------------
-------------------------
time: January 12, 2022, 9:57 am
message: Contact Role data fetched.
-------------------------
-------------------------
time: January 12, 2022, 10:34 am
message: Contact Role data fetched.
-------------------------
-------------------------
time: January 12, 2022, 10:43 am
message: Contact Role data fetched.
-------------------------
-------------------------
time: January 12, 2022, 10:56 am
message: Contact Role data fetched.
-------------------------
-------------------------
time: January 12, 2022, 11:33 am
message: Contact Role data fetched.
-------------------------
-------------------------
time: January 12, 2022, 12:19 pm
message: GET method not allowed
-------------------------
-------------------------
time: January 12, 2022, 12:50 pm
message: GET method not allowed
-------------------------
-------------------------
time: January 12, 2022, 1:23 pm
message: Contact Role data fetched.
-------------------------
-------------------------
time: January 12, 2022, 1:24 pm
message: Contact Role data fetched.
-------------------------
-------------------------
time: January 12, 2022, 1:27 pm
message: Contact Role data fetched.
-------------------------
-------------------------
time: January 12, 2022, 1:28 pm
message: Contact Role data fetched.
-------------------------
-------------------------
time: January 12, 2022, 1:35 pm
message: Contact Role data fetched.
-------------------------
-------------------------
time: January 12, 2022, 1:48 pm
message: Contact Role data fetched.
-------------------------
-------------------------
time: January 12, 2022, 2:24 pm
message: Contact Role data fetched.
-------------------------
-------------------------
time: January 12, 2022, 2:43 pm
message: Contact Role data fetched.
-------------------------
-------------------------
time: January 12, 2022, 2:48 pm
message: Contact Role data fetched.
-------------------------
-------------------------
time: January 12, 2022, 3:16 pm
message: Contact Role data fetched.
-------------------------
-------------------------
time: January 12, 2022, 3:25 pm
message: Contact Role data fetched.
-------------------------
-------------------------
time: January 12, 2022, 4:17 pm
message: Contact Role data fetched.
-------------------------
-------------------------
time: January 12, 2022, 4:55 pm
message: Contact Role data fetched.
-------------------------
-------------------------
time: January 12, 2022, 5:26 pm
message: Contact Role data fetched.
-------------------------
-------------------------
time: January 12, 2022, 5:53 pm
message: Contact Role data fetched.
-------------------------
-------------------------
time: January 12, 2022, 6:15 pm
message: Contact Role data fetched.
-------------------------
-------------------------
time: January 12, 2022, 6:35 pm
message: Leaderboard data fetched.
-------------------------
-------------------------
time: January 12, 2022, 6:37 pm
message: Contact Role data fetched.
-------------------------
-------------------------
time: January 12, 2022, 7:03 pm
message: Contact Role data fetched.
-------------------------
-------------------------
time: January 12, 2022, 7:16 pm
message: Contact Role data fetched.
-------------------------
-------------------------
time: January 12, 2022, 7:17 pm
message: Contact Role data fetched.
-------------------------
-------------------------
time: January 12, 2022, 8:10 pm
message: Contact Role data fetched.
-------------------------
-------------------------
time: January 12, 2022, 8:26 pm
message: Contact Role data fetched.
-------------------------
-------------------------
time: January 12, 2022, 8:26 pm
message: Leaderboard data fetched.
-------------------------
-------------------------
time: January 12, 2022, 8:49 pm
message: Contact Role data fetched.
-------------------------
-------------------------
time: January 12, 2022, 8:56 pm
message: GET method not allowed
-------------------------
-------------------------
time: January 12, 2022, 9:05 pm
message: Contact Role data fetched.
-------------------------
-------------------------
time: January 12, 2022, 9:27 pm
message: GET method not allowed
-------------------------
-------------------------
time: January 12, 2022, 9:59 pm
message: Contact Role data fetched.
-------------------------
-------------------------
time: January 12, 2022, 10:44 pm
message: Contact Role data fetched.
-------------------------
-------------------------
time: January 12, 2022, 10:44 pm
message: Contact Role data fetched.
-------------------------
-------------------------
time: January 12, 2022, 11:03 pm
message: Contact Role data fetched.
-------------------------
-------------------------
time: January 12, 2022, 11:14 pm
message: Contact Role data fetched.
-------------------------
-------------------------
time: January 12, 2022, 11:25 pm
message: Contact Role data fetched.
-------------------------
