-------------------------
time: January 7, 2022, 12:24 am
message: GET method not allowed
-------------------------
-------------------------
time: January 7, 2022, 12:24 am
message: GET method not allowed
-------------------------
-------------------------
time: January 7, 2022, 12:50 am
message: Contact Role data fetched.
-------------------------
-------------------------
time: January 7, 2022, 1:06 am
message: Contact Role data fetched.
-------------------------
-------------------------
time: January 7, 2022, 1:36 am
message: Contact Role data fetched.
-------------------------
-------------------------
time: January 7, 2022, 1:49 am
message: Contact Role data fetched.
-------------------------
-------------------------
time: January 7, 2022, 2:28 am
message: Contact Role data fetched.
-------------------------
-------------------------
time: January 7, 2022, 3:20 am
message: Contact Role data fetched.
-------------------------
-------------------------
time: January 7, 2022, 3:52 am
message: Contact Role data fetched.
-------------------------
-------------------------
time: January 7, 2022, 4:53 am
message: Contact Role data fetched.
-------------------------
-------------------------
time: January 7, 2022, 7:29 am
message: Contact Role data fetched.
-------------------------
-------------------------
time: January 7, 2022, 8:12 am
message: Contact Role data fetched.
-------------------------
-------------------------
time: January 7, 2022, 8:33 am
message: Contact Role data fetched.
-------------------------
-------------------------
time: January 7, 2022, 8:35 am
message: Contact Role data fetched.
-------------------------
-------------------------
time: January 7, 2022, 8:56 am
message: Contact Role data fetched.
-------------------------
-------------------------
time: January 7, 2022, 9:15 am
message: Contact Role data fetched.
-------------------------
-------------------------
time: January 7, 2022, 10:10 am
message: Contact Role data fetched.
-------------------------
-------------------------
time: January 7, 2022, 10:10 am
message: Contact Role data fetched.
-------------------------
-------------------------
time: January 7, 2022, 10:22 am
message: Contact Role data fetched.
-------------------------
-------------------------
time: January 7, 2022, 10:31 am
message: Contact Role data fetched.
-------------------------
-------------------------
time: January 7, 2022, 11:09 am
message: Contact Role data fetched.
-------------------------
-------------------------
time: January 7, 2022, 11:25 am
message: Contact Role data fetched.
-------------------------
-------------------------
time: January 7, 2022, 11:31 am
message: Contact Role data fetched.
-------------------------
-------------------------
time: January 7, 2022, 11:34 am
message: Contact Role data fetched.
-------------------------
-------------------------
time: January 7, 2022, 12:06 pm
message: Contact Role data fetched.
-------------------------
-------------------------
time: January 7, 2022, 12:07 pm
message: Booking data fetched.
-------------------------
-------------------------
time: January 7, 2022, 12:18 pm
message: Contact Role data fetched.
-------------------------
-------------------------
time: January 7, 2022, 12:33 pm
message: Contact Role data fetched.
-------------------------
-------------------------
time: January 7, 2022, 1:08 pm
message: Contact Role data fetched.
-------------------------
-------------------------
time: January 7, 2022, 1:09 pm
message: Contact Role data fetched.
-------------------------
-------------------------
time: January 7, 2022, 1:14 pm
message: Contact Role data fetched.
-------------------------
-------------------------
time: January 7, 2022, 1:32 pm
message: Contact Role data fetched.
-------------------------
-------------------------
time: January 7, 2022, 1:34 pm
message: Contact Role data fetched.
-------------------------
-------------------------
time: January 7, 2022, 1:41 pm
message: Contact Role data fetched.
-------------------------
-------------------------
time: January 7, 2022, 2:01 pm
message: Contact Role data fetched.
-------------------------
-------------------------
time: January 7, 2022, 2:04 pm
message: Contact Role data fetched.
-------------------------
-------------------------
time: January 7, 2022, 2:05 pm
message: Contact Role data fetched.
-------------------------
-------------------------
time: January 7, 2022, 2:06 pm
message: Contact Role data fetched.
-------------------------
-------------------------
time: January 7, 2022, 2:08 pm
message: Contact Role data fetched.
-------------------------
-------------------------
time: January 7, 2022, 2:09 pm
message: Leaderboard data fetched.
-------------------------
-------------------------
time: January 7, 2022, 2:33 pm
message: Contact Role data fetched.
-------------------------
-------------------------
time: January 7, 2022, 2:42 pm
message: Contact Role data fetched.
-------------------------
-------------------------
time: January 7, 2022, 3:11 pm
message: Contact Role data fetched.
-------------------------
-------------------------
time: January 7, 2022, 3:28 pm
message: Contact Role data fetched.
-------------------------
-------------------------
time: January 7, 2022, 3:48 pm
message: Contact Role data fetched.
-------------------------
-------------------------
time: January 7, 2022, 4:22 pm
message: Contact Role data fetched.
-------------------------
-------------------------
time: January 7, 2022, 4:49 pm
message: Contact Role data fetched.
-------------------------
-------------------------
time: January 7, 2022, 5:08 pm
message: Contact Role data fetched.
-------------------------
-------------------------
time: January 7, 2022, 5:21 pm
message: Contact Role data fetched.
-------------------------
-------------------------
time: January 7, 2022, 6:04 pm
message: Contact Role data fetched.
-------------------------
-------------------------
time: January 7, 2022, 6:16 pm
message: Contact Role data fetched.
-------------------------
-------------------------
time: January 7, 2022, 6:21 pm
message: Contact Role data fetched.
-------------------------
-------------------------
time: January 7, 2022, 7:17 pm
message: Contact Role data fetched.
-------------------------
-------------------------
time: January 7, 2022, 8:03 pm
message: Contact Role data fetched.
-------------------------
-------------------------
time: January 7, 2022, 8:56 pm
message: Contact Role data fetched.
-------------------------
-------------------------
time: January 7, 2022, 9:22 pm
message: Contact Role data fetched.
-------------------------
-------------------------
time: January 7, 2022, 9:35 pm
message: Contact Role data fetched.
-------------------------
-------------------------
time: January 7, 2022, 9:47 pm
message: Contact Role data fetched.
-------------------------
-------------------------
time: January 7, 2022, 9:57 pm
message: Contact Role data fetched.
-------------------------
-------------------------
time: January 7, 2022, 9:59 pm
message: Contact Role data fetched.
-------------------------
-------------------------
time: January 7, 2022, 10:23 pm
message: Contact Role data fetched.
-------------------------
-------------------------
time: January 7, 2022, 10:32 pm
message: Contact Role data fetched.
-------------------------
-------------------------
time: January 7, 2022, 10:33 pm
message: Expired token
-------------------------
-------------------------
time: January 7, 2022, 10:33 pm
message: Contact Role data fetched.
-------------------------
-------------------------
time: January 7, 2022, 10:51 pm
message: Contact Role data fetched.
-------------------------
-------------------------
time: January 7, 2022, 11:18 pm
message: Contact Role data fetched.
-------------------------
-------------------------
time: January 7, 2022, 11:43 pm
message: Contact Role data fetched.
-------------------------
-------------------------
time: January 7, 2022, 11:46 pm
message: Contact Role data fetched.
-------------------------
