-------------------------
time: November 7, 2021, 11:47 am
message: Leaderboard data fetched.
-------------------------
-------------------------
time: November 7, 2021, 8:01 pm
message: GET method not allowed
-------------------------
-------------------------
time: November 7, 2021, 8:01 pm
message: GET method not allowed
-------------------------
-------------------------
time: November 7, 2021, 8:01 pm
message: GET method not allowed
-------------------------
-------------------------
time: November 7, 2021, 10:59 pm
message: GET method not allowed
-------------------------
-------------------------
time: November 7, 2021, 10:59 pm
message: GET method not allowed
-------------------------
-------------------------
time: November 7, 2021, 10:59 pm
message: GET method not allowed
-------------------------
