-------------------------
time: November 19, 2021, 1:11 am
message: Leaderboard data fetched.
-------------------------
-------------------------
time: November 19, 2021, 5:51 am
message: GET method not allowed
-------------------------
-------------------------
time: November 19, 2021, 9:23 am
message: GET method not allowed
-------------------------
-------------------------
time: November 19, 2021, 9:54 am
message: GET method not allowed
-------------------------
-------------------------
time: November 19, 2021, 12:26 pm
message: Leaderboard data fetched.
-------------------------
-------------------------
time: November 19, 2021, 4:34 pm
message: Leaderboard data fetched.
-------------------------
-------------------------
time: November 19, 2021, 4:43 pm
message: GET method not allowed
-------------------------
-------------------------
time: November 19, 2021, 5:14 pm
message: GET method not allowed
-------------------------
-------------------------
time: November 19, 2021, 6:10 pm
message: Leaderboard data fetched.
-------------------------
