-------------------------
time: December 31, 2021, 12:59 am
message: Contact Role data fetched.
-------------------------
-------------------------
time: December 31, 2021, 4:58 am
message: Contact Role data fetched.
-------------------------
-------------------------
time: December 31, 2021, 6:40 am
message: Contact Role data fetched.
-------------------------
-------------------------
time: December 31, 2021, 8:18 am
message: Leaderboard data fetched.
-------------------------
-------------------------
time: December 31, 2021, 8:41 am
message: Contact Role data fetched.
-------------------------
-------------------------
time: December 31, 2021, 9:23 am
message: Contact Role data fetched.
-------------------------
-------------------------
time: December 31, 2021, 9:27 am
message: Contact Role data fetched.
-------------------------
-------------------------
time: December 31, 2021, 9:38 am
message: Contact Role data fetched.
-------------------------
-------------------------
time: December 31, 2021, 9:38 am
message: Contact Role data fetched.
-------------------------
-------------------------
time: December 31, 2021, 9:39 am
message: Booking data fetched.
-------------------------
-------------------------
time: December 31, 2021, 9:51 am
message: Contact Role data fetched.
-------------------------
-------------------------
time: December 31, 2021, 9:56 am
message: Contact Role data fetched.
-------------------------
-------------------------
time: December 31, 2021, 9:57 am
message: Contact Role data fetched.
-------------------------
-------------------------
time: December 31, 2021, 10:06 am
message: Contact Role data fetched.
-------------------------
-------------------------
time: December 31, 2021, 10:07 am
message: Contact Role data fetched.
-------------------------
-------------------------
time: December 31, 2021, 10:09 am
message: Contact Role data fetched.
-------------------------
-------------------------
time: December 31, 2021, 10:11 am
message: Contact Role data fetched.
-------------------------
-------------------------
time: December 31, 2021, 10:11 am
message: Contact Role data fetched.
-------------------------
-------------------------
time: December 31, 2021, 10:19 am
message: Contact Role data fetched.
-------------------------
-------------------------
time: December 31, 2021, 10:57 am
message: Contact Role data fetched.
-------------------------
-------------------------
time: December 31, 2021, 11:16 am
message: Contact Role data fetched.
-------------------------
-------------------------
time: December 31, 2021, 11:19 am
message: Contact Role data fetched.
-------------------------
-------------------------
time: December 31, 2021, 11:20 am
message: Contact Role data fetched.
-------------------------
-------------------------
time: December 31, 2021, 11:21 am
message: Contact Role data fetched.
-------------------------
-------------------------
time: December 31, 2021, 11:30 am
message: Contact Role data fetched.
-------------------------
-------------------------
time: December 31, 2021, 11:39 am
message: Expired token
-------------------------
-------------------------
time: December 31, 2021, 11:39 am
message: Contact Role data fetched.
-------------------------
-------------------------
time: December 31, 2021, 11:52 am
message: Contact Role data fetched.
-------------------------
-------------------------
time: December 31, 2021, 11:54 am
message: Contact Role data fetched.
-------------------------
-------------------------
time: December 31, 2021, 11:55 am
message: Contact Role data fetched.
-------------------------
-------------------------
time: December 31, 2021, 11:55 am
message: Contact Role data fetched.
-------------------------
-------------------------
time: December 31, 2021, 11:57 am
message: Contact Role data fetched.
-------------------------
-------------------------
time: December 31, 2021, 11:57 am
message: Contact Role data fetched.
-------------------------
-------------------------
time: December 31, 2021, 12:01 pm
message: Contact Role data fetched.
-------------------------
-------------------------
time: December 31, 2021, 12:07 pm
message: Contact Role data fetched.
-------------------------
-------------------------
time: December 31, 2021, 12:27 pm
message: Contact Role data fetched.
-------------------------
-------------------------
time: December 31, 2021, 12:31 pm
message: Contact Role data fetched.
-------------------------
-------------------------
time: December 31, 2021, 12:34 pm
message: Contact Role data fetched.
-------------------------
-------------------------
time: December 31, 2021, 12:37 pm
message: Contact Role data fetched.
-------------------------
-------------------------
time: December 31, 2021, 12:48 pm
message: Contact Role data fetched.
-------------------------
-------------------------
time: December 31, 2021, 12:51 pm
message: Contact Role data fetched.
-------------------------
-------------------------
time: December 31, 2021, 1:03 pm
message: Contact Role data fetched.
-------------------------
-------------------------
time: December 31, 2021, 1:10 pm
message: Contact Role data fetched.
-------------------------
-------------------------
time: December 31, 2021, 2:40 pm
message: Contact Role data fetched.
-------------------------
-------------------------
time: December 31, 2021, 3:59 pm
message: Contact Role data fetched.
-------------------------
-------------------------
time: December 31, 2021, 4:00 pm
message: Contact Role data fetched.
-------------------------
-------------------------
time: December 31, 2021, 5:31 pm
message: Contact Role data fetched.
-------------------------
-------------------------
time: December 31, 2021, 6:10 pm
message: Contact Role data fetched.
-------------------------
-------------------------
time: December 31, 2021, 6:37 pm
message: Contact Role data fetched.
-------------------------
-------------------------
time: December 31, 2021, 6:47 pm
message: Contact Role data fetched.
-------------------------
-------------------------
time: December 31, 2021, 7:08 pm
message: Contact Role data fetched.
-------------------------
-------------------------
time: December 31, 2021, 7:32 pm
message: Contact Role data fetched.
-------------------------
-------------------------
time: December 31, 2021, 8:12 pm
message: Contact Role data fetched.
-------------------------
-------------------------
time: December 31, 2021, 8:13 pm
message: Contact Role data fetched.
-------------------------
-------------------------
time: December 31, 2021, 9:24 pm
message: Contact Role data fetched.
-------------------------
-------------------------
time: December 31, 2021, 10:19 pm
message: Contact Role data fetched.
-------------------------
-------------------------
time: December 31, 2021, 11:09 pm
message: Contact Role data fetched.
-------------------------
-------------------------
time: December 31, 2021, 11:10 pm
message: Contact Role data fetched.
-------------------------
-------------------------
time: December 31, 2021, 11:25 pm
message: Contact Role data fetched.
-------------------------
