-------------------------
time: October 4, 2021, 12:05 am
message: GET method not allowed.
-------------------------
-------------------------
time: October 4, 2021, 12:07 am
message: Leaderboard data fetched.
-------------------------
-------------------------
time: October 4, 2021, 12:08 am
message: GET method not allowed
-------------------------
-------------------------
time: October 4, 2021, 12:16 am
message: GET method not allowed
-------------------------
-------------------------
time: October 4, 2021, 12:18 am
message: Expired token
-------------------------
-------------------------
time: October 4, 2021, 12:23 am
message: GET method not allowed
-------------------------
-------------------------
time: October 4, 2021, 12:24 am
message: GET method not allowed
-------------------------
-------------------------
time: October 4, 2021, 12:25 am
message: Leaderboard data fetched.
-------------------------
-------------------------
time: October 4, 2021, 12:26 am
message: Leaderboard data fetched.
-------------------------
-------------------------
time: October 4, 2021, 12:27 am
message: GET method not allowed.
-------------------------
-------------------------
time: October 4, 2021, 12:29 am
message: GET method not allowed
-------------------------
-------------------------
time: October 4, 2021, 12:32 am
message: Leaderboard data fetched.
-------------------------
-------------------------
time: October 4, 2021, 12:33 am
message: Booking data fetched.
-------------------------
-------------------------
time: October 4, 2021, 12:33 am
message: GET method not allowed
-------------------------
-------------------------
time: October 4, 2021, 12:34 am
message: GET method not allowed
-------------------------
-------------------------
time: October 4, 2021, 12:34 am
message: Booking data fetched.
-------------------------
-------------------------
time: October 4, 2021, 12:34 am
message: Expired token
-------------------------
-------------------------
time: October 4, 2021, 12:35 am
message: GET method not allowed
-------------------------
-------------------------
time: October 4, 2021, 12:35 am
message: before foreach: 8, informal_event
-------------------------
-------------------------
time: October 4, 2021, 12:36 am
message: GET method not allowed
-------------------------
-------------------------
time: October 4, 2021, 12:36 am
message: GET method not allowed
-------------------------
-------------------------
time: October 4, 2021, 12:38 am
message: GET method not allowed
-------------------------
-------------------------
time: October 4, 2021, 12:38 am
message: GET method not allowed
-------------------------
-------------------------
time: October 4, 2021, 12:39 am
message: Leaderboard data fetched.
-------------------------
-------------------------
time: October 4, 2021, 12:41 am
message: Booking data fetched.
-------------------------
-------------------------
time: October 4, 2021, 12:41 am
message: GET method not allowed
-------------------------
-------------------------
time: October 4, 2021, 12:42 am
message: GET method not allowed.
-------------------------
-------------------------
time: October 4, 2021, 12:42 am
message: Booking data fetched.
-------------------------
-------------------------
time: October 4, 2021, 12:43 am
message: GET method not allowed
-------------------------
-------------------------
time: October 4, 2021, 12:44 am
message: GET method not allowed
-------------------------
-------------------------
time: October 4, 2021, 12:46 am
message: GET method not allowed
-------------------------
-------------------------
time: October 4, 2021, 12:46 am
message: GET method not allowed.
-------------------------
-------------------------
time: October 4, 2021, 12:59 am
message: GET method not allowed
-------------------------
-------------------------
time: October 4, 2021, 1:02 am
message: Leaderboard data fetched.
-------------------------
-------------------------
time: October 4, 2021, 1:12 am
message: Leaderboard data fetched.
-------------------------
-------------------------
time: October 4, 2021, 1:16 am
message: GET method not allowed
-------------------------
-------------------------
time: October 4, 2021, 1:19 am
message: GET method not allowed
-------------------------
-------------------------
time: October 4, 2021, 1:19 am
message: GET method not allowed
-------------------------
-------------------------
time: October 4, 2021, 1:19 am
message: GET method not allowed
-------------------------
-------------------------
time: October 4, 2021, 1:25 am
message: Email Id is already associated with another account.
-------------------------
-------------------------
time: October 4, 2021, 1:26 am
message: SQLSTATE[HY000]: General error: 1366 Incorrect integer value: '' for column 'college_id' at row 1
-------------------------
-------------------------
time: October 4, 2021, 1:26 am
message: SQLSTATE[HY000]: General error: 1366 Incorrect integer value: '' for column 'college_id' at row 1
-------------------------
-------------------------
time: October 4, 2021, 1:26 am
message: SQLSTATE[HY000]: General error: 1366 Incorrect integer value: '' for column 'college_id' at row 1
-------------------------
-------------------------
time: October 4, 2021, 1:26 am
message: SQLSTATE[HY000]: General error: 1366 Incorrect integer value: '' for column 'college_id' at row 1
-------------------------
-------------------------
time: October 4, 2021, 1:29 am
message: GET method not allowed
-------------------------
-------------------------
time: October 4, 2021, 1:33 am
message: GET method not allowed
-------------------------
-------------------------
time: October 4, 2021, 1:33 am
message: Booking data fetched.
-------------------------
-------------------------
time: October 4, 2021, 1:37 am
message: GET method not allowed
-------------------------
-------------------------
time: October 4, 2021, 1:38 am
message: Booking data fetched.
-------------------------
-------------------------
time: October 4, 2021, 1:42 am
message: GET method not allowed
-------------------------
-------------------------
time: October 4, 2021, 1:42 am
message: GET method not allowed
-------------------------
-------------------------
time: October 4, 2021, 1:42 am
message: GET method not allowed
-------------------------
-------------------------
time: October 4, 2021, 1:43 am
message: GET method not allowed
-------------------------
-------------------------
time: October 4, 2021, 1:43 am
message: GET method not allowed
-------------------------
-------------------------
time: October 4, 2021, 1:48 am
message: Booking data fetched.
-------------------------
-------------------------
time: October 4, 2021, 1:48 am
message: Leaderboard data fetched.
-------------------------
-------------------------
time: October 4, 2021, 1:48 am
message: GET method not allowed
-------------------------
-------------------------
time: October 4, 2021, 1:49 am
message: Leaderboard data fetched.
-------------------------
-------------------------
time: October 4, 2021, 1:49 am
message: GET method not allowed
-------------------------
-------------------------
time: October 4, 2021, 1:50 am
message: Leaderboard data fetched.
-------------------------
-------------------------
time: October 4, 2021, 1:50 am
message: Leaderboard data fetched.
-------------------------
-------------------------
time: October 4, 2021, 1:51 am
message: Leaderboard data fetched.
-------------------------
-------------------------
time: October 4, 2021, 1:51 am
message: Leaderboard data fetched.
-------------------------
-------------------------
time: October 4, 2021, 1:52 am
message: GET method not allowed
-------------------------
-------------------------
time: October 4, 2021, 1:52 am
message: Leaderboard data fetched.
-------------------------
-------------------------
time: October 4, 2021, 1:52 am
message: GET method not allowed
-------------------------
-------------------------
time: October 4, 2021, 1:52 am
message: Leaderboard data fetched.
-------------------------
-------------------------
time: October 4, 2021, 1:52 am
message: Leaderboard data fetched.
-------------------------
-------------------------
time: October 4, 2021, 1:53 am
message: Leaderboard data fetched.
-------------------------
-------------------------
time: October 4, 2021, 1:53 am
message: Leaderboard data fetched.
-------------------------
-------------------------
time: October 4, 2021, 1:53 am
message: Leaderboard data fetched.
-------------------------
-------------------------
time: October 4, 2021, 1:54 am
message: Leaderboard data fetched.
-------------------------
-------------------------
time: October 4, 2021, 1:54 am
message: Leaderboard data fetched.
-------------------------
-------------------------
time: October 4, 2021, 1:54 am
message: Leaderboard data fetched.
-------------------------
-------------------------
time: October 4, 2021, 1:56 am
message: GET method not allowed
-------------------------
-------------------------
time: October 4, 2021, 1:57 am
message: Leaderboard data fetched.
-------------------------
-------------------------
time: October 4, 2021, 1:57 am
message: Leaderboard data fetched.
-------------------------
-------------------------
time: October 4, 2021, 1:59 am
message: GET method not allowed
-------------------------
-------------------------
time: October 4, 2021, 1:59 am
message: Booking data fetched.
-------------------------
-------------------------
time: October 4, 2021, 1:59 am
message: GET method not allowed
-------------------------
-------------------------
time: October 4, 2021, 1:59 am
message: GET method not allowed
-------------------------
-------------------------
time: October 4, 2021, 2:00 am
message: Booking data fetched.
-------------------------
-------------------------
time: October 4, 2021, 2:00 am
message: GET method not allowed
-------------------------
-------------------------
time: October 4, 2021, 2:01 am
message: GET method not allowed
-------------------------
-------------------------
time: October 4, 2021, 2:04 am
message: GET method not allowed
-------------------------
-------------------------
time: October 4, 2021, 2:04 am
message: Booking data fetched.
-------------------------
-------------------------
time: October 4, 2021, 2:05 am
message: Booking data fetched.
-------------------------
-------------------------
time: October 4, 2021, 2:08 am
message: Booking data fetched.
-------------------------
-------------------------
time: October 4, 2021, 2:11 am
message: GET method not allowed
-------------------------
-------------------------
time: October 4, 2021, 2:11 am
message: Booking data fetched.
-------------------------
-------------------------
time: October 4, 2021, 2:11 am
message: Booking data fetched.
-------------------------
-------------------------
time: October 4, 2021, 2:12 am
message: Booking data fetched.
-------------------------
-------------------------
time: October 4, 2021, 2:12 am
message: Expired token
-------------------------
-------------------------
time: October 4, 2021, 2:14 am
message: GET method not allowed
-------------------------
-------------------------
time: October 4, 2021, 2:16 am
message: GET method not allowed
-------------------------
-------------------------
time: October 4, 2021, 2:17 am
message: GET method not allowed
-------------------------
-------------------------
time: October 4, 2021, 2:24 am
message: GET method not allowed
-------------------------
-------------------------
time: October 4, 2021, 2:25 am
message: GET method not allowed
-------------------------
-------------------------
time: October 4, 2021, 2:26 am
message: GET method not allowed
-------------------------
-------------------------
time: October 4, 2021, 2:26 am
message: GET method not allowed
-------------------------
-------------------------
time: October 4, 2021, 2:26 am
message: GET method not allowed
-------------------------
-------------------------
time: October 4, 2021, 2:27 am
message: Leaderboard data fetched.
-------------------------
-------------------------
time: October 4, 2021, 2:27 am
message: Leaderboard data fetched.
-------------------------
-------------------------
time: October 4, 2021, 2:27 am
message: GET method not allowed
-------------------------
-------------------------
time: October 4, 2021, 2:27 am
message: GET method not allowed
-------------------------
-------------------------
time: October 4, 2021, 2:27 am
message: GET method not allowed
-------------------------
-------------------------
time: October 4, 2021, 2:28 am
message: Leaderboard data fetched.
-------------------------
-------------------------
time: October 4, 2021, 2:28 am
message: GET method not allowed
-------------------------
-------------------------
time: October 4, 2021, 2:29 am
message: Leaderboard data fetched.
-------------------------
-------------------------
time: October 4, 2021, 2:29 am
message: Leaderboard data fetched.
-------------------------
-------------------------
time: October 4, 2021, 2:30 am
message: GET method not allowed
-------------------------
-------------------------
time: October 4, 2021, 2:30 am
message: GET method not allowed
-------------------------
-------------------------
time: October 4, 2021, 2:31 am
message: Booking data fetched.
-------------------------
-------------------------
time: October 4, 2021, 2:31 am
message: GET method not allowed
-------------------------
-------------------------
time: October 4, 2021, 2:34 am
message: Booking data fetched.
-------------------------
-------------------------
time: October 4, 2021, 2:34 am
message: GET method not allowed
-------------------------
-------------------------
time: October 4, 2021, 2:35 am
message: Booking data fetched.
-------------------------
-------------------------
time: October 4, 2021, 2:37 am
message: GET method not allowed
-------------------------
-------------------------
time: October 4, 2021, 2:38 am
message: GET method not allowed
-------------------------
-------------------------
time: October 4, 2021, 2:38 am
message: GET method not allowed
-------------------------
-------------------------
time: October 4, 2021, 2:41 am
message: GET method not allowed.
-------------------------
-------------------------
time: October 4, 2021, 2:53 am
message: Leaderboard data fetched.
-------------------------
-------------------------
time: October 4, 2021, 3:05 am
message: before foreach: 44, workshop
-------------------------
-------------------------
time: October 4, 2021, 3:06 am
message: Booking data fetched.
-------------------------
-------------------------
time: October 4, 2021, 3:06 am
message: before foreach: 9, informal_event
-------------------------
-------------------------
time: October 4, 2021, 3:06 am
message: Image file to be deleted: C:\inetpub\wwwroot\trbs_2021\services\models/../uploads/584780-random.jpg
-------------------------
-------------------------
time: October 4, 2021, 3:06 am
message: Image file deleted: C:\inetpub\wwwroot\trbs_2021\services\models/../uploads/584780-random.jpg
-------------------------
-------------------------
time: October 4, 2021, 3:42 am
message: GET method not allowed
-------------------------
-------------------------
time: October 4, 2021, 4:05 am
message: Leaderboard data fetched.
-------------------------
-------------------------
time: October 4, 2021, 4:05 am
message: Leaderboard data fetched.
-------------------------
-------------------------
time: October 4, 2021, 6:01 am
message: Leaderboard data fetched.
-------------------------
-------------------------
time: October 4, 2021, 6:04 am
message: Leaderboard data fetched.
-------------------------
-------------------------
time: October 4, 2021, 7:04 am
message: Leaderboard data fetched.
-------------------------
-------------------------
time: October 4, 2021, 7:35 am
message: Leaderboard data fetched.
-------------------------
-------------------------
time: October 4, 2021, 7:39 am
message: Leaderboard data fetched.
-------------------------
-------------------------
time: October 4, 2021, 7:52 am
message: Booking data fetched.
-------------------------
-------------------------
time: October 4, 2021, 7:52 am
message: Expired token
-------------------------
-------------------------
time: October 4, 2021, 7:53 am
message: Booking data fetched.
-------------------------
-------------------------
time: October 4, 2021, 7:53 am
message: Expired token
-------------------------
-------------------------
time: October 4, 2021, 8:12 am
message: Username/Password not valid.
-------------------------
-------------------------
time: October 4, 2021, 8:13 am
message: User not found with given email id.
-------------------------
-------------------------
time: October 4, 2021, 8:13 am
message: User not found with given email id.
-------------------------
-------------------------
time: October 4, 2021, 8:13 am
message: User not found with given email id.
-------------------------
-------------------------
time: October 4, 2021, 8:17 am
message: Booking data fetched.
-------------------------
-------------------------
time: October 4, 2021, 8:18 am
message: Leaderboard data fetched.
-------------------------
-------------------------
time: October 4, 2021, 8:20 am
message: Error 2 occured on line 63 in file C:\inetpub\wwwroot\trbs_2021\services\api\images\update.php: unlink(../../uploads/103370-philipkotler.png): No such file or directory.
-------------------------
-------------------------
time: October 4, 2021, 8:22 am
message: Error 2 occured on line 63 in file C:\inetpub\wwwroot\trbs_2021\services\api\images\update.php: unlink(../../uploads/925861-nikifrank.png): No such file or directory.
-------------------------
-------------------------
time: October 4, 2021, 8:30 am
message: GET method not allowed
-------------------------
-------------------------
time: October 4, 2021, 8:39 am
message: Username/Password not valid.
-------------------------
-------------------------
time: October 4, 2021, 8:39 am
message: User not found with given email id.
-------------------------
-------------------------
time: October 4, 2021, 8:43 am
message: Username/Password not valid.
-------------------------
-------------------------
time: October 4, 2021, 8:43 am
message: Username/Password not valid.
-------------------------
-------------------------
time: October 4, 2021, 8:48 am
message: Username/Password not valid.
-------------------------
-------------------------
time: October 4, 2021, 8:48 am
message: User not found with given email id.
-------------------------
-------------------------
time: October 4, 2021, 8:49 am
message: User not found with given email id.
-------------------------
-------------------------
time: October 4, 2021, 8:57 am
message: Leaderboard data fetched.
-------------------------
-------------------------
time: October 4, 2021, 9:00 am
message: SQLSTATE[HY000]: General error: 1366 Incorrect integer value: '' for column 'year' at row 1
-------------------------
-------------------------
time: October 4, 2021, 9:00 am
message: SQLSTATE[HY000]: General error: 1366 Incorrect integer value: '' for column 'year' at row 1
-------------------------
-------------------------
time: October 4, 2021, 9:00 am
message: Leaderboard data fetched.
-------------------------
-------------------------
time: October 4, 2021, 9:01 am
message: Expired token
-------------------------
-------------------------
time: October 4, 2021, 9:01 am
message: Booking data fetched.
-------------------------
-------------------------
time: October 4, 2021, 9:01 am
message: Leaderboard data fetched.
-------------------------
-------------------------
time: October 4, 2021, 9:01 am
message: Booking data fetched.
-------------------------
-------------------------
time: October 4, 2021, 9:01 am
message: Expired token
-------------------------
-------------------------
time: October 4, 2021, 9:02 am
message: Expired token
-------------------------
-------------------------
time: October 4, 2021, 9:02 am
message: Booking data fetched.
-------------------------
-------------------------
time: October 4, 2021, 9:02 am
message: Booking data fetched.
-------------------------
-------------------------
time: October 4, 2021, 9:02 am
message: Expired token
-------------------------
-------------------------
time: October 4, 2021, 9:12 am
message: Booking data fetched.
-------------------------
-------------------------
time: October 4, 2021, 9:12 am
message: Expired token
-------------------------
-------------------------
time: October 4, 2021, 9:14 am
message: Booking data fetched.
-------------------------
-------------------------
time: October 4, 2021, 9:18 am
message: Username/Password not valid.
-------------------------
-------------------------
time: October 4, 2021, 9:18 am
message: Username/Password not valid.
-------------------------
-------------------------
time: October 4, 2021, 9:18 am
message: Username/Password not valid.
-------------------------
-------------------------
time: October 4, 2021, 9:23 am
message: Username/Password not valid.
-------------------------
-------------------------
time: October 4, 2021, 9:26 am
message: Booking data fetched.
-------------------------
-------------------------
time: October 4, 2021, 9:27 am
message: Leaderboard data fetched.
-------------------------
-------------------------
time: October 4, 2021, 9:28 am
message: Booking data fetched.
-------------------------
-------------------------
time: October 4, 2021, 9:30 am
message: Booking data fetched.
-------------------------
-------------------------
time: October 4, 2021, 9:40 am
message: Booking data fetched.
-------------------------
-------------------------
time: October 4, 2021, 9:47 am
message: Booking data fetched.
-------------------------
-------------------------
time: October 4, 2021, 9:48 am
message: Booking data fetched.
-------------------------
-------------------------
time: October 4, 2021, 9:48 am
message: Leaderboard data fetched.
-------------------------
-------------------------
time: October 4, 2021, 9:49 am
message: Booking data fetched.
-------------------------
-------------------------
time: October 4, 2021, 9:50 am
message: Expired token
-------------------------
-------------------------
time: October 4, 2021, 9:51 am
message: Expired token
-------------------------
-------------------------
time: October 4, 2021, 9:52 am
message: Username/Password not valid.
-------------------------
-------------------------
time: October 4, 2021, 10:10 am
message: Leaderboard data fetched.
-------------------------
-------------------------
time: October 4, 2021, 10:10 am
message: Leaderboard data fetched.
-------------------------
-------------------------
time: October 4, 2021, 10:16 am
message: Leaderboard data fetched.
-------------------------
-------------------------
time: October 4, 2021, 10:22 am
message: Leaderboard data fetched.
-------------------------
-------------------------
time: October 4, 2021, 10:36 am
message: GET method not allowed
-------------------------
-------------------------
time: October 4, 2021, 10:36 am
message: GET method not allowed
-------------------------
-------------------------
time: October 4, 2021, 10:36 am
message: GET method not allowed
-------------------------
-------------------------
time: October 4, 2021, 10:37 am
message: GET method not allowed
-------------------------
-------------------------
time: October 4, 2021, 10:38 am
message: GET method not allowed.
-------------------------
-------------------------
time: October 4, 2021, 10:39 am
message: GET method not allowed.
-------------------------
-------------------------
time: October 4, 2021, 10:39 am
message: GET method not allowed.
-------------------------
-------------------------
time: October 4, 2021, 10:39 am
message: GET method not allowed
-------------------------
-------------------------
time: October 4, 2021, 10:41 am
message: GET method not allowed
-------------------------
-------------------------
time: October 4, 2021, 10:43 am
message: Leaderboard data fetched.
-------------------------
-------------------------
time: October 4, 2021, 10:44 am
message: GET method not allowed
-------------------------
-------------------------
time: October 4, 2021, 10:44 am
message: GET method not allowed
-------------------------
-------------------------
time: October 4, 2021, 10:44 am
message: GET method not allowed
-------------------------
-------------------------
time: October 4, 2021, 10:44 am
message: SQLSTATE[HY000]: General error: 1366 Incorrect integer value: '' for column 'year' at row 1
-------------------------
-------------------------
time: October 4, 2021, 10:44 am
message: SQLSTATE[HY000]: General error: 1366 Incorrect integer value: '' for column 'year' at row 1
-------------------------
-------------------------
time: October 4, 2021, 10:46 am
message: Username/Password not valid.
-------------------------
-------------------------
time: October 4, 2021, 10:46 am
message: Username/Password not valid.
-------------------------
-------------------------
time: October 4, 2021, 10:46 am
message: GET method not allowed
-------------------------
-------------------------
time: October 4, 2021, 10:48 am
message: Booking data fetched.
-------------------------
-------------------------
time: October 4, 2021, 10:51 am
message: Booking data fetched.
-------------------------
-------------------------
time: October 4, 2021, 10:51 am
message: Expired token
-------------------------
-------------------------
time: October 4, 2021, 10:51 am
message: Booking data fetched.
-------------------------
-------------------------
time: October 4, 2021, 10:58 am
message: User not found with given email id.
-------------------------
-------------------------
time: October 4, 2021, 10:58 am
message: User not found with given email id.
-------------------------
-------------------------
time: October 4, 2021, 10:58 am
message: User not found with given email id.
-------------------------
-------------------------
time: October 4, 2021, 10:58 am
message: User not found with given email id.
-------------------------
-------------------------
time: October 4, 2021, 11:00 am
message: Error 2 occured on line 63 in file C:\inetpub\wwwroot\trbs_2021\services\api\images\update.php: unlink(../../uploads/61566-amy nishta satyam (2).png): No such file or directory.
-------------------------
-------------------------
time: October 4, 2021, 11:05 am
message: Username/Password not valid.
-------------------------
-------------------------
time: October 4, 2021, 11:05 am
message: Username/Password not valid.
-------------------------
-------------------------
time: October 4, 2021, 11:05 am
message: Username/Password not valid.
-------------------------
-------------------------
time: October 4, 2021, 11:11 am
message: Username/Password not valid.
-------------------------
-------------------------
time: October 4, 2021, 11:11 am
message: Username/Password not valid.
-------------------------
-------------------------
time: October 4, 2021, 11:16 am
message: User not found with given email id.
-------------------------
-------------------------
time: October 4, 2021, 11:17 am
message: User not found with given email id.
-------------------------
-------------------------
time: October 4, 2021, 11:21 am
message: Leaderboard data fetched.
-------------------------
-------------------------
time: October 4, 2021, 11:23 am
message: GET method not allowed
-------------------------
-------------------------
time: October 4, 2021, 11:29 am
message: Leaderboard data fetched.
-------------------------
-------------------------
time: October 4, 2021, 11:50 am
message: Username/Password not valid.
-------------------------
-------------------------
time: October 4, 2021, 11:50 am
message: Username/Password not valid.
-------------------------
-------------------------
time: October 4, 2021, 11:50 am
message: Username/Password not valid.
-------------------------
-------------------------
time: October 4, 2021, 11:51 am
message: User not found with given email id.
-------------------------
-------------------------
time: October 4, 2021, 11:54 am
message: User not found with given email id.
-------------------------
-------------------------
time: October 4, 2021, 11:55 am
message: User not found with given email id.
-------------------------
-------------------------
time: October 4, 2021, 11:55 am
message: User not found with given email id.
-------------------------
-------------------------
time: October 4, 2021, 11:55 am
message: Username/Password not valid.
-------------------------
-------------------------
time: October 4, 2021, 12:05 pm
message: Expired token
-------------------------
-------------------------
time: October 4, 2021, 12:06 pm
message: Booking data fetched.
-------------------------
-------------------------
time: October 4, 2021, 12:11 pm
message: Username/Password not valid.
-------------------------
-------------------------
time: October 4, 2021, 12:11 pm
message: Username/Password not valid.
-------------------------
-------------------------
time: October 4, 2021, 12:12 pm
message: Leaderboard data fetched.
-------------------------
-------------------------
time: October 4, 2021, 12:16 pm
message: Expired token
-------------------------
-------------------------
time: October 4, 2021, 12:28 pm
message: Username/Password not valid.
-------------------------
-------------------------
time: October 4, 2021, 12:29 pm
message: Username/Password not valid.
-------------------------
-------------------------
time: October 4, 2021, 12:29 pm
message: Username/Password not valid.
-------------------------
-------------------------
time: October 4, 2021, 12:31 pm
message: Username/Password not valid.
-------------------------
-------------------------
time: October 4, 2021, 12:32 pm
message: Username/Password not valid.
-------------------------
-------------------------
time: October 4, 2021, 12:33 pm
message: Username/Password not valid.
-------------------------
-------------------------
time: October 4, 2021, 12:33 pm
message: Username/Password not valid.
-------------------------
-------------------------
time: October 4, 2021, 12:33 pm
message: Username/Password not valid.
-------------------------
-------------------------
time: October 4, 2021, 12:33 pm
message: Username/Password not valid.
-------------------------
-------------------------
time: October 4, 2021, 12:33 pm
message: Username/Password not valid.
-------------------------
-------------------------
time: October 4, 2021, 12:33 pm
message: Username/Password not valid.
-------------------------
-------------------------
time: October 4, 2021, 12:33 pm
message: Username/Password not valid.
-------------------------
-------------------------
time: October 4, 2021, 12:45 pm
message: Booking data fetched.
-------------------------
-------------------------
time: October 4, 2021, 12:46 pm
message: Username/Password not valid.
-------------------------
-------------------------
time: October 4, 2021, 12:46 pm
message: Username/Password not valid.
-------------------------
-------------------------
time: October 4, 2021, 12:46 pm
message: Username/Password not valid.
-------------------------
-------------------------
time: October 4, 2021, 12:50 pm
message: Leaderboard data fetched.
-------------------------
-------------------------
time: October 4, 2021, 12:51 pm
message: SQLSTATE[22001]: String data, right truncated: 1406 Data too long for column 'address' at row 1
-------------------------
-------------------------
time: October 4, 2021, 12:51 pm
message: SQLSTATE[22001]: String data, right truncated: 1406 Data too long for column 'address' at row 1
-------------------------
-------------------------
time: October 4, 2021, 12:54 pm
message: Username/Password not valid.
-------------------------
-------------------------
time: October 4, 2021, 1:03 pm
message: Leaderboard data fetched.
-------------------------
-------------------------
time: October 4, 2021, 1:05 pm
message: Leaderboard data fetched.
-------------------------
-------------------------
time: October 4, 2021, 1:05 pm
message: Leaderboard data fetched.
-------------------------
-------------------------
time: October 4, 2021, 1:05 pm
message: Leaderboard data fetched.
-------------------------
-------------------------
time: October 4, 2021, 1:05 pm
message: Username/Password not valid.
-------------------------
-------------------------
time: October 4, 2021, 1:05 pm
message: Leaderboard data fetched.
-------------------------
-------------------------
time: October 4, 2021, 1:08 pm
message: User not found with given email id.
-------------------------
-------------------------
time: October 4, 2021, 1:08 pm
message: User not found with given email id.
-------------------------
-------------------------
time: October 4, 2021, 1:11 pm
message: Leaderboard data fetched.
-------------------------
-------------------------
time: October 4, 2021, 1:11 pm
message: Leaderboard data fetched.
-------------------------
-------------------------
time: October 4, 2021, 1:13 pm
message: Leaderboard data fetched.
-------------------------
-------------------------
time: October 4, 2021, 1:15 pm
message: Booking data fetched.
-------------------------
-------------------------
time: October 4, 2021, 1:17 pm
message: Booking data fetched.
-------------------------
-------------------------
time: October 4, 2021, 1:18 pm
message: Username/Password not valid.
-------------------------
-------------------------
time: October 4, 2021, 1:19 pm
message: Username/Password not valid.
-------------------------
-------------------------
time: October 4, 2021, 1:21 pm
message: Username/Password not valid.
-------------------------
-------------------------
time: October 4, 2021, 1:23 pm
message: Username/Password not valid.
-------------------------
-------------------------
time: October 4, 2021, 1:23 pm
message: Username/Password not valid.
-------------------------
-------------------------
time: October 4, 2021, 1:23 pm
message: Username/Password not valid.
-------------------------
-------------------------
time: October 4, 2021, 1:24 pm
message: Username/Password not valid.
-------------------------
-------------------------
time: October 4, 2021, 1:24 pm
message: Username/Password not valid.
-------------------------
-------------------------
time: October 4, 2021, 1:26 pm
message: Username/Password not valid.
-------------------------
-------------------------
time: October 4, 2021, 1:27 pm
message: Username/Password not valid.
-------------------------
-------------------------
time: October 4, 2021, 1:27 pm
message: Username/Password not valid.
-------------------------
-------------------------
time: October 4, 2021, 1:28 pm
message: Username/Password not valid.
-------------------------
-------------------------
time: October 4, 2021, 1:28 pm
message: Email Id is already associated with another account.
-------------------------
-------------------------
time: October 4, 2021, 1:29 pm
message: Expired token
-------------------------
-------------------------
time: October 4, 2021, 1:29 pm
message: Username/Password not valid.
-------------------------
-------------------------
time: October 4, 2021, 1:32 pm
message: Username/Password not valid.
-------------------------
-------------------------
time: October 4, 2021, 1:32 pm
message: Username/Password not valid.
-------------------------
-------------------------
time: October 4, 2021, 1:32 pm
message: Username/Password not valid.
-------------------------
-------------------------
time: October 4, 2021, 1:32 pm
message: Username/Password not valid.
-------------------------
-------------------------
time: October 4, 2021, 1:33 pm
message: Username/Password not valid.
-------------------------
-------------------------
time: October 4, 2021, 1:33 pm
message: Email Id is already associated with another account.
-------------------------
-------------------------
time: October 4, 2021, 1:34 pm
message: Leaderboard data fetched.
-------------------------
-------------------------
time: October 4, 2021, 1:34 pm
message: Email Id is already associated with another account.
-------------------------
-------------------------
time: October 4, 2021, 1:36 pm
message: Username/Password not valid.
-------------------------
-------------------------
time: October 4, 2021, 1:36 pm
message: Username/Password not valid.
-------------------------
-------------------------
time: October 4, 2021, 1:36 pm
message: Username/Password not valid.
-------------------------
-------------------------
time: October 4, 2021, 1:37 pm
message: User not found with given email id.
-------------------------
-------------------------
time: October 4, 2021, 1:37 pm
message: User not found with given email id.
-------------------------
-------------------------
time: October 4, 2021, 1:37 pm
message: User not found with given email id.
-------------------------
-------------------------
time: October 4, 2021, 1:37 pm
message: User not found with given email id.
-------------------------
-------------------------
time: October 4, 2021, 1:47 pm
message: Expired token
-------------------------
-------------------------
time: October 4, 2021, 1:48 pm
message: Expired token
-------------------------
-------------------------
time: October 4, 2021, 1:53 pm
message: GET method not allowed
-------------------------
-------------------------
time: October 4, 2021, 1:59 pm
message: GET method not allowed.
-------------------------
-------------------------
time: October 4, 2021, 1:59 pm
message: GET method not allowed
-------------------------
-------------------------
time: October 4, 2021, 2:00 pm
message: GET method not allowed
-------------------------
-------------------------
time: October 4, 2021, 2:00 pm
message: GET method not allowed.
-------------------------
-------------------------
time: October 4, 2021, 2:01 pm
message: GET method not allowed
-------------------------
-------------------------
time: October 4, 2021, 2:03 pm
message: Expired token
-------------------------
-------------------------
time: October 4, 2021, 2:03 pm
message: GET method not allowed
-------------------------
-------------------------
time: October 4, 2021, 2:05 pm
message: before foreach: 10, informal_event
-------------------------
-------------------------
time: October 4, 2021, 2:05 pm
message: GET method not allowed.
-------------------------
-------------------------
time: October 4, 2021, 2:05 pm
message: Leaderboard data fetched.
-------------------------
-------------------------
time: October 4, 2021, 2:06 pm
message: GET method not allowed
-------------------------
-------------------------
time: October 4, 2021, 2:06 pm
message: GET method not allowed
-------------------------
-------------------------
time: October 4, 2021, 2:07 pm
message: GET method not allowed.
-------------------------
-------------------------
time: October 4, 2021, 2:07 pm
message: Booking data fetched.
-------------------------
-------------------------
time: October 4, 2021, 2:07 pm
message: GET method not allowed
-------------------------
-------------------------
time: October 4, 2021, 2:07 pm
message: GET method not allowed
-------------------------
-------------------------
time: October 4, 2021, 2:08 pm
message: GET method not allowed.
-------------------------
-------------------------
time: October 4, 2021, 2:15 pm
message: SQLSTATE[HY000]: General error: 1366 Incorrect integer value: '' for column 'year' at row 1
-------------------------
-------------------------
time: October 4, 2021, 2:15 pm
message: SQLSTATE[HY000]: General error: 1366 Incorrect integer value: '' for column 'year' at row 1
-------------------------
-------------------------
time: October 4, 2021, 2:19 pm
message: Username/Password not valid.
-------------------------
-------------------------
time: October 4, 2021, 2:20 pm
message: GET method not allowed
-------------------------
-------------------------
time: October 4, 2021, 2:22 pm
message: Leaderboard data fetched.
-------------------------
-------------------------
time: October 4, 2021, 2:22 pm
message: GET method not allowed
-------------------------
-------------------------
time: October 4, 2021, 2:24 pm
message: Booking data fetched.
-------------------------
-------------------------
time: October 4, 2021, 2:24 pm
message: GET method not allowed
-------------------------
-------------------------
time: October 4, 2021, 2:24 pm
message: Booking data fetched.
-------------------------
-------------------------
time: October 4, 2021, 2:25 pm
message: GET method not allowed.
-------------------------
-------------------------
time: October 4, 2021, 2:26 pm
message: Booking data fetched.
-------------------------
-------------------------
time: October 4, 2021, 2:34 pm
message: Booking data fetched.
-------------------------
-------------------------
time: October 4, 2021, 2:36 pm
message: Booking data fetched.
-------------------------
-------------------------
time: October 4, 2021, 2:39 pm
message: Booking data fetched.
-------------------------
-------------------------
time: October 4, 2021, 2:43 pm
message: Booking data fetched.
-------------------------
-------------------------
time: October 4, 2021, 2:50 pm
message: Booking data fetched.
-------------------------
-------------------------
time: October 4, 2021, 2:50 pm
message: Booking data fetched.
-------------------------
-------------------------
time: October 4, 2021, 2:53 pm
message: Expired token
-------------------------
-------------------------
time: October 4, 2021, 2:53 pm
message: Booking data fetched.
-------------------------
-------------------------
time: October 4, 2021, 2:53 pm
message: Expired token
-------------------------
-------------------------
time: October 4, 2021, 2:54 pm
message: Expired token
-------------------------
-------------------------
time: October 4, 2021, 2:54 pm
message: Booking data fetched.
-------------------------
-------------------------
time: October 4, 2021, 2:54 pm
message: Expired token
-------------------------
-------------------------
time: October 4, 2021, 2:57 pm
message: Booking data fetched.
-------------------------
-------------------------
time: October 4, 2021, 2:57 pm
message: Expired token
-------------------------
-------------------------
time: October 4, 2021, 2:57 pm
message: Expired token
-------------------------
-------------------------
time: October 4, 2021, 2:57 pm
message: Booking data fetched.
-------------------------
-------------------------
time: October 4, 2021, 2:57 pm
message: Expired token
-------------------------
-------------------------
time: October 4, 2021, 3:01 pm
message: Leaderboard data fetched.
-------------------------
-------------------------
time: October 4, 2021, 3:02 pm
message: Booking data fetched.
-------------------------
-------------------------
time: October 4, 2021, 3:03 pm
message: Expired token
-------------------------
-------------------------
time: October 4, 2021, 3:04 pm
message: Username/Password not valid.
-------------------------
-------------------------
time: October 4, 2021, 3:04 pm
message: Username/Password not valid.
-------------------------
-------------------------
time: October 4, 2021, 3:05 pm
message: Username/Password not valid.
-------------------------
-------------------------
time: October 4, 2021, 3:05 pm
message: User not found with given email id.
-------------------------
-------------------------
time: October 4, 2021, 3:05 pm
message: User not found with given email id.
-------------------------
-------------------------
time: October 4, 2021, 3:05 pm
message: Username/Password not valid.
-------------------------
-------------------------
time: October 4, 2021, 3:05 pm
message: User not found with given email id.
-------------------------
-------------------------
time: October 4, 2021, 3:05 pm
message: User not found with given email id.
-------------------------
-------------------------
time: October 4, 2021, 3:05 pm
message: User not found with given email id.
-------------------------
-------------------------
time: October 4, 2021, 3:05 pm
message: User not found with given email id.
-------------------------
-------------------------
time: October 4, 2021, 3:05 pm
message: User not found with given email id.
-------------------------
-------------------------
time: October 4, 2021, 3:05 pm
message: Booking data fetched.
-------------------------
-------------------------
time: October 4, 2021, 3:06 pm
message: User not found with given email id.
-------------------------
-------------------------
time: October 4, 2021, 3:07 pm
message: Booking data fetched.
-------------------------
-------------------------
time: October 4, 2021, 3:07 pm
message: Booking data fetched.
-------------------------
-------------------------
time: October 4, 2021, 3:08 pm
message: Booking data fetched.
-------------------------
-------------------------
time: October 4, 2021, 3:08 pm
message: Expired token
-------------------------
-------------------------
time: October 4, 2021, 3:08 pm
message: Expired token
-------------------------
-------------------------
time: October 4, 2021, 3:09 pm
message: Expired token
-------------------------
-------------------------
time: October 4, 2021, 3:09 pm
message: Booking data fetched.
-------------------------
-------------------------
time: October 4, 2021, 3:09 pm
message: Expired token
-------------------------
-------------------------
time: October 4, 2021, 3:10 pm
message: Expired token
-------------------------
-------------------------
time: October 4, 2021, 3:12 pm
message: Username/Password not valid.
-------------------------
-------------------------
time: October 4, 2021, 3:12 pm
message: GET method not allowed
-------------------------
-------------------------
time: October 4, 2021, 3:12 pm
message: Username/Password not valid.
-------------------------
-------------------------
time: October 4, 2021, 3:12 pm
message: Leaderboard data fetched.
-------------------------
-------------------------
time: October 4, 2021, 3:13 pm
message: Leaderboard data fetched.
-------------------------
-------------------------
time: October 4, 2021, 3:17 pm
message: Error 8 occured on line 21 in file C:\inetpub\wwwroot\trbs_2021\services\api\users\activate.php: Undefined property: stdClass::$token.
-------------------------
-------------------------
time: October 4, 2021, 3:17 pm
message: Leaderboard data fetched.
-------------------------
-------------------------
time: October 4, 2021, 3:21 pm
message: Error uploading image file.
-------------------------
-------------------------
time: October 4, 2021, 3:24 pm
message: Expired token
-------------------------
-------------------------
time: October 4, 2021, 3:25 pm
message: Expired token
-------------------------
-------------------------
time: October 4, 2021, 3:25 pm
message: Booking data fetched.
-------------------------
-------------------------
time: October 4, 2021, 3:25 pm
message: Expired token
-------------------------
-------------------------
time: October 4, 2021, 3:26 pm
message: Leaderboard data fetched.
-------------------------
-------------------------
time: October 4, 2021, 3:26 pm
message: Expired token
-------------------------
-------------------------
time: October 4, 2021, 3:26 pm
message: Booking data fetched.
-------------------------
-------------------------
time: October 4, 2021, 3:40 pm
message: SQLSTATE[22001]: String data, right truncated: 1406 Data too long for column 'address' at row 1
-------------------------
-------------------------
time: October 4, 2021, 3:40 pm
message: SQLSTATE[22001]: String data, right truncated: 1406 Data too long for column 'address' at row 1
-------------------------
-------------------------
time: October 4, 2021, 3:43 pm
message: GET method not allowed
-------------------------
-------------------------
time: October 4, 2021, 3:56 pm
message: Booking data fetched.
-------------------------
-------------------------
time: October 4, 2021, 3:58 pm
message: Expired token
-------------------------
-------------------------
time: October 4, 2021, 3:59 pm
message: Username/Password not valid.
-------------------------
-------------------------
time: October 4, 2021, 3:59 pm
message: Booking data fetched.
-------------------------
-------------------------
time: October 4, 2021, 4:06 pm
message: Booking data fetched.
-------------------------
-------------------------
time: October 4, 2021, 4:06 pm
message: Booking data fetched.
-------------------------
-------------------------
time: October 4, 2021, 4:06 pm
message: Leaderboard data fetched.
-------------------------
-------------------------
time: October 4, 2021, 4:07 pm
message: Booking data fetched.
-------------------------
-------------------------
time: October 4, 2021, 4:08 pm
message: Booking data fetched.
-------------------------
-------------------------
time: October 4, 2021, 4:08 pm
message: Booking data fetched.
-------------------------
-------------------------
time: October 4, 2021, 4:11 pm
message: Expired token
-------------------------
-------------------------
time: October 4, 2021, 4:11 pm
message: Booking data fetched.
-------------------------
-------------------------
time: October 4, 2021, 4:12 pm
message: Booking data fetched.
-------------------------
-------------------------
time: October 4, 2021, 4:12 pm
message: Booking data fetched.
-------------------------
-------------------------
time: October 4, 2021, 4:19 pm
message: Expired token
-------------------------
-------------------------
time: October 4, 2021, 4:27 pm
message: GET method not allowed
-------------------------
-------------------------
time: October 4, 2021, 4:28 pm
message: Booking data fetched.
-------------------------
-------------------------
time: October 4, 2021, 4:30 pm
message: User not found with given email id.
-------------------------
-------------------------
time: October 4, 2021, 4:30 pm
message: User not found with given email id.
-------------------------
-------------------------
time: October 4, 2021, 4:39 pm
message: Leaderboard data fetched.
-------------------------
-------------------------
time: October 4, 2021, 4:43 pm
message: Leaderboard data fetched.
-------------------------
-------------------------
time: October 4, 2021, 4:52 pm
message: Leaderboard data fetched.
-------------------------
-------------------------
time: October 4, 2021, 4:55 pm
message: Leaderboard data fetched.
-------------------------
-------------------------
time: October 4, 2021, 4:55 pm
message: Leaderboard data fetched.
-------------------------
-------------------------
time: October 4, 2021, 4:58 pm
message: GET method not allowed
-------------------------
-------------------------
time: October 4, 2021, 5:01 pm
message: Leaderboard data fetched.
-------------------------
-------------------------
time: October 4, 2021, 5:04 pm
message: SQLSTATE[22001]: String data, right truncated: 1406 Data too long for column 'address' at row 1
-------------------------
-------------------------
time: October 4, 2021, 5:04 pm
message: SQLSTATE[22001]: String data, right truncated: 1406 Data too long for column 'address' at row 1
-------------------------
-------------------------
time: October 4, 2021, 5:04 pm
message: SQLSTATE[22001]: String data, right truncated: 1406 Data too long for column 'address' at row 1
-------------------------
-------------------------
time: October 4, 2021, 5:04 pm
message: SQLSTATE[22001]: String data, right truncated: 1406 Data too long for column 'address' at row 1
-------------------------
-------------------------
time: October 4, 2021, 5:13 pm
message: Leaderboard data fetched.
-------------------------
-------------------------
time: October 4, 2021, 5:25 pm
message: SQLSTATE[22001]: String data, right truncated: 1406 Data too long for column 'address' at row 1
-------------------------
-------------------------
time: October 4, 2021, 5:25 pm
message: SQLSTATE[22001]: String data, right truncated: 1406 Data too long for column 'address' at row 1
-------------------------
-------------------------
time: October 4, 2021, 5:26 pm
message: SQLSTATE[22001]: String data, right truncated: 1406 Data too long for column 'address' at row 1
-------------------------
-------------------------
time: October 4, 2021, 5:26 pm
message: SQLSTATE[22001]: String data, right truncated: 1406 Data too long for column 'address' at row 1
-------------------------
-------------------------
time: October 4, 2021, 5:28 pm
message: Leaderboard data fetched.
-------------------------
-------------------------
time: October 4, 2021, 5:28 pm
message: User not found with given email id.
-------------------------
-------------------------
time: October 4, 2021, 5:29 pm
message: SQLSTATE[22001]: String data, right truncated: 1406 Data too long for column 'address' at row 1
-------------------------
-------------------------
time: October 4, 2021, 5:29 pm
message: SQLSTATE[22001]: String data, right truncated: 1406 Data too long for column 'address' at row 1
-------------------------
-------------------------
time: October 4, 2021, 5:29 pm
message: User not found with given email id.
-------------------------
-------------------------
time: October 4, 2021, 5:29 pm
message: User not found with given email id.
-------------------------
-------------------------
time: October 4, 2021, 5:30 pm
message: Username/Password not valid.
-------------------------
-------------------------
time: October 4, 2021, 5:30 pm
message: User not found with given email id.
-------------------------
-------------------------
time: October 4, 2021, 6:07 pm
message: SQLSTATE[22001]: String data, right truncated: 1406 Data too long for column 'address' at row 1
-------------------------
-------------------------
time: October 4, 2021, 6:07 pm
message: SQLSTATE[22001]: String data, right truncated: 1406 Data too long for column 'address' at row 1
-------------------------
-------------------------
time: October 4, 2021, 6:11 pm
message: Expired token
-------------------------
-------------------------
time: October 4, 2021, 6:12 pm
message: Username/Password not valid.
-------------------------
-------------------------
time: October 4, 2021, 6:12 pm
message: Expired token
-------------------------
-------------------------
time: October 4, 2021, 6:14 pm
message: Expired token
-------------------------
-------------------------
time: October 4, 2021, 6:17 pm
message: Booking data fetched.
-------------------------
-------------------------
time: October 4, 2021, 6:21 pm
message: Booking data fetched.
-------------------------
-------------------------
time: October 4, 2021, 6:22 pm
message: Expired token
-------------------------
-------------------------
time: October 4, 2021, 6:22 pm
message: Expired token
-------------------------
-------------------------
time: October 4, 2021, 6:22 pm
message: Booking data fetched.
-------------------------
-------------------------
time: October 4, 2021, 6:22 pm
message: Expired token
-------------------------
-------------------------
time: October 4, 2021, 6:23 pm
message: Booking data fetched.
-------------------------
-------------------------
time: October 4, 2021, 6:26 pm
message: Expired token
-------------------------
-------------------------
time: October 4, 2021, 6:26 pm
message: Expired token
-------------------------
-------------------------
time: October 4, 2021, 6:28 pm
message: Expired token
-------------------------
-------------------------
time: October 4, 2021, 6:29 pm
message: Booking data fetched.
-------------------------
-------------------------
time: October 4, 2021, 6:33 pm
message: Expired token
-------------------------
-------------------------
time: October 4, 2021, 6:35 pm
message: Booking data fetched.
-------------------------
-------------------------
time: October 4, 2021, 6:38 pm
message: Leaderboard data fetched.
-------------------------
-------------------------
time: October 4, 2021, 6:39 pm
message: Booking data fetched.
-------------------------
-------------------------
time: October 4, 2021, 6:42 pm
message: GET method not allowed
-------------------------
-------------------------
time: October 4, 2021, 6:43 pm
message: Username/Password not valid.
-------------------------
-------------------------
time: October 4, 2021, 6:43 pm
message: Username/Password not valid.
-------------------------
-------------------------
time: October 4, 2021, 6:43 pm
message: Username/Password not valid.
-------------------------
-------------------------
time: October 4, 2021, 6:43 pm
message: Username/Password not valid.
-------------------------
-------------------------
time: October 4, 2021, 6:44 pm
message: Username/Password not valid.
-------------------------
-------------------------
time: October 4, 2021, 6:45 pm
message: Username/Password not valid.
-------------------------
-------------------------
time: October 4, 2021, 6:46 pm
message: User not found with given email id.
-------------------------
-------------------------
time: October 4, 2021, 6:46 pm
message: User not found with given email id.
-------------------------
-------------------------
time: October 4, 2021, 6:46 pm
message: User not found with given email id.
-------------------------
-------------------------
time: October 4, 2021, 6:46 pm
message: Booking data fetched.
-------------------------
-------------------------
time: October 4, 2021, 6:47 pm
message: User not found with given email id.
-------------------------
-------------------------
time: October 4, 2021, 6:47 pm
message: Booking data fetched.
-------------------------
-------------------------
time: October 4, 2021, 6:47 pm
message: Leaderboard data fetched.
-------------------------
-------------------------
time: October 4, 2021, 6:47 pm
message: Booking data fetched.
-------------------------
-------------------------
time: October 4, 2021, 6:49 pm
message: Username/Password not valid.
-------------------------
-------------------------
time: October 4, 2021, 6:49 pm
message: Username/Password not valid.
-------------------------
-------------------------
time: October 4, 2021, 6:49 pm
message: User not found with given email id.
-------------------------
-------------------------
time: October 4, 2021, 6:49 pm
message: User not found with given email id.
-------------------------
-------------------------
time: October 4, 2021, 6:51 pm
message: User not found with given email id.
-------------------------
-------------------------
time: October 4, 2021, 6:54 pm
message: Booking data fetched.
-------------------------
-------------------------
time: October 4, 2021, 6:54 pm
message: Username/Password not valid.
-------------------------
-------------------------
time: October 4, 2021, 6:58 pm
message: Username/Password not valid.
-------------------------
-------------------------
time: October 4, 2021, 6:59 pm
message: Expired token
-------------------------
-------------------------
time: October 4, 2021, 7:00 pm
message: Username/Password not valid.
-------------------------
-------------------------
time: October 4, 2021, 7:11 pm
message: Leaderboard data fetched.
-------------------------
-------------------------
time: October 4, 2021, 7:11 pm
message: Username/Password not valid.
-------------------------
-------------------------
time: October 4, 2021, 7:13 pm
message: GET method not allowed
-------------------------
-------------------------
time: October 4, 2021, 7:13 pm
message: Leaderboard data fetched.
-------------------------
-------------------------
time: October 4, 2021, 7:14 pm
message: Username/Password not valid.
-------------------------
-------------------------
time: October 4, 2021, 7:14 pm
message: Username/Password not valid.
-------------------------
-------------------------
time: October 4, 2021, 7:14 pm
message: Username/Password not valid.
-------------------------
-------------------------
time: October 4, 2021, 7:14 pm
message: Username/Password not valid.
-------------------------
-------------------------
time: October 4, 2021, 7:14 pm
message: User not found with given email id.
-------------------------
-------------------------
time: October 4, 2021, 7:14 pm
message: User not found with given email id.
-------------------------
-------------------------
time: October 4, 2021, 7:20 pm
message: Username/Password not valid.
-------------------------
-------------------------
time: October 4, 2021, 7:37 pm
message: SQLSTATE[22001]: String data, right truncated: 1406 Data too long for column 'address' at row 1
-------------------------
-------------------------
time: October 4, 2021, 7:37 pm
message: SQLSTATE[22001]: String data, right truncated: 1406 Data too long for column 'address' at row 1
-------------------------
-------------------------
time: October 4, 2021, 7:38 pm
message: SQLSTATE[22001]: String data, right truncated: 1406 Data too long for column 'address' at row 1
-------------------------
-------------------------
time: October 4, 2021, 7:38 pm
message: SQLSTATE[22001]: String data, right truncated: 1406 Data too long for column 'address' at row 1
-------------------------
-------------------------
time: October 4, 2021, 7:45 pm
message: Username/Password not valid.
-------------------------
-------------------------
time: October 4, 2021, 7:45 pm
message: Username/Password not valid.
-------------------------
-------------------------
time: October 4, 2021, 7:59 pm
message: Leaderboard data fetched.
-------------------------
-------------------------
time: October 4, 2021, 8:05 pm
message: Booking data fetched.
-------------------------
-------------------------
time: October 4, 2021, 8:05 pm
message: Expired token
-------------------------
-------------------------
time: October 4, 2021, 8:06 pm
message: Username/Password not valid.
-------------------------
-------------------------
time: October 4, 2021, 8:09 pm
message: Username/Password not valid.
-------------------------
-------------------------
time: October 4, 2021, 8:09 pm
message: Username/Password not valid.
-------------------------
-------------------------
time: October 4, 2021, 8:10 pm
message: Username/Password not valid.
-------------------------
-------------------------
time: October 4, 2021, 8:10 pm
message: Username/Password not valid.
-------------------------
-------------------------
time: October 4, 2021, 8:10 pm
message: Username/Password not valid.
-------------------------
-------------------------
time: October 4, 2021, 8:11 pm
message: Username/Password not valid.
-------------------------
-------------------------
time: October 4, 2021, 8:11 pm
message: User not found with given email id.
-------------------------
-------------------------
time: October 4, 2021, 8:11 pm
message: User not found with given email id.
-------------------------
-------------------------
time: October 4, 2021, 8:11 pm
message: User not found with given email id.
-------------------------
-------------------------
time: October 4, 2021, 8:12 pm
message: Username/Password not valid.
-------------------------
-------------------------
time: October 4, 2021, 8:12 pm
message: User not found with given email id.
-------------------------
-------------------------
time: October 4, 2021, 8:12 pm
message: User not found with given email id.
-------------------------
-------------------------
time: October 4, 2021, 8:13 pm
message: Username/Password not valid.
-------------------------
-------------------------
time: October 4, 2021, 8:13 pm
message: Username/Password not valid.
-------------------------
-------------------------
time: October 4, 2021, 8:13 pm
message: Username/Password not valid.
-------------------------
-------------------------
time: October 4, 2021, 8:13 pm
message: User not found with given email id.
-------------------------
-------------------------
time: October 4, 2021, 8:13 pm
message: User not found with given email id.
-------------------------
-------------------------
time: October 4, 2021, 8:14 pm
message: Username/Password not valid.
-------------------------
-------------------------
time: October 4, 2021, 8:15 pm
message: Username/Password not valid.
-------------------------
-------------------------
time: October 4, 2021, 8:16 pm
message: Email Id is already associated with another account.
-------------------------
-------------------------
time: October 4, 2021, 8:16 pm
message: Booking data fetched.
-------------------------
-------------------------
time: October 4, 2021, 8:18 pm
message: Username/Password not valid.
-------------------------
-------------------------
time: October 4, 2021, 8:18 pm
message: User not found with given email id.
-------------------------
-------------------------
time: October 4, 2021, 8:21 pm
message: Username/Password not valid.
-------------------------
-------------------------
time: October 4, 2021, 8:21 pm
message: Username/Password not valid.
-------------------------
-------------------------
time: October 4, 2021, 8:21 pm
message: Username/Password not valid.
-------------------------
-------------------------
time: October 4, 2021, 8:22 pm
message: Leaderboard data fetched.
-------------------------
-------------------------
time: October 4, 2021, 8:22 pm
message: Username/Password not valid.
-------------------------
-------------------------
time: October 4, 2021, 8:23 pm
message: Username/Password not valid.
-------------------------
-------------------------
time: October 4, 2021, 8:23 pm
message: Username/Password not valid.
-------------------------
-------------------------
time: October 4, 2021, 8:23 pm
message: Username/Password not valid.
-------------------------
-------------------------
time: October 4, 2021, 8:23 pm
message: Username/Password not valid.
-------------------------
-------------------------
time: October 4, 2021, 8:23 pm
message: User not found with given email id.
-------------------------
-------------------------
time: October 4, 2021, 8:23 pm
message: User not found with given email id.
-------------------------
-------------------------
time: October 4, 2021, 8:24 pm
message: Username/Password not valid.
-------------------------
-------------------------
time: October 4, 2021, 8:24 pm
message: Booking data fetched.
-------------------------
-------------------------
time: October 4, 2021, 8:26 pm
message: Username/Password not valid.
-------------------------
-------------------------
time: October 4, 2021, 8:26 pm
message: User not found with given email id.
-------------------------
-------------------------
time: October 4, 2021, 8:26 pm
message: User not found with given email id.
-------------------------
-------------------------
time: October 4, 2021, 8:26 pm
message: User not found with given email id.
-------------------------
-------------------------
time: October 4, 2021, 8:26 pm
message: User not found with given email id.
-------------------------
-------------------------
time: October 4, 2021, 8:26 pm
message: User not found with given email id.
-------------------------
-------------------------
time: October 4, 2021, 8:27 pm
message: User not found with given email id.
-------------------------
-------------------------
time: October 4, 2021, 8:27 pm
message: Username/Password not valid.
-------------------------
-------------------------
time: October 4, 2021, 8:32 pm
message: Username/Password not valid.
-------------------------
-------------------------
time: October 4, 2021, 8:32 pm
message: Leaderboard data fetched.
-------------------------
-------------------------
time: October 4, 2021, 8:35 pm
message: Username/Password not valid.
-------------------------
-------------------------
time: October 4, 2021, 8:35 pm
message: Username/Password not valid.
-------------------------
-------------------------
time: October 4, 2021, 8:35 pm
message: Username/Password not valid.
-------------------------
-------------------------
time: October 4, 2021, 8:35 pm
message: User not found with given email id.
-------------------------
-------------------------
time: October 4, 2021, 8:36 pm
message: Email Id is already associated with another account.
-------------------------
-------------------------
time: October 4, 2021, 8:38 pm
message: SQLSTATE[22001]: String data, right truncated: 1406 Data too long for column 'address' at row 1
-------------------------
-------------------------
time: October 4, 2021, 8:38 pm
message: SQLSTATE[22001]: String data, right truncated: 1406 Data too long for column 'address' at row 1
-------------------------
-------------------------
time: October 4, 2021, 8:38 pm
message: Username/Password not valid.
-------------------------
-------------------------
time: October 4, 2021, 8:43 pm
message: Booking data fetched.
-------------------------
-------------------------
time: October 4, 2021, 8:44 pm
message: Booking data fetched.
-------------------------
-------------------------
time: October 4, 2021, 8:45 pm
message: Expired token
-------------------------
-------------------------
time: October 4, 2021, 8:50 pm
message: Username/Password not valid.
-------------------------
-------------------------
time: October 4, 2021, 8:50 pm
message: User not found with given email id.
-------------------------
-------------------------
time: October 4, 2021, 8:50 pm
message: User not found with given email id.
-------------------------
-------------------------
time: October 4, 2021, 8:52 pm
message: User not found with given email id.
-------------------------
-------------------------
time: October 4, 2021, 8:52 pm
message: User not found with given email id.
-------------------------
-------------------------
time: October 4, 2021, 8:53 pm
message: User not found with given email id.
-------------------------
-------------------------
time: October 4, 2021, 8:53 pm
message: Booking data fetched.
-------------------------
-------------------------
time: October 4, 2021, 8:57 pm
message: Username/Password not valid.
-------------------------
-------------------------
time: October 4, 2021, 9:00 pm
message: Booking data fetched.
-------------------------
-------------------------
time: October 4, 2021, 9:00 pm
message: Booking data fetched.
-------------------------
-------------------------
time: October 4, 2021, 9:00 pm
message: Expired token
-------------------------
-------------------------
time: October 4, 2021, 9:11 pm
message: SQLSTATE[22001]: String data, right truncated: 1406 Data too long for column 'address' at row 1
-------------------------
-------------------------
time: October 4, 2021, 9:11 pm
message: SQLSTATE[22001]: String data, right truncated: 1406 Data too long for column 'address' at row 1
-------------------------
-------------------------
time: October 4, 2021, 9:18 pm
message: Expired token
-------------------------
-------------------------
time: October 4, 2021, 9:24 pm
message: Leaderboard data fetched.
-------------------------
-------------------------
time: October 4, 2021, 9:28 pm
message: Booking data fetched.
-------------------------
-------------------------
time: October 4, 2021, 9:28 pm
message: Expired token
-------------------------
-------------------------
time: October 4, 2021, 9:34 pm
message: Booking data fetched.
-------------------------
-------------------------
time: October 4, 2021, 9:38 pm
message: Transaction Id has already been used.
-------------------------
-------------------------
time: October 4, 2021, 9:38 pm
message: Booking data fetched.
-------------------------
-------------------------
time: October 4, 2021, 9:39 pm
message: Leaderboard data fetched.
-------------------------
-------------------------
time: October 4, 2021, 9:39 pm
message: Leaderboard data fetched.
-------------------------
-------------------------
time: October 4, 2021, 9:53 pm
message: Booking data fetched.
-------------------------
-------------------------
time: October 4, 2021, 9:54 pm
message: Booking data fetched.
-------------------------
-------------------------
time: October 4, 2021, 10:02 pm
message: Booking data fetched.
-------------------------
-------------------------
time: October 4, 2021, 10:02 pm
message: Username/Password not valid.
-------------------------
-------------------------
time: October 4, 2021, 10:02 pm
message: Leaderboard data fetched.
-------------------------
-------------------------
time: October 4, 2021, 10:03 pm
message: SQLSTATE[22001]: String data, right truncated: 1406 Data too long for column 'address' at row 1
-------------------------
-------------------------
time: October 4, 2021, 10:03 pm
message: SQLSTATE[22001]: String data, right truncated: 1406 Data too long for column 'address' at row 1
-------------------------
-------------------------
time: October 4, 2021, 10:03 pm
message: SQLSTATE[22001]: String data, right truncated: 1406 Data too long for column 'address' at row 1
-------------------------
-------------------------
time: October 4, 2021, 10:03 pm
message: SQLSTATE[22001]: String data, right truncated: 1406 Data too long for column 'address' at row 1
-------------------------
-------------------------
time: October 4, 2021, 10:04 pm
message: SQLSTATE[22001]: String data, right truncated: 1406 Data too long for column 'address' at row 1
-------------------------
-------------------------
time: October 4, 2021, 10:04 pm
message: SQLSTATE[22001]: String data, right truncated: 1406 Data too long for column 'address' at row 1
-------------------------
-------------------------
time: October 4, 2021, 10:05 pm
message: Booking data fetched.
-------------------------
-------------------------
time: October 4, 2021, 10:14 pm
message: Booking data fetched.
-------------------------
-------------------------
time: October 4, 2021, 10:15 pm
message: Booking data fetched.
-------------------------
-------------------------
time: October 4, 2021, 10:15 pm
message: Booking data fetched.
-------------------------
-------------------------
time: October 4, 2021, 10:33 pm
message: SQLSTATE[22001]: String data, right truncated: 1406 Data too long for column 'address' at row 1
-------------------------
-------------------------
time: October 4, 2021, 10:33 pm
message: SQLSTATE[22001]: String data, right truncated: 1406 Data too long for column 'address' at row 1
-------------------------
-------------------------
time: October 4, 2021, 10:33 pm
message: SQLSTATE[22001]: String data, right truncated: 1406 Data too long for column 'address' at row 1
-------------------------
-------------------------
time: October 4, 2021, 10:33 pm
message: SQLSTATE[22001]: String data, right truncated: 1406 Data too long for column 'address' at row 1
-------------------------
-------------------------
time: October 4, 2021, 10:35 pm
message: Username/Password not valid.
-------------------------
-------------------------
time: October 4, 2021, 10:39 pm
message: Leaderboard data fetched.
-------------------------
-------------------------
time: October 4, 2021, 10:41 pm
message: Leaderboard data fetched.
-------------------------
-------------------------
time: October 4, 2021, 10:41 pm
message: Username/Password not valid.
-------------------------
-------------------------
time: October 4, 2021, 10:41 pm
message: Username/Password not valid.
-------------------------
-------------------------
time: October 4, 2021, 10:42 pm
message: Username/Password not valid.
-------------------------
-------------------------
time: October 4, 2021, 10:43 pm
message: Leaderboard data fetched.
-------------------------
-------------------------
time: October 4, 2021, 10:43 pm
message: Username/Password not valid.
-------------------------
-------------------------
time: October 4, 2021, 10:44 pm
message: Username/Password not valid.
-------------------------
-------------------------
time: October 4, 2021, 10:58 pm
message: Leaderboard data fetched.
-------------------------
-------------------------
time: October 4, 2021, 10:58 pm
message: Leaderboard data fetched.
-------------------------
-------------------------
time: October 4, 2021, 11:00 pm
message: Booking data fetched.
-------------------------
-------------------------
time: October 4, 2021, 11:00 pm
message: Expired token
-------------------------
-------------------------
time: October 4, 2021, 11:29 pm
message: Username/Password not valid.
-------------------------
-------------------------
time: October 4, 2021, 11:29 pm
message: Username/Password not valid.
-------------------------
-------------------------
time: October 4, 2021, 11:29 pm
message: Username/Password not valid.
-------------------------
-------------------------
time: October 4, 2021, 11:29 pm
message: Username/Password not valid.
-------------------------
-------------------------
time: October 4, 2021, 11:30 pm
message: Username/Password not valid.
-------------------------
-------------------------
time: October 4, 2021, 11:30 pm
message: User not found with given email id.
-------------------------
-------------------------
time: October 4, 2021, 11:30 pm
message: User not found with given email id.
-------------------------
-------------------------
time: October 4, 2021, 11:30 pm
message: User not found with given email id.
-------------------------
-------------------------
time: October 4, 2021, 11:30 pm
message: User not found with given email id.
-------------------------
-------------------------
time: October 4, 2021, 11:31 pm
message: User not found with given email id.
-------------------------
-------------------------
time: October 4, 2021, 11:31 pm
message: User not found with given email id.
-------------------------
-------------------------
time: October 4, 2021, 11:31 pm
message: User not found with given email id.
-------------------------
-------------------------
time: October 4, 2021, 11:31 pm
message: User not found with given email id.
-------------------------
-------------------------
time: October 4, 2021, 11:55 pm
message: Leaderboard data fetched.
-------------------------
-------------------------
time: October 4, 2021, 11:55 pm
message: Leaderboard data fetched.
-------------------------
