-------------------------
time: November 24, 2021, 12:14 am
message: GET method not allowed
-------------------------
-------------------------
time: November 24, 2021, 2:56 am
message: GET method not allowed
-------------------------
-------------------------
time: November 24, 2021, 3:07 am
message: GET method not allowed
-------------------------
-------------------------
time: November 24, 2021, 3:22 am
message: Leaderboard data fetched.
-------------------------
-------------------------
time: November 24, 2021, 3:27 am
message: GET method not allowed
-------------------------
-------------------------
time: November 24, 2021, 10:30 am
message: Leaderboard data fetched.
-------------------------
-------------------------
time: November 24, 2021, 3:35 pm
message: Leaderboard data fetched.
-------------------------
