-------------------------
time: October 9, 2021, 12:03 am
message: Leaderboard data fetched.
-------------------------
-------------------------
time: October 9, 2021, 12:05 am
message: Leaderboard data fetched.
-------------------------
-------------------------
time: October 9, 2021, 12:07 am
message: SQLSTATE[22001]: String data, right truncated: 1406 Data too long for column 'address' at row 1
-------------------------
-------------------------
time: October 9, 2021, 12:07 am
message: SQLSTATE[22001]: String data, right truncated: 1406 Data too long for column 'address' at row 1
-------------------------
-------------------------
time: October 9, 2021, 12:08 am
message: SQLSTATE[22001]: String data, right truncated: 1406 Data too long for column 'address' at row 1
-------------------------
-------------------------
time: October 9, 2021, 12:08 am
message: SQLSTATE[22001]: String data, right truncated: 1406 Data too long for column 'address' at row 1
-------------------------
-------------------------
time: October 9, 2021, 12:08 am
message: SQLSTATE[22001]: String data, right truncated: 1406 Data too long for column 'address' at row 1
-------------------------
-------------------------
time: October 9, 2021, 12:08 am
message: SQLSTATE[22001]: String data, right truncated: 1406 Data too long for column 'address' at row 1
-------------------------
-------------------------
time: October 9, 2021, 12:09 am
message: Booking data fetched.
-------------------------
-------------------------
time: October 9, 2021, 12:13 am
message: Booking data fetched.
-------------------------
-------------------------
time: October 9, 2021, 12:21 am
message: Booking data fetched.
-------------------------
-------------------------
time: October 9, 2021, 12:21 am
message: Booking data fetched.
-------------------------
-------------------------
time: October 9, 2021, 12:30 am
message: Booking data fetched.
-------------------------
-------------------------
time: October 9, 2021, 12:49 am
message: Leaderboard data fetched.
-------------------------
-------------------------
time: October 9, 2021, 1:41 am
message: SQLSTATE[22001]: String data, right truncated: 1406 Data too long for column 'address' at row 1
-------------------------
-------------------------
time: October 9, 2021, 1:41 am
message: SQLSTATE[22001]: String data, right truncated: 1406 Data too long for column 'address' at row 1
-------------------------
-------------------------
time: October 9, 2021, 1:42 am
message: Username/Password not valid.
-------------------------
-------------------------
time: October 9, 2021, 1:43 am
message: Email Id is already associated with another account.
-------------------------
-------------------------
time: October 9, 2021, 1:44 am
message: Username/Password not valid.
-------------------------
-------------------------
time: October 9, 2021, 1:44 am
message: Username/Password not valid.
-------------------------
-------------------------
time: October 9, 2021, 2:11 am
message: Booking data fetched.
-------------------------
-------------------------
time: October 9, 2021, 2:22 am
message: SQLSTATE[22001]: String data, right truncated: 1406 Data too long for column 'address' at row 1
-------------------------
-------------------------
time: October 9, 2021, 2:22 am
message: SQLSTATE[22001]: String data, right truncated: 1406 Data too long for column 'address' at row 1
-------------------------
-------------------------
time: October 9, 2021, 2:22 am
message: SQLSTATE[22001]: String data, right truncated: 1406 Data too long for column 'address' at row 1
-------------------------
-------------------------
time: October 9, 2021, 2:22 am
message: SQLSTATE[22001]: String data, right truncated: 1406 Data too long for column 'address' at row 1
-------------------------
-------------------------
time: October 9, 2021, 2:23 am
message: SQLSTATE[22001]: String data, right truncated: 1406 Data too long for column 'address' at row 1
-------------------------
-------------------------
time: October 9, 2021, 2:23 am
message: SQLSTATE[22001]: String data, right truncated: 1406 Data too long for column 'address' at row 1
-------------------------
-------------------------
time: October 9, 2021, 2:33 am
message: Booking data fetched.
-------------------------
-------------------------
time: October 9, 2021, 2:40 am
message: Booking data fetched.
-------------------------
-------------------------
time: October 9, 2021, 2:41 am
message: Booking data fetched.
-------------------------
-------------------------
time: October 9, 2021, 2:42 am
message: Booking data fetched.
-------------------------
-------------------------
time: October 9, 2021, 2:43 am
message: Booking data fetched.
-------------------------
-------------------------
time: October 9, 2021, 3:42 am
message: Expired token
-------------------------
-------------------------
time: October 9, 2021, 3:44 am
message: Error 8 occured on line 24 in file C:\inetpub\wwwroot\trbs_2021\services\api\payments\create.php: Undefined property: stdClass::$order_id.
-------------------------
-------------------------
time: October 9, 2021, 3:44 am
message: Expired token
-------------------------
-------------------------
time: October 9, 2021, 3:47 am
message: Username/Password not valid.
-------------------------
-------------------------
time: October 9, 2021, 3:48 am
message: Username/Password not valid.
-------------------------
-------------------------
time: October 9, 2021, 3:48 am
message: User not found with given email id.
-------------------------
-------------------------
time: October 9, 2021, 3:48 am
message: User not found with given email id.
-------------------------
-------------------------
time: October 9, 2021, 3:48 am
message: User not found with given email id.
-------------------------
-------------------------
time: October 9, 2021, 3:49 am
message: Username/Password not valid.
-------------------------
-------------------------
time: October 9, 2021, 3:49 am
message: Username/Password not valid.
-------------------------
-------------------------
time: October 9, 2021, 3:49 am
message: Username/Password not valid.
-------------------------
-------------------------
time: October 9, 2021, 3:49 am
message: Username/Password not valid.
-------------------------
-------------------------
time: October 9, 2021, 3:49 am
message: Username/Password not valid.
-------------------------
-------------------------
time: October 9, 2021, 3:49 am
message: User not found with given email id.
-------------------------
-------------------------
time: October 9, 2021, 3:50 am
message: User not found with given email id.
-------------------------
-------------------------
time: October 9, 2021, 3:50 am
message: User not found with given email id.
-------------------------
-------------------------
time: October 9, 2021, 3:50 am
message: User not found with given email id.
-------------------------
-------------------------
time: October 9, 2021, 3:50 am
message: User not found with given email id.
-------------------------
-------------------------
time: October 9, 2021, 3:50 am
message: User not found with given email id.
-------------------------
-------------------------
time: October 9, 2021, 3:50 am
message: User not found with given email id.
-------------------------
-------------------------
time: October 9, 2021, 3:50 am
message: Username/Password not valid.
-------------------------
-------------------------
time: October 9, 2021, 3:51 am
message: User not found with given email id.
-------------------------
-------------------------
time: October 9, 2021, 3:51 am
message: User not found with given email id.
-------------------------
-------------------------
time: October 9, 2021, 3:51 am
message: User not found with given email id.
-------------------------
-------------------------
time: October 9, 2021, 3:54 am
message: User not found with given email id.
-------------------------
-------------------------
time: October 9, 2021, 7:20 am
message: Booking data fetched.
-------------------------
-------------------------
time: October 9, 2021, 8:01 am
message: Booking data fetched.
-------------------------
-------------------------
time: October 9, 2021, 8:01 am
message: Expired token
-------------------------
-------------------------
time: October 9, 2021, 8:25 am
message: Leaderboard data fetched.
-------------------------
-------------------------
time: October 9, 2021, 8:41 am
message: Booking data fetched.
-------------------------
-------------------------
time: October 9, 2021, 8:41 am
message: Booking data fetched.
-------------------------
-------------------------
time: October 9, 2021, 8:43 am
message: Booking data fetched.
-------------------------
-------------------------
time: October 9, 2021, 8:43 am
message: Expired token
-------------------------
-------------------------
time: October 9, 2021, 8:44 am
message: Booking data fetched.
-------------------------
-------------------------
time: October 9, 2021, 8:44 am
message: Expired token
-------------------------
-------------------------
time: October 9, 2021, 8:44 am
message: Expired token
-------------------------
-------------------------
time: October 9, 2021, 8:44 am
message: Booking data fetched.
-------------------------
-------------------------
time: October 9, 2021, 8:46 am
message: Booking data fetched.
-------------------------
-------------------------
time: October 9, 2021, 8:46 am
message: Expired token
-------------------------
-------------------------
time: October 9, 2021, 8:47 am
message: Booking data fetched.
-------------------------
-------------------------
time: October 9, 2021, 8:47 am
message: Expired token
-------------------------
-------------------------
time: October 9, 2021, 9:18 am
message: SQLSTATE[22001]: String data, right truncated: 1406 Data too long for column 'address' at row 1
-------------------------
-------------------------
time: October 9, 2021, 9:18 am
message: SQLSTATE[22001]: String data, right truncated: 1406 Data too long for column 'address' at row 1
-------------------------
-------------------------
time: October 9, 2021, 9:30 am
message: Username/Password not valid.
-------------------------
-------------------------
time: October 9, 2021, 9:32 am
message: Booking data fetched.
-------------------------
-------------------------
time: October 9, 2021, 9:33 am
message: GET method not allowed
-------------------------
-------------------------
time: October 9, 2021, 9:33 am
message: SQLSTATE[HY000]: General error: 1366 Incorrect integer value: '' for column 'year' at row 1
-------------------------
-------------------------
time: October 9, 2021, 9:33 am
message: SQLSTATE[HY000]: General error: 1366 Incorrect integer value: '' for column 'year' at row 1
-------------------------
-------------------------
time: October 9, 2021, 9:33 am
message: GET method not allowed
-------------------------
-------------------------
time: October 9, 2021, 9:33 am
message: SQLSTATE[22001]: String data, right truncated: 1406 Data too long for column 'address' at row 1
-------------------------
-------------------------
time: October 9, 2021, 9:33 am
message: SQLSTATE[22001]: String data, right truncated: 1406 Data too long for column 'address' at row 1
-------------------------
-------------------------
time: October 9, 2021, 9:33 am
message: SQLSTATE[HY000]: General error: 1366 Incorrect integer value: '' for column 'year' at row 1
-------------------------
-------------------------
time: October 9, 2021, 9:33 am
message: SQLSTATE[HY000]: General error: 1366 Incorrect integer value: '' for column 'year' at row 1
-------------------------
-------------------------
time: October 9, 2021, 9:34 am
message: GET method not allowed
-------------------------
-------------------------
time: October 9, 2021, 9:35 am
message: GET method not allowed
-------------------------
-------------------------
time: October 9, 2021, 9:35 am
message: Booking data fetched.
-------------------------
-------------------------
time: October 9, 2021, 9:58 am
message: SQLSTATE[22001]: String data, right truncated: 1406 Data too long for column 'address' at row 1
-------------------------
-------------------------
time: October 9, 2021, 9:58 am
message: SQLSTATE[22001]: String data, right truncated: 1406 Data too long for column 'address' at row 1
-------------------------
-------------------------
time: October 9, 2021, 9:58 am
message: SQLSTATE[22001]: String data, right truncated: 1406 Data too long for column 'address' at row 1
-------------------------
-------------------------
time: October 9, 2021, 9:58 am
message: SQLSTATE[22001]: String data, right truncated: 1406 Data too long for column 'address' at row 1
-------------------------
-------------------------
time: October 9, 2021, 9:59 am
message: Leaderboard data fetched.
-------------------------
-------------------------
time: October 9, 2021, 10:07 am
message: Leaderboard data fetched.
-------------------------
-------------------------
time: October 9, 2021, 10:27 am
message: Booking data fetched.
-------------------------
-------------------------
time: October 9, 2021, 11:07 am
message: SQLSTATE[22001]: String data, right truncated: 1406 Data too long for column 'address' at row 1
-------------------------
-------------------------
time: October 9, 2021, 11:07 am
message: SQLSTATE[22001]: String data, right truncated: 1406 Data too long for column 'address' at row 1
-------------------------
-------------------------
time: October 9, 2021, 11:07 am
message: SQLSTATE[22001]: String data, right truncated: 1406 Data too long for column 'address' at row 1
-------------------------
-------------------------
time: October 9, 2021, 11:07 am
message: SQLSTATE[22001]: String data, right truncated: 1406 Data too long for column 'address' at row 1
-------------------------
-------------------------
time: October 9, 2021, 11:08 am
message: SQLSTATE[22001]: String data, right truncated: 1406 Data too long for column 'address' at row 1
-------------------------
-------------------------
time: October 9, 2021, 11:08 am
message: SQLSTATE[22001]: String data, right truncated: 1406 Data too long for column 'address' at row 1
-------------------------
-------------------------
time: October 9, 2021, 11:08 am
message: Username/Password not valid.
-------------------------
-------------------------
time: October 9, 2021, 11:26 am
message: Coupon data fetched.
-------------------------
-------------------------
time: October 9, 2021, 11:27 am
message: GET method not allowed.
-------------------------
-------------------------
time: October 9, 2021, 11:27 am
message: GET method not allowed
-------------------------
-------------------------
time: October 9, 2021, 11:42 am
message: Booking data fetched.
-------------------------
-------------------------
time: October 9, 2021, 11:42 am
message: Expired token
-------------------------
-------------------------
time: October 9, 2021, 11:59 am
message: Leaderboard data fetched.
-------------------------
-------------------------
time: October 9, 2021, 12:01 pm
message: SQLSTATE[22001]: String data, right truncated: 1406 Data too long for column 'address' at row 1
-------------------------
-------------------------
time: October 9, 2021, 12:01 pm
message: SQLSTATE[22001]: String data, right truncated: 1406 Data too long for column 'address' at row 1
-------------------------
-------------------------
time: October 9, 2021, 12:01 pm
message: SQLSTATE[22001]: String data, right truncated: 1406 Data too long for column 'address' at row 1
-------------------------
-------------------------
time: October 9, 2021, 12:01 pm
message: SQLSTATE[22001]: String data, right truncated: 1406 Data too long for column 'address' at row 1
-------------------------
-------------------------
time: October 9, 2021, 12:01 pm
message: SQLSTATE[22001]: String data, right truncated: 1406 Data too long for column 'address' at row 1
-------------------------
-------------------------
time: October 9, 2021, 12:01 pm
message: SQLSTATE[22001]: String data, right truncated: 1406 Data too long for column 'address' at row 1
-------------------------
-------------------------
time: October 9, 2021, 12:04 pm
message: Booking data fetched.
-------------------------
-------------------------
time: October 9, 2021, 12:04 pm
message: Expired token
-------------------------
-------------------------
time: October 9, 2021, 12:04 pm
message: Booking data fetched.
-------------------------
-------------------------
time: October 9, 2021, 12:05 pm
message: Coupon data fetched.
-------------------------
-------------------------
time: October 9, 2021, 12:07 pm
message: GET method not allowed.
-------------------------
-------------------------
time: October 9, 2021, 12:07 pm
message: GET method not allowed
-------------------------
-------------------------
time: October 9, 2021, 12:08 pm
message: Expired token
-------------------------
-------------------------
time: October 9, 2021, 12:08 pm
message: Booking data fetched.
-------------------------
-------------------------
time: October 9, 2021, 12:08 pm
message: Booking data fetched.
-------------------------
-------------------------
time: October 9, 2021, 12:08 pm
message: Expired token
-------------------------
-------------------------
time: October 9, 2021, 12:09 pm
message: Booking data fetched.
-------------------------
-------------------------
time: October 9, 2021, 12:09 pm
message: Expired token
-------------------------
-------------------------
time: October 9, 2021, 12:09 pm
message: Booking data fetched.
-------------------------
-------------------------
time: October 9, 2021, 12:09 pm
message: Expired token
-------------------------
-------------------------
time: October 9, 2021, 12:10 pm
message: Booking data fetched.
-------------------------
-------------------------
time: October 9, 2021, 12:12 pm
message: Booking data fetched.
-------------------------
-------------------------
time: October 9, 2021, 12:13 pm
message: Booking data fetched.
-------------------------
-------------------------
time: October 9, 2021, 12:13 pm
message: Booking data fetched.
-------------------------
-------------------------
time: October 9, 2021, 12:28 pm
message: SQLSTATE[HY000]: General error: 1366 Incorrect integer value: '' for column 'year' at row 1
-------------------------
-------------------------
time: October 9, 2021, 12:28 pm
message: SQLSTATE[HY000]: General error: 1366 Incorrect integer value: '' for column 'year' at row 1
-------------------------
-------------------------
time: October 9, 2021, 12:30 pm
message: Error 8 occured on line 33 in file C:\inetpub\wwwroot\trbs_2021\services\api\users\cart\update.php: Undefined property: stdClass::$state.
-------------------------
-------------------------
time: October 9, 2021, 12:37 pm
message: Booking data fetched.
-------------------------
-------------------------
time: October 9, 2021, 12:40 pm
message: Booking data fetched.
-------------------------
-------------------------
time: October 9, 2021, 12:40 pm
message: Booking data fetched.
-------------------------
-------------------------
time: October 9, 2021, 12:41 pm
message: Booking data fetched.
-------------------------
-------------------------
time: October 9, 2021, 12:43 pm
message: Username/Password not valid.
-------------------------
-------------------------
time: October 9, 2021, 12:43 pm
message: Booking data fetched.
-------------------------
-------------------------
time: October 9, 2021, 12:44 pm
message: Booking data fetched.
-------------------------
-------------------------
time: October 9, 2021, 12:48 pm
message: SQLSTATE[22001]: String data, right truncated: 1406 Data too long for column 'address' at row 1
-------------------------
-------------------------
time: October 9, 2021, 12:48 pm
message: SQLSTATE[22001]: String data, right truncated: 1406 Data too long for column 'address' at row 1
-------------------------
-------------------------
time: October 9, 2021, 12:49 pm
message: Booking data fetched.
-------------------------
-------------------------
time: October 9, 2021, 12:52 pm
message: Booking data fetched.
-------------------------
-------------------------
time: October 9, 2021, 12:59 pm
message: Leaderboard data fetched.
-------------------------
-------------------------
time: October 9, 2021, 1:01 pm
message: Leaderboard data fetched.
-------------------------
-------------------------
time: October 9, 2021, 1:05 pm
message: Username/Password not valid.
-------------------------
-------------------------
time: October 9, 2021, 1:07 pm
message: Leaderboard data fetched.
-------------------------
-------------------------
time: October 9, 2021, 1:11 pm
message: Leaderboard data fetched.
-------------------------
-------------------------
time: October 9, 2021, 1:13 pm
message: Booking data fetched.
-------------------------
-------------------------
time: October 9, 2021, 1:13 pm
message: Booking data fetched.
-------------------------
-------------------------
time: October 9, 2021, 1:20 pm
message: Leaderboard data fetched.
-------------------------
-------------------------
time: October 9, 2021, 1:20 pm
message: Username/Password not valid.
-------------------------
-------------------------
time: October 9, 2021, 1:35 pm
message: Username/Password not valid.
-------------------------
-------------------------
time: October 9, 2021, 1:36 pm
message: Username/Password not valid.
-------------------------
-------------------------
time: October 9, 2021, 1:36 pm
message: Booking data fetched.
-------------------------
-------------------------
time: October 9, 2021, 1:37 pm
message: Booking data fetched.
-------------------------
-------------------------
time: October 9, 2021, 1:39 pm
message: Booking data fetched.
-------------------------
-------------------------
time: October 9, 2021, 1:39 pm
message: Booking data fetched.
-------------------------
-------------------------
time: October 9, 2021, 1:41 pm
message: Username/Password not valid.
-------------------------
-------------------------
time: October 9, 2021, 1:43 pm
message: Username/Password not valid.
-------------------------
-------------------------
time: October 9, 2021, 1:43 pm
message: Username/Password not valid.
-------------------------
-------------------------
time: October 9, 2021, 1:44 pm
message: User not found with given email id.
-------------------------
-------------------------
time: October 9, 2021, 1:44 pm
message: User not found with given email id.
-------------------------
-------------------------
time: October 9, 2021, 1:54 pm
message: Booking data fetched.
-------------------------
-------------------------
time: October 9, 2021, 1:54 pm
message: Expired token
-------------------------
-------------------------
time: October 9, 2021, 1:54 pm
message: Booking data fetched.
-------------------------
-------------------------
time: October 9, 2021, 1:54 pm
message: Expired token
-------------------------
-------------------------
time: October 9, 2021, 1:55 pm
message: Expired token
-------------------------
-------------------------
time: October 9, 2021, 1:55 pm
message: Booking data fetched.
-------------------------
-------------------------
time: October 9, 2021, 2:02 pm
message: SQLSTATE[HY000]: General error: 1366 Incorrect integer value: 'Select an option' for column 'college_id' at row 1
-------------------------
-------------------------
time: October 9, 2021, 2:02 pm
message: SQLSTATE[HY000]: General error: 1366 Incorrect integer value: 'Select an option' for column 'college_id' at row 1
-------------------------
-------------------------
time: October 9, 2021, 2:24 pm
message: Leaderboard data fetched.
-------------------------
-------------------------
time: October 9, 2021, 2:57 pm
message: SQLSTATE[22001]: String data, right truncated: 1406 Data too long for column 'address' at row 1
-------------------------
-------------------------
time: October 9, 2021, 2:57 pm
message: SQLSTATE[22001]: String data, right truncated: 1406 Data too long for column 'address' at row 1
-------------------------
-------------------------
time: October 9, 2021, 2:59 pm
message: Username/Password not valid.
-------------------------
-------------------------
time: October 9, 2021, 3:02 pm
message: Booking data fetched.
-------------------------
-------------------------
time: October 9, 2021, 3:25 pm
message: Username/Password not valid.
-------------------------
-------------------------
time: October 9, 2021, 3:25 pm
message: Username/Password not valid.
-------------------------
-------------------------
time: October 9, 2021, 3:28 pm
message: Expired token
-------------------------
-------------------------
time: October 9, 2021, 3:35 pm
message: Username/Password not valid.
-------------------------
-------------------------
time: October 9, 2021, 3:35 pm
message: Username/Password not valid.
-------------------------
-------------------------
time: October 9, 2021, 3:46 pm
message: Expired token
-------------------------
-------------------------
time: October 9, 2021, 3:48 pm
message: Leaderboard data fetched.
-------------------------
-------------------------
time: October 9, 2021, 3:56 pm
message: Leaderboard data fetched.
-------------------------
-------------------------
time: October 9, 2021, 3:58 pm
message: SQLSTATE[22001]: String data, right truncated: 1406 Data too long for column 'address' at row 1
-------------------------
-------------------------
time: October 9, 2021, 3:58 pm
message: SQLSTATE[22001]: String data, right truncated: 1406 Data too long for column 'address' at row 1
-------------------------
-------------------------
time: October 9, 2021, 3:58 pm
message: SQLSTATE[22001]: String data, right truncated: 1406 Data too long for column 'address' at row 1
-------------------------
-------------------------
time: October 9, 2021, 3:58 pm
message: SQLSTATE[22001]: String data, right truncated: 1406 Data too long for column 'address' at row 1
-------------------------
-------------------------
time: October 9, 2021, 4:06 pm
message: Booking data fetched.
-------------------------
-------------------------
time: October 9, 2021, 4:14 pm
message: Leaderboard data fetched.
-------------------------
-------------------------
time: October 9, 2021, 4:18 pm
message: Leaderboard data fetched.
-------------------------
-------------------------
time: October 9, 2021, 4:29 pm
message: Booking data fetched.
-------------------------
-------------------------
time: October 9, 2021, 4:29 pm
message: Expired token
-------------------------
-------------------------
time: October 9, 2021, 4:35 pm
message: Expired token
-------------------------
-------------------------
time: October 9, 2021, 4:36 pm
message: Expired token
-------------------------
-------------------------
time: October 9, 2021, 4:40 pm
message: Leaderboard data fetched.
-------------------------
-------------------------
time: October 9, 2021, 4:42 pm
message: Expired token
-------------------------
-------------------------
time: October 9, 2021, 4:44 pm
message: Expired token
-------------------------
-------------------------
time: October 9, 2021, 4:50 pm
message: Booking data fetched.
-------------------------
-------------------------
time: October 9, 2021, 5:19 pm
message: Booking data fetched.
-------------------------
-------------------------
time: October 9, 2021, 5:48 pm
message: Leaderboard data fetched.
-------------------------
-------------------------
time: October 9, 2021, 5:48 pm
message: Leaderboard data fetched.
-------------------------
-------------------------
time: October 9, 2021, 6:25 pm
message: Booking data fetched.
-------------------------
-------------------------
time: October 9, 2021, 6:25 pm
message: Expired token
-------------------------
-------------------------
time: October 9, 2021, 7:06 pm
message: Booking data fetched.
-------------------------
-------------------------
time: October 9, 2021, 7:06 pm
message: Expired token
-------------------------
-------------------------
time: October 9, 2021, 7:08 pm
message: Leaderboard data fetched.
-------------------------
-------------------------
time: October 9, 2021, 7:18 pm
message: Leaderboard data fetched.
-------------------------
-------------------------
time: October 9, 2021, 7:19 pm
message: Leaderboard data fetched.
-------------------------
-------------------------
time: October 9, 2021, 7:41 pm
message: GET method not allowed
-------------------------
-------------------------
time: October 9, 2021, 7:41 pm
message: GET method not allowed
-------------------------
-------------------------
time: October 9, 2021, 7:41 pm
message: GET method not allowed
-------------------------
-------------------------
time: October 9, 2021, 7:53 pm
message: Email Id is already associated with another account.
-------------------------
-------------------------
time: October 9, 2021, 7:53 pm
message: Username/Password not valid.
-------------------------
-------------------------
time: October 9, 2021, 8:06 pm
message: SQLSTATE[22001]: String data, right truncated: 1406 Data too long for column 'address' at row 1
-------------------------
-------------------------
time: October 9, 2021, 8:06 pm
message: SQLSTATE[22001]: String data, right truncated: 1406 Data too long for column 'address' at row 1
-------------------------
-------------------------
time: October 9, 2021, 8:06 pm
message: SQLSTATE[22001]: String data, right truncated: 1406 Data too long for column 'address' at row 1
-------------------------
-------------------------
time: October 9, 2021, 8:06 pm
message: SQLSTATE[22001]: String data, right truncated: 1406 Data too long for column 'address' at row 1
-------------------------
-------------------------
time: October 9, 2021, 8:07 pm
message: Email Id is already associated with another account.
-------------------------
-------------------------
time: October 9, 2021, 8:07 pm
message: Leaderboard data fetched.
-------------------------
-------------------------
time: October 9, 2021, 8:09 pm
message: Leaderboard data fetched.
-------------------------
-------------------------
time: October 9, 2021, 8:09 pm
message: Username/Password not valid.
-------------------------
-------------------------
time: October 9, 2021, 8:10 pm
message: Username/Password not valid.
-------------------------
-------------------------
time: October 9, 2021, 8:11 pm
message: Username/Password not valid.
-------------------------
-------------------------
time: October 9, 2021, 8:12 pm
message: GET method not allowed
-------------------------
-------------------------
time: October 9, 2021, 8:12 pm
message: GET method not allowed
-------------------------
-------------------------
time: October 9, 2021, 8:12 pm
message: GET method not allowed
-------------------------
-------------------------
time: October 9, 2021, 8:16 pm
message: Username/Password not valid.
-------------------------
-------------------------
time: October 9, 2021, 8:17 pm
message: Username/Password not valid.
-------------------------
-------------------------
time: October 9, 2021, 8:23 pm
message: Booking data fetched.
-------------------------
-------------------------
time: October 9, 2021, 8:30 pm
message: Leaderboard data fetched.
-------------------------
-------------------------
time: October 9, 2021, 8:31 pm
message: Username/Password not valid.
-------------------------
-------------------------
time: October 9, 2021, 8:31 pm
message: Username/Password not valid.
-------------------------
-------------------------
time: October 9, 2021, 8:32 pm
message: Username/Password not valid.
-------------------------
-------------------------
time: October 9, 2021, 8:32 pm
message: Booking data fetched.
-------------------------
-------------------------
time: October 9, 2021, 8:32 pm
message: Booking data fetched.
-------------------------
-------------------------
time: October 9, 2021, 8:37 pm
message: Booking data fetched.
-------------------------
-------------------------
time: October 9, 2021, 9:08 pm
message: Booking data fetched.
-------------------------
-------------------------
time: October 9, 2021, 9:14 pm
message: Booking data fetched.
-------------------------
-------------------------
time: October 9, 2021, 9:16 pm
message: Booking data fetched.
-------------------------
-------------------------
time: October 9, 2021, 9:20 pm
message: Booking data fetched.
-------------------------
-------------------------
time: October 9, 2021, 9:21 pm
message: Booking data fetched.
-------------------------
-------------------------
time: October 9, 2021, 9:21 pm
message: Booking data fetched.
-------------------------
-------------------------
time: October 9, 2021, 9:38 pm
message: Username/Password not valid.
-------------------------
-------------------------
time: October 9, 2021, 9:41 pm
message: Username/Password not valid.
-------------------------
-------------------------
time: October 9, 2021, 9:42 pm
message: Username/Password not valid.
-------------------------
-------------------------
time: October 9, 2021, 9:42 pm
message: Username/Password not valid.
-------------------------
-------------------------
time: October 9, 2021, 9:42 pm
message: Username/Password not valid.
-------------------------
-------------------------
time: October 9, 2021, 9:48 pm
message: SQLSTATE[22001]: String data, right truncated: 1406 Data too long for column 'address' at row 1
-------------------------
-------------------------
time: October 9, 2021, 9:48 pm
message: SQLSTATE[22001]: String data, right truncated: 1406 Data too long for column 'address' at row 1
-------------------------
-------------------------
time: October 9, 2021, 9:48 pm
message: SQLSTATE[22001]: String data, right truncated: 1406 Data too long for column 'address' at row 1
-------------------------
-------------------------
time: October 9, 2021, 9:48 pm
message: SQLSTATE[22001]: String data, right truncated: 1406 Data too long for column 'address' at row 1
-------------------------
-------------------------
time: October 9, 2021, 9:52 pm
message: Username/Password not valid.
-------------------------
-------------------------
time: October 9, 2021, 9:54 pm
message: Username/Password not valid.
-------------------------
-------------------------
time: October 9, 2021, 9:57 pm
message: SQLSTATE[22001]: String data, right truncated: 1406 Data too long for column 'address' at row 1
-------------------------
-------------------------
time: October 9, 2021, 9:57 pm
message: SQLSTATE[22001]: String data, right truncated: 1406 Data too long for column 'address' at row 1
-------------------------
-------------------------
time: October 9, 2021, 9:57 pm
message: SQLSTATE[22001]: String data, right truncated: 1406 Data too long for column 'address' at row 1
-------------------------
-------------------------
time: October 9, 2021, 9:57 pm
message: SQLSTATE[22001]: String data, right truncated: 1406 Data too long for column 'address' at row 1
-------------------------
-------------------------
time: October 9, 2021, 9:57 pm
message: SQLSTATE[22001]: String data, right truncated: 1406 Data too long for column 'address' at row 1
-------------------------
-------------------------
time: October 9, 2021, 9:57 pm
message: SQLSTATE[22001]: String data, right truncated: 1406 Data too long for column 'address' at row 1
-------------------------
-------------------------
time: October 9, 2021, 9:58 pm
message: SQLSTATE[22001]: String data, right truncated: 1406 Data too long for column 'address' at row 1
-------------------------
-------------------------
time: October 9, 2021, 9:58 pm
message: SQLSTATE[22001]: String data, right truncated: 1406 Data too long for column 'address' at row 1
-------------------------
-------------------------
time: October 9, 2021, 9:58 pm
message: SQLSTATE[22001]: String data, right truncated: 1406 Data too long for column 'address' at row 1
-------------------------
-------------------------
time: October 9, 2021, 9:58 pm
message: SQLSTATE[22001]: String data, right truncated: 1406 Data too long for column 'address' at row 1
-------------------------
-------------------------
time: October 9, 2021, 9:58 pm
message: SQLSTATE[22001]: String data, right truncated: 1406 Data too long for column 'address' at row 1
-------------------------
-------------------------
time: October 9, 2021, 9:58 pm
message: SQLSTATE[22001]: String data, right truncated: 1406 Data too long for column 'address' at row 1
-------------------------
-------------------------
time: October 9, 2021, 9:59 pm
message: SQLSTATE[22001]: String data, right truncated: 1406 Data too long for column 'address' at row 1
-------------------------
-------------------------
time: October 9, 2021, 9:59 pm
message: SQLSTATE[22001]: String data, right truncated: 1406 Data too long for column 'address' at row 1
-------------------------
-------------------------
time: October 9, 2021, 9:59 pm
message: SQLSTATE[22001]: String data, right truncated: 1406 Data too long for column 'address' at row 1
-------------------------
-------------------------
time: October 9, 2021, 9:59 pm
message: SQLSTATE[22001]: String data, right truncated: 1406 Data too long for column 'address' at row 1
-------------------------
-------------------------
time: October 9, 2021, 9:59 pm
message: SQLSTATE[22001]: String data, right truncated: 1406 Data too long for column 'address' at row 1
-------------------------
-------------------------
time: October 9, 2021, 9:59 pm
message: SQLSTATE[22001]: String data, right truncated: 1406 Data too long for column 'address' at row 1
-------------------------
-------------------------
time: October 9, 2021, 9:59 pm
message: SQLSTATE[22001]: String data, right truncated: 1406 Data too long for column 'address' at row 1
-------------------------
-------------------------
time: October 9, 2021, 9:59 pm
message: SQLSTATE[22001]: String data, right truncated: 1406 Data too long for column 'address' at row 1
-------------------------
-------------------------
time: October 9, 2021, 9:59 pm
message: Username/Password not valid.
-------------------------
-------------------------
time: October 9, 2021, 10:00 pm
message: Username/Password not valid.
-------------------------
-------------------------
time: October 9, 2021, 10:00 pm
message: SQLSTATE[22001]: String data, right truncated: 1406 Data too long for column 'address' at row 1
-------------------------
-------------------------
time: October 9, 2021, 10:00 pm
message: SQLSTATE[22001]: String data, right truncated: 1406 Data too long for column 'address' at row 1
-------------------------
-------------------------
time: October 9, 2021, 10:00 pm
message: Username/Password not valid.
-------------------------
-------------------------
time: October 9, 2021, 10:00 pm
message: Username/Password not valid.
-------------------------
-------------------------
time: October 9, 2021, 10:00 pm
message: Username/Password not valid.
-------------------------
-------------------------
time: October 9, 2021, 10:00 pm
message: Username/Password not valid.
-------------------------
-------------------------
time: October 9, 2021, 10:00 pm
message: SQLSTATE[22001]: String data, right truncated: 1406 Data too long for column 'address' at row 1
-------------------------
-------------------------
time: October 9, 2021, 10:00 pm
message: SQLSTATE[22001]: String data, right truncated: 1406 Data too long for column 'address' at row 1
-------------------------
-------------------------
time: October 9, 2021, 10:00 pm
message: SQLSTATE[22001]: String data, right truncated: 1406 Data too long for column 'address' at row 1
-------------------------
-------------------------
time: October 9, 2021, 10:00 pm
message: SQLSTATE[22001]: String data, right truncated: 1406 Data too long for column 'address' at row 1
-------------------------
-------------------------
time: October 9, 2021, 10:00 pm
message: Username/Password not valid.
-------------------------
-------------------------
time: October 9, 2021, 10:00 pm
message: SQLSTATE[22001]: String data, right truncated: 1406 Data too long for column 'address' at row 1
-------------------------
-------------------------
time: October 9, 2021, 10:00 pm
message: SQLSTATE[22001]: String data, right truncated: 1406 Data too long for column 'address' at row 1
-------------------------
-------------------------
time: October 9, 2021, 10:00 pm
message: Username/Password not valid.
-------------------------
-------------------------
time: October 9, 2021, 10:00 pm
message: Coupon data fetched.
-------------------------
-------------------------
time: October 9, 2021, 10:01 pm
message: SQLSTATE[22001]: String data, right truncated: 1406 Data too long for column 'address' at row 1
-------------------------
-------------------------
time: October 9, 2021, 10:01 pm
message: SQLSTATE[22001]: String data, right truncated: 1406 Data too long for column 'address' at row 1
-------------------------
-------------------------
time: October 9, 2021, 10:01 pm
message: Booking data fetched.
-------------------------
-------------------------
time: October 9, 2021, 10:01 pm
message: SQLSTATE[22001]: String data, right truncated: 1406 Data too long for column 'address' at row 1
-------------------------
-------------------------
time: October 9, 2021, 10:01 pm
message: SQLSTATE[22001]: String data, right truncated: 1406 Data too long for column 'address' at row 1
-------------------------
-------------------------
time: October 9, 2021, 10:01 pm
message: SQLSTATE[22001]: String data, right truncated: 1406 Data too long for column 'address' at row 1
-------------------------
-------------------------
time: October 9, 2021, 10:01 pm
message: SQLSTATE[22001]: String data, right truncated: 1406 Data too long for column 'address' at row 1
-------------------------
-------------------------
time: October 9, 2021, 10:01 pm
message: SQLSTATE[22001]: String data, right truncated: 1406 Data too long for column 'address' at row 1
-------------------------
-------------------------
time: October 9, 2021, 10:01 pm
message: SQLSTATE[22001]: String data, right truncated: 1406 Data too long for column 'address' at row 1
-------------------------
-------------------------
time: October 9, 2021, 10:01 pm
message: Email Id is already associated with another account.
-------------------------
-------------------------
time: October 9, 2021, 10:02 pm
message: SQLSTATE[22001]: String data, right truncated: 1406 Data too long for column 'address' at row 1
-------------------------
-------------------------
time: October 9, 2021, 10:02 pm
message: SQLSTATE[22001]: String data, right truncated: 1406 Data too long for column 'address' at row 1
-------------------------
-------------------------
time: October 9, 2021, 10:02 pm
message: Username/Password not valid.
-------------------------
-------------------------
time: October 9, 2021, 10:02 pm
message: Username/Password not valid.
-------------------------
-------------------------
time: October 9, 2021, 10:02 pm
message: SQLSTATE[22001]: String data, right truncated: 1406 Data too long for column 'address' at row 1
-------------------------
-------------------------
time: October 9, 2021, 10:02 pm
message: SQLSTATE[22001]: String data, right truncated: 1406 Data too long for column 'address' at row 1
-------------------------
-------------------------
time: October 9, 2021, 10:03 pm
message: SQLSTATE[22001]: String data, right truncated: 1406 Data too long for column 'address' at row 1
-------------------------
-------------------------
time: October 9, 2021, 10:03 pm
message: SQLSTATE[22001]: String data, right truncated: 1406 Data too long for column 'address' at row 1
-------------------------
-------------------------
time: October 9, 2021, 10:03 pm
message: Email Id is already associated with another account.
-------------------------
-------------------------
time: October 9, 2021, 10:03 pm
message: SQLSTATE[22001]: String data, right truncated: 1406 Data too long for column 'address' at row 1
-------------------------
-------------------------
time: October 9, 2021, 10:03 pm
message: SQLSTATE[22001]: String data, right truncated: 1406 Data too long for column 'address' at row 1
-------------------------
-------------------------
time: October 9, 2021, 10:04 pm
message: Username/Password not valid.
-------------------------
-------------------------
time: October 9, 2021, 10:04 pm
message: Username/Password not valid.
-------------------------
-------------------------
time: October 9, 2021, 10:04 pm
message: Username/Password not valid.
-------------------------
-------------------------
time: October 9, 2021, 10:05 pm
message: Username/Password not valid.
-------------------------
-------------------------
time: October 9, 2021, 10:05 pm
message: Username/Password not valid.
-------------------------
-------------------------
time: October 9, 2021, 10:05 pm
message: Username/Password not valid.
-------------------------
-------------------------
time: October 9, 2021, 10:05 pm
message: Username/Password not valid.
-------------------------
-------------------------
time: October 9, 2021, 10:05 pm
message: Username/Password not valid.
-------------------------
-------------------------
time: October 9, 2021, 10:05 pm
message: Email Id is already associated with another account.
-------------------------
-------------------------
time: October 9, 2021, 10:05 pm
message: Email Id is already associated with another account.
-------------------------
-------------------------
time: October 9, 2021, 10:06 pm
message: Username/Password not valid.
-------------------------
-------------------------
time: October 9, 2021, 10:06 pm
message: Username/Password not valid.
-------------------------
-------------------------
time: October 9, 2021, 10:06 pm
message: User not found with given email id.
-------------------------
-------------------------
time: October 9, 2021, 10:06 pm
message: Coupon data fetched.
-------------------------
-------------------------
time: October 9, 2021, 10:06 pm
message: User not found with given email id.
-------------------------
-------------------------
time: October 9, 2021, 10:06 pm
message: User not found with given email id.
-------------------------
-------------------------
time: October 9, 2021, 10:06 pm
message: User not found with given email id.
-------------------------
-------------------------
time: October 9, 2021, 10:06 pm
message: User not found with given email id.
-------------------------
-------------------------
time: October 9, 2021, 10:06 pm
message: User not found with given email id.
-------------------------
-------------------------
time: October 9, 2021, 10:06 pm
message: User not found with given email id.
-------------------------
-------------------------
time: October 9, 2021, 10:06 pm
message: User not found with given email id.
-------------------------
-------------------------
time: October 9, 2021, 10:07 pm
message: Username/Password not valid.
-------------------------
-------------------------
time: October 9, 2021, 10:07 pm
message: Username/Password not valid.
-------------------------
-------------------------
time: October 9, 2021, 10:08 pm
message: Booking data fetched.
-------------------------
-------------------------
time: October 9, 2021, 10:08 pm
message: Username/Password not valid.
-------------------------
-------------------------
time: October 9, 2021, 10:08 pm
message: Booking data fetched.
-------------------------
-------------------------
time: October 9, 2021, 10:08 pm
message: Username/Password not valid.
-------------------------
-------------------------
time: October 9, 2021, 10:08 pm
message: Username/Password not valid.
-------------------------
-------------------------
time: October 9, 2021, 10:08 pm
message: Username/Password not valid.
-------------------------
-------------------------
time: October 9, 2021, 10:08 pm
message: Username/Password not valid.
-------------------------
-------------------------
time: October 9, 2021, 10:08 pm
message: Username/Password not valid.
-------------------------
-------------------------
time: October 9, 2021, 10:08 pm
message: Username/Password not valid.
-------------------------
-------------------------
time: October 9, 2021, 10:08 pm
message: Username/Password not valid.
-------------------------
-------------------------
time: October 9, 2021, 10:08 pm
message: Username/Password not valid.
-------------------------
-------------------------
time: October 9, 2021, 10:08 pm
message: Username/Password not valid.
-------------------------
-------------------------
time: October 9, 2021, 10:08 pm
message: Username/Password not valid.
-------------------------
-------------------------
time: October 9, 2021, 10:08 pm
message: Username/Password not valid.
-------------------------
-------------------------
time: October 9, 2021, 10:09 pm
message: Username/Password not valid.
-------------------------
-------------------------
time: October 9, 2021, 10:09 pm
message: Username/Password not valid.
-------------------------
-------------------------
time: October 9, 2021, 10:10 pm
message: Coupon data fetched.
-------------------------
-------------------------
time: October 9, 2021, 10:12 pm
message: Coupon data fetched.
-------------------------
-------------------------
time: October 9, 2021, 10:14 pm
message: Booking data fetched.
-------------------------
-------------------------
time: October 9, 2021, 10:15 pm
message: Booking data fetched.
-------------------------
-------------------------
time: October 9, 2021, 10:17 pm
message: Booking data fetched.
-------------------------
-------------------------
time: October 9, 2021, 10:17 pm
message: Coupon data fetched.
-------------------------
-------------------------
time: October 9, 2021, 10:21 pm
message: Booking data fetched.
-------------------------
-------------------------
time: October 9, 2021, 10:21 pm
message: SQLSTATE[22001]: String data, right truncated: 1406 Data too long for column 'address' at row 1
-------------------------
-------------------------
time: October 9, 2021, 10:21 pm
message: SQLSTATE[22001]: String data, right truncated: 1406 Data too long for column 'address' at row 1
-------------------------
-------------------------
time: October 9, 2021, 10:24 pm
message: Username/Password not valid.
-------------------------
-------------------------
time: October 9, 2021, 10:25 pm
message: Username/Password not valid.
-------------------------
-------------------------
time: October 9, 2021, 10:30 pm
message: Booking data fetched.
-------------------------
-------------------------
time: October 9, 2021, 10:30 pm
message: Expired token
-------------------------
-------------------------
time: October 9, 2021, 10:30 pm
message: Error 8 occured on line 31 in file C:\inetpub\wwwroot\trbs_2021\services\api\images\update.php: Undefined index: image_upload.
-------------------------
-------------------------
time: October 9, 2021, 10:37 pm
message: Coupon data fetched.
-------------------------
-------------------------
time: October 9, 2021, 10:38 pm
message: Coupon data fetched.
-------------------------
-------------------------
time: October 9, 2021, 10:42 pm
message: Booking data fetched.
-------------------------
-------------------------
time: October 9, 2021, 10:43 pm
message: SQLSTATE[22003]: Numeric value out of range: 1264 Out of range value for column 'year' at row 1
-------------------------
-------------------------
time: October 9, 2021, 10:43 pm
message: SQLSTATE[22003]: Numeric value out of range: 1264 Out of range value for column 'year' at row 1
-------------------------
-------------------------
time: October 9, 2021, 10:43 pm
message: SQLSTATE[22003]: Numeric value out of range: 1264 Out of range value for column 'year' at row 1
-------------------------
-------------------------
time: October 9, 2021, 10:43 pm
message: SQLSTATE[22003]: Numeric value out of range: 1264 Out of range value for column 'year' at row 1
-------------------------
-------------------------
time: October 9, 2021, 10:44 pm
message: Booking data fetched.
-------------------------
-------------------------
time: October 9, 2021, 10:44 pm
message: Booking data fetched.
-------------------------
-------------------------
time: October 9, 2021, 10:45 pm
message: Booking data fetched.
-------------------------
-------------------------
time: October 9, 2021, 10:47 pm
message: Booking data fetched.
-------------------------
-------------------------
time: October 9, 2021, 10:49 pm
message: Booking data fetched.
-------------------------
-------------------------
time: October 9, 2021, 10:50 pm
message: Transaction Id has already been used.
-------------------------
-------------------------
time: October 9, 2021, 10:50 pm
message: Booking data fetched.
-------------------------
-------------------------
time: October 9, 2021, 10:51 pm
message: Booking data fetched.
-------------------------
-------------------------
time: October 9, 2021, 10:52 pm
message: Leaderboard data fetched.
-------------------------
-------------------------
time: October 9, 2021, 10:52 pm
message: Username/Password not valid.
-------------------------
-------------------------
time: October 9, 2021, 10:52 pm
message: User not found with given email id.
-------------------------
-------------------------
time: October 9, 2021, 10:52 pm
message: User not found with given email id.
-------------------------
-------------------------
time: October 9, 2021, 10:53 pm
message: Username/Password not valid.
-------------------------
-------------------------
time: October 9, 2021, 10:53 pm
message: User not found with given email id.
-------------------------
-------------------------
time: October 9, 2021, 10:53 pm
message: Username/Password not valid.
-------------------------
-------------------------
time: October 9, 2021, 10:53 pm
message: Transaction Id has already been used.
-------------------------
-------------------------
time: October 9, 2021, 10:53 pm
message: User not found with given email id.
-------------------------
-------------------------
time: October 9, 2021, 10:53 pm
message: Transaction Id has already been used.
-------------------------
-------------------------
time: October 9, 2021, 10:53 pm
message: Username/Password not valid.
-------------------------
-------------------------
time: October 9, 2021, 10:53 pm
message: Transaction Id has already been used.
-------------------------
-------------------------
time: October 9, 2021, 10:53 pm
message: Username/Password not valid.
-------------------------
-------------------------
time: October 9, 2021, 10:53 pm
message: Transaction Id has already been used.
-------------------------
-------------------------
time: October 9, 2021, 10:53 pm
message: Username/Password not valid.
-------------------------
-------------------------
time: October 9, 2021, 10:53 pm
message: Transaction Id has already been used.
-------------------------
-------------------------
time: October 9, 2021, 10:57 pm
message: Booking data fetched.
-------------------------
-------------------------
time: October 9, 2021, 10:59 pm
message: Username/Password not valid.
-------------------------
-------------------------
time: October 9, 2021, 10:59 pm
message: SQLSTATE[22001]: String data, right truncated: 1406 Data too long for column 'address' at row 1
-------------------------
-------------------------
time: October 9, 2021, 10:59 pm
message: SQLSTATE[22001]: String data, right truncated: 1406 Data too long for column 'address' at row 1
-------------------------
-------------------------
time: October 9, 2021, 10:59 pm
message: SQLSTATE[22001]: String data, right truncated: 1406 Data too long for column 'address' at row 1
-------------------------
-------------------------
time: October 9, 2021, 10:59 pm
message: SQLSTATE[22001]: String data, right truncated: 1406 Data too long for column 'address' at row 1
-------------------------
-------------------------
time: October 9, 2021, 10:59 pm
message: SQLSTATE[22003]: Numeric value out of range: 1264 Out of range value for column 'year' at row 1
-------------------------
-------------------------
time: October 9, 2021, 10:59 pm
message: SQLSTATE[22003]: Numeric value out of range: 1264 Out of range value for column 'year' at row 1
-------------------------
-------------------------
time: October 9, 2021, 11:00 pm
message: SQLSTATE[22003]: Numeric value out of range: 1264 Out of range value for column 'year' at row 1
-------------------------
-------------------------
time: October 9, 2021, 11:00 pm
message: SQLSTATE[22003]: Numeric value out of range: 1264 Out of range value for column 'year' at row 1
-------------------------
-------------------------
time: October 9, 2021, 11:00 pm
message: SQLSTATE[22001]: String data, right truncated: 1406 Data too long for column 'address' at row 1
-------------------------
-------------------------
time: October 9, 2021, 11:00 pm
message: SQLSTATE[22001]: String data, right truncated: 1406 Data too long for column 'address' at row 1
-------------------------
-------------------------
time: October 9, 2021, 11:02 pm
message: Expired token
-------------------------
-------------------------
time: October 9, 2021, 11:02 pm
message: Booking data fetched.
-------------------------
-------------------------
time: October 9, 2021, 11:05 pm
message: SQLSTATE[22001]: String data, right truncated: 1406 Data too long for column 'address' at row 1
-------------------------
-------------------------
time: October 9, 2021, 11:05 pm
message: SQLSTATE[22001]: String data, right truncated: 1406 Data too long for column 'address' at row 1
-------------------------
-------------------------
time: October 9, 2021, 11:06 pm
message: SQLSTATE[22001]: String data, right truncated: 1406 Data too long for column 'address' at row 1
-------------------------
-------------------------
time: October 9, 2021, 11:06 pm
message: SQLSTATE[22001]: String data, right truncated: 1406 Data too long for column 'address' at row 1
-------------------------
-------------------------
time: October 9, 2021, 11:07 pm
message: SQLSTATE[22001]: String data, right truncated: 1406 Data too long for column 'address' at row 1
-------------------------
-------------------------
time: October 9, 2021, 11:07 pm
message: SQLSTATE[22001]: String data, right truncated: 1406 Data too long for column 'address' at row 1
-------------------------
-------------------------
time: October 9, 2021, 11:09 pm
message: Booking data fetched.
-------------------------
-------------------------
time: October 9, 2021, 11:10 pm
message: Booking data fetched.
-------------------------
-------------------------
time: October 9, 2021, 11:17 pm
message: SQLSTATE[22001]: String data, right truncated: 1406 Data too long for column 'address' at row 1
-------------------------
-------------------------
time: October 9, 2021, 11:17 pm
message: SQLSTATE[22001]: String data, right truncated: 1406 Data too long for column 'address' at row 1
-------------------------
-------------------------
time: October 9, 2021, 11:17 pm
message: SQLSTATE[HY000]: General error: 1366 Incorrect integer value: '' for column 'year' at row 1
-------------------------
-------------------------
time: October 9, 2021, 11:17 pm
message: SQLSTATE[HY000]: General error: 1366 Incorrect integer value: '' for column 'year' at row 1
-------------------------
-------------------------
time: October 9, 2021, 11:18 pm
message: SQLSTATE[22001]: String data, right truncated: 1406 Data too long for column 'address' at row 1
-------------------------
-------------------------
time: October 9, 2021, 11:18 pm
message: SQLSTATE[22001]: String data, right truncated: 1406 Data too long for column 'address' at row 1
-------------------------
-------------------------
time: October 9, 2021, 11:18 pm
message: SQLSTATE[22001]: String data, right truncated: 1406 Data too long for column 'address' at row 1
-------------------------
-------------------------
time: October 9, 2021, 11:18 pm
message: SQLSTATE[22001]: String data, right truncated: 1406 Data too long for column 'address' at row 1
-------------------------
-------------------------
time: October 9, 2021, 11:21 pm
message: SQLSTATE[22001]: String data, right truncated: 1406 Data too long for column 'address' at row 1
-------------------------
-------------------------
time: October 9, 2021, 11:21 pm
message: SQLSTATE[22001]: String data, right truncated: 1406 Data too long for column 'address' at row 1
-------------------------
-------------------------
time: October 9, 2021, 11:22 pm
message: SQLSTATE[22001]: String data, right truncated: 1406 Data too long for column 'address' at row 1
-------------------------
-------------------------
time: October 9, 2021, 11:22 pm
message: SQLSTATE[22001]: String data, right truncated: 1406 Data too long for column 'address' at row 1
-------------------------
-------------------------
time: October 9, 2021, 11:24 pm
message: Expired token
-------------------------
-------------------------
time: October 9, 2021, 11:24 pm
message: Booking data fetched.
-------------------------
-------------------------
time: October 9, 2021, 11:29 pm
message: Username/Password not valid.
-------------------------
-------------------------
time: October 9, 2021, 11:29 pm
message: Username/Password not valid.
-------------------------
-------------------------
time: October 9, 2021, 11:30 pm
message: Username/Password not valid.
-------------------------
-------------------------
time: October 9, 2021, 11:30 pm
message: Username/Password not valid.
-------------------------
-------------------------
time: October 9, 2021, 11:30 pm
message: Booking data fetched.
-------------------------
-------------------------
time: October 9, 2021, 11:31 pm
message: Username/Password not valid.
-------------------------
-------------------------
time: October 9, 2021, 11:31 pm
message: Username/Password not valid.
-------------------------
-------------------------
time: October 9, 2021, 11:32 pm
message: Username/Password not valid.
-------------------------
-------------------------
time: October 9, 2021, 11:33 pm
message: Username/Password not valid.
-------------------------
-------------------------
time: October 9, 2021, 11:33 pm
message: Username/Password not valid.
-------------------------
-------------------------
time: October 9, 2021, 11:37 pm
message: Coupon data fetched.
-------------------------
-------------------------
time: October 9, 2021, 11:39 pm
message: Coupon has expired.
-------------------------
-------------------------
time: October 9, 2021, 11:39 pm
message: Coupon has expired.
-------------------------
-------------------------
time: October 9, 2021, 11:41 pm
message: Username/Password not valid.
-------------------------
-------------------------
time: October 9, 2021, 11:42 pm
message: Booking data fetched.
-------------------------
-------------------------
time: October 9, 2021, 11:48 pm
message: SQLSTATE[22001]: String data, right truncated: 1406 Data too long for column 'address' at row 1
-------------------------
-------------------------
time: October 9, 2021, 11:48 pm
message: SQLSTATE[22001]: String data, right truncated: 1406 Data too long for column 'address' at row 1
-------------------------
-------------------------
time: October 9, 2021, 11:51 pm
message: SQLSTATE[22001]: String data, right truncated: 1406 Data too long for column 'address' at row 1
-------------------------
-------------------------
time: October 9, 2021, 11:51 pm
message: SQLSTATE[22001]: String data, right truncated: 1406 Data too long for column 'address' at row 1
-------------------------
-------------------------
time: October 9, 2021, 11:52 pm
message: SQLSTATE[22001]: String data, right truncated: 1406 Data too long for column 'address' at row 1
-------------------------
-------------------------
time: October 9, 2021, 11:52 pm
message: SQLSTATE[22001]: String data, right truncated: 1406 Data too long for column 'address' at row 1
-------------------------
-------------------------
time: October 9, 2021, 11:57 pm
message: Booking data fetched.
-------------------------
-------------------------
time: October 9, 2021, 11:57 pm
message: Expired token
-------------------------
-------------------------
time: October 9, 2021, 11:57 pm
message: Booking data fetched.
-------------------------
-------------------------
time: October 9, 2021, 11:58 pm
message: Booking data fetched.
-------------------------
-------------------------
time: October 9, 2021, 11:58 pm
message: Booking data fetched.
-------------------------
-------------------------
time: October 9, 2021, 11:59 pm
message: Booking data fetched.
-------------------------
