-------------------------
time: December 25, 2021, 12:18 am
message: Contact Role data fetched.
-------------------------
-------------------------
time: December 25, 2021, 1:19 am
message: Contact Role data fetched.
-------------------------
-------------------------
time: December 25, 2021, 2:56 am
message: Contact Role data fetched.
-------------------------
-------------------------
time: December 25, 2021, 3:12 am
message: Contact Role data fetched.
-------------------------
-------------------------
time: December 25, 2021, 3:20 am
message: GET method not allowed
-------------------------
-------------------------
time: December 25, 2021, 5:27 am
message: Contact Role data fetched.
-------------------------
-------------------------
time: December 25, 2021, 7:38 am
message: Contact Role data fetched.
-------------------------
-------------------------
time: December 25, 2021, 8:45 am
message: Contact Role data fetched.
-------------------------
-------------------------
time: December 25, 2021, 8:57 am
message: GET method not allowed
-------------------------
-------------------------
time: December 25, 2021, 9:39 am
message: Contact Role data fetched.
-------------------------
-------------------------
time: December 25, 2021, 10:47 am
message: Contact Role data fetched.
-------------------------
-------------------------
time: December 25, 2021, 11:47 am
message: Contact Role data fetched.
-------------------------
-------------------------
time: December 25, 2021, 12:45 pm
message: Contact Role data fetched.
-------------------------
-------------------------
time: December 25, 2021, 1:40 pm
message: Contact Role data fetched.
-------------------------
-------------------------
time: December 25, 2021, 2:33 pm
message: Contact Role data fetched.
-------------------------
-------------------------
time: December 25, 2021, 3:06 pm
message: Contact Role data fetched.
-------------------------
-------------------------
time: December 25, 2021, 3:09 pm
message: Leaderboard data fetched.
-------------------------
-------------------------
time: December 25, 2021, 3:40 pm
message: Contact Role data fetched.
-------------------------
-------------------------
time: December 25, 2021, 5:32 pm
message: Contact Role data fetched.
-------------------------
-------------------------
time: December 25, 2021, 7:26 pm
message: Contact Role data fetched.
-------------------------
-------------------------
time: December 25, 2021, 10:03 pm
message: Contact Role data fetched.
-------------------------
