-------------------------
time: August 14, 2021, 6:21 am
message: Invalid Token
-------------------------
-------------------------
time: August 14, 2021, 6:22 am
message: Invalid Token
-------------------------
-------------------------
time: August 14, 2021, 6:22 am
message: Invalid Token
-------------------------
-------------------------
time: August 14, 2021, 8:36 am
message: No authentication token found
-------------------------
-------------------------
time: August 14, 2021, 8:36 am
message: Invalid Token
-------------------------
-------------------------
time: August 14, 2021, 8:36 am
message: Invalid Token
-------------------------
-------------------------
time: August 14, 2021, 8:37 am
message: Password did not match.
-------------------------
-------------------------
time: August 14, 2021, 8:37 am
message: Error 8 occured on line 338 in file F:\SERVER\www\iim-app-services\models\AppUser.php: Only variables should be passed by reference.
-------------------------
-------------------------
time: August 14, 2021, 8:39 am
message: Username/Password not valid.
-------------------------
-------------------------
time: August 14, 2021, 8:39 am
message: Password did not match.
-------------------------
-------------------------
time: August 14, 2021, 8:42 am
message: Email Id is already associated with another account.
-------------------------
-------------------------
time: August 14, 2021, 4:39 pm
message: SQLSTATE[HY000]: General error: 1366 Incorrect integer value: '' for column 'profile_image_id' at row 1
-------------------------
-------------------------
time: August 14, 2021, 4:39 pm
message: SQLSTATE[HY000]: General error: 1366 Incorrect integer value: '' for column 'profile_image_id' at row 1
-------------------------
-------------------------
time: August 14, 2021, 4:40 pm
message: SQLSTATE[HY000]: General error: 1366 Incorrect integer value: '' for column 'profile_image_id' at row 1
-------------------------
-------------------------
time: August 14, 2021, 4:40 pm
message: SQLSTATE[HY000]: General error: 1366 Incorrect integer value: '' for column 'profile_image_id' at row 1
-------------------------
-------------------------
time: August 14, 2021, 4:42 pm
message: SQLSTATE[HY000]: General error: 1366 Incorrect integer value: '' for column 'profile_image_id' at row 1
-------------------------
-------------------------
time: August 14, 2021, 4:42 pm
message: SQLSTATE[HY000]: General error: 1366 Incorrect integer value: '' for column 'profile_image_id' at row 1
-------------------------
-------------------------
time: August 14, 2021, 4:43 pm
message: SQLSTATE[HY000]: General error: 1366 Incorrect integer value: '' for column 'profile_image_id' at row 1
-------------------------
-------------------------
time: August 14, 2021, 4:43 pm
message: SQLSTATE[HY000]: General error: 1366 Incorrect integer value: '' for column 'profile_image_id' at row 1
-------------------------
-------------------------
time: August 14, 2021, 4:44 pm
message: SQLSTATE[HY000]: General error: 1366 Incorrect integer value: '' for column 'profile_image_id' at row 1
-------------------------
-------------------------
time: August 14, 2021, 4:44 pm
message: SQLSTATE[HY000]: General error: 1366 Incorrect integer value: '' for column 'profile_image_id' at row 1
-------------------------
-------------------------
time: August 14, 2021, 4:46 pm
message: Email Id is already associated with another account.
-------------------------
-------------------------
time: August 14, 2021, 4:48 pm
message: Email Id is already associated with another account.
-------------------------
-------------------------
time: August 14, 2021, 4:50 pm
message: Email Id is already associated with another account.
-------------------------
-------------------------
time: August 14, 2021, 4:51 pm
message: Email Id is already associated with another account.
-------------------------
-------------------------
time: August 14, 2021, 4:51 pm
message: Email Id is already associated with another account.
-------------------------
-------------------------
time: August 14, 2021, 4:52 pm
message: SQLSTATE[HY000]: General error: 1366 Incorrect integer value: '' for column 'profile_image_id' at row 1
-------------------------
-------------------------
time: August 14, 2021, 4:52 pm
message: SQLSTATE[HY000]: General error: 1366 Incorrect integer value: '' for column 'profile_image_id' at row 1
-------------------------
-------------------------
time: August 14, 2021, 4:52 pm
message: SQLSTATE[HY000]: General error: 1366 Incorrect integer value: '' for column 'profile_image_id' at row 1
-------------------------
-------------------------
time: August 14, 2021, 4:52 pm
message: SQLSTATE[HY000]: General error: 1366 Incorrect integer value: '' for column 'profile_image_id' at row 1
-------------------------
-------------------------
time: August 14, 2021, 4:53 pm
message: SQLSTATE[HY000]: General error: 1366 Incorrect integer value: '' for column 'profile_image_id' at row 1
-------------------------
-------------------------
time: August 14, 2021, 4:53 pm
message: SQLSTATE[HY000]: General error: 1366 Incorrect integer value: '' for column 'profile_image_id' at row 1
-------------------------
-------------------------
time: August 14, 2021, 4:53 pm
message: SQLSTATE[HY000]: General error: 1366 Incorrect integer value: '' for column 'profile_image_id' at row 1
-------------------------
-------------------------
time: August 14, 2021, 4:53 pm
message: Database exception occured.
-------------------------
-------------------------
time: August 14, 2021, 4:54 pm
message: SQLSTATE[HY000]: General error: 1366 Incorrect integer value: '' for column 'profile_image_id' at row 1
-------------------------
-------------------------
time: August 14, 2021, 4:54 pm
message: SQLSTATE[HY000]: General error: 1366 Incorrect integer value: '' for column 'profile_image_id' at row 1
-------------------------
-------------------------
time: August 14, 2021, 5:34 pm
message: SQLSTATE[HY000]: General error: 1366 Incorrect integer value: '' for column 'profile_image_id' at row 1
-------------------------
-------------------------
time: August 14, 2021, 5:34 pm
message: SQLSTATE[HY000]: General error: 1366 Incorrect integer value: '' for column 'profile_image_id' at row 1
-------------------------
-------------------------
time: August 14, 2021, 5:34 pm
message: SQLSTATE[HY000]: General error: 1366 Incorrect integer value: '' for column 'profile_image_id' at row 1
-------------------------
-------------------------
time: August 14, 2021, 5:34 pm
message: SQLSTATE[HY000]: General error: 1366 Incorrect integer value: '' for column 'profile_image_id' at row 1
-------------------------
-------------------------
time: August 14, 2021, 9:10 pm
message: Error 8 occured on line 21 in file F:\SERVER\www\iim-app-services\api\users\read_single.php: Trying to get property 'token' of non-object.
-------------------------
-------------------------
time: August 14, 2021, 9:11 pm
message: Error 8 occured on line 21 in file F:\SERVER\www\iim-app-services\api\users\read_single.php: Undefined property: stdClass::$token.
-------------------------
-------------------------
time: August 14, 2021, 9:11 pm
message: Error 8 occured on line 21 in file F:\SERVER\www\iim-app-services\api\users\read_single.php: Undefined property: stdClass::$token.
-------------------------
-------------------------
time: August 14, 2021, 9:15 pm
message: Error 8 occured on line 21 in file F:\SERVER\www\iim-app-services\api\users\read_single.php: Undefined property: stdClass::$token.
-------------------------
-------------------------
time: August 14, 2021, 9:15 pm
message: Error 8 occured on line 21 in file F:\SERVER\www\iim-app-services\api\users\read_single.php: Undefined property: stdClass::$token.
-------------------------
-------------------------
time: August 14, 2021, 9:15 pm
message: Error 8 occured on line 21 in file F:\SERVER\www\iim-app-services\api\users\read_single.php: Undefined property: stdClass::$token.
-------------------------
-------------------------
time: August 14, 2021, 9:16 pm
message: Error 8 occured on line 21 in file F:\SERVER\www\iim-app-services\api\users\read_single.php: Undefined property: stdClass::$token.
-------------------------
-------------------------
time: August 14, 2021, 9:18 pm
message: Error 8 occured on line 21 in file F:\SERVER\www\iim-app-services\api\users\read_single.php: Undefined property: stdClass::$token.
-------------------------
-------------------------
time: August 14, 2021, 9:18 pm
message: Error 8 occured on line 21 in file F:\SERVER\www\iim-app-services\api\users\read_single.php: Undefined property: stdClass::$token.
-------------------------
-------------------------
time: August 14, 2021, 9:19 pm
message: Error 8 occured on line 21 in file F:\SERVER\www\iim-app-services\api\users\read_single.php: Undefined property: stdClass::$token.
-------------------------
-------------------------
time: August 14, 2021, 9:21 pm
message: No authentication token found
-------------------------
-------------------------
time: August 14, 2021, 9:22 pm
message: No authentication token found
-------------------------
-------------------------
time: August 14, 2021, 9:22 pm
message: Invalid Token
-------------------------
-------------------------
time: August 14, 2021, 9:24 pm
message: Invalid Token
-------------------------
-------------------------
time: August 14, 2021, 9:24 pm
message: Invalid Token
-------------------------
-------------------------
time: August 14, 2021, 9:26 pm
message: JWT_INVALID_TOKEN
-------------------------
-------------------------
time: August 14, 2021, 9:28 pm
message: JWT_INVALID_TOKEN
-------------------------
-------------------------
time: August 14, 2021, 9:31 pm
message: Cannot handle token prior to 2021-08-14T21:31:17+0000
-------------------------
