-------------------------
time: October 28, 2021, 4:12 am
message: GET method not allowed
-------------------------
-------------------------
time: October 28, 2021, 4:43 am
message: GET method not allowed
-------------------------
-------------------------
time: October 28, 2021, 6:25 am
message: GET method not allowed
-------------------------
-------------------------
time: October 28, 2021, 6:55 am
message: GET method not allowed
-------------------------
-------------------------
time: October 28, 2021, 7:13 am
message: Booking data fetched.
-------------------------
-------------------------
time: October 28, 2021, 7:13 am
message: Expired token
-------------------------
-------------------------
time: October 28, 2021, 10:54 am
message: Booking data fetched.
-------------------------
-------------------------
time: October 28, 2021, 12:23 pm
message: GET method not allowed
-------------------------
-------------------------
time: October 28, 2021, 12:54 pm
message: GET method not allowed
-------------------------
-------------------------
time: October 28, 2021, 1:11 pm
message: SQLSTATE[HY000]: General error: 1366 Incorrect integer value: '' for column 'year' at row 1
-------------------------
-------------------------
time: October 28, 2021, 1:11 pm
message: SQLSTATE[HY000]: General error: 1366 Incorrect integer value: '' for column 'year' at row 1
-------------------------
-------------------------
time: October 28, 2021, 1:47 pm
message: Booking data fetched.
-------------------------
-------------------------
time: October 28, 2021, 1:48 pm
message: Expired token
-------------------------
-------------------------
time: October 28, 2021, 6:00 pm
message: Leaderboard data fetched.
-------------------------
-------------------------
time: October 28, 2021, 7:14 pm
message: GET method not allowed
-------------------------
-------------------------
time: October 28, 2021, 7:45 pm
message: GET method not allowed
-------------------------
-------------------------
time: October 28, 2021, 7:48 pm
message: GET method not allowed
-------------------------
-------------------------
time: October 28, 2021, 7:49 pm
message: GET method not allowed
-------------------------
-------------------------
time: October 28, 2021, 7:50 pm
message: GET method not allowed
-------------------------
-------------------------
time: October 28, 2021, 7:50 pm
message: GET method not allowed
-------------------------
-------------------------
time: October 28, 2021, 7:50 pm
message: GET method not allowed
-------------------------
-------------------------
time: October 28, 2021, 7:50 pm
message: GET method not allowed
-------------------------
-------------------------
time: October 28, 2021, 7:50 pm
message: GET method not allowed
-------------------------
-------------------------
time: October 28, 2021, 10:08 pm
message: Something went wrong.
-------------------------
-------------------------
time: October 28, 2021, 10:09 pm
message: Username/Password not valid.
-------------------------
-------------------------
time: October 28, 2021, 10:10 pm
message: Username/Password not valid.
-------------------------
-------------------------
time: October 28, 2021, 10:10 pm
message: User not found with given email id.
-------------------------
-------------------------
time: October 28, 2021, 10:12 pm
message: Booking data fetched.
-------------------------
-------------------------
time: October 28, 2021, 10:13 pm
message: Booking data fetched.
-------------------------
-------------------------
time: October 28, 2021, 11:05 pm
message: Booking data fetched.
-------------------------
-------------------------
time: October 28, 2021, 11:51 pm
message: GET method not allowed
-------------------------
