-------------------------
time: January 17, 2022, 12:13 am
message: Contact Role data fetched.
-------------------------
-------------------------
time: January 17, 2022, 12:23 am
message: Contact Role data fetched.
-------------------------
-------------------------
time: January 17, 2022, 1:18 am
message: Contact Role data fetched.
-------------------------
-------------------------
time: January 17, 2022, 2:10 am
message: Contact Role data fetched.
-------------------------
-------------------------
time: January 17, 2022, 2:56 am
message: Contact Role data fetched.
-------------------------
-------------------------
time: January 17, 2022, 3:22 am
message: Contact Role data fetched.
-------------------------
-------------------------
time: January 17, 2022, 4:20 am
message: Contact Role data fetched.
-------------------------
-------------------------
time: January 17, 2022, 4:48 am
message: Contact Role data fetched.
-------------------------
-------------------------
time: January 17, 2022, 5:15 am
message: Contact Role data fetched.
-------------------------
-------------------------
time: January 17, 2022, 5:17 am
message: Contact Role data fetched.
-------------------------
-------------------------
time: January 17, 2022, 5:47 am
message: Contact Role data fetched.
-------------------------
-------------------------
time: January 17, 2022, 6:23 am
message: Contact Role data fetched.
-------------------------
-------------------------
time: January 17, 2022, 6:24 am
message: Contact Role data fetched.
-------------------------
-------------------------
time: January 17, 2022, 6:55 am
message: Contact Role data fetched.
-------------------------
-------------------------
time: January 17, 2022, 7:16 am
message: Contact Role data fetched.
-------------------------
-------------------------
time: January 17, 2022, 7:24 am
message: Contact Role data fetched.
-------------------------
-------------------------
time: January 17, 2022, 7:53 am
message: Contact Role data fetched.
-------------------------
-------------------------
time: January 17, 2022, 8:50 am
message: Contact Role data fetched.
-------------------------
-------------------------
time: January 17, 2022, 9:11 am
message: Contact Role data fetched.
-------------------------
-------------------------
time: January 17, 2022, 9:20 am
message: Contact Role data fetched.
-------------------------
-------------------------
time: January 17, 2022, 9:56 am
message: Contact Role data fetched.
-------------------------
-------------------------
time: January 17, 2022, 10:15 am
message: Contact Role data fetched.
-------------------------
-------------------------
time: January 17, 2022, 10:19 am
message: Contact Role data fetched.
-------------------------
-------------------------
time: January 17, 2022, 10:26 am
message: GET method not allowed
-------------------------
-------------------------
time: January 17, 2022, 10:54 am
message: Contact Role data fetched.
-------------------------
-------------------------
time: January 17, 2022, 11:20 am
message: Contact Role data fetched.
-------------------------
-------------------------
time: January 17, 2022, 11:24 am
message: Contact Role data fetched.
-------------------------
-------------------------
time: January 17, 2022, 11:47 am
message: Contact Role data fetched.
-------------------------
-------------------------
time: January 17, 2022, 12:10 pm
message: Contact Role data fetched.
-------------------------
-------------------------
time: January 17, 2022, 12:15 pm
message: Contact Role data fetched.
-------------------------
-------------------------
time: January 17, 2022, 12:20 pm
message: Contact Role data fetched.
-------------------------
-------------------------
time: January 17, 2022, 12:53 pm
message: Contact Role data fetched.
-------------------------
-------------------------
time: January 17, 2022, 1:08 pm
message: Contact Role data fetched.
-------------------------
-------------------------
time: January 17, 2022, 1:22 pm
message: Contact Role data fetched.
-------------------------
-------------------------
time: January 17, 2022, 1:45 pm
message: Contact Role data fetched.
-------------------------
-------------------------
time: January 17, 2022, 2:06 pm
message: Contact Role data fetched.
-------------------------
-------------------------
time: January 17, 2022, 2:06 pm
message: Contact Role data fetched.
-------------------------
-------------------------
time: January 17, 2022, 2:42 pm
message: Contact Role data fetched.
-------------------------
-------------------------
time: January 17, 2022, 3:10 pm
message: Contact Role data fetched.
-------------------------
-------------------------
time: January 17, 2022, 3:13 pm
message: Contact Role data fetched.
-------------------------
-------------------------
time: January 17, 2022, 3:36 pm
message: Contact Role data fetched.
-------------------------
-------------------------
time: January 17, 2022, 4:23 pm
message: Contact Role data fetched.
-------------------------
-------------------------
time: January 17, 2022, 5:56 pm
message: Contact Role data fetched.
-------------------------
-------------------------
time: January 17, 2022, 5:56 pm
message: Contact Role data fetched.
-------------------------
-------------------------
time: January 17, 2022, 6:18 pm
message: Contact Role data fetched.
-------------------------
-------------------------
time: January 17, 2022, 7:29 pm
message: Contact Role data fetched.
-------------------------
-------------------------
time: January 17, 2022, 8:22 pm
message: Contact Role data fetched.
-------------------------
-------------------------
time: January 17, 2022, 8:29 pm
message: Contact Role data fetched.
-------------------------
-------------------------
time: January 17, 2022, 9:20 pm
message: Contact Role data fetched.
-------------------------
-------------------------
time: January 17, 2022, 9:25 pm
message: Contact Role data fetched.
-------------------------
-------------------------
time: January 17, 2022, 10:08 pm
message: Contact Role data fetched.
-------------------------
-------------------------
time: January 17, 2022, 10:16 pm
message: Contact Role data fetched.
-------------------------
-------------------------
time: January 17, 2022, 10:26 pm
message: Contact Role data fetched.
-------------------------
-------------------------
time: January 17, 2022, 10:36 pm
message: Contact Role data fetched.
-------------------------
-------------------------
time: January 17, 2022, 10:38 pm
message: Contact Role data fetched.
-------------------------
-------------------------
time: January 17, 2022, 10:52 pm
message: Contact Role data fetched.
-------------------------
-------------------------
time: January 17, 2022, 10:53 pm
message: Contact Role data fetched.
-------------------------
-------------------------
time: January 17, 2022, 11:04 pm
message: Contact Role data fetched.
-------------------------
-------------------------
time: January 17, 2022, 11:09 pm
message: Contact Role data fetched.
-------------------------
-------------------------
time: January 17, 2022, 11:15 pm
message: Contact Role data fetched.
-------------------------
-------------------------
time: January 17, 2022, 11:20 pm
message: Contact Role data fetched.
-------------------------
-------------------------
time: January 17, 2022, 11:23 pm
message: Contact Role data fetched.
-------------------------
-------------------------
time: January 17, 2022, 11:28 pm
message: Contact Role data fetched.
-------------------------
