-------------------------
time: November 29, 2021, 9:21 am
message: GET method not allowed
-------------------------
-------------------------
time: November 29, 2021, 9:52 am
message: GET method not allowed
-------------------------
-------------------------
time: November 29, 2021, 11:04 am
message: Leaderboard data fetched.
-------------------------
-------------------------
time: November 29, 2021, 2:53 pm
message: GET method not allowed
-------------------------
-------------------------
time: November 29, 2021, 3:24 pm
message: GET method not allowed
-------------------------
