-------------------------
time: November 12, 2021, 5:27 am
message: GET method not allowed
-------------------------
-------------------------
time: November 12, 2021, 5:59 am
message: GET method not allowed
-------------------------
-------------------------
time: November 12, 2021, 12:09 pm
message: GET method not allowed
-------------------------
-------------------------
time: November 12, 2021, 7:03 pm
message: GET method not allowed
-------------------------
-------------------------
time: November 12, 2021, 7:34 pm
message: GET method not allowed
-------------------------
-------------------------
time: November 12, 2021, 8:25 pm
message: GET method not allowed
-------------------------
-------------------------
time: November 12, 2021, 8:31 pm
message: Leaderboard data fetched.
-------------------------
-------------------------
time: November 12, 2021, 8:56 pm
message: GET method not allowed
-------------------------
