-------------------------
time: January 8, 2022, 12:44 am
message: Contact Role data fetched.
-------------------------
-------------------------
time: January 8, 2022, 12:50 am
message: Contact Role data fetched.
-------------------------
-------------------------
time: January 8, 2022, 1:20 am
message: Contact Role data fetched.
-------------------------
-------------------------
time: January 8, 2022, 1:30 am
message: Contact Role data fetched.
-------------------------
-------------------------
time: January 8, 2022, 1:44 am
message: Contact Role data fetched.
-------------------------
-------------------------
time: January 8, 2022, 2:12 am
message: Contact Role data fetched.
-------------------------
-------------------------
time: January 8, 2022, 3:29 am
message: Contact Role data fetched.
-------------------------
-------------------------
time: January 8, 2022, 3:40 am
message: Contact Role data fetched.
-------------------------
-------------------------
time: January 8, 2022, 9:37 am
message: Contact Role data fetched.
-------------------------
-------------------------
time: January 8, 2022, 9:37 am
message: Contact Role data fetched.
-------------------------
-------------------------
time: January 8, 2022, 9:49 am
message: Contact Role data fetched.
-------------------------
-------------------------
time: January 8, 2022, 9:55 am
message: Contact Role data fetched.
-------------------------
-------------------------
time: January 8, 2022, 10:53 am
message: Contact Role data fetched.
-------------------------
-------------------------
time: January 8, 2022, 11:44 am
message: Contact Role data fetched.
-------------------------
-------------------------
time: January 8, 2022, 11:55 am
message: GET method not allowed
-------------------------
-------------------------
time: January 8, 2022, 11:55 am
message: GET method not allowed
-------------------------
-------------------------
time: January 8, 2022, 12:26 pm
message: Contact Role data fetched.
-------------------------
-------------------------
time: January 8, 2022, 12:44 pm
message: Contact Role data fetched.
-------------------------
-------------------------
time: January 8, 2022, 12:53 pm
message: Contact Role data fetched.
-------------------------
-------------------------
time: January 8, 2022, 1:04 pm
message: Contact Role data fetched.
-------------------------
-------------------------
time: January 8, 2022, 2:12 pm
message: Contact Role data fetched.
-------------------------
-------------------------
time: January 8, 2022, 2:23 pm
message: Contact Role data fetched.
-------------------------
-------------------------
time: January 8, 2022, 2:34 pm
message: Contact Role data fetched.
-------------------------
-------------------------
time: January 8, 2022, 2:59 pm
message: Contact Role data fetched.
-------------------------
-------------------------
time: January 8, 2022, 3:15 pm
message: Contact Role data fetched.
-------------------------
-------------------------
time: January 8, 2022, 3:53 pm
message: Contact Role data fetched.
-------------------------
-------------------------
time: January 8, 2022, 4:26 pm
message: GET method not allowed
-------------------------
-------------------------
time: January 8, 2022, 4:30 pm
message: Contact Role data fetched.
-------------------------
-------------------------
time: January 8, 2022, 4:36 pm
message: Contact Role data fetched.
-------------------------
-------------------------
time: January 8, 2022, 4:46 pm
message: Contact Role data fetched.
-------------------------
-------------------------
time: January 8, 2022, 5:31 pm
message: Contact Role data fetched.
-------------------------
-------------------------
time: January 8, 2022, 5:44 pm
message: Contact Role data fetched.
-------------------------
-------------------------
time: January 8, 2022, 6:32 pm
message: Contact Role data fetched.
-------------------------
-------------------------
time: January 8, 2022, 6:39 pm
message: Contact Role data fetched.
-------------------------
-------------------------
time: January 8, 2022, 6:46 pm
message: Contact Role data fetched.
-------------------------
-------------------------
time: January 8, 2022, 6:49 pm
message: Contact Role data fetched.
-------------------------
-------------------------
time: January 8, 2022, 7:51 pm
message: Contact Role data fetched.
-------------------------
-------------------------
time: January 8, 2022, 8:50 pm
message: Contact Role data fetched.
-------------------------
-------------------------
time: January 8, 2022, 10:17 pm
message: Contact Role data fetched.
-------------------------
-------------------------
time: January 8, 2022, 10:35 pm
message: Contact Role data fetched.
-------------------------
-------------------------
time: January 8, 2022, 11:25 pm
message: Contact Role data fetched.
-------------------------
-------------------------
time: January 8, 2022, 11:32 pm
message: Contact Role data fetched.
-------------------------
-------------------------
time: January 8, 2022, 11:47 pm
message: Contact Role data fetched.
-------------------------
