-------------------------
time: October 8, 2021, 12:00 am
message: Booking data fetched.
-------------------------
-------------------------
time: October 8, 2021, 12:02 am
message: Leaderboard data fetched.
-------------------------
-------------------------
time: October 8, 2021, 12:05 am
message: Leaderboard data fetched.
-------------------------
-------------------------
time: October 8, 2021, 12:10 am
message: SQLSTATE[HY000]: General error: 1366 Incorrect integer value: '' for column 'year' at row 1
-------------------------
-------------------------
time: October 8, 2021, 12:10 am
message: SQLSTATE[HY000]: General error: 1366 Incorrect integer value: '' for column 'year' at row 1
-------------------------
-------------------------
time: October 8, 2021, 12:42 am
message: Booking data fetched.
-------------------------
-------------------------
time: October 8, 2021, 12:45 am
message: GET method not allowed
-------------------------
-------------------------
time: October 8, 2021, 12:45 am
message: GET method not allowed
-------------------------
-------------------------
time: October 8, 2021, 12:47 am
message: GET method not allowed
-------------------------
-------------------------
time: October 8, 2021, 12:47 am
message: GET method not allowed
-------------------------
-------------------------
time: October 8, 2021, 12:47 am
message: GET method not allowed
-------------------------
-------------------------
time: October 8, 2021, 12:48 am
message: GET method not allowed
-------------------------
-------------------------
time: October 8, 2021, 12:49 am
message: GET method not allowed
-------------------------
-------------------------
time: October 8, 2021, 12:53 am
message: GET method not allowed
-------------------------
-------------------------
time: October 8, 2021, 12:59 am
message: Expired token
-------------------------
-------------------------
time: October 8, 2021, 12:59 am
message: Booking data fetched.
-------------------------
-------------------------
time: October 8, 2021, 1:12 am
message: Expired token
-------------------------
-------------------------
time: October 8, 2021, 1:12 am
message: Expired token
-------------------------
-------------------------
time: October 8, 2021, 1:16 am
message: Leaderboard data fetched.
-------------------------
-------------------------
time: October 8, 2021, 1:23 am
message: Username/Password not valid.
-------------------------
-------------------------
time: October 8, 2021, 1:26 am
message: SQLSTATE[22001]: String data, right truncated: 1406 Data too long for column 'address' at row 1
-------------------------
-------------------------
time: October 8, 2021, 1:26 am
message: SQLSTATE[22001]: String data, right truncated: 1406 Data too long for column 'address' at row 1
-------------------------
-------------------------
time: October 8, 2021, 1:27 am
message: SQLSTATE[22001]: String data, right truncated: 1406 Data too long for column 'address' at row 1
-------------------------
-------------------------
time: October 8, 2021, 1:27 am
message: SQLSTATE[22001]: String data, right truncated: 1406 Data too long for column 'address' at row 1
-------------------------
-------------------------
time: October 8, 2021, 1:41 am
message: Booking data fetched.
-------------------------
-------------------------
time: October 8, 2021, 1:43 am
message: Booking data fetched.
-------------------------
-------------------------
time: October 8, 2021, 1:56 am
message: GET method not allowed
-------------------------
-------------------------
time: October 8, 2021, 1:57 am
message: GET method not allowed
-------------------------
-------------------------
time: October 8, 2021, 2:01 am
message: GET method not allowed
-------------------------
-------------------------
time: October 8, 2021, 2:02 am
message: GET method not allowed
-------------------------
-------------------------
time: October 8, 2021, 2:05 am
message: GET method not allowed
-------------------------
-------------------------
time: October 8, 2021, 2:06 am
message: GET method not allowed
-------------------------
-------------------------
time: October 8, 2021, 2:06 am
message: GET method not allowed
-------------------------
-------------------------
time: October 8, 2021, 2:07 am
message: Username/Password not valid.
-------------------------
-------------------------
time: October 8, 2021, 2:07 am
message: GET method not allowed
-------------------------
-------------------------
time: October 8, 2021, 2:08 am
message: Username/Password not valid.
-------------------------
-------------------------
time: October 8, 2021, 2:08 am
message: Username/Password not valid.
-------------------------
-------------------------
time: October 8, 2021, 2:12 am
message: Booking data fetched.
-------------------------
-------------------------
time: October 8, 2021, 2:18 am
message: GET method not allowed
-------------------------
-------------------------
time: October 8, 2021, 2:19 am
message: Booking data fetched.
-------------------------
-------------------------
time: October 8, 2021, 2:52 am
message: Leaderboard data fetched.
-------------------------
-------------------------
time: October 8, 2021, 2:53 am
message: Leaderboard data fetched.
-------------------------
-------------------------
time: October 8, 2021, 3:00 am
message: GET method not allowed
-------------------------
-------------------------
time: October 8, 2021, 3:02 am
message: Leaderboard data fetched.
-------------------------
-------------------------
time: October 8, 2021, 3:31 am
message: GET method not allowed
-------------------------
-------------------------
time: October 8, 2021, 3:46 am
message: Leaderboard data fetched.
-------------------------
-------------------------
time: October 8, 2021, 3:53 am
message: GET method not allowed
-------------------------
-------------------------
time: October 8, 2021, 3:53 am
message: GET method not allowed
-------------------------
-------------------------
time: October 8, 2021, 3:53 am
message: GET method not allowed
-------------------------
-------------------------
time: October 8, 2021, 4:24 am
message: GET method not allowed
-------------------------
-------------------------
time: October 8, 2021, 4:24 am
message: GET method not allowed
-------------------------
-------------------------
time: October 8, 2021, 4:24 am
message: GET method not allowed
-------------------------
-------------------------
time: October 8, 2021, 5:07 am
message: SQLSTATE[42000]: Syntax error or access violation: 1064 You have an error in your SQL syntax; check the manual that corresponds to your MySQL server version for the right syntax to use near 's-Panel'' at line 1
-------------------------
-------------------------
time: October 8, 2021, 5:07 am
message: SQLSTATE[42000]: Syntax error or access violation: 1064 You have an error in your SQL syntax; check the manual that corresponds to your MySQL server version for the right syntax to use near 's-Panel'' at line 1
-------------------------
-------------------------
time: October 8, 2021, 5:39 am
message: Error 8 occured on line 33 in file C:\inetpub\wwwroot\trbs_2021\services\api\users\cart\update.php: Undefined property: stdClass::$state.
-------------------------
-------------------------
time: October 8, 2021, 5:41 am
message: Booking data fetched.
-------------------------
-------------------------
time: October 8, 2021, 5:42 am
message: Booking data fetched.
-------------------------
-------------------------
time: October 8, 2021, 5:42 am
message: Booking data fetched.
-------------------------
-------------------------
time: October 8, 2021, 5:52 am
message: Booking data fetched.
-------------------------
-------------------------
time: October 8, 2021, 6:00 am
message: Booking data fetched.
-------------------------
-------------------------
time: October 8, 2021, 6:10 am
message: Booking data fetched.
-------------------------
-------------------------
time: October 8, 2021, 7:26 am
message: SQLSTATE[22001]: String data, right truncated: 1406 Data too long for column 'address' at row 1
-------------------------
-------------------------
time: October 8, 2021, 7:26 am
message: SQLSTATE[22001]: String data, right truncated: 1406 Data too long for column 'address' at row 1
-------------------------
-------------------------
time: October 8, 2021, 7:29 am
message: SQLSTATE[HY000]: General error: 1366 Incorrect integer value: '' for column 'year' at row 1
-------------------------
-------------------------
time: October 8, 2021, 7:29 am
message: SQLSTATE[HY000]: General error: 1366 Incorrect integer value: '' for column 'year' at row 1
-------------------------
-------------------------
time: October 8, 2021, 7:39 am
message: Expired token
-------------------------
-------------------------
time: October 8, 2021, 7:39 am
message: Booking data fetched.
-------------------------
-------------------------
time: October 8, 2021, 7:39 am
message: Expired token
-------------------------
-------------------------
time: October 8, 2021, 7:39 am
message: Booking data fetched.
-------------------------
-------------------------
time: October 8, 2021, 7:48 am
message: Booking data fetched.
-------------------------
-------------------------
time: October 8, 2021, 7:49 am
message: Booking data fetched.
-------------------------
-------------------------
time: October 8, 2021, 7:59 am
message: Booking data fetched.
-------------------------
-------------------------
time: October 8, 2021, 8:00 am
message: Booking data fetched.
-------------------------
-------------------------
time: October 8, 2021, 8:06 am
message: Booking data fetched.
-------------------------
-------------------------
time: October 8, 2021, 8:06 am
message: Expired token
-------------------------
-------------------------
time: October 8, 2021, 8:06 am
message: Username/Password not valid.
-------------------------
-------------------------
time: October 8, 2021, 8:08 am
message: SQLSTATE[HY000]: General error: 1366 Incorrect integer value: 'Select an option' for column 'college_id' at row 1
-------------------------
-------------------------
time: October 8, 2021, 8:08 am
message: SQLSTATE[HY000]: General error: 1366 Incorrect integer value: 'Select an option' for column 'college_id' at row 1
-------------------------
-------------------------
time: October 8, 2021, 8:08 am
message: SQLSTATE[HY000]: General error: 1366 Incorrect integer value: 'Select an option' for column 'college_id' at row 1
-------------------------
-------------------------
time: October 8, 2021, 8:08 am
message: SQLSTATE[HY000]: General error: 1366 Incorrect integer value: 'Select an option' for column 'college_id' at row 1
-------------------------
-------------------------
time: October 8, 2021, 8:08 am
message: SQLSTATE[22001]: String data, right truncated: 1406 Data too long for column 'address' at row 1
-------------------------
-------------------------
time: October 8, 2021, 8:08 am
message: SQLSTATE[22001]: String data, right truncated: 1406 Data too long for column 'address' at row 1
-------------------------
-------------------------
time: October 8, 2021, 8:08 am
message: SQLSTATE[22001]: String data, right truncated: 1406 Data too long for column 'address' at row 1
-------------------------
-------------------------
time: October 8, 2021, 8:08 am
message: SQLSTATE[22001]: String data, right truncated: 1406 Data too long for column 'address' at row 1
-------------------------
-------------------------
time: October 8, 2021, 8:10 am
message: Error uploading image file.
-------------------------
-------------------------
time: October 8, 2021, 8:10 am
message: Error uploading image file.
-------------------------
-------------------------
time: October 8, 2021, 8:11 am
message: Username/Password not valid.
-------------------------
-------------------------
time: October 8, 2021, 8:11 am
message: Error uploading image file.
-------------------------
-------------------------
time: October 8, 2021, 8:11 am
message: Username/Password not valid.
-------------------------
-------------------------
time: October 8, 2021, 8:20 am
message: Booking data fetched.
-------------------------
-------------------------
time: October 8, 2021, 8:25 am
message: User not found with given email id.
-------------------------
-------------------------
time: October 8, 2021, 8:26 am
message: User not found with given email id.
-------------------------
-------------------------
time: October 8, 2021, 8:37 am
message: Leaderboard data fetched.
-------------------------
-------------------------
time: October 8, 2021, 8:59 am
message: Email Id is already associated with another account.
-------------------------
-------------------------
time: October 8, 2021, 8:59 am
message: Username/Password not valid.
-------------------------
-------------------------
time: October 8, 2021, 9:11 am
message: Expired token
-------------------------
-------------------------
time: October 8, 2021, 9:12 am
message: Expired token
-------------------------
-------------------------
time: October 8, 2021, 9:17 am
message: Username/Password not valid.
-------------------------
-------------------------
time: October 8, 2021, 9:17 am
message: Username/Password not valid.
-------------------------
-------------------------
time: October 8, 2021, 9:18 am
message: Expired token
-------------------------
-------------------------
time: October 8, 2021, 9:18 am
message: Booking data fetched.
-------------------------
-------------------------
time: October 8, 2021, 9:19 am
message: Username/Password not valid.
-------------------------
-------------------------
time: October 8, 2021, 9:20 am
message: Booking data fetched.
-------------------------
-------------------------
time: October 8, 2021, 9:28 am
message: User not found with given email id.
-------------------------
-------------------------
time: October 8, 2021, 9:31 am
message: SQLSTATE[22001]: String data, right truncated: 1406 Data too long for column 'address' at row 1
-------------------------
-------------------------
time: October 8, 2021, 9:31 am
message: SQLSTATE[22001]: String data, right truncated: 1406 Data too long for column 'address' at row 1
-------------------------
-------------------------
time: October 8, 2021, 9:32 am
message: Booking data fetched.
-------------------------
-------------------------
time: October 8, 2021, 9:32 am
message: Expired token
-------------------------
-------------------------
time: October 8, 2021, 9:33 am
message: Booking data fetched.
-------------------------
-------------------------
time: October 8, 2021, 9:33 am
message: Expired token
-------------------------
-------------------------
time: October 8, 2021, 9:34 am
message: Booking data fetched.
-------------------------
-------------------------
time: October 8, 2021, 9:35 am
message: Booking data fetched.
-------------------------
-------------------------
time: October 8, 2021, 9:35 am
message: SQLSTATE[22001]: String data, right truncated: 1406 Data too long for column 'address' at row 1
-------------------------
-------------------------
time: October 8, 2021, 9:35 am
message: SQLSTATE[22001]: String data, right truncated: 1406 Data too long for column 'address' at row 1
-------------------------
-------------------------
time: October 8, 2021, 9:35 am
message: SQLSTATE[22001]: String data, right truncated: 1406 Data too long for column 'address' at row 1
-------------------------
-------------------------
time: October 8, 2021, 9:35 am
message: SQLSTATE[22001]: String data, right truncated: 1406 Data too long for column 'address' at row 1
-------------------------
-------------------------
time: October 8, 2021, 9:35 am
message: Booking data fetched.
-------------------------
-------------------------
time: October 8, 2021, 9:37 am
message: Booking data fetched.
-------------------------
-------------------------
time: October 8, 2021, 9:39 am
message: Username/Password not valid.
-------------------------
-------------------------
time: October 8, 2021, 9:40 am
message: Email Id is already associated with another account.
-------------------------
-------------------------
time: October 8, 2021, 9:43 am
message: Username/Password not valid.
-------------------------
-------------------------
time: October 8, 2021, 9:43 am
message: Username/Password not valid.
-------------------------
-------------------------
time: October 8, 2021, 9:43 am
message: Username/Password not valid.
-------------------------
-------------------------
time: October 8, 2021, 9:44 am
message: Username/Password not valid.
-------------------------
-------------------------
time: October 8, 2021, 9:46 am
message: Username/Password not valid.
-------------------------
-------------------------
time: October 8, 2021, 9:52 am
message: Booking data fetched.
-------------------------
-------------------------
time: October 8, 2021, 9:55 am
message: Booking data fetched.
-------------------------
-------------------------
time: October 8, 2021, 9:56 am
message: Username/Password not valid.
-------------------------
-------------------------
time: October 8, 2021, 9:57 am
message: Leaderboard data fetched.
-------------------------
-------------------------
time: October 8, 2021, 9:59 am
message: Leaderboard data fetched.
-------------------------
-------------------------
time: October 8, 2021, 9:59 am
message: Booking data fetched.
-------------------------
-------------------------
time: October 8, 2021, 9:59 am
message: Leaderboard data fetched.
-------------------------
-------------------------
time: October 8, 2021, 10:01 am
message: Leaderboard data fetched.
-------------------------
-------------------------
time: October 8, 2021, 10:02 am
message: Booking data fetched.
-------------------------
-------------------------
time: October 8, 2021, 10:04 am
message: Booking data fetched.
-------------------------
-------------------------
time: October 8, 2021, 10:04 am
message: Expired token
-------------------------
-------------------------
time: October 8, 2021, 10:11 am
message: Booking data fetched.
-------------------------
-------------------------
time: October 8, 2021, 10:11 am
message: Transaction Id has already been used.
-------------------------
-------------------------
time: October 8, 2021, 10:11 am
message: Booking data fetched.
-------------------------
-------------------------
time: October 8, 2021, 10:18 am
message: GET method not allowed
-------------------------
-------------------------
time: October 8, 2021, 10:19 am
message: GET method not allowed
-------------------------
-------------------------
time: October 8, 2021, 10:20 am
message: Username/Password not valid.
-------------------------
-------------------------
time: October 8, 2021, 10:20 am
message: Username/Password not valid.
-------------------------
-------------------------
time: October 8, 2021, 10:21 am
message: GET method not allowed
-------------------------
-------------------------
time: October 8, 2021, 10:21 am
message: GET method not allowed
-------------------------
-------------------------
time: October 8, 2021, 10:23 am
message: GET method not allowed.
-------------------------
-------------------------
time: October 8, 2021, 10:29 am
message: GET method not allowed
-------------------------
-------------------------
time: October 8, 2021, 10:29 am
message: Leaderboard data fetched.
-------------------------
-------------------------
time: October 8, 2021, 10:30 am
message: GET method not allowed.
-------------------------
-------------------------
time: October 8, 2021, 10:32 am
message: GET method not allowed.
-------------------------
-------------------------
time: October 8, 2021, 10:32 am
message: GET method not allowed.
-------------------------
-------------------------
time: October 8, 2021, 10:32 am
message: GET method not allowed.
-------------------------
-------------------------
time: October 8, 2021, 10:33 am
message: Booking data fetched.
-------------------------
-------------------------
time: October 8, 2021, 10:33 am
message: Expired token
-------------------------
-------------------------
time: October 8, 2021, 10:34 am
message: Expired token
-------------------------
-------------------------
time: October 8, 2021, 10:34 am
message: GET method not allowed.
-------------------------
-------------------------
time: October 8, 2021, 10:34 am
message: Expired token
-------------------------
-------------------------
time: October 8, 2021, 10:34 am
message: GET method not allowed
-------------------------
-------------------------
time: October 8, 2021, 10:35 am
message: Booking data fetched.
-------------------------
-------------------------
time: October 8, 2021, 10:35 am
message: Expired token
-------------------------
-------------------------
time: October 8, 2021, 10:35 am
message: Expired token
-------------------------
-------------------------
time: October 8, 2021, 10:35 am
message: Booking data fetched.
-------------------------
-------------------------
time: October 8, 2021, 10:35 am
message: Booking data fetched.
-------------------------
-------------------------
time: October 8, 2021, 10:35 am
message: Booking data fetched.
-------------------------
-------------------------
time: October 8, 2021, 10:35 am
message: GET method not allowed
-------------------------
-------------------------
time: October 8, 2021, 10:35 am
message: Booking data fetched.
-------------------------
-------------------------
time: October 8, 2021, 10:35 am
message: Expired token
-------------------------
-------------------------
time: October 8, 2021, 10:36 am
message: Expired token
-------------------------
-------------------------
time: October 8, 2021, 10:36 am
message: GET method not allowed
-------------------------
-------------------------
time: October 8, 2021, 10:38 am
message: Booking data fetched.
-------------------------
-------------------------
time: October 8, 2021, 10:38 am
message: GET method not allowed
-------------------------
-------------------------
time: October 8, 2021, 10:38 am
message: Booking data fetched.
-------------------------
-------------------------
time: October 8, 2021, 10:39 am
message: Booking data fetched.
-------------------------
-------------------------
time: October 8, 2021, 10:39 am
message: Expired token
-------------------------
-------------------------
time: October 8, 2021, 10:43 am
message: Booking data fetched.
-------------------------
-------------------------
time: October 8, 2021, 10:43 am
message: Expired token
-------------------------
-------------------------
time: October 8, 2021, 10:45 am
message: Leaderboard data fetched.
-------------------------
-------------------------
time: October 8, 2021, 10:49 am
message: Username/Password not valid.
-------------------------
-------------------------
time: October 8, 2021, 10:54 am
message: Username/Password not valid.
-------------------------
-------------------------
time: October 8, 2021, 10:55 am
message: Username/Password not valid.
-------------------------
-------------------------
time: October 8, 2021, 10:56 am
message: GET method not allowed
-------------------------
-------------------------
time: October 8, 2021, 10:57 am
message: GET method not allowed
-------------------------
-------------------------
time: October 8, 2021, 10:58 am
message: Booking data fetched.
-------------------------
-------------------------
time: October 8, 2021, 10:58 am
message: Booking data fetched.
-------------------------
-------------------------
time: October 8, 2021, 10:58 am
message: GET method not allowed
-------------------------
-------------------------
time: October 8, 2021, 11:02 am
message: GET method not allowed
-------------------------
-------------------------
time: October 8, 2021, 11:02 am
message: Leaderboard data fetched.
-------------------------
-------------------------
time: October 8, 2021, 11:03 am
message: Username/Password not valid.
-------------------------
-------------------------
time: October 8, 2021, 11:04 am
message: Username/Password not valid.
-------------------------
-------------------------
time: October 8, 2021, 11:05 am
message: GET method not allowed
-------------------------
-------------------------
time: October 8, 2021, 11:05 am
message: Expired token
-------------------------
-------------------------
time: October 8, 2021, 11:06 am
message: GET method not allowed
-------------------------
-------------------------
time: October 8, 2021, 11:06 am
message: Booking data fetched.
-------------------------
-------------------------
time: October 8, 2021, 11:06 am
message: GET method not allowed
-------------------------
-------------------------
time: October 8, 2021, 11:08 am
message: Error 8 occured on line 33 in file C:\inetpub\wwwroot\trbs_2021\services\api\users\cart\update.php: Undefined property: stdClass::$state.
-------------------------
-------------------------
time: October 8, 2021, 11:09 am
message: GET method not allowed
-------------------------
-------------------------
time: October 8, 2021, 11:12 am
message: GET method not allowed
-------------------------
-------------------------
time: October 8, 2021, 11:14 am
message: Booking data fetched.
-------------------------
-------------------------
time: October 8, 2021, 11:14 am
message: Booking data fetched.
-------------------------
-------------------------
time: October 8, 2021, 11:14 am
message: Expired token
-------------------------
-------------------------
time: October 8, 2021, 11:21 am
message: Leaderboard data fetched.
-------------------------
-------------------------
time: October 8, 2021, 11:21 am
message: Username/Password not valid.
-------------------------
-------------------------
time: October 8, 2021, 11:22 am
message: Booking data fetched.
-------------------------
-------------------------
time: October 8, 2021, 11:24 am
message: Booking data fetched.
-------------------------
-------------------------
time: October 8, 2021, 11:25 am
message: SQLSTATE[22001]: String data, right truncated: 1406 Data too long for column 'address' at row 1
-------------------------
-------------------------
time: October 8, 2021, 11:25 am
message: SQLSTATE[22001]: String data, right truncated: 1406 Data too long for column 'address' at row 1
-------------------------
-------------------------
time: October 8, 2021, 11:30 am
message: Leaderboard data fetched.
-------------------------
-------------------------
time: October 8, 2021, 11:33 am
message: Booking data fetched.
-------------------------
-------------------------
time: October 8, 2021, 11:36 am
message: GET method not allowed
-------------------------
-------------------------
time: October 8, 2021, 11:36 am
message: GET method not allowed
-------------------------
-------------------------
time: October 8, 2021, 11:39 am
message: GET method not allowed
-------------------------
-------------------------
time: October 8, 2021, 11:39 am
message: GET method not allowed.
-------------------------
-------------------------
time: October 8, 2021, 11:40 am
message: GET method not allowed
-------------------------
-------------------------
time: October 8, 2021, 11:41 am
message: GET method not allowed
-------------------------
-------------------------
time: October 8, 2021, 11:41 am
message: GET method not allowed
-------------------------
-------------------------
time: October 8, 2021, 11:42 am
message: Leaderboard data fetched.
-------------------------
-------------------------
time: October 8, 2021, 11:45 am
message: SQLSTATE[22001]: String data, right truncated: 1406 Data too long for column 'address' at row 1
-------------------------
-------------------------
time: October 8, 2021, 11:45 am
message: SQLSTATE[22001]: String data, right truncated: 1406 Data too long for column 'address' at row 1
-------------------------
-------------------------
time: October 8, 2021, 11:45 am
message: GET method not allowed
-------------------------
-------------------------
time: October 8, 2021, 11:46 am
message: SQLSTATE[22001]: String data, right truncated: 1406 Data too long for column 'address' at row 1
-------------------------
-------------------------
time: October 8, 2021, 11:46 am
message: SQLSTATE[22001]: String data, right truncated: 1406 Data too long for column 'address' at row 1
-------------------------
-------------------------
time: October 8, 2021, 11:46 am
message: SQLSTATE[22001]: String data, right truncated: 1406 Data too long for column 'address' at row 1
-------------------------
-------------------------
time: October 8, 2021, 11:46 am
message: SQLSTATE[22001]: String data, right truncated: 1406 Data too long for column 'address' at row 1
-------------------------
-------------------------
time: October 8, 2021, 11:46 am
message: GET method not allowed
-------------------------
-------------------------
time: October 8, 2021, 11:46 am
message: GET method not allowed
-------------------------
-------------------------
time: October 8, 2021, 11:54 am
message: Booking data fetched.
-------------------------
-------------------------
time: October 8, 2021, 11:55 am
message: Expired token
-------------------------
-------------------------
time: October 8, 2021, 11:55 am
message: Booking data fetched.
-------------------------
-------------------------
time: October 8, 2021, 11:55 am
message: Booking data fetched.
-------------------------
-------------------------
time: October 8, 2021, 11:59 am
message: Leaderboard data fetched.
-------------------------
-------------------------
time: October 8, 2021, 12:00 pm
message: Leaderboard data fetched.
-------------------------
-------------------------
time: October 8, 2021, 12:05 pm
message: Booking data fetched.
-------------------------
-------------------------
time: October 8, 2021, 12:12 pm
message: Username/Password not valid.
-------------------------
-------------------------
time: October 8, 2021, 12:13 pm
message: Booking data fetched.
-------------------------
-------------------------
time: October 8, 2021, 12:16 pm
message: Username/Password not valid.
-------------------------
-------------------------
time: October 8, 2021, 12:16 pm
message: Booking data fetched.
-------------------------
-------------------------
time: October 8, 2021, 12:19 pm
message: Leaderboard data fetched.
-------------------------
-------------------------
time: October 8, 2021, 12:28 pm
message: SQLSTATE[22001]: String data, right truncated: 1406 Data too long for column 'address' at row 1
-------------------------
-------------------------
time: October 8, 2021, 12:28 pm
message: SQLSTATE[22001]: String data, right truncated: 1406 Data too long for column 'address' at row 1
-------------------------
-------------------------
time: October 8, 2021, 12:28 pm
message: SQLSTATE[22001]: String data, right truncated: 1406 Data too long for column 'address' at row 1
-------------------------
-------------------------
time: October 8, 2021, 12:28 pm
message: SQLSTATE[22001]: String data, right truncated: 1406 Data too long for column 'address' at row 1
-------------------------
-------------------------
time: October 8, 2021, 12:29 pm
message: SQLSTATE[22001]: String data, right truncated: 1406 Data too long for column 'address' at row 1
-------------------------
-------------------------
time: October 8, 2021, 12:29 pm
message: SQLSTATE[22001]: String data, right truncated: 1406 Data too long for column 'address' at row 1
-------------------------
-------------------------
time: October 8, 2021, 12:29 pm
message: SQLSTATE[22001]: String data, right truncated: 1406 Data too long for column 'address' at row 1
-------------------------
-------------------------
time: October 8, 2021, 12:29 pm
message: SQLSTATE[22001]: String data, right truncated: 1406 Data too long for column 'address' at row 1
-------------------------
-------------------------
time: October 8, 2021, 12:36 pm
message: Username/Password not valid.
-------------------------
-------------------------
time: October 8, 2021, 12:37 pm
message: Username/Password not valid.
-------------------------
-------------------------
time: October 8, 2021, 12:40 pm
message: Leaderboard data fetched.
-------------------------
-------------------------
time: October 8, 2021, 12:42 pm
message: SQLSTATE[HY000]: General error: 1366 Incorrect integer value: 'Select an option' for column 'college_id' at row 1
-------------------------
-------------------------
time: October 8, 2021, 12:42 pm
message: SQLSTATE[HY000]: General error: 1366 Incorrect integer value: 'Select an option' for column 'college_id' at row 1
-------------------------
-------------------------
time: October 8, 2021, 12:47 pm
message: GET method not allowed
-------------------------
-------------------------
time: October 8, 2021, 12:59 pm
message: GET method not allowed
-------------------------
-------------------------
time: October 8, 2021, 1:00 pm
message: GET method not allowed
-------------------------
-------------------------
time: October 8, 2021, 1:00 pm
message: GET method not allowed
-------------------------
-------------------------
time: October 8, 2021, 1:00 pm
message: GET method not allowed
-------------------------
-------------------------
time: October 8, 2021, 1:01 pm
message: GET method not allowed.
-------------------------
-------------------------
time: October 8, 2021, 1:01 pm
message: GET method not allowed.
-------------------------
-------------------------
time: October 8, 2021, 1:03 pm
message: GET method not allowed
-------------------------
-------------------------
time: October 8, 2021, 1:04 pm
message: GET method not allowed
-------------------------
-------------------------
time: October 8, 2021, 1:04 pm
message: GET method not allowed
-------------------------
-------------------------
time: October 8, 2021, 1:04 pm
message: GET method not allowed
-------------------------
-------------------------
time: October 8, 2021, 1:04 pm
message: GET method not allowed
-------------------------
-------------------------
time: October 8, 2021, 1:04 pm
message: GET method not allowed
-------------------------
-------------------------
time: October 8, 2021, 1:06 pm
message: GET method not allowed
-------------------------
-------------------------
time: October 8, 2021, 1:08 pm
message: GET method not allowed
-------------------------
-------------------------
time: October 8, 2021, 1:08 pm
message: GET method not allowed.
-------------------------
-------------------------
time: October 8, 2021, 1:09 pm
message: GET method not allowed
-------------------------
-------------------------
time: October 8, 2021, 1:10 pm
message: GET method not allowed
-------------------------
-------------------------
time: October 8, 2021, 1:10 pm
message: GET method not allowed
-------------------------
-------------------------
time: October 8, 2021, 1:11 pm
message: GET method not allowed
-------------------------
-------------------------
time: October 8, 2021, 1:11 pm
message: GET method not allowed
-------------------------
-------------------------
time: October 8, 2021, 1:13 pm
message: GET method not allowed
-------------------------
-------------------------
time: October 8, 2021, 1:16 pm
message: GET method not allowed
-------------------------
-------------------------
time: October 8, 2021, 1:21 pm
message: GET method not allowed
-------------------------
-------------------------
time: October 8, 2021, 1:25 pm
message: Booking data fetched.
-------------------------
-------------------------
time: October 8, 2021, 1:27 pm
message: Booking data fetched.
-------------------------
-------------------------
time: October 8, 2021, 1:27 pm
message: GET method not allowed.
-------------------------
-------------------------
time: October 8, 2021, 1:27 pm
message: GET method not allowed
-------------------------
-------------------------
time: October 8, 2021, 1:27 pm
message: GET method not allowed.
-------------------------
-------------------------
time: October 8, 2021, 1:28 pm
message: GET method not allowed
-------------------------
-------------------------
time: October 8, 2021, 1:28 pm
message: Expired token
-------------------------
-------------------------
time: October 8, 2021, 1:30 pm
message: GET method not allowed
-------------------------
-------------------------
time: October 8, 2021, 1:30 pm
message: GET method not allowed.
-------------------------
-------------------------
time: October 8, 2021, 1:31 pm
message: GET method not allowed
-------------------------
-------------------------
time: October 8, 2021, 1:32 pm
message: GET method not allowed
-------------------------
-------------------------
time: October 8, 2021, 1:32 pm
message: GET method not allowed
-------------------------
-------------------------
time: October 8, 2021, 1:34 pm
message: SQLSTATE[22001]: String data, right truncated: 1406 Data too long for column 'address' at row 1
-------------------------
-------------------------
time: October 8, 2021, 1:34 pm
message: SQLSTATE[22001]: String data, right truncated: 1406 Data too long for column 'address' at row 1
-------------------------
-------------------------
time: October 8, 2021, 1:37 pm
message: GET method not allowed
-------------------------
-------------------------
time: October 8, 2021, 1:38 pm
message: GET method not allowed.
-------------------------
-------------------------
time: October 8, 2021, 1:40 pm
message: GET method not allowed
-------------------------
-------------------------
time: October 8, 2021, 1:42 pm
message: GET method not allowed
-------------------------
-------------------------
time: October 8, 2021, 1:43 pm
message: GET method not allowed
-------------------------
-------------------------
time: October 8, 2021, 1:47 pm
message: GET method not allowed
-------------------------
-------------------------
time: October 8, 2021, 1:50 pm
message: GET method not allowed
-------------------------
-------------------------
time: October 8, 2021, 1:54 pm
message: Leaderboard data fetched.
-------------------------
-------------------------
time: October 8, 2021, 1:54 pm
message: Expired token
-------------------------
-------------------------
time: October 8, 2021, 1:54 pm
message: Leaderboard data fetched.
-------------------------
-------------------------
time: October 8, 2021, 1:55 pm
message: Username/Password not valid.
-------------------------
-------------------------
time: October 8, 2021, 1:56 pm
message: Username/Password not valid.
-------------------------
-------------------------
time: October 8, 2021, 1:57 pm
message: Booking data fetched.
-------------------------
-------------------------
time: October 8, 2021, 1:59 pm
message: Booking data fetched.
-------------------------
-------------------------
time: October 8, 2021, 2:01 pm
message: Booking data fetched.
-------------------------
-------------------------
time: October 8, 2021, 2:05 pm
message: Booking data fetched.
-------------------------
-------------------------
time: October 8, 2021, 2:12 pm
message: Expired token
-------------------------
-------------------------
time: October 8, 2021, 2:13 pm
message: Leaderboard data fetched.
-------------------------
-------------------------
time: October 8, 2021, 2:13 pm
message: Leaderboard data fetched.
-------------------------
-------------------------
time: October 8, 2021, 2:13 pm
message: Booking data fetched.
-------------------------
-------------------------
time: October 8, 2021, 2:13 pm
message: Booking data fetched.
-------------------------
-------------------------
time: October 8, 2021, 2:25 pm
message: Booking data fetched.
-------------------------
-------------------------
time: October 8, 2021, 2:27 pm
message: Booking data fetched.
-------------------------
-------------------------
time: October 8, 2021, 3:19 pm
message: Booking data fetched.
-------------------------
-------------------------
time: October 8, 2021, 3:20 pm
message: Booking data fetched.
-------------------------
-------------------------
time: October 8, 2021, 3:24 pm
message: Expired token
-------------------------
-------------------------
time: October 8, 2021, 3:31 pm
message: Username/Password not valid.
-------------------------
-------------------------
time: October 8, 2021, 3:35 pm
message: Error 2 occured on line 63 in file C:\inetpub\wwwroot\trbs_2021\services\api\images\update.php: unlink(../../uploads/299552-_hardeep singh puri.png): No such file or directory.
-------------------------
-------------------------
time: October 8, 2021, 3:38 pm
message: Username/Password not valid.
-------------------------
-------------------------
time: October 8, 2021, 3:39 pm
message: User not found with given email id.
-------------------------
-------------------------
time: October 8, 2021, 3:39 pm
message: User not found with given email id.
-------------------------
-------------------------
time: October 8, 2021, 3:39 pm
message: User not found with given email id.
-------------------------
-------------------------
time: October 8, 2021, 3:39 pm
message: User not found with given email id.
-------------------------
-------------------------
time: October 8, 2021, 3:55 pm
message: Leaderboard data fetched.
-------------------------
-------------------------
time: October 8, 2021, 3:57 pm
message: Leaderboard data fetched.
-------------------------
-------------------------
time: October 8, 2021, 4:06 pm
message: Leaderboard data fetched.
-------------------------
-------------------------
time: October 8, 2021, 4:11 pm
message: Expired token
-------------------------
-------------------------
time: October 8, 2021, 4:12 pm
message: Expired token
-------------------------
-------------------------
time: October 8, 2021, 4:12 pm
message: Booking data fetched.
-------------------------
-------------------------
time: October 8, 2021, 4:15 pm
message: Booking data fetched.
-------------------------
-------------------------
time: October 8, 2021, 4:19 pm
message: Leaderboard data fetched.
-------------------------
-------------------------
time: October 8, 2021, 4:39 pm
message: Leaderboard data fetched.
-------------------------
-------------------------
time: October 8, 2021, 4:39 pm
message: Leaderboard data fetched.
-------------------------
-------------------------
time: October 8, 2021, 4:49 pm
message: Username/Password not valid.
-------------------------
-------------------------
time: October 8, 2021, 4:50 pm
message: Username/Password not valid.
-------------------------
-------------------------
time: October 8, 2021, 4:50 pm
message: User not found with given email id.
-------------------------
-------------------------
time: October 8, 2021, 4:51 pm
message: User not found with given email id.
-------------------------
-------------------------
time: October 8, 2021, 4:53 pm
message: User not found with given email id.
-------------------------
-------------------------
time: October 8, 2021, 4:58 pm
message: Booking data fetched.
-------------------------
-------------------------
time: October 8, 2021, 4:59 pm
message: Booking data fetched.
-------------------------
-------------------------
time: October 8, 2021, 5:08 pm
message: Expired token
-------------------------
-------------------------
time: October 8, 2021, 5:08 pm
message: Booking data fetched.
-------------------------
-------------------------
time: October 8, 2021, 5:13 pm
message: Username/Password not valid.
-------------------------
-------------------------
time: October 8, 2021, 5:13 pm
message: Username/Password not valid.
-------------------------
-------------------------
time: October 8, 2021, 5:19 pm
message: Leaderboard data fetched.
-------------------------
-------------------------
time: October 8, 2021, 5:25 pm
message: Booking data fetched.
-------------------------
-------------------------
time: October 8, 2021, 5:25 pm
message: Expired token
-------------------------
-------------------------
time: October 8, 2021, 5:32 pm
message: Booking data fetched.
-------------------------
-------------------------
time: October 8, 2021, 5:36 pm
message: Booking data fetched.
-------------------------
-------------------------
time: October 8, 2021, 5:37 pm
message: Booking data fetched.
-------------------------
-------------------------
time: October 8, 2021, 5:37 pm
message: Booking data fetched.
-------------------------
-------------------------
time: October 8, 2021, 5:37 pm
message: GET method not allowed
-------------------------
-------------------------
time: October 8, 2021, 5:37 pm
message: Booking data fetched.
-------------------------
-------------------------
time: October 8, 2021, 5:38 pm
message: Booking data fetched.
-------------------------
-------------------------
time: October 8, 2021, 5:38 pm
message: Booking data fetched.
-------------------------
-------------------------
time: October 8, 2021, 5:39 pm
message: Booking data fetched.
-------------------------
-------------------------
time: October 8, 2021, 5:39 pm
message: Username/Password not valid.
-------------------------
-------------------------
time: October 8, 2021, 5:40 pm
message: User not found with given email id.
-------------------------
-------------------------
time: October 8, 2021, 5:40 pm
message: User not found with given email id.
-------------------------
-------------------------
time: October 8, 2021, 5:41 pm
message: SQLSTATE[HY000]: General error: 1366 Incorrect integer value: '' for column 'year' at row 1
-------------------------
-------------------------
time: October 8, 2021, 5:41 pm
message: SQLSTATE[HY000]: General error: 1366 Incorrect integer value: '' for column 'year' at row 1
-------------------------
-------------------------
time: October 8, 2021, 5:43 pm
message: SQLSTATE[HY000]: General error: 1366 Incorrect integer value: '' for column 'year' at row 1
-------------------------
-------------------------
time: October 8, 2021, 5:43 pm
message: SQLSTATE[HY000]: General error: 1366 Incorrect integer value: '' for column 'year' at row 1
-------------------------
-------------------------
time: October 8, 2021, 5:43 pm
message: Email Id is already associated with another account.
-------------------------
-------------------------
time: October 8, 2021, 5:44 pm
message: Username/Password not valid.
-------------------------
-------------------------
time: October 8, 2021, 5:44 pm
message: SQLSTATE[22001]: String data, right truncated: 1406 Data too long for column 'address' at row 1
-------------------------
-------------------------
time: October 8, 2021, 5:44 pm
message: SQLSTATE[22001]: String data, right truncated: 1406 Data too long for column 'address' at row 1
-------------------------
-------------------------
time: October 8, 2021, 5:45 pm
message: Username/Password not valid.
-------------------------
-------------------------
time: October 8, 2021, 5:45 pm
message: Username/Password not valid.
-------------------------
-------------------------
time: October 8, 2021, 5:45 pm
message: Username/Password not valid.
-------------------------
-------------------------
time: October 8, 2021, 5:46 pm
message: Username/Password not valid.
-------------------------
-------------------------
time: October 8, 2021, 5:48 pm
message: GET method not allowed
-------------------------
-------------------------
time: October 8, 2021, 5:49 pm
message: Booking data fetched.
-------------------------
-------------------------
time: October 8, 2021, 5:49 pm
message: Booking data fetched.
-------------------------
-------------------------
time: October 8, 2021, 5:50 pm
message: Booking data fetched.
-------------------------
-------------------------
time: October 8, 2021, 5:50 pm
message: Booking data fetched.
-------------------------
-------------------------
time: October 8, 2021, 5:53 pm
message: Booking data fetched.
-------------------------
-------------------------
time: October 8, 2021, 5:55 pm
message: Booking data fetched.
-------------------------
-------------------------
time: October 8, 2021, 5:57 pm
message: Booking data fetched.
-------------------------
-------------------------
time: October 8, 2021, 5:59 pm
message: Booking data fetched.
-------------------------
-------------------------
time: October 8, 2021, 5:59 pm
message: Booking data fetched.
-------------------------
-------------------------
time: October 8, 2021, 6:00 pm
message: Username/Password not valid.
-------------------------
-------------------------
time: October 8, 2021, 6:00 pm
message: Booking data fetched.
-------------------------
-------------------------
time: October 8, 2021, 6:08 pm
message: GET method not allowed
-------------------------
-------------------------
time: October 8, 2021, 6:20 pm
message: Username/Password not valid.
-------------------------
-------------------------
time: October 8, 2021, 6:23 pm
message: Booking data fetched.
-------------------------
-------------------------
time: October 8, 2021, 6:23 pm
message: Expired token
-------------------------
-------------------------
time: October 8, 2021, 6:23 pm
message: Booking data fetched.
-------------------------
-------------------------
time: October 8, 2021, 6:23 pm
message: Expired token
-------------------------
-------------------------
time: October 8, 2021, 6:46 pm
message: Booking data fetched.
-------------------------
-------------------------
time: October 8, 2021, 6:47 pm
message: Booking data fetched.
-------------------------
-------------------------
time: October 8, 2021, 6:55 pm
message: Username/Password not valid.
-------------------------
-------------------------
time: October 8, 2021, 6:55 pm
message: Username/Password not valid.
-------------------------
-------------------------
time: October 8, 2021, 6:55 pm
message: Username/Password not valid.
-------------------------
-------------------------
time: October 8, 2021, 7:07 pm
message: Username/Password not valid.
-------------------------
-------------------------
time: October 8, 2021, 7:10 pm
message: Booking data fetched.
-------------------------
-------------------------
time: October 8, 2021, 7:10 pm
message: Expired token
-------------------------
-------------------------
time: October 8, 2021, 7:11 pm
message: Expired token
-------------------------
-------------------------
time: October 8, 2021, 7:12 pm
message: Booking data fetched.
-------------------------
-------------------------
time: October 8, 2021, 7:16 pm
message: Booking data fetched.
-------------------------
-------------------------
time: October 8, 2021, 7:24 pm
message: Expired token
-------------------------
-------------------------
time: October 8, 2021, 7:24 pm
message: Booking data fetched.
-------------------------
-------------------------
time: October 8, 2021, 7:39 pm
message: Booking data fetched.
-------------------------
-------------------------
time: October 8, 2021, 7:39 pm
message: Expired token
-------------------------
-------------------------
time: October 8, 2021, 7:41 pm
message: Expired token
-------------------------
-------------------------
time: October 8, 2021, 7:41 pm
message: Booking data fetched.
-------------------------
-------------------------
time: October 8, 2021, 7:45 pm
message: Booking data fetched.
-------------------------
-------------------------
time: October 8, 2021, 8:39 pm
message: SQLSTATE[HY000]: General error: 1366 Incorrect integer value: '' for column 'year' at row 1
-------------------------
-------------------------
time: October 8, 2021, 8:39 pm
message: SQLSTATE[HY000]: General error: 1366 Incorrect integer value: '' for column 'year' at row 1
-------------------------
-------------------------
time: October 8, 2021, 8:44 pm
message: Booking data fetched.
-------------------------
-------------------------
time: October 8, 2021, 8:45 pm
message: Booking data fetched.
-------------------------
-------------------------
time: October 8, 2021, 8:55 pm
message: Error 8 occured on line 33 in file C:\inetpub\wwwroot\trbs_2021\services\api\users\cart\update.php: Undefined property: stdClass::$state.
-------------------------
-------------------------
time: October 8, 2021, 8:59 pm
message: Username/Password not valid.
-------------------------
-------------------------
time: October 8, 2021, 8:59 pm
message: User not found with given email id.
-------------------------
-------------------------
time: October 8, 2021, 9:01 pm
message: User not found with given email id.
-------------------------
-------------------------
time: October 8, 2021, 9:01 pm
message: User not found with given email id.
-------------------------
-------------------------
time: October 8, 2021, 9:02 pm
message: Username/Password not valid.
-------------------------
-------------------------
time: October 8, 2021, 9:02 pm
message: Username/Password not valid.
-------------------------
-------------------------
time: October 8, 2021, 9:03 pm
message: Leaderboard data fetched.
-------------------------
-------------------------
time: October 8, 2021, 9:04 pm
message: Username/Password not valid.
-------------------------
-------------------------
time: October 8, 2021, 9:04 pm
message: Username/Password not valid.
-------------------------
-------------------------
time: October 8, 2021, 9:04 pm
message: Username/Password not valid.
-------------------------
-------------------------
time: October 8, 2021, 9:04 pm
message: Username/Password not valid.
-------------------------
-------------------------
time: October 8, 2021, 9:04 pm
message: Username/Password not valid.
-------------------------
-------------------------
time: October 8, 2021, 9:04 pm
message: Username/Password not valid.
-------------------------
-------------------------
time: October 8, 2021, 9:04 pm
message: Username/Password not valid.
-------------------------
-------------------------
time: October 8, 2021, 9:04 pm
message: Username/Password not valid.
-------------------------
-------------------------
time: October 8, 2021, 9:04 pm
message: Username/Password not valid.
-------------------------
-------------------------
time: October 8, 2021, 9:04 pm
message: Username/Password not valid.
-------------------------
-------------------------
time: October 8, 2021, 9:04 pm
message: Username/Password not valid.
-------------------------
-------------------------
time: October 8, 2021, 9:04 pm
message: Username/Password not valid.
-------------------------
-------------------------
time: October 8, 2021, 9:04 pm
message: Username/Password not valid.
-------------------------
-------------------------
time: October 8, 2021, 9:04 pm
message: Username/Password not valid.
-------------------------
-------------------------
time: October 8, 2021, 9:04 pm
message: Username/Password not valid.
-------------------------
-------------------------
time: October 8, 2021, 9:04 pm
message: Username/Password not valid.
-------------------------
-------------------------
time: October 8, 2021, 9:04 pm
message: Username/Password not valid.
-------------------------
-------------------------
time: October 8, 2021, 9:04 pm
message: Username/Password not valid.
-------------------------
-------------------------
time: October 8, 2021, 9:04 pm
message: Username/Password not valid.
-------------------------
-------------------------
time: October 8, 2021, 9:05 pm
message: Username/Password not valid.
-------------------------
-------------------------
time: October 8, 2021, 9:05 pm
message: Username/Password not valid.
-------------------------
-------------------------
time: October 8, 2021, 9:07 pm
message: Expired token
-------------------------
-------------------------
time: October 8, 2021, 9:07 pm
message: Booking data fetched.
-------------------------
-------------------------
time: October 8, 2021, 9:08 pm
message: Booking data fetched.
-------------------------
-------------------------
time: October 8, 2021, 9:09 pm
message: Booking data fetched.
-------------------------
-------------------------
time: October 8, 2021, 9:16 pm
message: Booking data fetched.
-------------------------
-------------------------
time: October 8, 2021, 9:21 pm
message: Booking data fetched.
-------------------------
-------------------------
time: October 8, 2021, 9:26 pm
message: Booking data fetched.
-------------------------
-------------------------
time: October 8, 2021, 9:26 pm
message: Booking data fetched.
-------------------------
-------------------------
time: October 8, 2021, 9:27 pm
message: Booking data fetched.
-------------------------
-------------------------
time: October 8, 2021, 9:33 pm
message: Username/Password not valid.
-------------------------
-------------------------
time: October 8, 2021, 9:33 pm
message: Username/Password not valid.
-------------------------
-------------------------
time: October 8, 2021, 9:33 pm
message: Username/Password not valid.
-------------------------
-------------------------
time: October 8, 2021, 9:33 pm
message: Username/Password not valid.
-------------------------
-------------------------
time: October 8, 2021, 9:33 pm
message: Username/Password not valid.
-------------------------
-------------------------
time: October 8, 2021, 9:33 pm
message: Booking data fetched.
-------------------------
-------------------------
time: October 8, 2021, 9:36 pm
message: Booking data fetched.
-------------------------
-------------------------
time: October 8, 2021, 9:38 pm
message: Booking data fetched.
-------------------------
-------------------------
time: October 8, 2021, 9:38 pm
message: Booking data fetched.
-------------------------
-------------------------
time: October 8, 2021, 9:38 pm
message: Booking data fetched.
-------------------------
-------------------------
time: October 8, 2021, 9:39 pm
message: Expired token
-------------------------
-------------------------
time: October 8, 2021, 9:40 pm
message: Booking data fetched.
-------------------------
-------------------------
time: October 8, 2021, 9:43 pm
message: Booking data fetched.
-------------------------
-------------------------
time: October 8, 2021, 9:43 pm
message: Booking data fetched.
-------------------------
-------------------------
time: October 8, 2021, 9:46 pm
message: Booking data fetched.
-------------------------
-------------------------
time: October 8, 2021, 9:47 pm
message: Booking data fetched.
-------------------------
-------------------------
time: October 8, 2021, 9:47 pm
message: Booking data fetched.
-------------------------
-------------------------
time: October 8, 2021, 9:47 pm
message: Booking data fetched.
-------------------------
-------------------------
time: October 8, 2021, 9:48 pm
message: Booking data fetched.
-------------------------
-------------------------
time: October 8, 2021, 10:00 pm
message: Booking data fetched.
-------------------------
-------------------------
time: October 8, 2021, 10:00 pm
message: Expired token
-------------------------
-------------------------
time: October 8, 2021, 10:14 pm
message: SQLSTATE[HY000]: General error: 1366 Incorrect integer value: '' for column 'year' at row 1
-------------------------
-------------------------
time: October 8, 2021, 10:14 pm
message: SQLSTATE[HY000]: General error: 1366 Incorrect integer value: '' for column 'year' at row 1
-------------------------
-------------------------
time: October 8, 2021, 10:17 pm
message: Leaderboard data fetched.
-------------------------
-------------------------
time: October 8, 2021, 10:19 pm
message: Leaderboard data fetched.
-------------------------
-------------------------
time: October 8, 2021, 10:22 pm
message: Booking data fetched.
-------------------------
-------------------------
time: October 8, 2021, 10:24 pm
message: Booking data fetched.
-------------------------
-------------------------
time: October 8, 2021, 10:40 pm
message: Booking data fetched.
-------------------------
-------------------------
time: October 8, 2021, 10:47 pm
message: Booking data fetched.
-------------------------
-------------------------
time: October 8, 2021, 10:55 pm
message: Booking data fetched.
-------------------------
-------------------------
time: October 8, 2021, 10:55 pm
message: Booking data fetched.
-------------------------
-------------------------
time: October 8, 2021, 10:58 pm
message: Booking data fetched.
-------------------------
-------------------------
time: October 8, 2021, 11:04 pm
message: Expired token
-------------------------
-------------------------
time: October 8, 2021, 11:04 pm
message: Expired token
-------------------------
-------------------------
time: October 8, 2021, 11:06 pm
message: Expired token
-------------------------
-------------------------
time: October 8, 2021, 11:07 pm
message: Leaderboard data fetched.
-------------------------
-------------------------
time: October 8, 2021, 11:07 pm
message: Username/Password not valid.
-------------------------
-------------------------
time: October 8, 2021, 11:08 pm
message: Booking data fetched.
-------------------------
-------------------------
time: October 8, 2021, 11:12 pm
message: Booking data fetched.
-------------------------
-------------------------
time: October 8, 2021, 11:14 pm
message: Booking data fetched.
-------------------------
-------------------------
time: October 8, 2021, 11:19 pm
message: Booking data fetched.
-------------------------
-------------------------
time: October 8, 2021, 11:27 pm
message: Booking data fetched.
-------------------------
-------------------------
time: October 8, 2021, 11:27 pm
message: Expired token
-------------------------
-------------------------
time: October 8, 2021, 11:42 pm
message: SQLSTATE[22001]: String data, right truncated: 1406 Data too long for column 'address' at row 1
-------------------------
-------------------------
time: October 8, 2021, 11:42 pm
message: SQLSTATE[22001]: String data, right truncated: 1406 Data too long for column 'address' at row 1
-------------------------
-------------------------
time: October 8, 2021, 11:45 pm
message: Username/Password not valid.
-------------------------
-------------------------
time: October 8, 2021, 11:52 pm
message: SQLSTATE[HY000]: General error: 1366 Incorrect integer value: '' for column 'year' at row 1
-------------------------
-------------------------
time: October 8, 2021, 11:52 pm
message: SQLSTATE[HY000]: General error: 1366 Incorrect integer value: '' for column 'year' at row 1
-------------------------
-------------------------
time: October 8, 2021, 11:52 pm
message: SQLSTATE[22001]: String data, right truncated: 1406 Data too long for column 'address' at row 1
-------------------------
-------------------------
time: October 8, 2021, 11:52 pm
message: SQLSTATE[22001]: String data, right truncated: 1406 Data too long for column 'address' at row 1
-------------------------
-------------------------
time: October 8, 2021, 11:52 pm
message: SQLSTATE[22001]: String data, right truncated: 1406 Data too long for column 'address' at row 1
-------------------------
-------------------------
time: October 8, 2021, 11:52 pm
message: SQLSTATE[22001]: String data, right truncated: 1406 Data too long for column 'address' at row 1
-------------------------
-------------------------
time: October 8, 2021, 11:58 pm
message: Leaderboard data fetched.
-------------------------
