-------------------------
time: January 14, 2022, 12:01 am
message: Coupon data fetched.
-------------------------
-------------------------
time: January 14, 2022, 12:01 am
message: Contact Role data fetched.
-------------------------
-------------------------
time: January 14, 2022, 12:02 am
message: Contact Role data fetched.
-------------------------
-------------------------
time: January 14, 2022, 12:04 am
message: Contact Role data fetched.
-------------------------
-------------------------
time: January 14, 2022, 12:30 am
message: Contact Role data fetched.
-------------------------
-------------------------
time: January 14, 2022, 12:44 am
message: Contact Role data fetched.
-------------------------
-------------------------
time: January 14, 2022, 1:41 am
message: Contact Role data fetched.
-------------------------
-------------------------
time: January 14, 2022, 2:09 am
message: Contact Role data fetched.
-------------------------
-------------------------
time: January 14, 2022, 2:50 am
message: Contact Role data fetched.
-------------------------
-------------------------
time: January 14, 2022, 3:08 am
message: Contact Role data fetched.
-------------------------
-------------------------
time: January 14, 2022, 3:18 am
message: Contact Role data fetched.
-------------------------
-------------------------
time: January 14, 2022, 3:43 am
message: Contact Role data fetched.
-------------------------
-------------------------
time: January 14, 2022, 3:43 am
message: Contact Role data fetched.
-------------------------
-------------------------
time: January 14, 2022, 3:43 am
message: Contact Role data fetched.
-------------------------
-------------------------
time: January 14, 2022, 3:44 am
message: Contact Role data fetched.
-------------------------
-------------------------
time: January 14, 2022, 3:44 am
message: Expired token
-------------------------
-------------------------
time: January 14, 2022, 3:44 am
message: Expired token
-------------------------
-------------------------
time: January 14, 2022, 3:48 am
message: Contact Role data fetched.
-------------------------
-------------------------
time: January 14, 2022, 4:06 am
message: Contact Role data fetched.
-------------------------
-------------------------
time: January 14, 2022, 4:52 am
message: Contact Role data fetched.
-------------------------
-------------------------
time: January 14, 2022, 5:59 am
message: Contact Role data fetched.
-------------------------
-------------------------
time: January 14, 2022, 6:32 am
message: Contact Role data fetched.
-------------------------
-------------------------
time: January 14, 2022, 6:46 am
message: Contact Role data fetched.
-------------------------
-------------------------
time: January 14, 2022, 6:53 am
message: Expired token
-------------------------
-------------------------
time: January 14, 2022, 7:40 am
message: Contact Role data fetched.
-------------------------
-------------------------
time: January 14, 2022, 7:49 am
message: Contact Role data fetched.
-------------------------
-------------------------
time: January 14, 2022, 8:37 am
message: Contact Role data fetched.
-------------------------
-------------------------
time: January 14, 2022, 8:54 am
message: Contact Role data fetched.
-------------------------
-------------------------
time: January 14, 2022, 9:28 am
message: Contact Role data fetched.
-------------------------
-------------------------
time: January 14, 2022, 9:57 am
message: Contact Role data fetched.
-------------------------
-------------------------
time: January 14, 2022, 10:30 am
message: Contact Role data fetched.
-------------------------
-------------------------
time: January 14, 2022, 10:55 am
message: GET method not allowed
-------------------------
-------------------------
time: January 14, 2022, 10:55 am
message: GET method not allowed
-------------------------
-------------------------
time: January 14, 2022, 11:00 am
message: Contact Role data fetched.
-------------------------
-------------------------
time: January 14, 2022, 11:01 am
message: Contact Role data fetched.
-------------------------
-------------------------
time: January 14, 2022, 11:24 am
message: Contact Role data fetched.
-------------------------
-------------------------
time: January 14, 2022, 11:26 am
message: GET method not allowed
-------------------------
-------------------------
time: January 14, 2022, 11:53 am
message: Contact Role data fetched.
-------------------------
-------------------------
time: January 14, 2022, 11:58 am
message: Contact Role data fetched.
-------------------------
-------------------------
time: January 14, 2022, 12:21 pm
message: Contact Role data fetched.
-------------------------
-------------------------
time: January 14, 2022, 12:24 pm
message: Contact Role data fetched.
-------------------------
-------------------------
time: January 14, 2022, 12:41 pm
message: Contact Role data fetched.
-------------------------
-------------------------
time: January 14, 2022, 12:42 pm
message: Leaderboard data fetched.
-------------------------
-------------------------
time: January 14, 2022, 12:54 pm
message: Contact Role data fetched.
-------------------------
-------------------------
time: January 14, 2022, 1:02 pm
message: Contact Role data fetched.
-------------------------
-------------------------
time: January 14, 2022, 1:15 pm
message: Contact Role data fetched.
-------------------------
-------------------------
time: January 14, 2022, 1:17 pm
message: Contact Role data fetched.
-------------------------
-------------------------
time: January 14, 2022, 1:57 pm
message: Contact Role data fetched.
-------------------------
-------------------------
time: January 14, 2022, 2:05 pm
message: Contact Role data fetched.
-------------------------
-------------------------
time: January 14, 2022, 2:55 pm
message: Contact Role data fetched.
-------------------------
-------------------------
time: January 14, 2022, 2:57 pm
message: Contact Role data fetched.
-------------------------
-------------------------
time: January 14, 2022, 4:02 pm
message: Contact Role data fetched.
-------------------------
-------------------------
time: January 14, 2022, 4:02 pm
message: Contact Role data fetched.
-------------------------
-------------------------
time: January 14, 2022, 4:02 pm
message: Contact Role data fetched.
-------------------------
-------------------------
time: January 14, 2022, 4:02 pm
message: Contact Role data fetched.
-------------------------
-------------------------
time: January 14, 2022, 4:14 pm
message: Contact Role data fetched.
-------------------------
-------------------------
time: January 14, 2022, 4:38 pm
message: Contact Role data fetched.
-------------------------
-------------------------
time: January 14, 2022, 4:56 pm
message: Contact Role data fetched.
-------------------------
-------------------------
time: January 14, 2022, 5:04 pm
message: Contact Role data fetched.
-------------------------
-------------------------
time: January 14, 2022, 5:12 pm
message: Contact Role data fetched.
-------------------------
-------------------------
time: January 14, 2022, 5:18 pm
message: Contact Role data fetched.
-------------------------
-------------------------
time: January 14, 2022, 5:42 pm
message: Contact Role data fetched.
-------------------------
-------------------------
time: January 14, 2022, 5:42 pm
message: Leaderboard data fetched.
-------------------------
-------------------------
time: January 14, 2022, 5:59 pm
message: Contact Role data fetched.
-------------------------
-------------------------
time: January 14, 2022, 6:56 pm
message: Contact Role data fetched.
-------------------------
-------------------------
time: January 14, 2022, 7:13 pm
message: Contact Role data fetched.
-------------------------
-------------------------
time: January 14, 2022, 7:21 pm
message: Contact Role data fetched.
-------------------------
-------------------------
time: January 14, 2022, 7:22 pm
message: Contact Role data fetched.
-------------------------
-------------------------
time: January 14, 2022, 7:24 pm
message: Contact Role data fetched.
-------------------------
-------------------------
time: January 14, 2022, 7:24 pm
message: Contact Role data fetched.
-------------------------
-------------------------
time: January 14, 2022, 7:25 pm
message: Contact Role data fetched.
-------------------------
-------------------------
time: January 14, 2022, 7:25 pm
message: Contact Role data fetched.
-------------------------
-------------------------
time: January 14, 2022, 7:25 pm
message: before foreach: 50, member
-------------------------
-------------------------
time: January 14, 2022, 7:25 pm
message: Image file to be deleted: C:\inetpub\wwwroot\trbs_2021\services\models/../uploads/194028-img.jpg
-------------------------
-------------------------
time: January 14, 2022, 7:25 pm
message: Image file deleted: C:\inetpub\wwwroot\trbs_2021\services\models/../uploads/194028-img.jpg
-------------------------
-------------------------
time: January 14, 2022, 7:25 pm
message: Contact Role data fetched.
-------------------------
-------------------------
time: January 14, 2022, 7:25 pm
message: Contact Role data fetched.
-------------------------
-------------------------
time: January 14, 2022, 7:32 pm
message: Contact Role data fetched.
-------------------------
-------------------------
time: January 14, 2022, 7:52 pm
message: Contact Role data fetched.
-------------------------
-------------------------
time: January 14, 2022, 8:03 pm
message: Contact Role data fetched.
-------------------------
-------------------------
time: January 14, 2022, 8:17 pm
message: Contact Role data fetched.
-------------------------
-------------------------
time: January 14, 2022, 8:35 pm
message: Contact Role data fetched.
-------------------------
-------------------------
time: January 14, 2022, 8:35 pm
message: Contact Role data fetched.
-------------------------
-------------------------
time: January 14, 2022, 8:35 pm
message: before foreach: 1, informal_event
-------------------------
-------------------------
time: January 14, 2022, 8:36 pm
message: Contact Role data fetched.
-------------------------
-------------------------
time: January 14, 2022, 8:36 pm
message: Contact Role data fetched.
-------------------------
-------------------------
time: January 14, 2022, 9:33 pm
message: Contact Role data fetched.
-------------------------
-------------------------
time: January 14, 2022, 9:52 pm
message: Contact Role data fetched.
-------------------------
-------------------------
time: January 14, 2022, 10:51 pm
message: Contact Role data fetched.
-------------------------
-------------------------
time: January 14, 2022, 11:29 pm
message: Contact Role data fetched.
-------------------------
-------------------------
time: January 14, 2022, 11:50 pm
message: Contact Role data fetched.
-------------------------
