-------------------------
time: October 23, 2021, 12:05 pm
message: Booking data fetched.
-------------------------
-------------------------
time: October 23, 2021, 12:05 pm
message: Booking data fetched.
-------------------------
-------------------------
time: October 23, 2021, 12:05 pm
message: Booking data fetched.
-------------------------
-------------------------
time: October 23, 2021, 1:48 pm
message: Leaderboard data fetched.
-------------------------
-------------------------
time: October 23, 2021, 1:57 pm
message: Leaderboard data fetched.
-------------------------
-------------------------
time: October 23, 2021, 1:57 pm
message: Leaderboard data fetched.
-------------------------
-------------------------
time: October 23, 2021, 1:57 pm
message: Leaderboard data fetched.
-------------------------
-------------------------
time: October 23, 2021, 5:28 pm
message: GET method not allowed
-------------------------
-------------------------
time: October 23, 2021, 5:44 pm
message: Expired token
-------------------------
-------------------------
time: October 23, 2021, 5:44 pm
message: Booking data fetched.
-------------------------
-------------------------
time: October 23, 2021, 5:59 pm
message: GET method not allowed
-------------------------
-------------------------
time: October 23, 2021, 7:25 pm
message: Username/Password not valid.
-------------------------
-------------------------
time: October 23, 2021, 7:27 pm
message: Email Id is already associated with another account.
-------------------------
-------------------------
time: October 23, 2021, 7:27 pm
message: Username/Password not valid.
-------------------------
-------------------------
time: October 23, 2021, 7:32 pm
message: Leaderboard data fetched.
-------------------------
-------------------------
time: October 23, 2021, 7:47 pm
message: GET method not allowed
-------------------------
-------------------------
time: October 23, 2021, 7:56 pm
message: Expired token
-------------------------
-------------------------
time: October 23, 2021, 7:56 pm
message: Booking data fetched.
-------------------------
-------------------------
time: October 23, 2021, 7:56 pm
message: Booking data fetched.
-------------------------
-------------------------
time: October 23, 2021, 7:56 pm
message: Expired token
-------------------------
-------------------------
time: October 23, 2021, 9:49 pm
message: Leaderboard data fetched.
-------------------------
