-------------------------
time: January 5, 2022, 12:13 am
message: Contact Role data fetched.
-------------------------
-------------------------
time: January 5, 2022, 12:39 am
message: Contact Role data fetched.
-------------------------
-------------------------
time: January 5, 2022, 12:44 am
message: Contact Role data fetched.
-------------------------
-------------------------
time: January 5, 2022, 4:17 am
message: Contact Role data fetched.
-------------------------
-------------------------
time: January 5, 2022, 5:26 am
message: Contact Role data fetched.
-------------------------
-------------------------
time: January 5, 2022, 6:20 am
message: Contact Role data fetched.
-------------------------
-------------------------
time: January 5, 2022, 6:24 am
message: Contact Role data fetched.
-------------------------
-------------------------
time: January 5, 2022, 6:36 am
message: Contact Role data fetched.
-------------------------
-------------------------
time: January 5, 2022, 7:15 am
message: Contact Role data fetched.
-------------------------
-------------------------
time: January 5, 2022, 7:28 am
message: Contact Role data fetched.
-------------------------
-------------------------
time: January 5, 2022, 8:26 am
message: Contact Role data fetched.
-------------------------
-------------------------
time: January 5, 2022, 8:32 am
message: Contact Role data fetched.
-------------------------
-------------------------
time: January 5, 2022, 9:32 am
message: Contact Role data fetched.
-------------------------
-------------------------
time: January 5, 2022, 10:20 am
message: Contact Role data fetched.
-------------------------
-------------------------
time: January 5, 2022, 10:30 am
message: Contact Role data fetched.
-------------------------
-------------------------
time: January 5, 2022, 10:43 am
message: Contact Role data fetched.
-------------------------
-------------------------
time: January 5, 2022, 11:13 am
message: Contact Role data fetched.
-------------------------
-------------------------
time: January 5, 2022, 11:38 am
message: Contact Role data fetched.
-------------------------
-------------------------
time: January 5, 2022, 12:17 pm
message: Contact Role data fetched.
-------------------------
-------------------------
time: January 5, 2022, 12:32 pm
message: Contact Role data fetched.
-------------------------
-------------------------
time: January 5, 2022, 1:10 pm
message: Contact Role data fetched.
-------------------------
-------------------------
time: January 5, 2022, 1:17 pm
message: Contact Role data fetched.
-------------------------
-------------------------
time: January 5, 2022, 1:41 pm
message: Contact Role data fetched.
-------------------------
-------------------------
time: January 5, 2022, 2:50 pm
message: Contact Role data fetched.
-------------------------
-------------------------
time: January 5, 2022, 3:25 pm
message: Contact Role data fetched.
-------------------------
-------------------------
time: January 5, 2022, 3:37 pm
message: Contact Role data fetched.
-------------------------
-------------------------
time: January 5, 2022, 3:49 pm
message: GET method not allowed
-------------------------
-------------------------
time: January 5, 2022, 3:57 pm
message: Contact Role data fetched.
-------------------------
-------------------------
time: January 5, 2022, 4:20 pm
message: GET method not allowed
-------------------------
-------------------------
time: January 5, 2022, 4:20 pm
message: GET method not allowed
-------------------------
-------------------------
time: January 5, 2022, 4:25 pm
message: Contact Role data fetched.
-------------------------
-------------------------
time: January 5, 2022, 4:37 pm
message: Contact Role data fetched.
-------------------------
-------------------------
time: January 5, 2022, 4:37 pm
message: Contact Role data fetched.
-------------------------
-------------------------
time: January 5, 2022, 4:45 pm
message: Contact Role data fetched.
-------------------------
-------------------------
time: January 5, 2022, 5:18 pm
message: Contact Role data fetched.
-------------------------
-------------------------
time: January 5, 2022, 6:09 pm
message: Leaderboard data fetched.
-------------------------
-------------------------
time: January 5, 2022, 6:43 pm
message: Contact Role data fetched.
-------------------------
-------------------------
time: January 5, 2022, 7:20 pm
message: Contact Role data fetched.
-------------------------
-------------------------
time: January 5, 2022, 7:32 pm
message: Contact Role data fetched.
-------------------------
-------------------------
time: January 5, 2022, 8:02 pm
message: Contact Role data fetched.
-------------------------
