-------------------------
time: January 22, 2022, 12:01 am
message: Contact Role data fetched.
-------------------------
-------------------------
time: January 22, 2022, 1:35 am
message: Contact Role data fetched.
-------------------------
-------------------------
time: January 22, 2022, 2:25 am
message: Contact Role data fetched.
-------------------------
-------------------------
time: January 22, 2022, 2:33 am
message: Contact Role data fetched.
-------------------------
-------------------------
time: January 22, 2022, 2:37 am
message: Contact Role data fetched.
-------------------------
-------------------------
time: January 22, 2022, 2:47 am
message: Contact Role data fetched.
-------------------------
-------------------------
time: January 22, 2022, 3:24 am
message: Contact Role data fetched.
-------------------------
-------------------------
time: January 22, 2022, 3:40 am
message: Contact Role data fetched.
-------------------------
-------------------------
time: January 22, 2022, 4:45 am
message: Contact Role data fetched.
-------------------------
-------------------------
time: January 22, 2022, 5:26 am
message: Leaderboard data fetched.
-------------------------
-------------------------
time: January 22, 2022, 6:09 am
message: Contact Role data fetched.
-------------------------
-------------------------
time: January 22, 2022, 7:15 am
message: Contact Role data fetched.
-------------------------
-------------------------
time: January 22, 2022, 7:22 am
message: Contact Role data fetched.
-------------------------
-------------------------
time: January 22, 2022, 7:54 am
message: Contact Role data fetched.
-------------------------
-------------------------
time: January 22, 2022, 9:09 am
message: Contact Role data fetched.
-------------------------
-------------------------
time: January 22, 2022, 10:01 am
message: Contact Role data fetched.
-------------------------
-------------------------
time: January 22, 2022, 10:11 am
message: Contact Role data fetched.
-------------------------
-------------------------
time: January 22, 2022, 10:17 am
message: Contact Role data fetched.
-------------------------
-------------------------
time: January 22, 2022, 10:59 am
message: Contact Role data fetched.
-------------------------
-------------------------
time: January 22, 2022, 11:14 am
message: Contact Role data fetched.
-------------------------
-------------------------
time: January 22, 2022, 11:18 am
message: Contact Role data fetched.
-------------------------
-------------------------
time: January 22, 2022, 11:54 am
message: Contact Role data fetched.
-------------------------
-------------------------
time: January 22, 2022, 12:06 pm
message: Contact Role data fetched.
-------------------------
-------------------------
time: January 22, 2022, 1:15 pm
message: Contact Role data fetched.
-------------------------
-------------------------
time: January 22, 2022, 2:04 pm
message: Contact Role data fetched.
-------------------------
-------------------------
time: January 22, 2022, 2:22 pm
message: Contact Role data fetched.
-------------------------
-------------------------
time: January 22, 2022, 2:54 pm
message: Contact Role data fetched.
-------------------------
-------------------------
time: January 22, 2022, 3:20 pm
message: Contact Role data fetched.
-------------------------
-------------------------
time: January 22, 2022, 4:02 pm
message: Contact Role data fetched.
-------------------------
-------------------------
time: January 22, 2022, 4:19 pm
message: Contact Role data fetched.
-------------------------
-------------------------
time: January 22, 2022, 4:51 pm
message: Contact Role data fetched.
-------------------------
