-------------------------
time: December 16, 2021, 9:24 am
message: Leaderboard data fetched.
-------------------------
-------------------------
time: December 16, 2021, 9:36 am
message: Booking data fetched.
-------------------------
-------------------------
time: December 16, 2021, 9:36 am
message: Expired token
-------------------------
-------------------------
time: December 16, 2021, 9:43 am
message: Leaderboard data fetched.
-------------------------
-------------------------
time: December 16, 2021, 9:44 am
message: Booking data fetched.
-------------------------
-------------------------
time: December 16, 2021, 9:44 am
message: Expired token
-------------------------
-------------------------
time: December 16, 2021, 9:46 am
message: Booking data fetched.
-------------------------
-------------------------
time: December 16, 2021, 10:01 am
message: Leaderboard data fetched.
-------------------------
