-------------------------
time: October 7, 2021, 12:00 am
message: GET method not allowed
-------------------------
-------------------------
time: October 7, 2021, 12:01 am
message: GET method not allowed
-------------------------
-------------------------
time: October 7, 2021, 12:04 am
message: Leaderboard data fetched.
-------------------------
-------------------------
time: October 7, 2021, 12:18 am
message: Error 2 occured on line 63 in file C:\inetpub\wwwroot\trbs_2021\services\api\images\update.php: unlink(../../uploads/985688-iwn (7).png): No such file or directory.
-------------------------
-------------------------
time: October 7, 2021, 12:19 am
message: GET method not allowed
-------------------------
-------------------------
time: October 7, 2021, 12:19 am
message: GET method not allowed
-------------------------
-------------------------
time: October 7, 2021, 12:19 am
message: GET method not allowed
-------------------------
-------------------------
time: October 7, 2021, 12:25 am
message: Leaderboard data fetched.
-------------------------
-------------------------
time: October 7, 2021, 12:26 am
message: Error 8 occured on line 24 in file C:\inetpub\wwwroot\trbs_2021\services\api\payments\create.php: Undefined property: stdClass::$order_id.
-------------------------
-------------------------
time: October 7, 2021, 12:40 am
message: Username/Password not valid.
-------------------------
-------------------------
time: October 7, 2021, 12:41 am
message: Mail Exception: cannot connect to host; error = stream_socket_client(): unable to connect to ssl://smtp.gmail.com:465 (php_network_getaddresses: getaddrinfo failed: No such host is known. ) (errno = 0 )
-------------------------
-------------------------
time: October 7, 2021, 12:41 am
message: Username/Password not valid.
-------------------------
-------------------------
time: October 7, 2021, 12:42 am
message: Username/Password not valid.
-------------------------
-------------------------
time: October 7, 2021, 12:42 am
message: Username/Password not valid.
-------------------------
-------------------------
time: October 7, 2021, 12:42 am
message: User not found with given email id.
-------------------------
-------------------------
time: October 7, 2021, 12:46 am
message: User not found with given email id.
-------------------------
-------------------------
time: October 7, 2021, 12:50 am
message: Booking data fetched.
-------------------------
-------------------------
time: October 7, 2021, 1:04 am
message: Leaderboard data fetched.
-------------------------
-------------------------
time: October 7, 2021, 1:05 am
message: Leaderboard data fetched.
-------------------------
-------------------------
time: October 7, 2021, 1:10 am
message: Leaderboard data fetched.
-------------------------
-------------------------
time: October 7, 2021, 1:15 am
message: Leaderboard data fetched.
-------------------------
-------------------------
time: October 7, 2021, 1:18 am
message: GET method not allowed
-------------------------
-------------------------
time: October 7, 2021, 1:46 am
message: GET method not allowed
-------------------------
-------------------------
time: October 7, 2021, 2:06 am
message: Username/Password not valid.
-------------------------
-------------------------
time: October 7, 2021, 2:20 am
message: Booking data fetched.
-------------------------
-------------------------
time: October 7, 2021, 2:20 am
message: Booking data fetched.
-------------------------
-------------------------
time: October 7, 2021, 2:22 am
message: GET method not allowed
-------------------------
-------------------------
time: October 7, 2021, 2:22 am
message: Booking data fetched.
-------------------------
-------------------------
time: October 7, 2021, 2:26 am
message: Booking data fetched.
-------------------------
-------------------------
time: October 7, 2021, 2:59 am
message: Username/Password not valid.
-------------------------
-------------------------
time: October 7, 2021, 3:18 am
message: SQLSTATE[42000]: Syntax error or access violation: 1064 You have an error in your SQL syntax; check the manual that corresponds to your MySQL server version for the right syntax to use near 's-Panel'' at line 1
-------------------------
-------------------------
time: October 7, 2021, 3:18 am
message: SQLSTATE[42000]: Syntax error or access violation: 1064 You have an error in your SQL syntax; check the manual that corresponds to your MySQL server version for the right syntax to use near 's-Panel'' at line 1
-------------------------
-------------------------
time: October 7, 2021, 3:18 am
message: Username/Password not valid.
-------------------------
-------------------------
time: October 7, 2021, 3:18 am
message: Username/Password not valid.
-------------------------
-------------------------
time: October 7, 2021, 3:18 am
message: Username/Password not valid.
-------------------------
-------------------------
time: October 7, 2021, 3:19 am
message: Username/Password not valid.
-------------------------
-------------------------
time: October 7, 2021, 3:19 am
message: Username/Password not valid.
-------------------------
-------------------------
time: October 7, 2021, 3:19 am
message: User not found with given email id.
-------------------------
-------------------------
time: October 7, 2021, 3:19 am
message: User not found with given email id.
-------------------------
-------------------------
time: October 7, 2021, 3:21 am
message: User not found with given email id.
-------------------------
-------------------------
time: October 7, 2021, 3:21 am
message: User not found with given email id.
-------------------------
-------------------------
time: October 7, 2021, 6:57 am
message: Error 8 occured on line 24 in file C:\inetpub\wwwroot\trbs_2021\services\api\payments\create.php: Undefined property: stdClass::$order_id.
-------------------------
-------------------------
time: October 7, 2021, 6:57 am
message: Expired token
-------------------------
-------------------------
time: October 7, 2021, 6:58 am
message: Expired token
-------------------------
-------------------------
time: October 7, 2021, 8:16 am
message: SQLSTATE[42000]: Syntax error or access violation: 1064 You have an error in your SQL syntax; check the manual that corresponds to your MySQL server version for the right syntax to use near 's-Panel'' at line 1
-------------------------
-------------------------
time: October 7, 2021, 8:16 am
message: SQLSTATE[42000]: Syntax error or access violation: 1064 You have an error in your SQL syntax; check the manual that corresponds to your MySQL server version for the right syntax to use near 's-Panel'' at line 1
-------------------------
-------------------------
time: October 7, 2021, 8:17 am
message: SQLSTATE[42000]: Syntax error or access violation: 1064 You have an error in your SQL syntax; check the manual that corresponds to your MySQL server version for the right syntax to use near 's-Panel'' at line 1
-------------------------
-------------------------
time: October 7, 2021, 8:17 am
message: SQLSTATE[42000]: Syntax error or access violation: 1064 You have an error in your SQL syntax; check the manual that corresponds to your MySQL server version for the right syntax to use near 's-Panel'' at line 1
-------------------------
-------------------------
time: October 7, 2021, 8:20 am
message: SQLSTATE[42000]: Syntax error or access violation: 1064 You have an error in your SQL syntax; check the manual that corresponds to your MySQL server version for the right syntax to use near 's-Panel'' at line 1
-------------------------
-------------------------
time: October 7, 2021, 8:20 am
message: SQLSTATE[42000]: Syntax error or access violation: 1064 You have an error in your SQL syntax; check the manual that corresponds to your MySQL server version for the right syntax to use near 's-Panel'' at line 1
-------------------------
-------------------------
time: October 7, 2021, 8:20 am
message: SQLSTATE[42000]: Syntax error or access violation: 1064 You have an error in your SQL syntax; check the manual that corresponds to your MySQL server version for the right syntax to use near 's-Panel'' at line 1
-------------------------
-------------------------
time: October 7, 2021, 8:20 am
message: SQLSTATE[42000]: Syntax error or access violation: 1064 You have an error in your SQL syntax; check the manual that corresponds to your MySQL server version for the right syntax to use near 's-Panel'' at line 1
-------------------------
-------------------------
time: October 7, 2021, 8:25 am
message: SQLSTATE[42000]: Syntax error or access violation: 1064 You have an error in your SQL syntax; check the manual that corresponds to your MySQL server version for the right syntax to use near 's-Panel'' at line 1
-------------------------
-------------------------
time: October 7, 2021, 8:25 am
message: SQLSTATE[42000]: Syntax error or access violation: 1064 You have an error in your SQL syntax; check the manual that corresponds to your MySQL server version for the right syntax to use near 's-Panel'' at line 1
-------------------------
-------------------------
time: October 7, 2021, 8:25 am
message: SQLSTATE[42000]: Syntax error or access violation: 1064 You have an error in your SQL syntax; check the manual that corresponds to your MySQL server version for the right syntax to use near 's-Panel'' at line 1
-------------------------
-------------------------
time: October 7, 2021, 8:25 am
message: SQLSTATE[42000]: Syntax error or access violation: 1064 You have an error in your SQL syntax; check the manual that corresponds to your MySQL server version for the right syntax to use near 's-Panel'' at line 1
-------------------------
-------------------------
time: October 7, 2021, 8:27 am
message: SQLSTATE[42000]: Syntax error or access violation: 1064 You have an error in your SQL syntax; check the manual that corresponds to your MySQL server version for the right syntax to use near 's-Panel'' at line 1
-------------------------
-------------------------
time: October 7, 2021, 8:27 am
message: SQLSTATE[42000]: Syntax error or access violation: 1064 You have an error in your SQL syntax; check the manual that corresponds to your MySQL server version for the right syntax to use near 's-Panel'' at line 1
-------------------------
-------------------------
time: October 7, 2021, 8:36 am
message: SQLSTATE[42000]: Syntax error or access violation: 1064 You have an error in your SQL syntax; check the manual that corresponds to your MySQL server version for the right syntax to use near 's-Panel'' at line 1
-------------------------
-------------------------
time: October 7, 2021, 8:36 am
message: SQLSTATE[42000]: Syntax error or access violation: 1064 You have an error in your SQL syntax; check the manual that corresponds to your MySQL server version for the right syntax to use near 's-Panel'' at line 1
-------------------------
-------------------------
time: October 7, 2021, 8:37 am
message: Leaderboard data fetched.
-------------------------
-------------------------
time: October 7, 2021, 8:57 am
message: SQLSTATE[22001]: String data, right truncated: 1406 Data too long for column 'address' at row 1
-------------------------
-------------------------
time: October 7, 2021, 8:57 am
message: SQLSTATE[22001]: String data, right truncated: 1406 Data too long for column 'address' at row 1
-------------------------
-------------------------
time: October 7, 2021, 9:27 am
message: Leaderboard data fetched.
-------------------------
-------------------------
time: October 7, 2021, 9:28 am
message: SQLSTATE[22001]: String data, right truncated: 1406 Data too long for column 'address' at row 1
-------------------------
-------------------------
time: October 7, 2021, 9:28 am
message: SQLSTATE[22001]: String data, right truncated: 1406 Data too long for column 'address' at row 1
-------------------------
-------------------------
time: October 7, 2021, 9:28 am
message: Email Id is already associated with another account.
-------------------------
-------------------------
time: October 7, 2021, 9:53 am
message: Expired token
-------------------------
-------------------------
time: October 7, 2021, 10:00 am
message: Expired token
-------------------------
-------------------------
time: October 7, 2021, 10:00 am
message: SQLSTATE[HY000]: General error: 1366 Incorrect integer value: '' for column 'year' at row 1
-------------------------
-------------------------
time: October 7, 2021, 10:00 am
message: SQLSTATE[HY000]: General error: 1366 Incorrect integer value: '' for column 'year' at row 1
-------------------------
-------------------------
time: October 7, 2021, 10:00 am
message: Expired token
-------------------------
-------------------------
time: October 7, 2021, 10:00 am
message: SQLSTATE[22001]: String data, right truncated: 1406 Data too long for column 'address' at row 1
-------------------------
-------------------------
time: October 7, 2021, 10:00 am
message: SQLSTATE[22001]: String data, right truncated: 1406 Data too long for column 'address' at row 1
-------------------------
-------------------------
time: October 7, 2021, 10:03 am
message: Booking data fetched.
-------------------------
-------------------------
time: October 7, 2021, 10:07 am
message: Leaderboard data fetched.
-------------------------
-------------------------
time: October 7, 2021, 10:09 am
message: Booking data fetched.
-------------------------
-------------------------
time: October 7, 2021, 10:09 am
message: Booking data fetched.
-------------------------
-------------------------
time: October 7, 2021, 10:09 am
message: Booking data fetched.
-------------------------
-------------------------
time: October 7, 2021, 10:09 am
message: Transaction Id has already been used.
-------------------------
-------------------------
time: October 7, 2021, 10:09 am
message: Booking data fetched.
-------------------------
-------------------------
time: October 7, 2021, 10:10 am
message: Booking data fetched.
-------------------------
-------------------------
time: October 7, 2021, 10:12 am
message: Expired token
-------------------------
-------------------------
time: October 7, 2021, 10:12 am
message: Booking data fetched.
-------------------------
-------------------------
time: October 7, 2021, 10:25 am
message: Booking data fetched.
-------------------------
-------------------------
time: October 7, 2021, 10:26 am
message: Booking data fetched.
-------------------------
-------------------------
time: October 7, 2021, 10:29 am
message: Booking data fetched.
-------------------------
-------------------------
time: October 7, 2021, 10:32 am
message: SQLSTATE[22001]: String data, right truncated: 1406 Data too long for column 'address' at row 1
-------------------------
-------------------------
time: October 7, 2021, 10:32 am
message: SQLSTATE[22001]: String data, right truncated: 1406 Data too long for column 'address' at row 1
-------------------------
-------------------------
time: October 7, 2021, 10:32 am
message: SQLSTATE[22001]: String data, right truncated: 1406 Data too long for column 'address' at row 1
-------------------------
-------------------------
time: October 7, 2021, 10:32 am
message: SQLSTATE[22001]: String data, right truncated: 1406 Data too long for column 'address' at row 1
-------------------------
-------------------------
time: October 7, 2021, 10:37 am
message: Booking data fetched.
-------------------------
-------------------------
time: October 7, 2021, 10:39 am
message: Booking data fetched.
-------------------------
-------------------------
time: October 7, 2021, 10:40 am
message: Booking data fetched.
-------------------------
-------------------------
time: October 7, 2021, 10:40 am
message: Booking data fetched.
-------------------------
-------------------------
time: October 7, 2021, 10:44 am
message: Booking data fetched.
-------------------------
-------------------------
time: October 7, 2021, 10:45 am
message: Booking data fetched.
-------------------------
-------------------------
time: October 7, 2021, 10:45 am
message: Booking data fetched.
-------------------------
-------------------------
time: October 7, 2021, 10:46 am
message: Booking data fetched.
-------------------------
-------------------------
time: October 7, 2021, 10:46 am
message: Booking data fetched.
-------------------------
-------------------------
time: October 7, 2021, 10:49 am
message: Booking data fetched.
-------------------------
-------------------------
time: October 7, 2021, 10:58 am
message: SQLSTATE[22001]: String data, right truncated: 1406 Data too long for column 'address' at row 1
-------------------------
-------------------------
time: October 7, 2021, 10:58 am
message: SQLSTATE[22001]: String data, right truncated: 1406 Data too long for column 'address' at row 1
-------------------------
-------------------------
time: October 7, 2021, 10:58 am
message: SQLSTATE[22001]: String data, right truncated: 1406 Data too long for column 'address' at row 1
-------------------------
-------------------------
time: October 7, 2021, 10:58 am
message: SQLSTATE[22001]: String data, right truncated: 1406 Data too long for column 'address' at row 1
-------------------------
-------------------------
time: October 7, 2021, 11:01 am
message: Username/Password not valid.
-------------------------
-------------------------
time: October 7, 2021, 11:01 am
message: Booking data fetched.
-------------------------
-------------------------
time: October 7, 2021, 11:02 am
message: Booking data fetched.
-------------------------
-------------------------
time: October 7, 2021, 11:03 am
message: Username/Password not valid.
-------------------------
-------------------------
time: October 7, 2021, 11:05 am
message: Booking data fetched.
-------------------------
-------------------------
time: October 7, 2021, 11:18 am
message: Booking data fetched.
-------------------------
-------------------------
time: October 7, 2021, 11:25 am
message: Booking data fetched.
-------------------------
-------------------------
time: October 7, 2021, 11:26 am
message: Booking data fetched.
-------------------------
-------------------------
time: October 7, 2021, 11:28 am
message: Booking data fetched.
-------------------------
-------------------------
time: October 7, 2021, 11:30 am
message: Username/Password not valid.
-------------------------
-------------------------
time: October 7, 2021, 11:44 am
message: Leaderboard data fetched.
-------------------------
-------------------------
time: October 7, 2021, 11:58 am
message: GET method not allowed
-------------------------
-------------------------
time: October 7, 2021, 11:59 am
message: SQLSTATE[42000]: Syntax error or access violation: 1064 You have an error in your SQL syntax; check the manual that corresponds to your MySQL server version for the right syntax to use near 's-Panel'' at line 1
-------------------------
-------------------------
time: October 7, 2021, 11:59 am
message: SQLSTATE[42000]: Syntax error or access violation: 1064 You have an error in your SQL syntax; check the manual that corresponds to your MySQL server version for the right syntax to use near 's-Panel'' at line 1
-------------------------
-------------------------
time: October 7, 2021, 11:59 am
message: SQLSTATE[42000]: Syntax error or access violation: 1064 You have an error in your SQL syntax; check the manual that corresponds to your MySQL server version for the right syntax to use near 's-Panel'' at line 1
-------------------------
-------------------------
time: October 7, 2021, 11:59 am
message: SQLSTATE[42000]: Syntax error or access violation: 1064 You have an error in your SQL syntax; check the manual that corresponds to your MySQL server version for the right syntax to use near 's-Panel'' at line 1
-------------------------
-------------------------
time: October 7, 2021, 12:00 pm
message: SQLSTATE[42000]: Syntax error or access violation: 1064 You have an error in your SQL syntax; check the manual that corresponds to your MySQL server version for the right syntax to use near 's-Panel'' at line 1
-------------------------
-------------------------
time: October 7, 2021, 12:00 pm
message: SQLSTATE[42000]: Syntax error or access violation: 1064 You have an error in your SQL syntax; check the manual that corresponds to your MySQL server version for the right syntax to use near 's-Panel'' at line 1
-------------------------
-------------------------
time: October 7, 2021, 12:02 pm
message: GET method not allowed
-------------------------
-------------------------
time: October 7, 2021, 12:04 pm
message: SQLSTATE[42000]: Syntax error or access violation: 1064 You have an error in your SQL syntax; check the manual that corresponds to your MySQL server version for the right syntax to use near 's-Panel'' at line 1
-------------------------
-------------------------
time: October 7, 2021, 12:04 pm
message: SQLSTATE[42000]: Syntax error or access violation: 1064 You have an error in your SQL syntax; check the manual that corresponds to your MySQL server version for the right syntax to use near 's-Panel'' at line 1
-------------------------
-------------------------
time: October 7, 2021, 12:05 pm
message: GET method not allowed
-------------------------
-------------------------
time: October 7, 2021, 12:06 pm
message: GET method not allowed
-------------------------
-------------------------
time: October 7, 2021, 12:07 pm
message: GET method not allowed
-------------------------
-------------------------
time: October 7, 2021, 12:11 pm
message: SQLSTATE[22001]: String data, right truncated: 1406 Data too long for column 'address' at row 1
-------------------------
-------------------------
time: October 7, 2021, 12:11 pm
message: SQLSTATE[22001]: String data, right truncated: 1406 Data too long for column 'address' at row 1
-------------------------
-------------------------
time: October 7, 2021, 12:11 pm
message: SQLSTATE[22001]: String data, right truncated: 1406 Data too long for column 'address' at row 1
-------------------------
-------------------------
time: October 7, 2021, 12:11 pm
message: SQLSTATE[22001]: String data, right truncated: 1406 Data too long for column 'address' at row 1
-------------------------
-------------------------
time: October 7, 2021, 12:16 pm
message: Booking data fetched.
-------------------------
-------------------------
time: October 7, 2021, 12:23 pm
message: Booking data fetched.
-------------------------
-------------------------
time: October 7, 2021, 12:28 pm
message: GET method not allowed
-------------------------
-------------------------
time: October 7, 2021, 12:35 pm
message: Leaderboard data fetched.
-------------------------
-------------------------
time: October 7, 2021, 12:36 pm
message: Username/Password not valid.
-------------------------
-------------------------
time: October 7, 2021, 12:46 pm
message: SQLSTATE[22001]: String data, right truncated: 1406 Data too long for column 'address' at row 1
-------------------------
-------------------------
time: October 7, 2021, 12:46 pm
message: SQLSTATE[22001]: String data, right truncated: 1406 Data too long for column 'address' at row 1
-------------------------
-------------------------
time: October 7, 2021, 12:47 pm
message: SQLSTATE[22001]: String data, right truncated: 1406 Data too long for column 'address' at row 1
-------------------------
-------------------------
time: October 7, 2021, 12:47 pm
message: SQLSTATE[22001]: String data, right truncated: 1406 Data too long for column 'address' at row 1
-------------------------
-------------------------
time: October 7, 2021, 12:58 pm
message: Booking data fetched.
-------------------------
-------------------------
time: October 7, 2021, 1:02 pm
message: Booking data fetched.
-------------------------
-------------------------
time: October 7, 2021, 1:02 pm
message: Expired token
-------------------------
-------------------------
time: October 7, 2021, 1:05 pm
message: Leaderboard data fetched.
-------------------------
-------------------------
time: October 7, 2021, 1:07 pm
message: SQLSTATE[22001]: String data, right truncated: 1406 Data too long for column 'address' at row 1
-------------------------
-------------------------
time: October 7, 2021, 1:07 pm
message: SQLSTATE[22001]: String data, right truncated: 1406 Data too long for column 'address' at row 1
-------------------------
-------------------------
time: October 7, 2021, 1:07 pm
message: SQLSTATE[22001]: String data, right truncated: 1406 Data too long for column 'address' at row 1
-------------------------
-------------------------
time: October 7, 2021, 1:07 pm
message: SQLSTATE[22001]: String data, right truncated: 1406 Data too long for column 'address' at row 1
-------------------------
-------------------------
time: October 7, 2021, 1:12 pm
message: Error 8 occured on line 33 in file C:\inetpub\wwwroot\trbs_2021\services\api\users\cart\update.php: Undefined property: stdClass::$state.
-------------------------
-------------------------
time: October 7, 2021, 1:16 pm
message: Expired token
-------------------------
-------------------------
time: October 7, 2021, 1:36 pm
message: Expired token
-------------------------
-------------------------
time: October 7, 2021, 1:36 pm
message: Booking data fetched.
-------------------------
-------------------------
time: October 7, 2021, 1:41 pm
message: SQLSTATE[22001]: String data, right truncated: 1406 Data too long for column 'address' at row 1
-------------------------
-------------------------
time: October 7, 2021, 1:41 pm
message: SQLSTATE[22001]: String data, right truncated: 1406 Data too long for column 'address' at row 1
-------------------------
-------------------------
time: October 7, 2021, 1:45 pm
message: Booking data fetched.
-------------------------
-------------------------
time: October 7, 2021, 1:45 pm
message: Booking data fetched.
-------------------------
-------------------------
time: October 7, 2021, 1:45 pm
message: Booking data fetched.
-------------------------
-------------------------
time: October 7, 2021, 1:47 pm
message: Booking data fetched.
-------------------------
-------------------------
time: October 7, 2021, 1:49 pm
message: Expired token
-------------------------
-------------------------
time: October 7, 2021, 1:50 pm
message: Expired token
-------------------------
-------------------------
time: October 7, 2021, 1:50 pm
message: Booking data fetched.
-------------------------
-------------------------
time: October 7, 2021, 1:50 pm
message: Booking data fetched.
-------------------------
-------------------------
time: October 7, 2021, 1:50 pm
message: Expired token
-------------------------
-------------------------
time: October 7, 2021, 1:50 pm
message: Booking data fetched.
-------------------------
-------------------------
time: October 7, 2021, 1:52 pm
message: Expired token
-------------------------
-------------------------
time: October 7, 2021, 1:52 pm
message: Booking data fetched.
-------------------------
-------------------------
time: October 7, 2021, 2:05 pm
message: Leaderboard data fetched.
-------------------------
-------------------------
time: October 7, 2021, 2:05 pm
message: Leaderboard data fetched.
-------------------------
-------------------------
time: October 7, 2021, 2:07 pm
message: Leaderboard data fetched.
-------------------------
-------------------------
time: October 7, 2021, 2:14 pm
message: Leaderboard data fetched.
-------------------------
-------------------------
time: October 7, 2021, 2:18 pm
message: Leaderboard data fetched.
-------------------------
-------------------------
time: October 7, 2021, 2:23 pm
message: Booking data fetched.
-------------------------
-------------------------
time: October 7, 2021, 2:24 pm
message: Booking data fetched.
-------------------------
-------------------------
time: October 7, 2021, 2:24 pm
message: Booking data fetched.
-------------------------
-------------------------
time: October 7, 2021, 2:27 pm
message: Booking data fetched.
-------------------------
-------------------------
time: October 7, 2021, 2:27 pm
message: Expired token
-------------------------
-------------------------
time: October 7, 2021, 2:30 pm
message: Booking data fetched.
-------------------------
-------------------------
time: October 7, 2021, 2:35 pm
message: Booking data fetched.
-------------------------
-------------------------
time: October 7, 2021, 2:35 pm
message: Expired token
-------------------------
-------------------------
time: October 7, 2021, 2:36 pm
message: Expired token
-------------------------
-------------------------
time: October 7, 2021, 2:37 pm
message: Booking data fetched.
-------------------------
-------------------------
time: October 7, 2021, 2:37 pm
message: Booking data fetched.
-------------------------
-------------------------
time: October 7, 2021, 2:37 pm
message: Expired token
-------------------------
-------------------------
time: October 7, 2021, 2:47 pm
message: Booking data fetched.
-------------------------
-------------------------
time: October 7, 2021, 2:48 pm
message: Booking data fetched.
-------------------------
-------------------------
time: October 7, 2021, 2:55 pm
message: SQLSTATE[42000]: Syntax error or access violation: 1064 You have an error in your SQL syntax; check the manual that corresponds to your MySQL server version for the right syntax to use near 's-Panel'' at line 1
-------------------------
-------------------------
time: October 7, 2021, 2:55 pm
message: SQLSTATE[42000]: Syntax error or access violation: 1064 You have an error in your SQL syntax; check the manual that corresponds to your MySQL server version for the right syntax to use near 's-Panel'' at line 1
-------------------------
-------------------------
time: October 7, 2021, 2:58 pm
message: Expired token
-------------------------
-------------------------
time: October 7, 2021, 2:59 pm
message: SQLSTATE[42000]: Syntax error or access violation: 1064 You have an error in your SQL syntax; check the manual that corresponds to your MySQL server version for the right syntax to use near 's-Panel'' at line 1
-------------------------
-------------------------
time: October 7, 2021, 2:59 pm
message: SQLSTATE[42000]: Syntax error or access violation: 1064 You have an error in your SQL syntax; check the manual that corresponds to your MySQL server version for the right syntax to use near 's-Panel'' at line 1
-------------------------
-------------------------
time: October 7, 2021, 2:59 pm
message: SQLSTATE[42000]: Syntax error or access violation: 1064 You have an error in your SQL syntax; check the manual that corresponds to your MySQL server version for the right syntax to use near 's-Panel'' at line 1
-------------------------
-------------------------
time: October 7, 2021, 2:59 pm
message: SQLSTATE[42000]: Syntax error or access violation: 1064 You have an error in your SQL syntax; check the manual that corresponds to your MySQL server version for the right syntax to use near 's-Panel'' at line 1
-------------------------
-------------------------
time: October 7, 2021, 2:59 pm
message: Expired token
-------------------------
-------------------------
time: October 7, 2021, 3:00 pm
message: SQLSTATE[42000]: Syntax error or access violation: 1064 You have an error in your SQL syntax; check the manual that corresponds to your MySQL server version for the right syntax to use near 's-Panel'' at line 1
-------------------------
-------------------------
time: October 7, 2021, 3:00 pm
message: SQLSTATE[42000]: Syntax error or access violation: 1064 You have an error in your SQL syntax; check the manual that corresponds to your MySQL server version for the right syntax to use near 's-Panel'' at line 1
-------------------------
-------------------------
time: October 7, 2021, 3:00 pm
message: SQLSTATE[42000]: Syntax error or access violation: 1064 You have an error in your SQL syntax; check the manual that corresponds to your MySQL server version for the right syntax to use near 's-Panel'' at line 1
-------------------------
-------------------------
time: October 7, 2021, 3:00 pm
message: SQLSTATE[42000]: Syntax error or access violation: 1064 You have an error in your SQL syntax; check the manual that corresponds to your MySQL server version for the right syntax to use near 's-Panel'' at line 1
-------------------------
-------------------------
time: October 7, 2021, 3:00 pm
message: Expired token
-------------------------
-------------------------
time: October 7, 2021, 3:00 pm
message: Booking data fetched.
-------------------------
-------------------------
time: October 7, 2021, 3:02 pm
message: SQLSTATE[42000]: Syntax error or access violation: 1064 You have an error in your SQL syntax; check the manual that corresponds to your MySQL server version for the right syntax to use near 's-Panel'' at line 1
-------------------------
-------------------------
time: October 7, 2021, 3:02 pm
message: SQLSTATE[42000]: Syntax error or access violation: 1064 You have an error in your SQL syntax; check the manual that corresponds to your MySQL server version for the right syntax to use near 's-Panel'' at line 1
-------------------------
-------------------------
time: October 7, 2021, 3:03 pm
message: Expired token
-------------------------
-------------------------
time: October 7, 2021, 3:03 pm
message: Expired token
-------------------------
-------------------------
time: October 7, 2021, 3:03 pm
message: Leaderboard data fetched.
-------------------------
-------------------------
time: October 7, 2021, 3:04 pm
message: Booking data fetched.
-------------------------
-------------------------
time: October 7, 2021, 3:07 pm
message: GET method not allowed
-------------------------
-------------------------
time: October 7, 2021, 3:08 pm
message: SQLSTATE[42000]: Syntax error or access violation: 1064 You have an error in your SQL syntax; check the manual that corresponds to your MySQL server version for the right syntax to use near 's-Panel'' at line 1
-------------------------
-------------------------
time: October 7, 2021, 3:08 pm
message: SQLSTATE[42000]: Syntax error or access violation: 1064 You have an error in your SQL syntax; check the manual that corresponds to your MySQL server version for the right syntax to use near 's-Panel'' at line 1
-------------------------
-------------------------
time: October 7, 2021, 3:09 pm
message: Expired token
-------------------------
-------------------------
time: October 7, 2021, 3:09 pm
message: Booking data fetched.
-------------------------
-------------------------
time: October 7, 2021, 3:10 pm
message: Leaderboard data fetched.
-------------------------
-------------------------
time: October 7, 2021, 3:20 pm
message: Username/Password not valid.
-------------------------
-------------------------
time: October 7, 2021, 3:20 pm
message: Username/Password not valid.
-------------------------
-------------------------
time: October 7, 2021, 3:20 pm
message: Username/Password not valid.
-------------------------
-------------------------
time: October 7, 2021, 3:20 pm
message: Username/Password not valid.
-------------------------
-------------------------
time: October 7, 2021, 3:20 pm
message: Username/Password not valid.
-------------------------
-------------------------
time: October 7, 2021, 3:20 pm
message: Username/Password not valid.
-------------------------
-------------------------
time: October 7, 2021, 3:20 pm
message: Username/Password not valid.
-------------------------
-------------------------
time: October 7, 2021, 3:21 pm
message: Username/Password not valid.
-------------------------
-------------------------
time: October 7, 2021, 3:21 pm
message: Username/Password not valid.
-------------------------
-------------------------
time: October 7, 2021, 3:21 pm
message: Username/Password not valid.
-------------------------
-------------------------
time: October 7, 2021, 3:21 pm
message: Username/Password not valid.
-------------------------
-------------------------
time: October 7, 2021, 3:21 pm
message: Username/Password not valid.
-------------------------
-------------------------
time: October 7, 2021, 3:21 pm
message: Username/Password not valid.
-------------------------
-------------------------
time: October 7, 2021, 3:22 pm
message: Username/Password not valid.
-------------------------
-------------------------
time: October 7, 2021, 3:22 pm
message: Username/Password not valid.
-------------------------
-------------------------
time: October 7, 2021, 3:22 pm
message: Username/Password not valid.
-------------------------
-------------------------
time: October 7, 2021, 3:24 pm
message: Username/Password not valid.
-------------------------
-------------------------
time: October 7, 2021, 3:25 pm
message: Booking data fetched.
-------------------------
-------------------------
time: October 7, 2021, 3:27 pm
message: Booking data fetched.
-------------------------
-------------------------
time: October 7, 2021, 3:27 pm
message: Expired token
-------------------------
-------------------------
time: October 7, 2021, 3:27 pm
message: Booking data fetched.
-------------------------
-------------------------
time: October 7, 2021, 3:27 pm
message: Expired token
-------------------------
-------------------------
time: October 7, 2021, 3:41 pm
message: Booking data fetched.
-------------------------
-------------------------
time: October 7, 2021, 3:41 pm
message: Booking data fetched.
-------------------------
-------------------------
time: October 7, 2021, 3:42 pm
message: Booking data fetched.
-------------------------
-------------------------
time: October 7, 2021, 3:42 pm
message: Username/Password not valid.
-------------------------
-------------------------
time: October 7, 2021, 3:42 pm
message: Booking data fetched.
-------------------------
-------------------------
time: October 7, 2021, 3:42 pm
message: Booking data fetched.
-------------------------
-------------------------
time: October 7, 2021, 3:49 pm
message: SQLSTATE[42000]: Syntax error or access violation: 1064 You have an error in your SQL syntax; check the manual that corresponds to your MySQL server version for the right syntax to use near 's-Panel'' at line 1
-------------------------
-------------------------
time: October 7, 2021, 3:49 pm
message: SQLSTATE[42000]: Syntax error or access violation: 1064 You have an error in your SQL syntax; check the manual that corresponds to your MySQL server version for the right syntax to use near 's-Panel'' at line 1
-------------------------
-------------------------
time: October 7, 2021, 3:51 pm
message: Leaderboard data fetched.
-------------------------
-------------------------
time: October 7, 2021, 3:59 pm
message: Booking data fetched.
-------------------------
-------------------------
time: October 7, 2021, 4:00 pm
message: SQLSTATE[42000]: Syntax error or access violation: 1064 You have an error in your SQL syntax; check the manual that corresponds to your MySQL server version for the right syntax to use near 's-Panel'' at line 1
-------------------------
-------------------------
time: October 7, 2021, 4:00 pm
message: SQLSTATE[42000]: Syntax error or access violation: 1064 You have an error in your SQL syntax; check the manual that corresponds to your MySQL server version for the right syntax to use near 's-Panel'' at line 1
-------------------------
-------------------------
time: October 7, 2021, 4:04 pm
message: GET method not allowed
-------------------------
-------------------------
time: October 7, 2021, 4:05 pm
message: GET method not allowed
-------------------------
-------------------------
time: October 7, 2021, 4:05 pm
message: GET method not allowed
-------------------------
-------------------------
time: October 7, 2021, 4:16 pm
message: GET method not allowed
-------------------------
-------------------------
time: October 7, 2021, 4:20 pm
message: Username/Password not valid.
-------------------------
-------------------------
time: October 7, 2021, 4:20 pm
message: Username/Password not valid.
-------------------------
-------------------------
time: October 7, 2021, 4:20 pm
message: User not found with given email id.
-------------------------
-------------------------
time: October 7, 2021, 4:21 pm
message: Username/Password not valid.
-------------------------
-------------------------
time: October 7, 2021, 4:21 pm
message: User not found with given email id.
-------------------------
-------------------------
time: October 7, 2021, 4:23 pm
message: User not found with given email id.
-------------------------
-------------------------
time: October 7, 2021, 4:23 pm
message: User not found with given email id.
-------------------------
-------------------------
time: October 7, 2021, 4:24 pm
message: Username/Password not valid.
-------------------------
-------------------------
time: October 7, 2021, 4:24 pm
message: User not found with given email id.
-------------------------
-------------------------
time: October 7, 2021, 4:27 pm
message: Username/Password not valid.
-------------------------
-------------------------
time: October 7, 2021, 4:43 pm
message: SQLSTATE[HY000]: General error: 1366 Incorrect integer value: '' for column 'year' at row 1
-------------------------
-------------------------
time: October 7, 2021, 4:43 pm
message: SQLSTATE[HY000]: General error: 1366 Incorrect integer value: '' for column 'year' at row 1
-------------------------
-------------------------
time: October 7, 2021, 4:50 pm
message: Leaderboard data fetched.
-------------------------
-------------------------
time: October 7, 2021, 4:50 pm
message: GET method not allowed
-------------------------
-------------------------
time: October 7, 2021, 4:50 pm
message: GET method not allowed
-------------------------
-------------------------
time: October 7, 2021, 4:50 pm
message: GET method not allowed
-------------------------
-------------------------
time: October 7, 2021, 4:50 pm
message: GET method not allowed
-------------------------
-------------------------
time: October 7, 2021, 4:52 pm
message: GET method not allowed
-------------------------
-------------------------
time: October 7, 2021, 4:52 pm
message: GET method not allowed
-------------------------
-------------------------
time: October 7, 2021, 4:52 pm
message: GET method not allowed
-------------------------
-------------------------
time: October 7, 2021, 4:54 pm
message: GET method not allowed.
-------------------------
-------------------------
time: October 7, 2021, 4:55 pm
message: Leaderboard data fetched.
-------------------------
-------------------------
time: October 7, 2021, 4:55 pm
message: Booking data fetched.
-------------------------
-------------------------
time: October 7, 2021, 4:55 pm
message: GET method not allowed
-------------------------
-------------------------
time: October 7, 2021, 4:56 pm
message: GET method not allowed
-------------------------
-------------------------
time: October 7, 2021, 4:56 pm
message: GET method not allowed
-------------------------
-------------------------
time: October 7, 2021, 5:02 pm
message: Username/Password not valid.
-------------------------
-------------------------
time: October 7, 2021, 5:02 pm
message: Username/Password not valid.
-------------------------
-------------------------
time: October 7, 2021, 5:02 pm
message: User not found with given email id.
-------------------------
-------------------------
time: October 7, 2021, 5:03 pm
message: User not found with given email id.
-------------------------
-------------------------
time: October 7, 2021, 5:03 pm
message: User not found with given email id.
-------------------------
-------------------------
time: October 7, 2021, 5:03 pm
message: User not found with given email id.
-------------------------
-------------------------
time: October 7, 2021, 5:03 pm
message: User not found with given email id.
-------------------------
-------------------------
time: October 7, 2021, 5:03 pm
message: User not found with given email id.
-------------------------
-------------------------
time: October 7, 2021, 5:03 pm
message: User not found with given email id.
-------------------------
-------------------------
time: October 7, 2021, 5:25 pm
message: Booking data fetched.
-------------------------
-------------------------
time: October 7, 2021, 5:28 pm
message: Booking data fetched.
-------------------------
-------------------------
time: October 7, 2021, 5:28 pm
message: Booking data fetched.
-------------------------
-------------------------
time: October 7, 2021, 5:31 pm
message: SQLSTATE[42000]: Syntax error or access violation: 1064 You have an error in your SQL syntax; check the manual that corresponds to your MySQL server version for the right syntax to use near 's-Panel'' at line 1
-------------------------
-------------------------
time: October 7, 2021, 5:31 pm
message: SQLSTATE[42000]: Syntax error or access violation: 1064 You have an error in your SQL syntax; check the manual that corresponds to your MySQL server version for the right syntax to use near 's-Panel'' at line 1
-------------------------
-------------------------
time: October 7, 2021, 5:31 pm
message: Booking data fetched.
-------------------------
-------------------------
time: October 7, 2021, 5:36 pm
message: Booking data fetched.
-------------------------
-------------------------
time: October 7, 2021, 5:38 pm
message: Booking data fetched.
-------------------------
-------------------------
time: October 7, 2021, 5:39 pm
message: Booking data fetched.
-------------------------
-------------------------
time: October 7, 2021, 5:39 pm
message: Booking data fetched.
-------------------------
-------------------------
time: October 7, 2021, 5:39 pm
message: SQLSTATE[22001]: String data, right truncated: 1406 Data too long for column 'address' at row 1
-------------------------
-------------------------
time: October 7, 2021, 5:39 pm
message: SQLSTATE[22001]: String data, right truncated: 1406 Data too long for column 'address' at row 1
-------------------------
-------------------------
time: October 7, 2021, 5:40 pm
message: SQLSTATE[22001]: String data, right truncated: 1406 Data too long for column 'address' at row 1
-------------------------
-------------------------
time: October 7, 2021, 5:40 pm
message: SQLSTATE[22001]: String data, right truncated: 1406 Data too long for column 'address' at row 1
-------------------------
-------------------------
time: October 7, 2021, 5:40 pm
message: SQLSTATE[22001]: String data, right truncated: 1406 Data too long for column 'address' at row 1
-------------------------
-------------------------
time: October 7, 2021, 5:40 pm
message: SQLSTATE[22001]: String data, right truncated: 1406 Data too long for column 'address' at row 1
-------------------------
-------------------------
time: October 7, 2021, 5:40 pm
message: Booking data fetched.
-------------------------
-------------------------
time: October 7, 2021, 5:41 pm
message: Booking data fetched.
-------------------------
-------------------------
time: October 7, 2021, 5:44 pm
message: Booking data fetched.
-------------------------
-------------------------
time: October 7, 2021, 5:47 pm
message: Booking data fetched.
-------------------------
-------------------------
time: October 7, 2021, 5:52 pm
message: Username/Password not valid.
-------------------------
-------------------------
time: October 7, 2021, 5:52 pm
message: User not found with given email id.
-------------------------
-------------------------
time: October 7, 2021, 6:04 pm
message: Expired token
-------------------------
-------------------------
time: October 7, 2021, 6:06 pm
message: Expired token
-------------------------
-------------------------
time: October 7, 2021, 6:09 pm
message: Expired token
-------------------------
-------------------------
time: October 7, 2021, 6:14 pm
message: Username/Password not valid.
-------------------------
-------------------------
time: October 7, 2021, 6:15 pm
message: Booking data fetched.
-------------------------
-------------------------
time: October 7, 2021, 6:17 pm
message: Booking data fetched.
-------------------------
-------------------------
time: October 7, 2021, 6:17 pm
message: Expired token
-------------------------
-------------------------
time: October 7, 2021, 6:18 pm
message: Booking data fetched.
-------------------------
-------------------------
time: October 7, 2021, 6:18 pm
message: Expired token
-------------------------
-------------------------
time: October 7, 2021, 6:35 pm
message: Booking data fetched.
-------------------------
-------------------------
time: October 7, 2021, 6:39 pm
message: Error 8 occured on line 33 in file C:\inetpub\wwwroot\trbs_2021\services\api\users\cart\update.php: Undefined property: stdClass::$state.
-------------------------
-------------------------
time: October 7, 2021, 6:41 pm
message: User not found with given email id.
-------------------------
-------------------------
time: October 7, 2021, 6:41 pm
message: User not found with given email id.
-------------------------
-------------------------
time: October 7, 2021, 6:41 pm
message: User not found with given email id.
-------------------------
-------------------------
time: October 7, 2021, 6:41 pm
message: User not found with given email id.
-------------------------
-------------------------
time: October 7, 2021, 6:43 pm
message: Username/Password not valid.
-------------------------
-------------------------
time: October 7, 2021, 6:43 pm
message: User not found with given email id.
-------------------------
-------------------------
time: October 7, 2021, 6:49 pm
message: SQLSTATE[42000]: Syntax error or access violation: 1064 You have an error in your SQL syntax; check the manual that corresponds to your MySQL server version for the right syntax to use near 's-Panel'' at line 1
-------------------------
-------------------------
time: October 7, 2021, 6:49 pm
message: SQLSTATE[42000]: Syntax error or access violation: 1064 You have an error in your SQL syntax; check the manual that corresponds to your MySQL server version for the right syntax to use near 's-Panel'' at line 1
-------------------------
-------------------------
time: October 7, 2021, 6:49 pm
message: Booking data fetched.
-------------------------
-------------------------
time: October 7, 2021, 6:50 pm
message: SQLSTATE[42000]: Syntax error or access violation: 1064 You have an error in your SQL syntax; check the manual that corresponds to your MySQL server version for the right syntax to use near 's-Panel'' at line 1
-------------------------
-------------------------
time: October 7, 2021, 6:50 pm
message: SQLSTATE[42000]: Syntax error or access violation: 1064 You have an error in your SQL syntax; check the manual that corresponds to your MySQL server version for the right syntax to use near 's-Panel'' at line 1
-------------------------
-------------------------
time: October 7, 2021, 6:51 pm
message: SQLSTATE[42000]: Syntax error or access violation: 1064 You have an error in your SQL syntax; check the manual that corresponds to your MySQL server version for the right syntax to use near 's-Panel'' at line 1
-------------------------
-------------------------
time: October 7, 2021, 6:51 pm
message: SQLSTATE[42000]: Syntax error or access violation: 1064 You have an error in your SQL syntax; check the manual that corresponds to your MySQL server version for the right syntax to use near 's-Panel'' at line 1
-------------------------
-------------------------
time: October 7, 2021, 6:51 pm
message: SQLSTATE[42000]: Syntax error or access violation: 1064 You have an error in your SQL syntax; check the manual that corresponds to your MySQL server version for the right syntax to use near 's-Panel'' at line 1
-------------------------
-------------------------
time: October 7, 2021, 6:51 pm
message: SQLSTATE[42000]: Syntax error or access violation: 1064 You have an error in your SQL syntax; check the manual that corresponds to your MySQL server version for the right syntax to use near 's-Panel'' at line 1
-------------------------
-------------------------
time: October 7, 2021, 6:51 pm
message: Leaderboard data fetched.
-------------------------
-------------------------
time: October 7, 2021, 6:53 pm
message: SQLSTATE[42000]: Syntax error or access violation: 1064 You have an error in your SQL syntax; check the manual that corresponds to your MySQL server version for the right syntax to use near 's-Panel'' at line 1
-------------------------
-------------------------
time: October 7, 2021, 6:53 pm
message: SQLSTATE[42000]: Syntax error or access violation: 1064 You have an error in your SQL syntax; check the manual that corresponds to your MySQL server version for the right syntax to use near 's-Panel'' at line 1
-------------------------
-------------------------
time: October 7, 2021, 6:56 pm
message: Leaderboard data fetched.
-------------------------
-------------------------
time: October 7, 2021, 6:56 pm
message: SQLSTATE[42000]: Syntax error or access violation: 1064 You have an error in your SQL syntax; check the manual that corresponds to your MySQL server version for the right syntax to use near 's-Panel'' at line 1
-------------------------
-------------------------
time: October 7, 2021, 6:56 pm
message: SQLSTATE[42000]: Syntax error or access violation: 1064 You have an error in your SQL syntax; check the manual that corresponds to your MySQL server version for the right syntax to use near 's-Panel'' at line 1
-------------------------
-------------------------
time: October 7, 2021, 6:57 pm
message: SQLSTATE[42000]: Syntax error or access violation: 1064 You have an error in your SQL syntax; check the manual that corresponds to your MySQL server version for the right syntax to use near 's-Panel'' at line 1
-------------------------
-------------------------
time: October 7, 2021, 6:57 pm
message: SQLSTATE[42000]: Syntax error or access violation: 1064 You have an error in your SQL syntax; check the manual that corresponds to your MySQL server version for the right syntax to use near 's-Panel'' at line 1
-------------------------
-------------------------
time: October 7, 2021, 7:01 pm
message: Expired token
-------------------------
-------------------------
time: October 7, 2021, 7:01 pm
message: Booking data fetched.
-------------------------
-------------------------
time: October 7, 2021, 7:09 pm
message: Expired token
-------------------------
-------------------------
time: October 7, 2021, 7:09 pm
message: SQLSTATE[22001]: String data, right truncated: 1406 Data too long for column 'address' at row 1
-------------------------
-------------------------
time: October 7, 2021, 7:09 pm
message: SQLSTATE[22001]: String data, right truncated: 1406 Data too long for column 'address' at row 1
-------------------------
-------------------------
time: October 7, 2021, 7:10 pm
message: Expired token
-------------------------
-------------------------
time: October 7, 2021, 7:10 pm
message: Username/Password not valid.
-------------------------
-------------------------
time: October 7, 2021, 7:11 pm
message: Username/Password not valid.
-------------------------
-------------------------
time: October 7, 2021, 7:11 pm
message: Username/Password not valid.
-------------------------
-------------------------
time: October 7, 2021, 7:11 pm
message: Username/Password not valid.
-------------------------
-------------------------
time: October 7, 2021, 7:11 pm
message: User not found with given email id.
-------------------------
-------------------------
time: October 7, 2021, 7:11 pm
message: User not found with given email id.
-------------------------
-------------------------
time: October 7, 2021, 7:11 pm
message: User not found with given email id.
-------------------------
-------------------------
time: October 7, 2021, 7:11 pm
message: Username/Password not valid.
-------------------------
-------------------------
time: October 7, 2021, 7:11 pm
message: User not found with given email id.
-------------------------
-------------------------
time: October 7, 2021, 7:11 pm
message: User not found with given email id.
-------------------------
-------------------------
time: October 7, 2021, 7:11 pm
message: Username/Password not valid.
-------------------------
-------------------------
time: October 7, 2021, 7:12 pm
message: Username/Password not valid.
-------------------------
-------------------------
time: October 7, 2021, 7:14 pm
message: GET method not allowed
-------------------------
-------------------------
time: October 7, 2021, 7:14 pm
message: GET method not allowed
-------------------------
-------------------------
time: October 7, 2021, 7:14 pm
message: GET method not allowed
-------------------------
-------------------------
time: October 7, 2021, 7:14 pm
message: GET method not allowed
-------------------------
-------------------------
time: October 7, 2021, 7:15 pm
message: GET method not allowed
-------------------------
-------------------------
time: October 7, 2021, 7:15 pm
message: GET method not allowed
-------------------------
-------------------------
time: October 7, 2021, 7:15 pm
message: GET method not allowed
-------------------------
-------------------------
time: October 7, 2021, 7:16 pm
message: SQLSTATE[22001]: String data, right truncated: 1406 Data too long for column 'address' at row 1
-------------------------
-------------------------
time: October 7, 2021, 7:16 pm
message: SQLSTATE[22001]: String data, right truncated: 1406 Data too long for column 'address' at row 1
-------------------------
-------------------------
time: October 7, 2021, 7:16 pm
message: SQLSTATE[22001]: String data, right truncated: 1406 Data too long for column 'address' at row 1
-------------------------
-------------------------
time: October 7, 2021, 7:16 pm
message: SQLSTATE[22001]: String data, right truncated: 1406 Data too long for column 'address' at row 1
-------------------------
-------------------------
time: October 7, 2021, 7:16 pm
message: User not found with given email id.
-------------------------
-------------------------
time: October 7, 2021, 7:16 pm
message: User not found with given email id.
-------------------------
-------------------------
time: October 7, 2021, 7:16 pm
message: SQLSTATE[42000]: Syntax error or access violation: 1064 You have an error in your SQL syntax; check the manual that corresponds to your MySQL server version for the right syntax to use near 's-Panel'' at line 1
-------------------------
-------------------------
time: October 7, 2021, 7:16 pm
message: SQLSTATE[42000]: Syntax error or access violation: 1064 You have an error in your SQL syntax; check the manual that corresponds to your MySQL server version for the right syntax to use near 's-Panel'' at line 1
-------------------------
-------------------------
time: October 7, 2021, 7:16 pm
message: User not found with given email id.
-------------------------
-------------------------
time: October 7, 2021, 7:17 pm
message: User not found with given email id.
-------------------------
-------------------------
time: October 7, 2021, 7:17 pm
message: User not found with given email id.
-------------------------
-------------------------
time: October 7, 2021, 7:17 pm
message: User not found with given email id.
-------------------------
-------------------------
time: October 7, 2021, 7:17 pm
message: User not found with given email id.
-------------------------
-------------------------
time: October 7, 2021, 7:17 pm
message: User not found with given email id.
-------------------------
-------------------------
time: October 7, 2021, 7:17 pm
message: User not found with given email id.
-------------------------
-------------------------
time: October 7, 2021, 7:18 pm
message: SQLSTATE[42000]: Syntax error or access violation: 1064 You have an error in your SQL syntax; check the manual that corresponds to your MySQL server version for the right syntax to use near 's-Panel'' at line 1
-------------------------
-------------------------
time: October 7, 2021, 7:18 pm
message: SQLSTATE[42000]: Syntax error or access violation: 1064 You have an error in your SQL syntax; check the manual that corresponds to your MySQL server version for the right syntax to use near 's-Panel'' at line 1
-------------------------
-------------------------
time: October 7, 2021, 7:18 pm
message: Username/Password not valid.
-------------------------
-------------------------
time: October 7, 2021, 7:19 pm
message: SQLSTATE[42000]: Syntax error or access violation: 1064 You have an error in your SQL syntax; check the manual that corresponds to your MySQL server version for the right syntax to use near 's-Panel'' at line 1
-------------------------
-------------------------
time: October 7, 2021, 7:19 pm
message: SQLSTATE[42000]: Syntax error or access violation: 1064 You have an error in your SQL syntax; check the manual that corresponds to your MySQL server version for the right syntax to use near 's-Panel'' at line 1
-------------------------
-------------------------
time: October 7, 2021, 7:21 pm
message: Not a valid file format.
-------------------------
-------------------------
time: October 7, 2021, 7:24 pm
message: Email Id is already associated with another account.
-------------------------
-------------------------
time: October 7, 2021, 7:24 pm
message: Booking data fetched.
-------------------------
-------------------------
time: October 7, 2021, 7:25 pm
message: Booking data fetched.
-------------------------
-------------------------
time: October 7, 2021, 7:25 pm
message: Booking data fetched.
-------------------------
-------------------------
time: October 7, 2021, 7:26 pm
message: Username/Password not valid.
-------------------------
-------------------------
time: October 7, 2021, 7:27 pm
message: Booking data fetched.
-------------------------
-------------------------
time: October 7, 2021, 7:27 pm
message: Error 2 occured on line 63 in file C:\inetpub\wwwroot\trbs_2021\services\api\images\update.php: unlink(../../uploads/933308-grt jewellers logo.png): No such file or directory.
-------------------------
-------------------------
time: October 7, 2021, 7:29 pm
message: Username/Password not valid.
-------------------------
-------------------------
time: October 7, 2021, 7:30 pm
message: Booking data fetched.
-------------------------
-------------------------
time: October 7, 2021, 7:30 pm
message: Username/Password not valid.
-------------------------
-------------------------
time: October 7, 2021, 7:30 pm
message: Username/Password not valid.
-------------------------
-------------------------
time: October 7, 2021, 7:32 pm
message: Booking data fetched.
-------------------------
-------------------------
time: October 7, 2021, 7:33 pm
message: Booking data fetched.
-------------------------
-------------------------
time: October 7, 2021, 7:33 pm
message: Username/Password not valid.
-------------------------
-------------------------
time: October 7, 2021, 7:34 pm
message: Username/Password not valid.
-------------------------
-------------------------
time: October 7, 2021, 7:35 pm
message: Username/Password not valid.
-------------------------
-------------------------
time: October 7, 2021, 7:35 pm
message: Booking data fetched.
-------------------------
-------------------------
time: October 7, 2021, 7:36 pm
message: Booking data fetched.
-------------------------
-------------------------
time: October 7, 2021, 7:36 pm
message: Booking data fetched.
-------------------------
-------------------------
time: October 7, 2021, 7:39 pm
message: Email Id is already associated with another account.
-------------------------
-------------------------
time: October 7, 2021, 7:43 pm
message: Leaderboard data fetched.
-------------------------
-------------------------
time: October 7, 2021, 7:43 pm
message: Username/Password not valid.
-------------------------
-------------------------
time: October 7, 2021, 7:43 pm
message: Username/Password not valid.
-------------------------
-------------------------
time: October 7, 2021, 7:43 pm
message: Username/Password not valid.
-------------------------
-------------------------
time: October 7, 2021, 7:44 pm
message: User not found with given email id.
-------------------------
-------------------------
time: October 7, 2021, 7:44 pm
message: User not found with given email id.
-------------------------
-------------------------
time: October 7, 2021, 7:47 pm
message: Username/Password not valid.
-------------------------
-------------------------
time: October 7, 2021, 7:47 pm
message: Username/Password not valid.
-------------------------
-------------------------
time: October 7, 2021, 7:47 pm
message: User not found with given email id.
-------------------------
-------------------------
time: October 7, 2021, 7:47 pm
message: User not found with given email id.
-------------------------
-------------------------
time: October 7, 2021, 7:48 pm
message: Username/Password not valid.
-------------------------
-------------------------
time: October 7, 2021, 7:48 pm
message: User not found with given email id.
-------------------------
-------------------------
time: October 7, 2021, 7:48 pm
message: User not found with given email id.
-------------------------
-------------------------
time: October 7, 2021, 7:48 pm
message: User not found with given email id.
-------------------------
-------------------------
time: October 7, 2021, 7:48 pm
message: Username/Password not valid.
-------------------------
-------------------------
time: October 7, 2021, 7:48 pm
message: User not found with given email id.
-------------------------
-------------------------
time: October 7, 2021, 7:48 pm
message: User not found with given email id.
-------------------------
-------------------------
time: October 7, 2021, 7:48 pm
message: User not found with given email id.
-------------------------
-------------------------
time: October 7, 2021, 7:48 pm
message: User not found with given email id.
-------------------------
-------------------------
time: October 7, 2021, 7:48 pm
message: User not found with given email id.
-------------------------
-------------------------
time: October 7, 2021, 7:48 pm
message: User not found with given email id.
-------------------------
-------------------------
time: October 7, 2021, 7:48 pm
message: Username/Password not valid.
-------------------------
-------------------------
time: October 7, 2021, 7:50 pm
message: Username/Password not valid.
-------------------------
-------------------------
time: October 7, 2021, 7:52 pm
message: Booking data fetched.
-------------------------
-------------------------
time: October 7, 2021, 7:52 pm
message: Booking data fetched.
-------------------------
-------------------------
time: October 7, 2021, 7:54 pm
message: Username/Password not valid.
-------------------------
-------------------------
time: October 7, 2021, 7:55 pm
message: Booking data fetched.
-------------------------
-------------------------
time: October 7, 2021, 7:55 pm
message: Booking data fetched.
-------------------------
-------------------------
time: October 7, 2021, 7:56 pm
message: Username/Password not valid.
-------------------------
-------------------------
time: October 7, 2021, 7:56 pm
message: Booking data fetched.
-------------------------
-------------------------
time: October 7, 2021, 7:56 pm
message: before foreach: 13, sponser
-------------------------
-------------------------
time: October 7, 2021, 7:57 pm
message: Booking data fetched.
-------------------------
-------------------------
time: October 7, 2021, 7:57 pm
message: User not found with given email id.
-------------------------
-------------------------
time: October 7, 2021, 7:57 pm
message: User not found with given email id.
-------------------------
-------------------------
time: October 7, 2021, 7:57 pm
message: User not found with given email id.
-------------------------
-------------------------
time: October 7, 2021, 7:57 pm
message: User not found with given email id.
-------------------------
-------------------------
time: October 7, 2021, 7:57 pm
message: User not found with given email id.
-------------------------
-------------------------
time: October 7, 2021, 7:57 pm
message: User not found with given email id.
-------------------------
-------------------------
time: October 7, 2021, 7:57 pm
message: User not found with given email id.
-------------------------
-------------------------
time: October 7, 2021, 7:57 pm
message: User not found with given email id.
-------------------------
-------------------------
time: October 7, 2021, 7:57 pm
message: User not found with given email id.
-------------------------
-------------------------
time: October 7, 2021, 7:57 pm
message: User not found with given email id.
-------------------------
-------------------------
time: October 7, 2021, 7:58 pm
message: User not found with given email id.
-------------------------
-------------------------
time: October 7, 2021, 7:58 pm
message: User not found with given email id.
-------------------------
-------------------------
time: October 7, 2021, 7:58 pm
message: User not found with given email id.
-------------------------
-------------------------
time: October 7, 2021, 7:58 pm
message: User not found with given email id.
-------------------------
-------------------------
time: October 7, 2021, 7:58 pm
message: User not found with given email id.
-------------------------
-------------------------
time: October 7, 2021, 7:58 pm
message: User not found with given email id.
-------------------------
-------------------------
time: October 7, 2021, 7:58 pm
message: User not found with given email id.
-------------------------
-------------------------
time: October 7, 2021, 7:58 pm
message: User not found with given email id.
-------------------------
-------------------------
time: October 7, 2021, 7:58 pm
message: User not found with given email id.
-------------------------
-------------------------
time: October 7, 2021, 7:58 pm
message: User not found with given email id.
-------------------------
-------------------------
time: October 7, 2021, 7:58 pm
message: User not found with given email id.
-------------------------
-------------------------
time: October 7, 2021, 7:58 pm
message: User not found with given email id.
-------------------------
-------------------------
time: October 7, 2021, 7:58 pm
message: User not found with given email id.
-------------------------
-------------------------
time: October 7, 2021, 7:58 pm
message: User not found with given email id.
-------------------------
-------------------------
time: October 7, 2021, 7:58 pm
message: User not found with given email id.
-------------------------
-------------------------
time: October 7, 2021, 7:58 pm
message: User not found with given email id.
-------------------------
-------------------------
time: October 7, 2021, 7:58 pm
message: User not found with given email id.
-------------------------
-------------------------
time: October 7, 2021, 7:58 pm
message: User not found with given email id.
-------------------------
-------------------------
time: October 7, 2021, 7:58 pm
message: User not found with given email id.
-------------------------
-------------------------
time: October 7, 2021, 7:58 pm
message: User not found with given email id.
-------------------------
-------------------------
time: October 7, 2021, 7:58 pm
message: User not found with given email id.
-------------------------
-------------------------
time: October 7, 2021, 7:58 pm
message: User not found with given email id.
-------------------------
-------------------------
time: October 7, 2021, 7:59 pm
message: User not found with given email id.
-------------------------
-------------------------
time: October 7, 2021, 7:59 pm
message: User not found with given email id.
-------------------------
-------------------------
time: October 7, 2021, 7:59 pm
message: User not found with given email id.
-------------------------
-------------------------
time: October 7, 2021, 7:59 pm
message: User not found with given email id.
-------------------------
-------------------------
time: October 7, 2021, 7:59 pm
message: User not found with given email id.
-------------------------
-------------------------
time: October 7, 2021, 7:59 pm
message: User not found with given email id.
-------------------------
-------------------------
time: October 7, 2021, 7:59 pm
message: User not found with given email id.
-------------------------
-------------------------
time: October 7, 2021, 7:59 pm
message: User not found with given email id.
-------------------------
-------------------------
time: October 7, 2021, 7:59 pm
message: User not found with given email id.
-------------------------
-------------------------
time: October 7, 2021, 7:59 pm
message: User not found with given email id.
-------------------------
-------------------------
time: October 7, 2021, 7:59 pm
message: User not found with given email id.
-------------------------
-------------------------
time: October 7, 2021, 7:59 pm
message: User not found with given email id.
-------------------------
-------------------------
time: October 7, 2021, 7:59 pm
message: User not found with given email id.
-------------------------
-------------------------
time: October 7, 2021, 7:59 pm
message: User not found with given email id.
-------------------------
-------------------------
time: October 7, 2021, 7:59 pm
message: User not found with given email id.
-------------------------
-------------------------
time: October 7, 2021, 7:59 pm
message: User not found with given email id.
-------------------------
-------------------------
time: October 7, 2021, 7:59 pm
message: User not found with given email id.
-------------------------
-------------------------
time: October 7, 2021, 8:00 pm
message: User not found with given email id.
-------------------------
-------------------------
time: October 7, 2021, 8:04 pm
message: Expired token
-------------------------
-------------------------
time: October 7, 2021, 8:04 pm
message: Booking data fetched.
-------------------------
-------------------------
time: October 7, 2021, 8:04 pm
message: Leaderboard data fetched.
-------------------------
-------------------------
time: October 7, 2021, 8:10 pm
message: Booking data fetched.
-------------------------
-------------------------
time: October 7, 2021, 8:11 pm
message: Booking data fetched.
-------------------------
-------------------------
time: October 7, 2021, 8:11 pm
message: Booking data fetched.
-------------------------
-------------------------
time: October 7, 2021, 8:12 pm
message: Booking data fetched.
-------------------------
-------------------------
time: October 7, 2021, 8:14 pm
message: Leaderboard data fetched.
-------------------------
-------------------------
time: October 7, 2021, 8:14 pm
message: Booking data fetched.
-------------------------
-------------------------
time: October 7, 2021, 8:17 pm
message: Leaderboard data fetched.
-------------------------
-------------------------
time: October 7, 2021, 8:20 pm
message: Username/Password not valid.
-------------------------
-------------------------
time: October 7, 2021, 8:22 pm
message: Booking data fetched.
-------------------------
-------------------------
time: October 7, 2021, 8:39 pm
message: Leaderboard data fetched.
-------------------------
-------------------------
time: October 7, 2021, 8:40 pm
message: Expired token
-------------------------
-------------------------
time: October 7, 2021, 8:40 pm
message: Booking data fetched.
-------------------------
-------------------------
time: October 7, 2021, 8:41 pm
message: Booking data fetched.
-------------------------
-------------------------
time: October 7, 2021, 8:41 pm
message: Expired token
-------------------------
-------------------------
time: October 7, 2021, 8:44 pm
message: Booking data fetched.
-------------------------
-------------------------
time: October 7, 2021, 8:48 pm
message: Username/Password not valid.
-------------------------
-------------------------
time: October 7, 2021, 9:02 pm
message: Booking data fetched.
-------------------------
-------------------------
time: October 7, 2021, 9:03 pm
message: Booking data fetched.
-------------------------
-------------------------
time: October 7, 2021, 9:11 pm
message: Booking data fetched.
-------------------------
-------------------------
time: October 7, 2021, 9:12 pm
message: Username/Password not valid.
-------------------------
-------------------------
time: October 7, 2021, 9:19 pm
message: Leaderboard data fetched.
-------------------------
-------------------------
time: October 7, 2021, 9:24 pm
message: SQLSTATE[22001]: String data, right truncated: 1406 Data too long for column 'address' at row 1
-------------------------
-------------------------
time: October 7, 2021, 9:24 pm
message: SQLSTATE[22001]: String data, right truncated: 1406 Data too long for column 'address' at row 1
-------------------------
-------------------------
time: October 7, 2021, 9:25 pm
message: Username/Password not valid.
-------------------------
-------------------------
time: October 7, 2021, 9:26 pm
message: Booking data fetched.
-------------------------
-------------------------
time: October 7, 2021, 9:27 pm
message: Booking data fetched.
-------------------------
-------------------------
time: October 7, 2021, 9:48 pm
message: SQLSTATE[22001]: String data, right truncated: 1406 Data too long for column 'address' at row 1
-------------------------
-------------------------
time: October 7, 2021, 9:48 pm
message: SQLSTATE[22001]: String data, right truncated: 1406 Data too long for column 'address' at row 1
-------------------------
-------------------------
time: October 7, 2021, 9:49 pm
message: SQLSTATE[22001]: String data, right truncated: 1406 Data too long for column 'address' at row 1
-------------------------
-------------------------
time: October 7, 2021, 9:49 pm
message: SQLSTATE[22001]: String data, right truncated: 1406 Data too long for column 'address' at row 1
-------------------------
-------------------------
time: October 7, 2021, 9:49 pm
message: SQLSTATE[22001]: String data, right truncated: 1406 Data too long for column 'address' at row 1
-------------------------
-------------------------
time: October 7, 2021, 9:49 pm
message: SQLSTATE[22001]: String data, right truncated: 1406 Data too long for column 'address' at row 1
-------------------------
-------------------------
time: October 7, 2021, 10:00 pm
message: Username/Password not valid.
-------------------------
-------------------------
time: October 7, 2021, 10:02 pm
message: SQLSTATE[22001]: String data, right truncated: 1406 Data too long for column 'address' at row 1
-------------------------
-------------------------
time: October 7, 2021, 10:02 pm
message: SQLSTATE[22001]: String data, right truncated: 1406 Data too long for column 'address' at row 1
-------------------------
-------------------------
time: October 7, 2021, 10:03 pm
message: SQLSTATE[22001]: String data, right truncated: 1406 Data too long for column 'address' at row 1
-------------------------
-------------------------
time: October 7, 2021, 10:03 pm
message: SQLSTATE[22001]: String data, right truncated: 1406 Data too long for column 'address' at row 1
-------------------------
-------------------------
time: October 7, 2021, 10:07 pm
message: Transaction Id has already been used.
-------------------------
-------------------------
time: October 7, 2021, 10:11 pm
message: Leaderboard data fetched.
-------------------------
-------------------------
time: October 7, 2021, 10:15 pm
message: Username/Password not valid.
-------------------------
-------------------------
time: October 7, 2021, 10:24 pm
message: Leaderboard data fetched.
-------------------------
-------------------------
time: October 7, 2021, 10:33 pm
message: Booking data fetched.
-------------------------
-------------------------
time: October 7, 2021, 10:36 pm
message: SQLSTATE[HY000]: General error: 1366 Incorrect integer value: '' for column 'year' at row 1
-------------------------
-------------------------
time: October 7, 2021, 10:36 pm
message: SQLSTATE[HY000]: General error: 1366 Incorrect integer value: '' for column 'year' at row 1
-------------------------
-------------------------
time: October 7, 2021, 10:36 pm
message: Error 8 occured on line 33 in file C:\inetpub\wwwroot\trbs_2021\services\api\users\cart\update.php: Undefined property: stdClass::$state.
-------------------------
-------------------------
time: October 7, 2021, 10:36 pm
message: Error 8 occured on line 33 in file C:\inetpub\wwwroot\trbs_2021\services\api\users\cart\update.php: Undefined property: stdClass::$state.
-------------------------
-------------------------
time: October 7, 2021, 10:36 pm
message: Error 8 occured on line 33 in file C:\inetpub\wwwroot\trbs_2021\services\api\users\cart\update.php: Undefined property: stdClass::$state.
-------------------------
-------------------------
time: October 7, 2021, 10:36 pm
message: Error 8 occured on line 33 in file C:\inetpub\wwwroot\trbs_2021\services\api\users\cart\update.php: Undefined property: stdClass::$state.
-------------------------
-------------------------
time: October 7, 2021, 10:36 pm
message: Error 8 occured on line 33 in file C:\inetpub\wwwroot\trbs_2021\services\api\users\cart\update.php: Undefined property: stdClass::$state.
-------------------------
-------------------------
time: October 7, 2021, 10:36 pm
message: Error 8 occured on line 33 in file C:\inetpub\wwwroot\trbs_2021\services\api\users\cart\update.php: Undefined property: stdClass::$state.
-------------------------
-------------------------
time: October 7, 2021, 10:36 pm
message: Error 8 occured on line 33 in file C:\inetpub\wwwroot\trbs_2021\services\api\users\cart\update.php: Undefined property: stdClass::$state.
-------------------------
-------------------------
time: October 7, 2021, 10:37 pm
message: Leaderboard data fetched.
-------------------------
-------------------------
time: October 7, 2021, 10:37 pm
message: Error 8 occured on line 33 in file C:\inetpub\wwwroot\trbs_2021\services\api\users\cart\update.php: Undefined property: stdClass::$state.
-------------------------
-------------------------
time: October 7, 2021, 10:37 pm
message: Error 8 occured on line 33 in file C:\inetpub\wwwroot\trbs_2021\services\api\users\cart\update.php: Undefined property: stdClass::$state.
-------------------------
-------------------------
time: October 7, 2021, 10:37 pm
message: Error 8 occured on line 33 in file C:\inetpub\wwwroot\trbs_2021\services\api\users\cart\update.php: Undefined property: stdClass::$state.
-------------------------
-------------------------
time: October 7, 2021, 10:37 pm
message: Error 8 occured on line 33 in file C:\inetpub\wwwroot\trbs_2021\services\api\users\cart\update.php: Undefined property: stdClass::$state.
-------------------------
-------------------------
time: October 7, 2021, 10:37 pm
message: Error 8 occured on line 33 in file C:\inetpub\wwwroot\trbs_2021\services\api\users\cart\update.php: Undefined property: stdClass::$state.
-------------------------
-------------------------
time: October 7, 2021, 10:37 pm
message: Error 8 occured on line 33 in file C:\inetpub\wwwroot\trbs_2021\services\api\users\cart\update.php: Undefined property: stdClass::$state.
-------------------------
-------------------------
time: October 7, 2021, 10:37 pm
message: Error 8 occured on line 33 in file C:\inetpub\wwwroot\trbs_2021\services\api\users\cart\update.php: Undefined property: stdClass::$state.
-------------------------
-------------------------
time: October 7, 2021, 10:37 pm
message: Error 8 occured on line 33 in file C:\inetpub\wwwroot\trbs_2021\services\api\users\cart\update.php: Undefined property: stdClass::$state.
-------------------------
-------------------------
time: October 7, 2021, 10:37 pm
message: Error 8 occured on line 33 in file C:\inetpub\wwwroot\trbs_2021\services\api\users\cart\update.php: Undefined property: stdClass::$state.
-------------------------
-------------------------
time: October 7, 2021, 10:37 pm
message: Error 8 occured on line 33 in file C:\inetpub\wwwroot\trbs_2021\services\api\users\cart\update.php: Undefined property: stdClass::$state.
-------------------------
-------------------------
time: October 7, 2021, 10:37 pm
message: Username/Password not valid.
-------------------------
-------------------------
time: October 7, 2021, 10:39 pm
message: Username/Password not valid.
-------------------------
-------------------------
time: October 7, 2021, 10:39 pm
message: Booking data fetched.
-------------------------
-------------------------
time: October 7, 2021, 10:40 pm
message: Booking data fetched.
-------------------------
-------------------------
time: October 7, 2021, 10:40 pm
message: Booking data fetched.
-------------------------
-------------------------
time: October 7, 2021, 10:40 pm
message: Booking data fetched.
-------------------------
-------------------------
time: October 7, 2021, 10:41 pm
message: Booking data fetched.
-------------------------
-------------------------
time: October 7, 2021, 10:41 pm
message: Booking data fetched.
-------------------------
-------------------------
time: October 7, 2021, 10:42 pm
message: Booking data fetched.
-------------------------
-------------------------
time: October 7, 2021, 10:43 pm
message: Booking data fetched.
-------------------------
-------------------------
time: October 7, 2021, 10:43 pm
message: Booking data fetched.
-------------------------
-------------------------
time: October 7, 2021, 10:45 pm
message: Booking data fetched.
-------------------------
-------------------------
time: October 7, 2021, 10:45 pm
message: Booking data fetched.
-------------------------
-------------------------
time: October 7, 2021, 10:46 pm
message: Booking data fetched.
-------------------------
-------------------------
time: October 7, 2021, 10:46 pm
message: Booking data fetched.
-------------------------
-------------------------
time: October 7, 2021, 10:47 pm
message: Booking data fetched.
-------------------------
-------------------------
time: October 7, 2021, 10:51 pm
message: Booking data fetched.
-------------------------
-------------------------
time: October 7, 2021, 10:51 pm
message: Booking data fetched.
-------------------------
-------------------------
time: October 7, 2021, 10:51 pm
message: Expired token
-------------------------
-------------------------
time: October 7, 2021, 10:51 pm
message: Booking data fetched.
-------------------------
-------------------------
time: October 7, 2021, 10:52 pm
message: Username/Password not valid.
-------------------------
-------------------------
time: October 7, 2021, 10:52 pm
message: Leaderboard data fetched.
-------------------------
-------------------------
time: October 7, 2021, 10:53 pm
message: Expired token
-------------------------
-------------------------
time: October 7, 2021, 10:53 pm
message: Booking data fetched.
-------------------------
-------------------------
time: October 7, 2021, 10:53 pm
message: Expired token
-------------------------
-------------------------
time: October 7, 2021, 10:53 pm
message: Booking data fetched.
-------------------------
-------------------------
time: October 7, 2021, 10:53 pm
message: Expired token
-------------------------
-------------------------
time: October 7, 2021, 10:54 pm
message: Booking data fetched.
-------------------------
-------------------------
time: October 7, 2021, 10:54 pm
message: Expired token
-------------------------
-------------------------
time: October 7, 2021, 10:54 pm
message: Booking data fetched.
-------------------------
-------------------------
time: October 7, 2021, 10:54 pm
message: Expired token
-------------------------
-------------------------
time: October 7, 2021, 10:55 pm
message: Booking data fetched.
-------------------------
-------------------------
time: October 7, 2021, 10:56 pm
message: Booking data fetched.
-------------------------
-------------------------
time: October 7, 2021, 10:56 pm
message: Booking data fetched.
-------------------------
-------------------------
time: October 7, 2021, 10:56 pm
message: Expired token
-------------------------
-------------------------
time: October 7, 2021, 10:56 pm
message: Leaderboard data fetched.
-------------------------
-------------------------
time: October 7, 2021, 10:56 pm
message: Booking data fetched.
-------------------------
-------------------------
time: October 7, 2021, 10:57 pm
message: Expired token
-------------------------
-------------------------
time: October 7, 2021, 11:00 pm
message: Booking data fetched.
-------------------------
-------------------------
time: October 7, 2021, 11:00 pm
message: Expired token
-------------------------
-------------------------
time: October 7, 2021, 11:03 pm
message: SQLSTATE[22001]: String data, right truncated: 1406 Data too long for column 'address' at row 1
-------------------------
-------------------------
time: October 7, 2021, 11:03 pm
message: SQLSTATE[22001]: String data, right truncated: 1406 Data too long for column 'address' at row 1
-------------------------
-------------------------
time: October 7, 2021, 11:03 pm
message: Expired token
-------------------------
-------------------------
time: October 7, 2021, 11:03 pm
message: Booking data fetched.
-------------------------
-------------------------
time: October 7, 2021, 11:03 pm
message: Booking data fetched.
-------------------------
-------------------------
time: October 7, 2021, 11:03 pm
message: Expired token
-------------------------
-------------------------
time: October 7, 2021, 11:05 pm
message: Expired token
-------------------------
-------------------------
time: October 7, 2021, 11:05 pm
message: Booking data fetched.
-------------------------
-------------------------
time: October 7, 2021, 11:09 pm
message: Booking data fetched.
-------------------------
-------------------------
time: October 7, 2021, 11:23 pm
message: Booking data fetched.
-------------------------
-------------------------
time: October 7, 2021, 11:27 pm
message: Booking data fetched.
-------------------------
-------------------------
time: October 7, 2021, 11:30 pm
message: Leaderboard data fetched.
-------------------------
-------------------------
time: October 7, 2021, 11:33 pm
message: Username/Password not valid.
-------------------------
-------------------------
time: October 7, 2021, 11:33 pm
message: Username/Password not valid.
-------------------------
-------------------------
time: October 7, 2021, 11:34 pm
message: Username/Password not valid.
-------------------------
-------------------------
time: October 7, 2021, 11:39 pm
message: Expired token
-------------------------
-------------------------
time: October 7, 2021, 11:39 pm
message: Booking data fetched.
-------------------------
-------------------------
time: October 7, 2021, 11:40 pm
message: Booking data fetched.
-------------------------
-------------------------
time: October 7, 2021, 11:40 pm
message: Expired token
-------------------------
-------------------------
time: October 7, 2021, 11:41 pm
message: Booking data fetched.
-------------------------
-------------------------
time: October 7, 2021, 11:44 pm
message: Username/Password not valid.
-------------------------
-------------------------
time: October 7, 2021, 11:45 pm
message: Username/Password not valid.
-------------------------
-------------------------
time: October 7, 2021, 11:45 pm
message: Username/Password not valid.
-------------------------
-------------------------
time: October 7, 2021, 11:54 pm
message: Username/Password not valid.
-------------------------
-------------------------
time: October 7, 2021, 11:57 pm
message: Username/Password not valid.
-------------------------
