-------------------------
time: October 24, 2021, 8:55 am
message: Booking data fetched.
-------------------------
-------------------------
time: October 24, 2021, 8:55 am
message: Expired token
-------------------------
-------------------------
time: October 24, 2021, 11:02 am
message: Expired token
-------------------------
-------------------------
time: October 24, 2021, 11:02 am
message: Booking data fetched.
-------------------------
-------------------------
time: October 24, 2021, 11:33 am
message: Leaderboard data fetched.
-------------------------
-------------------------
time: October 24, 2021, 1:10 pm
message: Leaderboard data fetched.
-------------------------
-------------------------
time: October 24, 2021, 1:11 pm
message: Leaderboard data fetched.
-------------------------
-------------------------
time: October 24, 2021, 6:05 pm
message: Booking data fetched.
-------------------------
-------------------------
time: October 24, 2021, 6:05 pm
message: Expired token
-------------------------
-------------------------
time: October 24, 2021, 6:05 pm
message: Booking data fetched.
-------------------------
-------------------------
time: October 24, 2021, 6:05 pm
message: Expired token
-------------------------
-------------------------
time: October 24, 2021, 6:21 pm
message: Expired token
-------------------------
-------------------------
time: October 24, 2021, 6:21 pm
message: Booking data fetched.
-------------------------
-------------------------
time: October 24, 2021, 6:22 pm
message: Expired token
-------------------------
-------------------------
time: October 24, 2021, 6:22 pm
message: Booking data fetched.
-------------------------
-------------------------
time: October 24, 2021, 8:19 pm
message: GET method not allowed
-------------------------
-------------------------
time: October 24, 2021, 10:44 pm
message: Booking data fetched.
-------------------------
-------------------------
time: October 24, 2021, 10:44 pm
message: Expired token
-------------------------
