-------------------------
time: August 26, 2021, 6:54 pm
message: SQLSTATE[42S22]: Column not found: 1054 Unknown column 'i.event_id' in 'on clause'
-------------------------
-------------------------
time: August 26, 2021, 6:54 pm
message: SQLSTATE[42S22]: Column not found: 1054 Unknown column 'i.event_id' in 'on clause'
-------------------------
-------------------------
time: August 26, 2021, 6:54 pm
message: SQLSTATE[42S22]: Column not found: 1054 Unknown column 'i.event_id' in 'on clause'
-------------------------
-------------------------
time: August 26, 2021, 6:54 pm
message: SQLSTATE[42S22]: Column not found: 1054 Unknown column 'i.event_id' in 'on clause'
-------------------------
-------------------------
time: August 26, 2021, 6:54 pm
message: SQLSTATE[42S22]: Column not found: 1054 Unknown column 'i.event_id' in 'on clause'
-------------------------
-------------------------
time: August 26, 2021, 6:54 pm
message: SQLSTATE[42S22]: Column not found: 1054 Unknown column 'i.event_id' in 'on clause'
-------------------------
-------------------------
time: August 26, 2021, 6:55 pm
message: SQLSTATE[42S22]: Column not found: 1054 Unknown column 'e.entity_id' in 'on clause'
-------------------------
-------------------------
time: August 26, 2021, 6:55 pm
message: SQLSTATE[42S22]: Column not found: 1054 Unknown column 'e.entity_id' in 'on clause'
-------------------------
-------------------------
time: August 26, 2021, 6:56 pm
message: GET method not allowed
-------------------------
-------------------------
time: August 26, 2021, 6:56 pm
message: Booking data fetched.
-------------------------
-------------------------
time: August 26, 2021, 6:58 pm
message: Username/Password not valid.
-------------------------
-------------------------
time: August 26, 2021, 6:58 pm
message: Booking data fetched.
-------------------------
-------------------------
time: August 26, 2021, 6:59 pm
message: Booking data fetched.
-------------------------
-------------------------
time: August 26, 2021, 6:59 pm
message: Booking data fetched.
-------------------------
-------------------------
time: August 26, 2021, 7:00 pm
message: Booking data fetched.
-------------------------
-------------------------
time: August 26, 2021, 7:02 pm
message: Booking data fetched.
-------------------------
-------------------------
time: August 26, 2021, 7:02 pm
message: Booking data fetched.
-------------------------
-------------------------
time: August 26, 2021, 7:04 pm
message: Booking data fetched.
-------------------------
-------------------------
time: August 26, 2021, 7:09 pm
message: Booking data fetched.
-------------------------
-------------------------
time: August 26, 2021, 7:10 pm
message: Booking data fetched.
-------------------------
-------------------------
time: August 26, 2021, 7:18 pm
message: Booking data fetched.
-------------------------
-------------------------
time: August 26, 2021, 7:19 pm
message: Error 8 occured on line 24 in file F:\SERVER\www\iim-app-services\api\images\update.php: Undefined variable: image_id.
-------------------------
-------------------------
time: August 26, 2021, 7:20 pm
message: Booking data fetched.
-------------------------
-------------------------
time: August 26, 2021, 7:22 pm
message: Booking data fetched.
-------------------------
-------------------------
time: August 26, 2021, 7:23 pm
message: Booking data fetched.
-------------------------
