-------------------------
time: October 12, 2021, 12:00 am
message: GET method not allowed
-------------------------
-------------------------
time: October 12, 2021, 12:01 am
message: GET method not allowed.
-------------------------
-------------------------
time: October 12, 2021, 12:03 am
message: GET method not allowed
-------------------------
-------------------------
time: October 12, 2021, 12:03 am
message: GET method not allowed
-------------------------
-------------------------
time: October 12, 2021, 12:04 am
message: GET method not allowed
-------------------------
-------------------------
time: October 12, 2021, 12:04 am
message: GET method not allowed
-------------------------
-------------------------
time: October 12, 2021, 12:05 am
message: GET method not allowed
-------------------------
-------------------------
time: October 12, 2021, 12:07 am
message: GET method not allowed
-------------------------
-------------------------
time: October 12, 2021, 12:41 am
message: GET method not allowed
-------------------------
-------------------------
time: October 12, 2021, 12:41 am
message: GET method not allowed
-------------------------
-------------------------
time: October 12, 2021, 12:41 am
message: GET method not allowed
-------------------------
-------------------------
time: October 12, 2021, 12:44 am
message: Error 8 occured on line 23 in file C:\inetpub\wwwroot\trbs_2021\services\api\users\contact-us.php: Undefined variable: config.
-------------------------
-------------------------
time: October 12, 2021, 12:47 am
message: GET method not allowed.
-------------------------
-------------------------
time: October 12, 2021, 12:49 am
message: GET method not allowed.
-------------------------
-------------------------
time: October 12, 2021, 12:49 am
message: Leaderboard data fetched.
-------------------------
-------------------------
time: October 12, 2021, 1:03 am
message: GET method not allowed.
-------------------------
-------------------------
time: October 12, 2021, 1:06 am
message: Leaderboard data fetched.
-------------------------
-------------------------
time: October 12, 2021, 1:10 am
message: Leaderboard data fetched.
-------------------------
-------------------------
time: October 12, 2021, 1:16 am
message: GET method not allowed.
-------------------------
-------------------------
time: October 12, 2021, 1:17 am
message: GET method not allowed
-------------------------
-------------------------
time: October 12, 2021, 1:27 am
message: Expired token
-------------------------
-------------------------
time: October 12, 2021, 1:27 am
message: Booking data fetched.
-------------------------
-------------------------
time: October 12, 2021, 1:28 am
message: Booking data fetched.
-------------------------
-------------------------
time: October 12, 2021, 1:28 am
message: Expired token
-------------------------
-------------------------
time: October 12, 2021, 1:30 am
message: Booking data fetched.
-------------------------
-------------------------
time: October 12, 2021, 1:30 am
message: Expired token
-------------------------
-------------------------
time: October 12, 2021, 1:31 am
message: Username/Password not valid.
-------------------------
-------------------------
time: October 12, 2021, 1:31 am
message: Booking data fetched.
-------------------------
-------------------------
time: October 12, 2021, 1:32 am
message: GET method not allowed
-------------------------
-------------------------
time: October 12, 2021, 1:33 am
message: GET method not allowed
-------------------------
-------------------------
time: October 12, 2021, 1:34 am
message: GET method not allowed
-------------------------
-------------------------
time: October 12, 2021, 1:39 am
message: Booking data fetched.
-------------------------
-------------------------
time: October 12, 2021, 1:39 am
message: Expired token
-------------------------
-------------------------
time: October 12, 2021, 1:40 am
message: Booking data fetched.
-------------------------
-------------------------
time: October 12, 2021, 1:40 am
message: GET method not allowed.
-------------------------
-------------------------
time: October 12, 2021, 1:40 am
message: GET method not allowed
-------------------------
-------------------------
time: October 12, 2021, 1:48 am
message: GET method not allowed.
-------------------------
-------------------------
time: October 12, 2021, 1:52 am
message: GET method not allowed
-------------------------
-------------------------
time: October 12, 2021, 2:11 am
message: Booking data fetched.
-------------------------
-------------------------
time: October 12, 2021, 2:12 am
message: Booking data fetched.
-------------------------
-------------------------
time: October 12, 2021, 2:12 am
message: Booking data fetched.
-------------------------
-------------------------
time: October 12, 2021, 2:14 am
message: GET method not allowed.
-------------------------
-------------------------
time: October 12, 2021, 2:35 am
message: GET method not allowed
-------------------------
-------------------------
time: October 12, 2021, 2:36 am
message: GET method not allowed
-------------------------
-------------------------
time: October 12, 2021, 2:36 am
message: GET method not allowed
-------------------------
-------------------------
time: October 12, 2021, 2:39 am
message: GET method not allowed
-------------------------
-------------------------
time: October 12, 2021, 2:40 am
message: GET method not allowed
-------------------------
-------------------------
time: October 12, 2021, 2:44 am
message: GET method not allowed
-------------------------
-------------------------
time: October 12, 2021, 2:44 am
message: GET method not allowed
-------------------------
-------------------------
time: October 12, 2021, 2:56 am
message: GET method not allowed
-------------------------
-------------------------
time: October 12, 2021, 3:38 am
message: GET method not allowed
-------------------------
-------------------------
time: October 12, 2021, 7:36 am
message: Booking data fetched.
-------------------------
-------------------------
time: October 12, 2021, 7:36 am
message: Expired token
-------------------------
-------------------------
time: October 12, 2021, 9:18 am
message: Booking data fetched.
-------------------------
-------------------------
time: October 12, 2021, 9:18 am
message: Expired token
-------------------------
-------------------------
time: October 12, 2021, 10:03 am
message: GET method not allowed
-------------------------
-------------------------
time: October 12, 2021, 10:03 am
message: GET method not allowed
-------------------------
-------------------------
time: October 12, 2021, 10:03 am
message: GET method not allowed
-------------------------
-------------------------
time: October 12, 2021, 10:03 am
message: GET method not allowed
-------------------------
-------------------------
time: October 12, 2021, 10:26 am
message: Username/Password not valid.
-------------------------
-------------------------
time: October 12, 2021, 10:27 am
message: Booking data fetched.
-------------------------
-------------------------
time: October 12, 2021, 10:27 am
message: Expired token
-------------------------
-------------------------
time: October 12, 2021, 10:40 am
message: Username/Password not valid.
-------------------------
-------------------------
time: October 12, 2021, 10:40 am
message: Booking data fetched.
-------------------------
-------------------------
time: October 12, 2021, 10:43 am
message: Leaderboard data fetched.
-------------------------
-------------------------
time: October 12, 2021, 10:43 am
message: Booking data fetched.
-------------------------
-------------------------
time: October 12, 2021, 10:55 am
message: Leaderboard data fetched.
-------------------------
-------------------------
time: October 12, 2021, 11:51 am
message: Leaderboard data fetched.
-------------------------
-------------------------
time: October 12, 2021, 12:39 pm
message: Booking data fetched.
-------------------------
-------------------------
time: October 12, 2021, 12:39 pm
message: Expired token
-------------------------
-------------------------
time: October 12, 2021, 12:40 pm
message: Booking data fetched.
-------------------------
-------------------------
time: October 12, 2021, 12:40 pm
message: Expired token
-------------------------
-------------------------
time: October 12, 2021, 12:49 pm
message: Leaderboard data fetched.
-------------------------
-------------------------
time: October 12, 2021, 12:50 pm
message: Leaderboard data fetched.
-------------------------
-------------------------
time: October 12, 2021, 12:51 pm
message: Leaderboard data fetched.
-------------------------
-------------------------
time: October 12, 2021, 1:09 pm
message: Leaderboard data fetched.
-------------------------
-------------------------
time: October 12, 2021, 1:09 pm
message: Leaderboard data fetched.
-------------------------
-------------------------
time: October 12, 2021, 1:10 pm
message: Leaderboard data fetched.
-------------------------
-------------------------
time: October 12, 2021, 1:46 pm
message: Leaderboard data fetched.
-------------------------
-------------------------
time: October 12, 2021, 3:15 pm
message: Booking data fetched.
-------------------------
-------------------------
time: October 12, 2021, 3:27 pm
message: Booking data fetched.
-------------------------
-------------------------
time: October 12, 2021, 3:27 pm
message: Expired token
-------------------------
-------------------------
time: October 12, 2021, 3:29 pm
message: Expired token
-------------------------
-------------------------
time: October 12, 2021, 3:29 pm
message: Booking data fetched.
-------------------------
-------------------------
time: October 12, 2021, 3:29 pm
message: Booking data fetched.
-------------------------
-------------------------
time: October 12, 2021, 3:29 pm
message: Expired token
-------------------------
-------------------------
time: October 12, 2021, 4:03 pm
message: Leaderboard data fetched.
-------------------------
-------------------------
time: October 12, 2021, 4:14 pm
message: GET method not allowed
-------------------------
-------------------------
time: October 12, 2021, 4:26 pm
message: Booking data fetched.
-------------------------
-------------------------
time: October 12, 2021, 4:26 pm
message: Expired token
-------------------------
-------------------------
time: October 12, 2021, 4:44 pm
message: GET method not allowed
-------------------------
-------------------------
time: October 12, 2021, 6:17 pm
message: Booking data fetched.
-------------------------
-------------------------
time: October 12, 2021, 6:17 pm
message: Booking data fetched.
-------------------------
-------------------------
time: October 12, 2021, 6:34 pm
message: Leaderboard data fetched.
-------------------------
-------------------------
time: October 12, 2021, 6:35 pm
message: Leaderboard data fetched.
-------------------------
-------------------------
time: October 12, 2021, 7:00 pm
message: Leaderboard data fetched.
-------------------------
-------------------------
time: October 12, 2021, 8:09 pm
message: Booking data fetched.
-------------------------
-------------------------
time: October 12, 2021, 8:18 pm
message: Booking data fetched.
-------------------------
-------------------------
time: October 12, 2021, 8:49 pm
message: Leaderboard data fetched.
-------------------------
-------------------------
time: October 12, 2021, 8:49 pm
message: Leaderboard data fetched.
-------------------------
-------------------------
time: October 12, 2021, 8:58 pm
message: Expired token
-------------------------
-------------------------
time: October 12, 2021, 8:58 pm
message: Booking data fetched.
-------------------------
-------------------------
time: October 12, 2021, 8:58 pm
message: Expired token
-------------------------
-------------------------
time: October 12, 2021, 8:58 pm
message: Booking data fetched.
-------------------------
-------------------------
time: October 12, 2021, 8:58 pm
message: Booking data fetched.
-------------------------
-------------------------
time: October 12, 2021, 9:01 pm
message: Booking data fetched.
-------------------------
-------------------------
time: October 12, 2021, 9:39 pm
message: Booking data fetched.
-------------------------
-------------------------
time: October 12, 2021, 9:39 pm
message: Expired token
-------------------------
-------------------------
time: October 12, 2021, 10:06 pm
message: Booking data fetched.
-------------------------
-------------------------
time: October 12, 2021, 10:06 pm
message: Expired token
-------------------------
-------------------------
time: October 12, 2021, 10:08 pm
message: Expired token
-------------------------
-------------------------
time: October 12, 2021, 10:08 pm
message: Booking data fetched.
-------------------------
-------------------------
time: October 12, 2021, 10:39 pm
message: Expired token
-------------------------
-------------------------
time: October 12, 2021, 10:39 pm
message: Booking data fetched.
-------------------------
-------------------------
time: October 12, 2021, 11:13 pm
message: GET method not allowed
-------------------------
-------------------------
time: October 12, 2021, 11:13 pm
message: GET method not allowed
-------------------------
-------------------------
time: October 12, 2021, 11:13 pm
message: GET method not allowed
-------------------------
-------------------------
time: October 12, 2021, 11:13 pm
message: GET method not allowed
-------------------------
-------------------------
time: October 12, 2021, 11:13 pm
message: GET method not allowed.
-------------------------
-------------------------
time: October 12, 2021, 11:13 pm
message: GET method not allowed
-------------------------
-------------------------
time: October 12, 2021, 11:13 pm
message: Expired token
-------------------------
-------------------------
time: October 12, 2021, 11:14 pm
message: Booking data fetched.
-------------------------
-------------------------
time: October 12, 2021, 11:14 pm
message: Booking data fetched.
-------------------------
-------------------------
time: October 12, 2021, 11:14 pm
message: Expired token
-------------------------
