-------------------------
time: October 18, 2021, 3:48 am
message: GET method not allowed
-------------------------
-------------------------
time: October 18, 2021, 3:48 am
message: GET method not allowed
-------------------------
-------------------------
time: October 18, 2021, 4:19 am
message: GET method not allowed
-------------------------
-------------------------
time: October 18, 2021, 7:02 am
message: GET method not allowed
-------------------------
-------------------------
time: October 18, 2021, 7:33 am
message: GET method not allowed
-------------------------
-------------------------
time: October 18, 2021, 9:44 am
message: Expired token
-------------------------
-------------------------
time: October 18, 2021, 9:44 am
message: Booking data fetched.
-------------------------
-------------------------
time: October 18, 2021, 10:43 am
message: Booking data fetched.
-------------------------
-------------------------
time: October 18, 2021, 10:43 am
message: Expired token
-------------------------
-------------------------
time: October 18, 2021, 10:57 am
message: Booking data fetched.
-------------------------
-------------------------
time: October 18, 2021, 11:00 am
message: Booking data fetched.
-------------------------
-------------------------
time: October 18, 2021, 12:07 pm
message: Leaderboard data fetched.
-------------------------
-------------------------
time: October 18, 2021, 12:27 pm
message: GET method not allowed
-------------------------
-------------------------
time: October 18, 2021, 12:58 pm
message: GET method not allowed
-------------------------
-------------------------
time: October 18, 2021, 12:59 pm
message: Booking data fetched.
-------------------------
-------------------------
time: October 18, 2021, 2:57 pm
message: Booking data fetched.
-------------------------
-------------------------
time: October 18, 2021, 2:57 pm
message: Expired token
-------------------------
-------------------------
time: October 18, 2021, 2:57 pm
message: Booking data fetched.
-------------------------
-------------------------
time: October 18, 2021, 2:57 pm
message: Expired token
-------------------------
-------------------------
time: October 18, 2021, 2:58 pm
message: Booking data fetched.
-------------------------
-------------------------
time: October 18, 2021, 3:20 pm
message: Leaderboard data fetched.
-------------------------
-------------------------
time: October 18, 2021, 4:30 pm
message: Expired token
-------------------------
-------------------------
time: October 18, 2021, 4:30 pm
message: Booking data fetched.
-------------------------
-------------------------
time: October 18, 2021, 5:40 pm
message: Leaderboard data fetched.
-------------------------
-------------------------
time: October 18, 2021, 6:33 pm
message: Booking data fetched.
-------------------------
-------------------------
time: October 18, 2021, 6:34 pm
message: Booking data fetched.
-------------------------
-------------------------
time: October 18, 2021, 6:54 pm
message: Booking data fetched.
-------------------------
-------------------------
time: October 18, 2021, 7:21 pm
message: Leaderboard data fetched.
-------------------------
-------------------------
time: October 18, 2021, 7:38 pm
message: Leaderboard data fetched.
-------------------------
-------------------------
time: October 18, 2021, 8:55 pm
message: Leaderboard data fetched.
-------------------------
-------------------------
time: October 18, 2021, 11:43 pm
message: Booking data fetched.
-------------------------
-------------------------
time: October 18, 2021, 11:43 pm
message: Expired token
-------------------------
