-------------------------
time: October 25, 2021, 12:46 am
message: Expired token
-------------------------
-------------------------
time: October 25, 2021, 12:46 am
message: Booking data fetched.
-------------------------
-------------------------
time: October 25, 2021, 10:59 am
message: Booking data fetched.
-------------------------
-------------------------
time: October 25, 2021, 10:59 am
message: Expired token
-------------------------
-------------------------
time: October 25, 2021, 1:25 pm
message: Leaderboard data fetched.
-------------------------
-------------------------
time: October 25, 2021, 3:30 pm
message: Booking data fetched.
-------------------------
-------------------------
time: October 25, 2021, 3:32 pm
message: Booking data fetched.
-------------------------
-------------------------
time: October 25, 2021, 3:42 pm
message: GET method not allowed
-------------------------
-------------------------
time: October 25, 2021, 6:41 pm
message: Booking data fetched.
-------------------------
-------------------------
time: October 25, 2021, 6:41 pm
message: Expired token
-------------------------
