-------------------------
time: November 5, 2021, 4:50 pm
message: Booking data fetched.
-------------------------
-------------------------
time: November 5, 2021, 4:50 pm
message: Expired token
-------------------------
-------------------------
time: November 5, 2021, 5:50 pm
message: Booking data fetched.
-------------------------
-------------------------
time: November 5, 2021, 5:50 pm
message: Expired token
-------------------------
-------------------------
time: November 5, 2021, 6:10 pm
message: Leaderboard data fetched.
-------------------------
-------------------------
time: November 5, 2021, 8:20 pm
message: GET method not allowed
-------------------------
-------------------------
time: November 5, 2021, 8:20 pm
message: GET method not allowed
-------------------------
-------------------------
time: November 5, 2021, 8:20 pm
message: GET method not allowed
-------------------------
