-------------------------
time: December 3, 2021, 9:42 am
message: Booking data fetched.
-------------------------
-------------------------
time: December 3, 2021, 9:42 am
message: Expired token
-------------------------
-------------------------
time: December 3, 2021, 12:10 pm
message: Leaderboard data fetched.
-------------------------
-------------------------
time: December 3, 2021, 6:50 pm
message: Leaderboard data fetched.
-------------------------
-------------------------
time: December 3, 2021, 9:38 pm
message: Leaderboard data fetched.
-------------------------
-------------------------
time: December 3, 2021, 9:41 pm
message: Leaderboard data fetched.
-------------------------
-------------------------
time: December 3, 2021, 10:02 pm
message: Leaderboard data fetched.
-------------------------
