-------------------------
time: December 21, 2021, 12:25 am
message: GET method not allowed
-------------------------
-------------------------
time: December 21, 2021, 12:26 am
message: GET method not allowed
-------------------------
-------------------------
time: December 21, 2021, 12:26 am
message: GET method not allowed
-------------------------
-------------------------
time: December 21, 2021, 12:26 am
message: GET method not allowed
-------------------------
-------------------------
time: December 21, 2021, 12:27 am
message: GET method not allowed
-------------------------
-------------------------
time: December 21, 2021, 12:27 am
message: GET method not allowed
-------------------------
-------------------------
time: December 21, 2021, 12:27 am
message: GET method not allowed
-------------------------
-------------------------
time: December 21, 2021, 12:28 am
message: GET method not allowed
-------------------------
-------------------------
time: December 21, 2021, 12:32 am
message: GET method not allowed
-------------------------
-------------------------
time: December 21, 2021, 12:32 am
message: GET method not allowed
-------------------------
-------------------------
time: December 21, 2021, 12:32 am
message: GET method not allowed
-------------------------
-------------------------
time: December 21, 2021, 12:32 am
message: GET method not allowed
-------------------------
-------------------------
time: December 21, 2021, 12:32 am
message: GET method not allowed
-------------------------
-------------------------
time: December 21, 2021, 12:32 am
message: GET method not allowed
-------------------------
-------------------------
time: December 21, 2021, 12:32 am
message: GET method not allowed
-------------------------
-------------------------
time: December 21, 2021, 12:32 am
message: GET method not allowed
-------------------------
-------------------------
time: December 21, 2021, 12:33 am
message: GET method not allowed
-------------------------
-------------------------
time: December 21, 2021, 12:35 am
message: GET method not allowed
-------------------------
-------------------------
time: December 21, 2021, 12:35 am
message: GET method not allowed
-------------------------
-------------------------
time: December 21, 2021, 12:35 am
message: GET method not allowed
-------------------------
-------------------------
time: December 21, 2021, 12:36 am
message: GET method not allowed.
-------------------------
-------------------------
time: December 21, 2021, 12:37 am
message: GET method not allowed
-------------------------
-------------------------
time: December 21, 2021, 12:37 am
message: GET method not allowed.
-------------------------
-------------------------
time: December 21, 2021, 12:38 am
message: GET method not allowed
-------------------------
-------------------------
time: December 21, 2021, 12:39 am
message: GET method not allowed
-------------------------
-------------------------
time: December 21, 2021, 12:39 am
message: GET method not allowed
-------------------------
-------------------------
time: December 21, 2021, 2:28 am
message: Leaderboard data fetched.
-------------------------
-------------------------
time: December 21, 2021, 9:37 am
message: Leaderboard data fetched.
-------------------------
-------------------------
time: December 21, 2021, 6:36 pm
message: GET method not allowed
-------------------------
-------------------------
time: December 21, 2021, 6:36 pm
message: GET method not allowed
-------------------------
-------------------------
time: December 21, 2021, 6:36 pm
message: GET method not allowed
-------------------------
-------------------------
time: December 21, 2021, 6:36 pm
message: GET method not allowed
-------------------------
-------------------------
time: December 21, 2021, 7:51 pm
message: Leaderboard data fetched.
-------------------------
-------------------------
time: December 21, 2021, 9:53 pm
message: Leaderboard data fetched.
-------------------------
-------------------------
time: December 21, 2021, 10:45 pm
message: GET method not allowed
-------------------------
-------------------------
time: December 21, 2021, 10:46 pm
message: GET method not allowed
-------------------------
-------------------------
time: December 21, 2021, 10:46 pm
message: GET method not allowed
-------------------------
-------------------------
time: December 21, 2021, 10:46 pm
message: GET method not allowed
-------------------------
-------------------------
time: December 21, 2021, 10:46 pm
message: GET method not allowed
-------------------------
-------------------------
time: December 21, 2021, 10:46 pm
message: GET method not allowed
-------------------------
-------------------------
time: December 21, 2021, 10:47 pm
message: SQLSTATE[42000]: Syntax error or access violation: 1064 You have an error in your SQL syntax; check the manual that corresponds to your MySQL server version for the right syntax to use near 'WHERE  show_in_home_page = 1  ORDER BY  view_order ASC' at line 1
-------------------------
-------------------------
time: December 21, 2021, 10:47 pm
message: SQLSTATE[42000]: Syntax error or access violation: 1064 You have an error in your SQL syntax; check the manual that corresponds to your MySQL server version for the right syntax to use near 'WHERE  show_in_home_page = 1  ORDER BY  view_order ASC' at line 1
-------------------------
-------------------------
time: December 21, 2021, 10:48 pm
message: SQLSTATE[42000]: Syntax error or access violation: 1064 You have an error in your SQL syntax; check the manual that corresponds to your MySQL server version for the right syntax to use near 'WHERE  show_in_home_page = 1  ORDER BY  view_order ASC' at line 1
-------------------------
-------------------------
time: December 21, 2021, 10:48 pm
message: SQLSTATE[42000]: Syntax error or access violation: 1064 You have an error in your SQL syntax; check the manual that corresponds to your MySQL server version for the right syntax to use near 'WHERE  show_in_home_page = 1  ORDER BY  view_order ASC' at line 1
-------------------------
-------------------------
time: December 21, 2021, 10:49 pm
message: GET method not allowed
-------------------------
-------------------------
time: December 21, 2021, 10:50 pm
message: Error 8 occured on line 29 in file C:\inetpub\wwwroot\trbs_2021\services\models\Common\QueryUtils.php: Undefined property: stdClass::$value.
-------------------------
-------------------------
time: December 21, 2021, 10:50 pm
message: GET method not allowed
-------------------------
-------------------------
time: December 21, 2021, 10:54 pm
message: GET method not allowed
-------------------------
-------------------------
time: December 21, 2021, 10:59 pm
message: GET method not allowed
-------------------------
-------------------------
time: December 21, 2021, 11:00 pm
message: GET method not allowed
-------------------------
-------------------------
time: December 21, 2021, 11:05 pm
message: GET method not allowed.
-------------------------
-------------------------
time: December 21, 2021, 11:06 pm
message: GET method not allowed
-------------------------
-------------------------
time: December 21, 2021, 11:06 pm
message: GET method not allowed
-------------------------
-------------------------
time: December 21, 2021, 11:07 pm
message: GET method not allowed
-------------------------
-------------------------
time: December 21, 2021, 11:07 pm
message: Contact Role data fetched.
-------------------------
-------------------------
time: December 21, 2021, 11:08 pm
message: SQLSTATE[42000]: Syntax error or access violation: 1064 You have an error in your SQL syntax; check the manual that corresponds to your MySQL server version for the right syntax to use near 'e.visible = 1  ORDER BY  e.view_order ASC' at line 1
-------------------------
-------------------------
time: December 21, 2021, 11:08 pm
message: SQLSTATE[42000]: Syntax error or access violation: 1064 You have an error in your SQL syntax; check the manual that corresponds to your MySQL server version for the right syntax to use near 'e.visible = 1  ORDER BY  e.view_order ASC' at line 1
-------------------------
-------------------------
time: December 21, 2021, 11:08 pm
message: SQLSTATE[42000]: Syntax error or access violation: 1064 You have an error in your SQL syntax; check the manual that corresponds to your MySQL server version for the right syntax to use near 'e.visible = '1'  ORDER BY  e.view_order ASC' at line 1
-------------------------
-------------------------
time: December 21, 2021, 11:08 pm
message: SQLSTATE[42000]: Syntax error or access violation: 1064 You have an error in your SQL syntax; check the manual that corresponds to your MySQL server version for the right syntax to use near 'e.visible = '1'  ORDER BY  e.view_order ASC' at line 1
-------------------------
-------------------------
time: December 21, 2021, 11:09 pm
message: SQLSTATE[42000]: Syntax error or access violation: 1064 You have an error in your SQL syntax; check the manual that corresponds to your MySQL server version for the right syntax to use near 'visible = '1'  ORDER BY  e.view_order ASC' at line 1
-------------------------
-------------------------
time: December 21, 2021, 11:09 pm
message: SQLSTATE[42000]: Syntax error or access violation: 1064 You have an error in your SQL syntax; check the manual that corresponds to your MySQL server version for the right syntax to use near 'visible = '1'  ORDER BY  e.view_order ASC' at line 1
-------------------------
-------------------------
time: December 21, 2021, 11:09 pm
message: SQLSTATE[42000]: Syntax error or access violation: 1064 You have an error in your SQL syntax; check the manual that corresponds to your MySQL server version for the right syntax to use near 'e.visible = '1'  ORDER BY  e.view_order ASC' at line 1
-------------------------
-------------------------
time: December 21, 2021, 11:09 pm
message: SQLSTATE[42000]: Syntax error or access violation: 1064 You have an error in your SQL syntax; check the manual that corresponds to your MySQL server version for the right syntax to use near 'e.visible = '1'  ORDER BY  e.view_order ASC' at line 1
-------------------------
-------------------------
time: December 21, 2021, 11:11 pm
message: GET method not allowed
-------------------------
-------------------------
time: December 21, 2021, 11:11 pm
message: GET method not allowed.
-------------------------
-------------------------
time: December 21, 2021, 11:12 pm
message: GET method not allowed
-------------------------
-------------------------
time: December 21, 2021, 11:13 pm
message: GET method not allowed.
-------------------------
-------------------------
time: December 21, 2021, 11:13 pm
message: GET method not allowed
-------------------------
-------------------------
time: December 21, 2021, 11:16 pm
message: GET method not allowed
-------------------------
-------------------------
time: December 21, 2021, 11:20 pm
message: GET method not allowed.
-------------------------
-------------------------
time: December 21, 2021, 11:29 pm
message: GET method not allowed.
-------------------------
-------------------------
time: December 21, 2021, 11:30 pm
message: GET method not allowed.
-------------------------
-------------------------
time: December 21, 2021, 11:49 pm
message: GET method not allowed.
-------------------------
-------------------------
time: December 21, 2021, 11:54 pm
message: GET method not allowed.
-------------------------
-------------------------
time: December 21, 2021, 11:55 pm
message: Contact Role data fetched.
-------------------------
-------------------------
time: December 21, 2021, 11:55 pm
message: SQLSTATE[42000]: Syntax error or access violation: 1064 You have an error in your SQL syntax; check the manual that corresponds to your MySQL server version for the right syntax to use near 'e.visible = '1'  ORDER BY  e.view_order ASC' at line 1
-------------------------
-------------------------
time: December 21, 2021, 11:55 pm
message: SQLSTATE[42000]: Syntax error or access violation: 1064 You have an error in your SQL syntax; check the manual that corresponds to your MySQL server version for the right syntax to use near 'e.visible = '1'  ORDER BY  e.view_order ASC' at line 1
-------------------------
-------------------------
time: December 21, 2021, 11:56 pm
message: SQLSTATE[42000]: Syntax error or access violation: 1064 You have an error in your SQL syntax; check the manual that corresponds to your MySQL server version for the right syntax to use near 'visible = 1' at line 1
-------------------------
-------------------------
time: December 21, 2021, 11:56 pm
message: SQLSTATE[42000]: Syntax error or access violation: 1064 You have an error in your SQL syntax; check the manual that corresponds to your MySQL server version for the right syntax to use near 'visible = 1' at line 1
-------------------------
-------------------------
time: December 21, 2021, 11:56 pm
message: SQLSTATE[42000]: Syntax error or access violation: 1064 You have an error in your SQL syntax; check the manual that corresponds to your MySQL server version for the right syntax to use near 'e.visible = 1' at line 1
-------------------------
-------------------------
time: December 21, 2021, 11:56 pm
message: SQLSTATE[42000]: Syntax error or access violation: 1064 You have an error in your SQL syntax; check the manual that corresponds to your MySQL server version for the right syntax to use near 'e.visible = 1' at line 1
-------------------------
-------------------------
time: December 21, 2021, 11:57 pm
message: Contact Role data fetched.
-------------------------
-------------------------
time: December 21, 2021, 11:57 pm
message: SQLSTATE[42000]: Syntax error or access violation: 1064 You have an error in your SQL syntax; check the manual that corresponds to your MySQL server version for the right syntax to use near 'e.visible = '1'  ORDER BY  e.view_order ASC' at line 1
-------------------------
-------------------------
time: December 21, 2021, 11:57 pm
message: SQLSTATE[42000]: Syntax error or access violation: 1064 You have an error in your SQL syntax; check the manual that corresponds to your MySQL server version for the right syntax to use near 'e.visible = '1'  ORDER BY  e.view_order ASC' at line 1
-------------------------
