-------------------------
time: November 8, 2021, 1:34 am
message: GET method not allowed
-------------------------
-------------------------
time: November 8, 2021, 3:14 am
message: GET method not allowed
-------------------------
-------------------------
time: November 8, 2021, 3:30 am
message: GET method not allowed
-------------------------
-------------------------
time: November 8, 2021, 3:45 am
message: GET method not allowed
-------------------------
-------------------------
time: November 8, 2021, 4:01 am
message: GET method not allowed
-------------------------
-------------------------
time: November 8, 2021, 4:21 am
message: GET method not allowed
-------------------------
-------------------------
time: November 8, 2021, 12:57 pm
message: Booking data fetched.
-------------------------
