-------------------------
time: January 13, 2022, 12:10 am
message: Contact Role data fetched.
-------------------------
-------------------------
time: January 13, 2022, 12:11 am
message: Contact Role data fetched.
-------------------------
-------------------------
time: January 13, 2022, 12:14 am
message: Contact Role data fetched.
-------------------------
-------------------------
time: January 13, 2022, 12:15 am
message: Contact Role data fetched.
-------------------------
-------------------------
time: January 13, 2022, 12:27 am
message: Contact Role data fetched.
-------------------------
-------------------------
time: January 13, 2022, 1:15 am
message: Contact Role data fetched.
-------------------------
-------------------------
time: January 13, 2022, 2:32 am
message: Contact Role data fetched.
-------------------------
-------------------------
time: January 13, 2022, 3:06 am
message: Contact Role data fetched.
-------------------------
-------------------------
time: January 13, 2022, 3:37 am
message: Contact Role data fetched.
-------------------------
-------------------------
time: January 13, 2022, 4:10 am
message: Contact Role data fetched.
-------------------------
-------------------------
time: January 13, 2022, 4:33 am
message: Contact Role data fetched.
-------------------------
-------------------------
time: January 13, 2022, 5:15 am
message: Contact Role data fetched.
-------------------------
-------------------------
time: January 13, 2022, 5:26 am
message: Contact Role data fetched.
-------------------------
-------------------------
time: January 13, 2022, 6:12 am
message: Contact Role data fetched.
-------------------------
-------------------------
time: January 13, 2022, 7:05 am
message: Contact Role data fetched.
-------------------------
-------------------------
time: January 13, 2022, 8:01 am
message: Contact Role data fetched.
-------------------------
-------------------------
time: January 13, 2022, 8:11 am
message: Contact Role data fetched.
-------------------------
-------------------------
time: January 13, 2022, 8:23 am
message: Contact Role data fetched.
-------------------------
-------------------------
time: January 13, 2022, 10:05 am
message: Contact Role data fetched.
-------------------------
-------------------------
time: January 13, 2022, 10:17 am
message: Contact Role data fetched.
-------------------------
-------------------------
time: January 13, 2022, 11:02 am
message: Contact Role data fetched.
-------------------------
-------------------------
time: January 13, 2022, 12:12 pm
message: Contact Role data fetched.
-------------------------
-------------------------
time: January 13, 2022, 12:15 pm
message: Contact Role data fetched.
-------------------------
-------------------------
time: January 13, 2022, 12:19 pm
message: GET method not allowed
-------------------------
-------------------------
time: January 13, 2022, 12:19 pm
message: GET method not allowed
-------------------------
-------------------------
time: January 13, 2022, 12:26 pm
message: Contact Role data fetched.
-------------------------
-------------------------
time: January 13, 2022, 12:28 pm
message: Leaderboard data fetched.
-------------------------
-------------------------
time: January 13, 2022, 12:34 pm
message: Contact Role data fetched.
-------------------------
-------------------------
time: January 13, 2022, 12:50 pm
message: GET method not allowed
-------------------------
-------------------------
time: January 13, 2022, 12:50 pm
message: GET method not allowed
-------------------------
-------------------------
time: January 13, 2022, 12:59 pm
message: Contact Role data fetched.
-------------------------
-------------------------
time: January 13, 2022, 1:28 pm
message: Contact Role data fetched.
-------------------------
-------------------------
time: January 13, 2022, 2:05 pm
message: Contact Role data fetched.
-------------------------
-------------------------
time: January 13, 2022, 2:23 pm
message: Contact Role data fetched.
-------------------------
-------------------------
time: January 13, 2022, 3:02 pm
message: Contact Role data fetched.
-------------------------
-------------------------
time: January 13, 2022, 3:49 pm
message: Contact Role data fetched.
-------------------------
-------------------------
time: January 13, 2022, 4:23 pm
message: Contact Role data fetched.
-------------------------
-------------------------
time: January 13, 2022, 4:24 pm
message: Contact Role data fetched.
-------------------------
-------------------------
time: January 13, 2022, 5:04 pm
message: Contact Role data fetched.
-------------------------
-------------------------
time: January 13, 2022, 5:58 pm
message: Contact Role data fetched.
-------------------------
-------------------------
time: January 13, 2022, 6:25 pm
message: Contact Role data fetched.
-------------------------
-------------------------
time: January 13, 2022, 6:30 pm
message: Failed to initate payment. Please contact the system administrator.
-------------------------
-------------------------
time: January 13, 2022, 6:30 pm
message: Booking data fetched.
-------------------------
-------------------------
time: January 13, 2022, 6:31 pm
message: Booking data fetched.
-------------------------
-------------------------
time: January 13, 2022, 6:31 pm
message: Booking data fetched.
-------------------------
-------------------------
time: January 13, 2022, 6:32 pm
message: Booking data fetched.
-------------------------
-------------------------
time: January 13, 2022, 6:41 pm
message: Contact Role data fetched.
-------------------------
-------------------------
time: January 13, 2022, 6:42 pm
message: Leaderboard data fetched.
-------------------------
-------------------------
time: January 13, 2022, 6:42 pm
message: Contact Role data fetched.
-------------------------
-------------------------
time: January 13, 2022, 6:59 pm
message: Contact Role data fetched.
-------------------------
-------------------------
time: January 13, 2022, 7:56 pm
message: Contact Role data fetched.
-------------------------
-------------------------
time: January 13, 2022, 8:00 pm
message: Contact Role data fetched.
-------------------------
-------------------------
time: January 13, 2022, 8:17 pm
message: Contact Role data fetched.
-------------------------
-------------------------
time: January 13, 2022, 8:29 pm
message: Expired token
-------------------------
-------------------------
time: January 13, 2022, 9:00 pm
message: Contact Role data fetched.
-------------------------
-------------------------
time: January 13, 2022, 9:03 pm
message: Contact Role data fetched.
-------------------------
-------------------------
time: January 13, 2022, 9:04 pm
message: Expired token
-------------------------
-------------------------
time: January 13, 2022, 9:08 pm
message: Contact Role data fetched.
-------------------------
-------------------------
time: January 13, 2022, 9:51 pm
message: Contact Role data fetched.
-------------------------
-------------------------
time: January 13, 2022, 10:01 pm
message: Contact Role data fetched.
-------------------------
-------------------------
time: January 13, 2022, 10:17 pm
message: Contact Role data fetched.
-------------------------
-------------------------
time: January 13, 2022, 10:18 pm
message: Contact Role data fetched.
-------------------------
-------------------------
time: January 13, 2022, 10:28 pm
message: Contact Role data fetched.
-------------------------
-------------------------
time: January 13, 2022, 10:42 pm
message: Leaderboard data fetched.
-------------------------
-------------------------
time: January 13, 2022, 10:46 pm
message: Contact Role data fetched.
-------------------------
-------------------------
time: January 13, 2022, 10:46 pm
message: Booking data fetched.
-------------------------
-------------------------
time: January 13, 2022, 10:47 pm
message: Failed to initate payment. Please contact the system administrator.
-------------------------
-------------------------
time: January 13, 2022, 10:48 pm
message: Contact Role data fetched.
-------------------------
-------------------------
time: January 13, 2022, 10:51 pm
message: Contact Role data fetched.
-------------------------
-------------------------
time: January 13, 2022, 10:56 pm
message: Contact Role data fetched.
-------------------------
-------------------------
time: January 13, 2022, 10:56 pm
message: Booking data fetched.
-------------------------
-------------------------
time: January 13, 2022, 10:57 pm
message: Error 2 occured on line 63 in file C:\inetpub\wwwroot\trbs_2021\services\api\images\update.php: unlink(../../uploads/15595-tajmahal.jpg): No such file or directory.
-------------------------
-------------------------
time: January 13, 2022, 10:57 pm
message: Booking data fetched.
-------------------------
-------------------------
time: January 13, 2022, 10:57 pm
message: Contact Role data fetched.
-------------------------
-------------------------
time: January 13, 2022, 10:58 pm
message: Error 2 occured on line 63 in file C:\inetpub\wwwroot\trbs_2021\services\api\images\update.php: unlink(../../uploads/57219-screenshot (12).png): No such file or directory.
-------------------------
-------------------------
time: January 13, 2022, 10:58 pm
message: Booking data fetched.
-------------------------
-------------------------
time: January 13, 2022, 10:58 pm
message: Contact Role data fetched.
-------------------------
-------------------------
time: January 13, 2022, 10:59 pm
message: Contact Role data fetched.
-------------------------
-------------------------
time: January 13, 2022, 11:03 pm
message: Coupon data fetched.
-------------------------
-------------------------
time: January 13, 2022, 11:03 pm
message: Contact Role data fetched.
-------------------------
-------------------------
time: January 13, 2022, 11:03 pm
message: Coupon data fetched.
-------------------------
-------------------------
time: January 13, 2022, 11:03 pm
message: Contact Role data fetched.
-------------------------
-------------------------
time: January 13, 2022, 11:04 pm
message: Coupon data fetched.
-------------------------
-------------------------
time: January 13, 2022, 11:05 pm
message: Contact Role data fetched.
-------------------------
-------------------------
time: January 13, 2022, 11:05 pm
message: Coupon data fetched.
-------------------------
-------------------------
time: January 13, 2022, 11:05 pm
message: Contact Role data fetched.
-------------------------
-------------------------
time: January 13, 2022, 11:06 pm
message: Coupon data fetched.
-------------------------
-------------------------
time: January 13, 2022, 11:07 pm
message: Contact Role data fetched.
-------------------------
-------------------------
time: January 13, 2022, 11:07 pm
message: Coupon data fetched.
-------------------------
-------------------------
time: January 13, 2022, 11:14 pm
message: Contact Role data fetched.
-------------------------
-------------------------
time: January 13, 2022, 11:15 pm
message: Contact Role data fetched.
-------------------------
-------------------------
time: January 13, 2022, 11:15 pm
message: Contact Role data fetched.
-------------------------
-------------------------
time: January 13, 2022, 11:31 pm
message: Contact Role data fetched.
-------------------------
-------------------------
time: January 13, 2022, 11:31 pm
message: Coupon data fetched.
-------------------------
-------------------------
time: January 13, 2022, 11:31 pm
message: Contact Role data fetched.
-------------------------
-------------------------
time: January 13, 2022, 11:32 pm
message: Leaderboard data fetched.
-------------------------
-------------------------
time: January 13, 2022, 11:32 pm
message: Contact Role data fetched.
-------------------------
-------------------------
time: January 13, 2022, 11:33 pm
message: Contact Role data fetched.
-------------------------
-------------------------
time: January 13, 2022, 11:33 pm
message: Contact Role data fetched.
-------------------------
-------------------------
time: January 13, 2022, 11:33 pm
message: Contact Role data fetched.
-------------------------
-------------------------
time: January 13, 2022, 11:33 pm
message: Contact Role data fetched.
-------------------------
-------------------------
time: January 13, 2022, 11:34 pm
message: Contact Role data fetched.
-------------------------
-------------------------
time: January 13, 2022, 11:35 pm
message: Contact Role data fetched.
-------------------------
-------------------------
time: January 13, 2022, 11:35 pm
message: Contact Role data fetched.
-------------------------
-------------------------
time: January 13, 2022, 11:35 pm
message: Contact Role data fetched.
-------------------------
-------------------------
time: January 13, 2022, 11:35 pm
message: Contact Role data fetched.
-------------------------
-------------------------
time: January 13, 2022, 11:36 pm
message: Contact Role data fetched.
-------------------------
-------------------------
time: January 13, 2022, 11:36 pm
message: Contact Role data fetched.
-------------------------
-------------------------
time: January 13, 2022, 11:36 pm
message: Contact Role data fetched.
-------------------------
-------------------------
time: January 13, 2022, 11:37 pm
message: Contact Role data fetched.
-------------------------
-------------------------
time: January 13, 2022, 11:37 pm
message: Contact Role data fetched.
-------------------------
-------------------------
time: January 13, 2022, 11:37 pm
message: Contact Role data fetched.
-------------------------
-------------------------
time: January 13, 2022, 11:37 pm
message: Contact Role data fetched.
-------------------------
-------------------------
time: January 13, 2022, 11:37 pm
message: Contact Role data fetched.
-------------------------
-------------------------
time: January 13, 2022, 11:37 pm
message: Contact Role data fetched.
-------------------------
-------------------------
time: January 13, 2022, 11:37 pm
message: Contact Role data fetched.
-------------------------
-------------------------
time: January 13, 2022, 11:37 pm
message: Contact Role data fetched.
-------------------------
-------------------------
time: January 13, 2022, 11:38 pm
message: Contact Role data fetched.
-------------------------
-------------------------
time: January 13, 2022, 11:38 pm
message: Contact Role data fetched.
-------------------------
-------------------------
time: January 13, 2022, 11:38 pm
message: Contact Role data fetched.
-------------------------
-------------------------
time: January 13, 2022, 11:38 pm
message: Contact Role data fetched.
-------------------------
-------------------------
time: January 13, 2022, 11:38 pm
message: Contact Role data fetched.
-------------------------
-------------------------
time: January 13, 2022, 11:38 pm
message: Contact Role data fetched.
-------------------------
-------------------------
time: January 13, 2022, 11:39 pm
message: Contact Role data fetched.
-------------------------
-------------------------
time: January 13, 2022, 11:39 pm
message: Contact Role data fetched.
-------------------------
-------------------------
time: January 13, 2022, 11:39 pm
message: Contact Role data fetched.
-------------------------
-------------------------
time: January 13, 2022, 11:39 pm
message: Contact Role data fetched.
-------------------------
-------------------------
time: January 13, 2022, 11:39 pm
message: Contact Role data fetched.
-------------------------
-------------------------
time: January 13, 2022, 11:39 pm
message: Contact Role data fetched.
-------------------------
-------------------------
time: January 13, 2022, 11:40 pm
message: Contact Role data fetched.
-------------------------
-------------------------
time: January 13, 2022, 11:40 pm
message: Contact Role data fetched.
-------------------------
-------------------------
time: January 13, 2022, 11:40 pm
message: Contact Role data fetched.
-------------------------
-------------------------
time: January 13, 2022, 11:40 pm
message: Contact Role data fetched.
-------------------------
-------------------------
time: January 13, 2022, 11:41 pm
message: Contact Role data fetched.
-------------------------
-------------------------
time: January 13, 2022, 11:41 pm
message: Error 2 occured on line 27 in file C:\inetpub\wwwroot\trbs_2021\services\api\images\delete.php: unlink(../../uploads/605274-screenshot (3).png): No such file or directory.
-------------------------
-------------------------
time: January 13, 2022, 11:41 pm
message: Contact Role data fetched.
-------------------------
-------------------------
time: January 13, 2022, 11:41 pm
message: Error 2 occured on line 27 in file C:\inetpub\wwwroot\trbs_2021\services\api\images\delete.php: unlink(../../uploads/605274-screenshot (3).png): No such file or directory.
-------------------------
-------------------------
time: January 13, 2022, 11:41 pm
message: Contact Role data fetched.
-------------------------
-------------------------
time: January 13, 2022, 11:41 pm
message: Error 2 occured on line 27 in file C:\inetpub\wwwroot\trbs_2021\services\api\images\delete.php: unlink(../../uploads/605274-screenshot (3).png): No such file or directory.
-------------------------
-------------------------
time: January 13, 2022, 11:41 pm
message: Contact Role data fetched.
-------------------------
-------------------------
time: January 13, 2022, 11:41 pm
message: Contact Role data fetched.
-------------------------
