-------------------------
time: January 11, 2022, 12:41 am
message: Contact Role data fetched.
-------------------------
-------------------------
time: January 11, 2022, 1:38 am
message: Contact Role data fetched.
-------------------------
-------------------------
time: January 11, 2022, 2:53 am
message: Contact Role data fetched.
-------------------------
-------------------------
time: January 11, 2022, 3:56 am
message: GET method not allowed
-------------------------
-------------------------
time: January 11, 2022, 4:23 am
message: Contact Role data fetched.
-------------------------
-------------------------
time: January 11, 2022, 4:27 am
message: GET method not allowed
-------------------------
-------------------------
time: January 11, 2022, 4:32 am
message: Contact Role data fetched.
-------------------------
-------------------------
time: January 11, 2022, 4:35 am
message: Contact Role data fetched.
-------------------------
-------------------------
time: January 11, 2022, 5:35 am
message: Contact Role data fetched.
-------------------------
-------------------------
time: January 11, 2022, 5:35 am
message: Contact Role data fetched.
-------------------------
-------------------------
time: January 11, 2022, 5:42 am
message: Contact Role data fetched.
-------------------------
-------------------------
time: January 11, 2022, 5:55 am
message: Contact Role data fetched.
-------------------------
-------------------------
time: January 11, 2022, 8:15 am
message: Contact Role data fetched.
-------------------------
-------------------------
time: January 11, 2022, 8:40 am
message: Contact Role data fetched.
-------------------------
-------------------------
time: January 11, 2022, 8:41 am
message: Contact Role data fetched.
-------------------------
-------------------------
time: January 11, 2022, 10:10 am
message: Contact Role data fetched.
-------------------------
-------------------------
time: January 11, 2022, 10:39 am
message: Contact Role data fetched.
-------------------------
-------------------------
time: January 11, 2022, 11:15 am
message: Contact Role data fetched.
-------------------------
-------------------------
time: January 11, 2022, 11:25 am
message: Contact Role data fetched.
-------------------------
-------------------------
time: January 11, 2022, 12:06 pm
message: GET method not allowed
-------------------------
-------------------------
time: January 11, 2022, 1:14 pm
message: Contact Role data fetched.
-------------------------
-------------------------
time: January 11, 2022, 2:39 pm
message: Contact Role data fetched.
-------------------------
-------------------------
time: January 11, 2022, 2:55 pm
message: Contact Role data fetched.
-------------------------
-------------------------
time: January 11, 2022, 3:22 pm
message: Contact Role data fetched.
-------------------------
-------------------------
time: January 11, 2022, 3:32 pm
message: Contact Role data fetched.
-------------------------
-------------------------
time: January 11, 2022, 3:56 pm
message: Contact Role data fetched.
-------------------------
-------------------------
time: January 11, 2022, 4:30 pm
message: Contact Role data fetched.
-------------------------
-------------------------
time: January 11, 2022, 4:40 pm
message: Contact Role data fetched.
-------------------------
-------------------------
time: January 11, 2022, 5:45 pm
message: Contact Role data fetched.
-------------------------
-------------------------
time: January 11, 2022, 6:27 pm
message: Contact Role data fetched.
-------------------------
-------------------------
time: January 11, 2022, 6:50 pm
message: Contact Role data fetched.
-------------------------
-------------------------
time: January 11, 2022, 7:23 pm
message: Contact Role data fetched.
-------------------------
-------------------------
time: January 11, 2022, 7:23 pm
message: Contact Role data fetched.
-------------------------
-------------------------
time: January 11, 2022, 7:25 pm
message: Contact Role data fetched.
-------------------------
-------------------------
time: January 11, 2022, 7:28 pm
message: Contact Role data fetched.
-------------------------
-------------------------
time: January 11, 2022, 7:38 pm
message: Contact Role data fetched.
-------------------------
-------------------------
time: January 11, 2022, 8:29 pm
message: Contact Role data fetched.
-------------------------
-------------------------
time: January 11, 2022, 9:34 pm
message: Contact Role data fetched.
-------------------------
-------------------------
time: January 11, 2022, 10:41 pm
message: Contact Role data fetched.
-------------------------
-------------------------
time: January 11, 2022, 11:21 pm
message: Contact Role data fetched.
-------------------------
-------------------------
time: January 11, 2022, 11:31 pm
message: Contact Role data fetched.
-------------------------
