-------------------------
time: October 3, 2021, 1:22 am
message: Expired token
-------------------------
-------------------------
time: October 3, 2021, 1:28 am
message: GET method not allowed
-------------------------
-------------------------
time: October 3, 2021, 1:29 am
message: GET method not allowed
-------------------------
-------------------------
time: October 3, 2021, 1:32 am
message: GET method not allowed
-------------------------
-------------------------
time: October 3, 2021, 1:32 am
message: GET method not allowed
-------------------------
-------------------------
time: October 3, 2021, 1:35 am
message: Expired token
-------------------------
-------------------------
time: October 3, 2021, 1:38 am
message: GET method not allowed
-------------------------
-------------------------
time: October 3, 2021, 1:41 am
message: GET method not allowed
-------------------------
-------------------------
time: October 3, 2021, 1:42 am
message: GET method not allowed
-------------------------
-------------------------
time: October 3, 2021, 1:43 am
message: GET method not allowed
-------------------------
-------------------------
time: October 3, 2021, 1:44 am
message: GET method not allowed
-------------------------
-------------------------
time: October 3, 2021, 1:44 am
message: GET method not allowed
-------------------------
-------------------------
time: October 3, 2021, 1:44 am
message: GET method not allowed
-------------------------
-------------------------
time: October 3, 2021, 1:46 am
message: GET method not allowed
-------------------------
-------------------------
time: October 3, 2021, 1:47 am
message: GET method not allowed
-------------------------
-------------------------
time: October 3, 2021, 1:50 am
message: GET method not allowed.
-------------------------
-------------------------
time: October 3, 2021, 1:50 am
message: GET method not allowed
-------------------------
-------------------------
time: October 3, 2021, 1:52 am
message: GET method not allowed
-------------------------
-------------------------
time: October 3, 2021, 1:54 am
message: GET method not allowed
-------------------------
-------------------------
time: October 3, 2021, 1:55 am
message: Username/Password not valid.
-------------------------
-------------------------
time: October 3, 2021, 1:55 am
message: GET method not allowed
-------------------------
-------------------------
time: October 3, 2021, 1:55 am
message: Username/Password not valid.
-------------------------
-------------------------
time: October 3, 2021, 2:01 am
message: GET method not allowed
-------------------------
-------------------------
time: October 3, 2021, 2:03 am
message: GET method not allowed
-------------------------
-------------------------
time: October 3, 2021, 2:04 am
message: GET method not allowed
-------------------------
-------------------------
time: October 3, 2021, 2:04 am
message: GET method not allowed
-------------------------
-------------------------
time: October 3, 2021, 2:05 am
message: GET method not allowed
-------------------------
-------------------------
time: October 3, 2021, 2:09 am
message: GET method not allowed
-------------------------
-------------------------
time: October 3, 2021, 2:11 am
message: Booking data fetched.
-------------------------
-------------------------
time: October 3, 2021, 2:17 am
message: before foreach: 40, workshop
-------------------------
-------------------------
time: October 3, 2021, 2:17 am
message: Image file to be deleted: C:\inetpub\wwwroot\trbs_test\services\models/../uploads/916872-iim-logo.png
-------------------------
-------------------------
time: October 3, 2021, 2:17 am
message: Image file deleted: C:\inetpub\wwwroot\trbs_test\services\models/../uploads/916872-iim-logo.png
-------------------------
-------------------------
time: October 3, 2021, 2:17 am
message: Image file to be deleted: C:\inetpub\wwwroot\trbs_test\services\models/../uploads/746356-banner-4.jpg
-------------------------
-------------------------
time: October 3, 2021, 2:17 am
message: Image file deleted: C:\inetpub\wwwroot\trbs_test\services\models/../uploads/746356-banner-4.jpg
-------------------------
-------------------------
time: October 3, 2021, 2:18 am
message: GET method not allowed
-------------------------
-------------------------
time: October 3, 2021, 2:18 am
message: GET method not allowed
-------------------------
-------------------------
time: October 3, 2021, 2:18 am
message: GET method not allowed
-------------------------
-------------------------
time: October 3, 2021, 2:21 am
message: GET method not allowed.
-------------------------
-------------------------
time: October 3, 2021, 2:21 am
message: GET method not allowed
-------------------------
-------------------------
time: October 3, 2021, 2:22 am
message: GET method not allowed
-------------------------
-------------------------
time: October 3, 2021, 2:23 am
message: GET method not allowed.
-------------------------
-------------------------
time: October 3, 2021, 2:24 am
message: GET method not allowed.
-------------------------
-------------------------
time: October 3, 2021, 2:28 am
message: GET method not allowed
-------------------------
-------------------------
time: October 3, 2021, 2:32 am
message: Error 2 occured on line 34 in file C:\inetpub\wwwroot\trbs_test\services\api\images\update.php: preg_replace() expects at least 3 parameters, 2 given.
-------------------------
-------------------------
time: October 3, 2021, 2:33 am
message: Error 2 occured on line 34 in file C:\inetpub\wwwroot\trbs_test\services\api\images\update.php: preg_replace() expects at least 3 parameters, 2 given.
-------------------------
-------------------------
time: October 3, 2021, 2:34 am
message: Error 2 occured on line 64 in file C:\inetpub\wwwroot\trbs_test\services\api\images\update.php: unlink(../../uploads/414799-iim logo.png): No such file or directory.
-------------------------
-------------------------
time: October 3, 2021, 2:35 am
message: GET method not allowed.
-------------------------
-------------------------
time: October 3, 2021, 2:35 am
message: before foreach: 87, event
-------------------------
-------------------------
time: October 3, 2021, 2:35 am
message: Image file to be deleted: C:\inetpub\wwwroot\trbs_test\services\models/../uploads/301542-iim logo.png
-------------------------
-------------------------
time: October 3, 2021, 2:35 am
message: Image file does not exist with id: 195
-------------------------
-------------------------
time: October 3, 2021, 2:35 am
message: Image file to be deleted: C:\inetpub\wwwroot\trbs_test\services\models/../uploads/115190-banner-4.jpg
-------------------------
-------------------------
time: October 3, 2021, 2:35 am
message: Image file deleted: C:\inetpub\wwwroot\trbs_test\services\models/../uploads/115190-banner-4.jpg
-------------------------
-------------------------
time: October 3, 2021, 2:36 am
message: GET method not allowed.
-------------------------
-------------------------
time: October 3, 2021, 2:36 am
message: Error 2 occured on line 64 in file C:\inetpub\wwwroot\trbs_test\services\api\images\update.php: unlink(../../uploads/311393-iim logo.png): No such file or directory.
-------------------------
-------------------------
time: October 3, 2021, 2:36 am
message: GET method not allowed.
-------------------------
-------------------------
time: October 3, 2021, 2:37 am
message: before foreach: 88, event
-------------------------
-------------------------
time: October 3, 2021, 2:37 am
message: Image file to be deleted: C:\inetpub\wwwroot\trbs_test\services\models/../uploads/13285-banner-4.jpg
-------------------------
-------------------------
time: October 3, 2021, 2:37 am
message: Image file deleted: C:\inetpub\wwwroot\trbs_test\services\models/../uploads/13285-banner-4.jpg
-------------------------
-------------------------
time: October 3, 2021, 2:38 am
message: GET method not allowed.
-------------------------
-------------------------
time: October 3, 2021, 2:38 am
message: Error 2 occured on line 27 in file C:\inetpub\wwwroot\trbs_test\services\api\images\create.php: preg_replace(): Empty regular expression.
-------------------------
-------------------------
time: October 3, 2021, 2:38 am
message: GET method not allowed.
-------------------------
-------------------------
time: October 3, 2021, 2:38 am
message: GET method not allowed.
-------------------------
-------------------------
time: October 3, 2021, 2:38 am
message: Error 2 occured on line 27 in file C:\inetpub\wwwroot\trbs_test\services\api\images\create.php: preg_replace(): Empty regular expression.
-------------------------
-------------------------
time: October 3, 2021, 2:40 am
message: Error uploading image file.
-------------------------
-------------------------
time: October 3, 2021, 2:41 am
message: GET method not allowed
-------------------------
-------------------------
time: October 3, 2021, 2:43 am
message: GET method not allowed.
-------------------------
-------------------------
time: October 3, 2021, 2:44 am
message: Expired token
-------------------------
-------------------------
time: October 3, 2021, 2:45 am
message: Expired token
-------------------------
-------------------------
time: October 3, 2021, 2:45 am
message: before foreach: 41, workshop
-------------------------
-------------------------
time: October 3, 2021, 2:45 am
message: Image file to be deleted: C:\inetpub\wwwroot\trbs_test\services\models/../uploads/451784-iim logo.png
-------------------------
-------------------------
time: October 3, 2021, 2:45 am
message: Image file does not exist with id: 197
-------------------------
-------------------------
time: October 3, 2021, 2:46 am
message: Expired token
-------------------------
-------------------------
time: October 3, 2021, 2:46 am
message: GET method not allowed.
-------------------------
-------------------------
time: October 3, 2021, 2:48 am
message: GET method not allowed
-------------------------
-------------------------
time: October 3, 2021, 2:48 am
message: GET method not allowed
-------------------------
-------------------------
time: October 3, 2021, 2:50 am
message: Username/Password not valid.
-------------------------
-------------------------
time: October 3, 2021, 2:51 am
message: GET method not allowed
-------------------------
-------------------------
time: October 3, 2021, 2:51 am
message: Error 2 occured on line 64 in file C:\inetpub\wwwroot\trbs_test\services\api\images\update.php: unlink(../../uploads/832292-arundhatibhattacharya  (3).png): No such file or directory.
-------------------------
-------------------------
time: October 3, 2021, 2:52 am
message: before foreach: 9, speaker
-------------------------
-------------------------
time: October 3, 2021, 2:52 am
message: Image file to be deleted: C:\inetpub\wwwroot\trbs_test\services\models/../uploads/245783-niki frank (5).png
-------------------------
-------------------------
time: October 3, 2021, 2:52 am
message: Image file does not exist with id: 191
-------------------------
-------------------------
time: October 3, 2021, 2:52 am
message: before foreach: 4, speaker
-------------------------
-------------------------
time: October 3, 2021, 2:52 am
message: Image file to be deleted: C:\inetpub\wwwroot\trbs_test\services\models/../uploads/756989-iim-logo.png
-------------------------
-------------------------
time: October 3, 2021, 2:52 am
message: Image file does not exist with id: 109
-------------------------
-------------------------
time: October 3, 2021, 2:52 am
message: before foreach: 7, speaker
-------------------------
-------------------------
time: October 3, 2021, 2:52 am
message: Image file to be deleted: C:\inetpub\wwwroot\trbs_test\services\models/../uploads/832094-random.jpg
-------------------------
-------------------------
time: October 3, 2021, 2:52 am
message: Image file does not exist with id: 125
-------------------------
-------------------------
time: October 3, 2021, 2:52 am
message: before foreach: 6, speaker
-------------------------
-------------------------
time: October 3, 2021, 2:52 am
message: Image file to be deleted: C:\inetpub\wwwroot\trbs_test\services\models/../uploads/175410-flipkart.png
-------------------------
-------------------------
time: October 3, 2021, 2:52 am
message: Image file does not exist with id: 117
-------------------------
-------------------------
time: October 3, 2021, 2:52 am
message: before foreach: 5, speaker
-------------------------
-------------------------
time: October 3, 2021, 2:52 am
message: Image file to be deleted: C:\inetpub\wwwroot\trbs_test\services\models/../uploads/124242-dulux.png
-------------------------
-------------------------
time: October 3, 2021, 2:52 am
message: Image file does not exist with id: 116
-------------------------
-------------------------
time: October 3, 2021, 2:52 am
message: before foreach: 8, speaker
-------------------------
-------------------------
time: October 3, 2021, 2:53 am
message: GET method not allowed.
-------------------------
-------------------------
time: October 3, 2021, 2:53 am
message: GET method not allowed
-------------------------
-------------------------
time: October 3, 2021, 2:54 am
message: GET method not allowed
-------------------------
-------------------------
time: October 3, 2021, 2:54 am
message: GET method not allowed.
-------------------------
-------------------------
time: October 3, 2021, 2:57 am
message: GET method not allowed.
-------------------------
-------------------------
time: October 3, 2021, 3:07 am
message: Booking data fetched.
-------------------------
-------------------------
time: October 3, 2021, 3:10 am
message: GET method not allowed
-------------------------
-------------------------
time: October 3, 2021, 3:10 am
message: GET method not allowed
-------------------------
-------------------------
time: October 3, 2021, 3:13 am
message: GET method not allowed
-------------------------
-------------------------
time: October 3, 2021, 3:17 am
message: GET method not allowed
-------------------------
-------------------------
time: October 3, 2021, 3:18 am
message: GET method not allowed
-------------------------
-------------------------
time: October 3, 2021, 3:18 am
message: GET method not allowed
-------------------------
-------------------------
time: October 3, 2021, 3:20 am
message: GET method not allowed
-------------------------
-------------------------
time: October 3, 2021, 3:21 am
message: Error uploading image file.
-------------------------
-------------------------
time: October 3, 2021, 3:21 am
message: GET method not allowed
-------------------------
-------------------------
time: October 3, 2021, 3:21 am
message: GET method not allowed
-------------------------
-------------------------
time: October 3, 2021, 3:22 am
message: Error uploading image file.
-------------------------
-------------------------
time: October 3, 2021, 3:22 am
message: GET method not allowed
-------------------------
-------------------------
time: October 3, 2021, 3:22 am
message: before foreach: 92, event
-------------------------
-------------------------
time: October 3, 2021, 3:22 am
message: GET method not allowed
-------------------------
-------------------------
time: October 3, 2021, 3:22 am
message: before foreach: 93, event
-------------------------
-------------------------
time: October 3, 2021, 3:22 am
message: GET method not allowed
-------------------------
-------------------------
time: October 3, 2021, 3:22 am
message: before foreach: 91, event
-------------------------
-------------------------
time: October 3, 2021, 3:23 am
message: before foreach: 90, event
-------------------------
-------------------------
time: October 3, 2021, 3:23 am
message: before foreach: 89, event
-------------------------
-------------------------
time: October 3, 2021, 3:23 am
message: GET method not allowed
-------------------------
-------------------------
time: October 3, 2021, 3:29 am
message: Error uploading image file.
-------------------------
-------------------------
time: October 3, 2021, 3:30 am
message: GET method not allowed.
-------------------------
-------------------------
time: October 3, 2021, 3:30 am
message: GET method not allowed
-------------------------
-------------------------
time: October 3, 2021, 3:30 am
message: Error uploading image file.
-------------------------
-------------------------
time: October 3, 2021, 3:30 am
message: GET method not allowed.
-------------------------
-------------------------
time: October 3, 2021, 3:31 am
message: before foreach: 97, event
-------------------------
-------------------------
time: October 3, 2021, 3:31 am
message: before foreach: 96, event
-------------------------
-------------------------
time: October 3, 2021, 3:31 am
message: before foreach: 95, event
-------------------------
-------------------------
time: October 3, 2021, 3:31 am
message: Image file to be deleted: C:\inetpub\wwwroot\trbs_test\services\models/../uploads/490652-iim logo.png
-------------------------
-------------------------
time: October 3, 2021, 3:31 am
message: Image file does not exist with id: 205
-------------------------
-------------------------
time: October 3, 2021, 3:31 am
message: before foreach: 94, event
-------------------------
-------------------------
time: October 3, 2021, 3:31 am
message: Image file to be deleted: C:\inetpub\wwwroot\trbs_test\services\models/../uploads/827092-iim logo.png
-------------------------
-------------------------
time: October 3, 2021, 3:31 am
message: Image file does not exist with id: 204
-------------------------
-------------------------
time: October 3, 2021, 3:32 am
message: before foreach: 98, event
-------------------------
-------------------------
time: October 3, 2021, 3:32 am
message: Image file to be deleted: C:\inetpub\wwwroot\trbs_test\services\models/../uploads/573037-banner-3.jpg
-------------------------
-------------------------
time: October 3, 2021, 3:32 am
message: Image file deleted: C:\inetpub\wwwroot\trbs_test\services\models/../uploads/573037-banner-3.jpg
-------------------------
-------------------------
time: October 3, 2021, 3:32 am
message: Image file to be deleted: C:\inetpub\wwwroot\trbs_test\services\models/../uploads/571291-banner-4.jpg
-------------------------
-------------------------
time: October 3, 2021, 3:32 am
message: Image file deleted: C:\inetpub\wwwroot\trbs_test\services\models/../uploads/571291-banner-4.jpg
-------------------------
-------------------------
time: October 3, 2021, 3:34 am
message: GET method not allowed.
-------------------------
-------------------------
time: October 3, 2021, 3:34 am
message: Leaderboard data fetched.
-------------------------
-------------------------
time: October 3, 2021, 3:36 am
message: GET method not allowed
-------------------------
-------------------------
time: October 3, 2021, 3:40 am
message: GET method not allowed.
-------------------------
-------------------------
time: October 3, 2021, 3:41 am
message: GET method not allowed
-------------------------
-------------------------
time: October 3, 2021, 3:41 am
message: GET method not allowed.
-------------------------
-------------------------
time: October 3, 2021, 3:44 am
message: GET method not allowed
-------------------------
-------------------------
time: October 3, 2021, 3:44 am
message: GET method not allowed
-------------------------
-------------------------
time: October 3, 2021, 3:45 am
message: GET method not allowed.
-------------------------
-------------------------
time: October 3, 2021, 3:48 am
message: GET method not allowed
-------------------------
-------------------------
time: October 3, 2021, 4:22 am
message: GET method not allowed
-------------------------
-------------------------
time: October 3, 2021, 5:26 am
message: GET method not allowed.
-------------------------
-------------------------
time: October 3, 2021, 6:20 am
message: GET method not allowed
-------------------------
-------------------------
time: October 3, 2021, 10:59 am
message: GET method not allowed
-------------------------
-------------------------
time: October 3, 2021, 11:00 am
message: GET method not allowed
-------------------------
-------------------------
time: October 3, 2021, 11:00 am
message: GET method not allowed
-------------------------
-------------------------
time: October 3, 2021, 11:02 am
message: Error 4096 occured on line 89 in file C:\inetpub\wwwroot\trbs_test\services\services\mail\LaminasMail.php: Object of class Laminas\Mail\AddressList could not be converted to string.
-------------------------
-------------------------
time: October 3, 2021, 11:02 am
message: GET method not allowed
-------------------------
-------------------------
time: October 3, 2021, 11:04 am
message: GET method not allowed.
-------------------------
-------------------------
time: October 3, 2021, 11:11 am
message: GET method not allowed.
-------------------------
-------------------------
time: October 3, 2021, 11:20 am
message: royrohan972@gmail.comtrbs2019@iima.ac.in
-------------------------
-------------------------
time: October 3, 2021, 11:20 am
message: Error 2 occured on line 80 in file C:\inetpub\wwwroot\trbs_test\services\services\mail\LaminasMail.php: A non-numeric value encountered.
-------------------------
-------------------------
time: October 3, 2021, 11:21 am
message: royrohan972@gmail.comtrbs2019@iima.ac.in
-------------------------
-------------------------
time: October 3, 2021, 11:21 am
message: Error 2 occured on line 118 in file C:\inetpub\wwwroot\trbs_test\services\services\mail\LaminasMail.php: mail(): Failed to connect to mailserver at &amp;quot;localhost&amp;quot; port 25, verify your &amp;quot;SMTP&amp;quot; and &amp;quot;smtp_port&amp;quot; setting in php.ini or use ini_set().
-------------------------
-------------------------
time: October 3, 2021, 11:25 am
message: royrohan972@gmail.comtrbs2019@iima.ac.in
-------------------------
-------------------------
time: October 3, 2021, 11:25 am
message: Error 2 occured on line 118 in file C:\inetpub\wwwroot\trbs_test\services\services\mail\LaminasMail.php: mail(): Failed to connect to mailserver at &amp;quot;localhost&amp;quot; port 25, verify your &amp;quot;SMTP&amp;quot; and &amp;quot;smtp_port&amp;quot; setting in php.ini or use ini_set().
-------------------------
-------------------------
time: October 3, 2021, 11:26 am
message: GET method not allowed.
-------------------------
-------------------------
time: October 3, 2021, 11:28 am
message: GET method not allowed.
-------------------------
-------------------------
time: October 3, 2021, 11:36 am
message: royrohan972@gmail.comtrbs2019@iima.ac.in
-------------------------
-------------------------
time: October 3, 2021, 11:36 am
message: Error 2 occured on line 118 in file C:\inetpub\wwwroot\trbs_test\services\services\mail\LaminasMail.php: mail(): Failed to connect to mailserver at &amp;quot;127.0.0.1&amp;quot; port 25, verify your &amp;quot;SMTP&amp;quot; and &amp;quot;smtp_port&amp;quot; setting in php.ini or use ini_set().
-------------------------
-------------------------
time: October 3, 2021, 11:45 am
message: User not found with given email id.
-------------------------
-------------------------
time: October 3, 2021, 11:47 am
message: GET method not allowed.
-------------------------
-------------------------
time: October 3, 2021, 12:34 pm
message: GET method not allowed.
-------------------------
-------------------------
time: October 3, 2021, 12:50 pm
message: Email Id is already associated with another account.
-------------------------
-------------------------
time: October 3, 2021, 12:52 pm
message: Leaderboard data fetched.
-------------------------
-------------------------
time: October 3, 2021, 12:53 pm
message: Booking data fetched.
-------------------------
-------------------------
time: October 3, 2021, 12:55 pm
message: GET method not allowed
-------------------------
-------------------------
time: October 3, 2021, 12:55 pm
message: GET method not allowed
-------------------------
-------------------------
time: October 3, 2021, 12:55 pm
message: GET method not allowed
-------------------------
-------------------------
time: October 3, 2021, 12:56 pm
message: GET method not allowed.
-------------------------
-------------------------
time: October 3, 2021, 1:04 pm
message: GET method not allowed
-------------------------
-------------------------
time: October 3, 2021, 1:07 pm
message: GET method not allowed.
-------------------------
-------------------------
time: October 3, 2021, 1:10 pm
message: GET method not allowed
-------------------------
-------------------------
time: October 3, 2021, 1:11 pm
message: GET method not allowed.
-------------------------
-------------------------
time: October 3, 2021, 1:11 pm
message: GET method not allowed
-------------------------
-------------------------
time: October 3, 2021, 1:11 pm
message: GET method not allowed.
-------------------------
-------------------------
time: October 3, 2021, 1:12 pm
message: Error 8 occured on line 33 in file C:\inetpub\wwwroot\trbs_test\services\api\users\cart\update.php: Undefined property: stdClass::$state.
-------------------------
-------------------------
time: October 3, 2021, 1:12 pm
message: GET method not allowed
-------------------------
-------------------------
time: October 3, 2021, 1:14 pm
message: GET method not allowed
-------------------------
-------------------------
time: October 3, 2021, 1:15 pm
message: GET method not allowed
-------------------------
-------------------------
time: October 3, 2021, 1:16 pm
message: GET method not allowed
-------------------------
-------------------------
time: October 3, 2021, 1:18 pm
message: GET method not allowed
-------------------------
-------------------------
time: October 3, 2021, 1:19 pm
message: GET method not allowed
-------------------------
-------------------------
time: October 3, 2021, 1:19 pm
message: GET method not allowed
-------------------------
-------------------------
time: October 3, 2021, 1:20 pm
message: GET method not allowed
-------------------------
-------------------------
time: October 3, 2021, 1:24 pm
message: GET method not allowed
-------------------------
-------------------------
time: October 3, 2021, 1:28 pm
message: GET method not allowed
-------------------------
-------------------------
time: October 3, 2021, 1:28 pm
message: GET method not allowed
-------------------------
-------------------------
time: October 3, 2021, 1:33 pm
message: GET method not allowed
-------------------------
-------------------------
time: October 3, 2021, 1:33 pm
message: GET method not allowed
-------------------------
-------------------------
time: October 3, 2021, 1:33 pm
message: GET method not allowed
-------------------------
-------------------------
time: October 3, 2021, 1:36 pm
message: GET method not allowed
-------------------------
-------------------------
time: October 3, 2021, 1:36 pm
message: GET method not allowed
-------------------------
-------------------------
time: October 3, 2021, 1:36 pm
message: GET method not allowed
-------------------------
-------------------------
time: October 3, 2021, 1:37 pm
message: No cart found.
-------------------------
-------------------------
time: October 3, 2021, 1:38 pm
message: GET method not allowed
-------------------------
-------------------------
time: October 3, 2021, 1:40 pm
message: GET method not allowed
-------------------------
-------------------------
time: October 3, 2021, 1:55 pm
message: before foreach: 3, informal_event
-------------------------
-------------------------
time: October 3, 2021, 1:55 pm
message: Image file to be deleted: C:\inetpub\wwwroot\trbs_2021\services\models/../uploads/643912-banner-3.jpg
-------------------------
-------------------------
time: October 3, 2021, 1:55 pm
message: Image file does not exist with id: 103
-------------------------
-------------------------
time: October 3, 2021, 1:55 pm
message: Image file to be deleted: C:\inetpub\wwwroot\trbs_2021\services\models/../uploads/437841-banner-4.jpg
-------------------------
-------------------------
time: October 3, 2021, 1:55 pm
message: Image file does not exist with id: 104
-------------------------
-------------------------
time: October 3, 2021, 1:56 pm
message: before foreach: 4, informal_event
-------------------------
-------------------------
time: October 3, 2021, 1:56 pm
message: Image file to be deleted: C:\inetpub\wwwroot\trbs_2021\services\models/../uploads/139702-banner-4.jpg
-------------------------
-------------------------
time: October 3, 2021, 1:56 pm
message: Image file does not exist with id: 105
-------------------------
-------------------------
time: October 3, 2021, 1:56 pm
message: before foreach: 5, informal_event
-------------------------
-------------------------
time: October 3, 2021, 1:56 pm
message: Image file to be deleted: C:\inetpub\wwwroot\trbs_2021\services\models/../uploads/348045-nerolac.png
-------------------------
-------------------------
time: October 3, 2021, 1:56 pm
message: Image file does not exist with id: 114
-------------------------
-------------------------
time: October 3, 2021, 1:56 pm
message: Image file to be deleted: C:\inetpub\wwwroot\trbs_2021\services\models/../uploads/60411-dulux.png
-------------------------
-------------------------
time: October 3, 2021, 1:56 pm
message: Image file does not exist with id: 115
-------------------------
-------------------------
time: October 3, 2021, 1:56 pm
message: before foreach: 6, informal_event
-------------------------
-------------------------
time: October 3, 2021, 1:56 pm
message: Image file to be deleted: C:\inetpub\wwwroot\trbs_2021\services\models/../uploads/708183-random.jpg
-------------------------
-------------------------
time: October 3, 2021, 1:56 pm
message: Image file does not exist with id: 118
-------------------------
-------------------------
time: October 3, 2021, 1:56 pm
message: Image file to be deleted: C:\inetpub\wwwroot\trbs_2021\services\models/../uploads/597345-tajmahal.jpg
-------------------------
-------------------------
time: October 3, 2021, 1:56 pm
message: Image file does not exist with id: 126
-------------------------
-------------------------
time: October 3, 2021, 1:57 pm
message: before foreach: 5, connexion
-------------------------
-------------------------
time: October 3, 2021, 1:57 pm
message: Image file to be deleted: C:\inetpub\wwwroot\trbs_2021\services\models/../uploads/900470-amazon.png
-------------------------
-------------------------
time: October 3, 2021, 1:57 pm
message: Image file does not exist with id: 119
-------------------------
-------------------------
time: October 3, 2021, 1:57 pm
message: before foreach: 6, connexion
-------------------------
-------------------------
time: October 3, 2021, 1:57 pm
message: Image file to be deleted: C:\inetpub\wwwroot\trbs_2021\services\models/../uploads/130981-flipkart.png
-------------------------
-------------------------
time: October 3, 2021, 1:57 pm
message: Image file does not exist with id: 120
-------------------------
-------------------------
time: October 3, 2021, 1:57 pm
message: before foreach: 79, event
-------------------------
-------------------------
time: October 3, 2021, 1:57 pm
message: Image file to be deleted: C:\inetpub\wwwroot\trbs_2021\services\models/../uploads/382782-banner-3.jpg
-------------------------
-------------------------
time: October 3, 2021, 1:57 pm
message: Image file does not exist with id: 95
-------------------------
-------------------------
time: October 3, 2021, 1:57 pm
message: Image file to be deleted: C:\inetpub\wwwroot\trbs_2021\services\models/../uploads/732489-logo.png
-------------------------
-------------------------
time: October 3, 2021, 1:57 pm
message: Image file deleted: C:\inetpub\wwwroot\trbs_2021\services\models/../uploads/732489-logo.png
-------------------------
-------------------------
time: October 3, 2021, 1:57 pm
message: before foreach: 81, event
-------------------------
-------------------------
time: October 3, 2021, 1:57 pm
message: Image file to be deleted: C:\inetpub\wwwroot\trbs_2021\services\models/../uploads/617272-nippon paint.png
-------------------------
-------------------------
time: October 3, 2021, 1:57 pm
message: Image file does not exist with id: 93
-------------------------
-------------------------
time: October 3, 2021, 1:57 pm
message: Image file to be deleted: C:\inetpub\wwwroot\trbs_2021\services\models/../uploads/907748-iim-logo.png
-------------------------
-------------------------
time: October 3, 2021, 1:57 pm
message: Image file does not exist with id: 92
-------------------------
-------------------------
time: October 3, 2021, 1:57 pm
message: before foreach: 82, event
-------------------------
-------------------------
time: October 3, 2021, 1:57 pm
message: Image file to be deleted: C:\inetpub\wwwroot\trbs_2021\services\models/../uploads/742273-tajmahal.jpg
-------------------------
-------------------------
time: October 3, 2021, 1:57 pm
message: Image file does not exist with id: 96
-------------------------
-------------------------
time: October 3, 2021, 1:58 pm
message: before foreach: 83, event
-------------------------
-------------------------
time: October 3, 2021, 1:58 pm
message: Image file to be deleted: C:\inetpub\wwwroot\trbs_2021\services\models/../uploads/440009-tajmahal.jpg
-------------------------
-------------------------
time: October 3, 2021, 1:58 pm
message: Image file does not exist with id: 110
-------------------------
-------------------------
time: October 3, 2021, 1:58 pm
message: Image file to be deleted: C:\inetpub\wwwroot\trbs_2021\services\models/../uploads/701049-tajmahal.jpg
-------------------------
-------------------------
time: October 3, 2021, 1:58 pm
message: Image file does not exist with id: 111
-------------------------
-------------------------
time: October 3, 2021, 1:58 pm
message: before foreach: 99, event
-------------------------
-------------------------
time: October 3, 2021, 1:58 pm
message: GET method not allowed
-------------------------
-------------------------
time: October 3, 2021, 2:00 pm
message: GET method not allowed
-------------------------
-------------------------
time: October 3, 2021, 2:00 pm
message: GET method not allowed
-------------------------
-------------------------
time: October 3, 2021, 2:02 pm
message: GET method not allowed
-------------------------
-------------------------
time: October 3, 2021, 2:10 pm
message: Error 8 occured on line 38 in file C:\inetpub\wwwroot\trbs_2021\services\api\payments\create.php: Undefined property: stdClass::$user_id.
-------------------------
-------------------------
time: October 3, 2021, 2:11 pm
message: Booking data fetched.
-------------------------
-------------------------
time: October 3, 2021, 2:11 pm
message: GET method not allowed
-------------------------
-------------------------
time: October 3, 2021, 2:11 pm
message: Leaderboard data fetched.
-------------------------
-------------------------
time: October 3, 2021, 2:11 pm
message: Booking data fetched.
-------------------------
-------------------------
time: October 3, 2021, 2:12 pm
message: Username/Password not valid.
-------------------------
-------------------------
time: October 3, 2021, 2:12 pm
message: Leaderboard data fetched.
-------------------------
-------------------------
time: October 3, 2021, 2:14 pm
message: before foreach: 2, sponser
-------------------------
-------------------------
time: October 3, 2021, 2:14 pm
message: Image file to be deleted: C:\inetpub\wwwroot\trbs_2021\services\models/../uploads/370764-iim-logo.png
-------------------------
-------------------------
time: October 3, 2021, 2:14 pm
message: Image file does not exist with id: 128
-------------------------
-------------------------
time: October 3, 2021, 2:14 pm
message: Leaderboard data fetched.
-------------------------
-------------------------
time: October 3, 2021, 2:14 pm
message: before foreach: 3, sponser
-------------------------
-------------------------
time: October 3, 2021, 2:14 pm
message: Sponser not found with id: 3
-------------------------
-------------------------
time: October 3, 2021, 2:15 pm
message: Leaderboard data fetched.
-------------------------
-------------------------
time: October 3, 2021, 2:15 pm
message: Booking data fetched.
-------------------------
-------------------------
time: October 3, 2021, 2:16 pm
message: Leaderboard data fetched.
-------------------------
-------------------------
time: October 3, 2021, 2:17 pm
message: Booking data fetched.
-------------------------
-------------------------
time: October 3, 2021, 2:18 pm
message: Leaderboard data fetched.
-------------------------
-------------------------
time: October 3, 2021, 2:18 pm
message: Leaderboard data fetched.
-------------------------
-------------------------
time: October 3, 2021, 2:19 pm
message: Leaderboard data fetched.
-------------------------
-------------------------
time: October 3, 2021, 2:19 pm
message: Booking data fetched.
-------------------------
-------------------------
time: October 3, 2021, 2:19 pm
message: Leaderboard data fetched.
-------------------------
-------------------------
time: October 3, 2021, 2:20 pm
message: Leaderboard data fetched.
-------------------------
-------------------------
time: October 3, 2021, 2:20 pm
message: Leaderboard data fetched.
-------------------------
-------------------------
time: October 3, 2021, 2:20 pm
message: Username/Password not valid.
-------------------------
-------------------------
time: October 3, 2021, 2:20 pm
message: Username/Password not valid.
-------------------------
-------------------------
time: October 3, 2021, 2:20 pm
message: Username/Password not valid.
-------------------------
-------------------------
time: October 3, 2021, 2:20 pm
message: Username/Password not valid.
-------------------------
-------------------------
time: October 3, 2021, 2:21 pm
message: Username/Password not valid.
-------------------------
-------------------------
time: October 3, 2021, 2:21 pm
message: Leaderboard data fetched.
-------------------------
-------------------------
time: October 3, 2021, 2:21 pm
message: Username/Password not valid.
-------------------------
-------------------------
time: October 3, 2021, 2:21 pm
message: Leaderboard data fetched.
-------------------------
-------------------------
time: October 3, 2021, 2:22 pm
message: GET method not allowed
-------------------------
-------------------------
time: October 3, 2021, 2:22 pm
message: Username/Password not valid.
-------------------------
-------------------------
time: October 3, 2021, 2:22 pm
message: Leaderboard data fetched.
-------------------------
-------------------------
time: October 3, 2021, 2:22 pm
message: Error 8 occured on line 38 in file C:\inetpub\wwwroot\trbs_2021\services\api\payments\create.php: Undefined property: stdClass::$user_id.
-------------------------
-------------------------
time: October 3, 2021, 2:22 pm
message: Booking data fetched.
-------------------------
-------------------------
time: October 3, 2021, 2:22 pm
message: User not found with given email id.
-------------------------
-------------------------
time: October 3, 2021, 2:24 pm
message: GET method not allowed
-------------------------
-------------------------
time: October 3, 2021, 2:24 pm
message: GET method not allowed.
-------------------------
-------------------------
time: October 3, 2021, 2:25 pm
message: Username/Password not valid.
-------------------------
-------------------------
time: October 3, 2021, 2:25 pm
message: Username/Password not valid.
-------------------------
-------------------------
time: October 3, 2021, 2:25 pm
message: Username/Password not valid.
-------------------------
-------------------------
time: October 3, 2021, 2:25 pm
message: Booking data fetched.
-------------------------
-------------------------
time: October 3, 2021, 2:26 pm
message: Booking data fetched.
-------------------------
-------------------------
time: October 3, 2021, 2:26 pm
message: GET method not allowed.
-------------------------
-------------------------
time: October 3, 2021, 2:28 pm
message: Leaderboard data fetched.
-------------------------
-------------------------
time: October 3, 2021, 2:28 pm
message: Booking data fetched.
-------------------------
-------------------------
time: October 3, 2021, 2:31 pm
message: Booking data fetched.
-------------------------
-------------------------
time: October 3, 2021, 2:33 pm
message: Leaderboard data fetched.
-------------------------
-------------------------
time: October 3, 2021, 2:33 pm
message: Leaderboard data fetched.
-------------------------
-------------------------
time: October 3, 2021, 2:34 pm
message: Username/Password not valid.
-------------------------
-------------------------
time: October 3, 2021, 2:34 pm
message: Username/Password not valid.
-------------------------
-------------------------
time: October 3, 2021, 2:34 pm
message: GET method not allowed
-------------------------
-------------------------
time: October 3, 2021, 2:34 pm
message: Booking data fetched.
-------------------------
-------------------------
time: October 3, 2021, 2:35 pm
message: GET method not allowed
-------------------------
-------------------------
time: October 3, 2021, 2:36 pm
message: GET method not allowed
-------------------------
-------------------------
time: October 3, 2021, 2:36 pm
message: Booking data fetched.
-------------------------
-------------------------
time: October 3, 2021, 2:36 pm
message: GET method not allowed
-------------------------
-------------------------
time: October 3, 2021, 2:36 pm
message: Username/Password not valid.
-------------------------
-------------------------
time: October 3, 2021, 2:36 pm
message: Leaderboard data fetched.
-------------------------
-------------------------
time: October 3, 2021, 2:36 pm
message: GET method not allowed.
-------------------------
-------------------------
time: October 3, 2021, 2:36 pm
message: Leaderboard data fetched.
-------------------------
-------------------------
time: October 3, 2021, 2:37 pm
message: GET method not allowed
-------------------------
-------------------------
time: October 3, 2021, 2:37 pm
message: Leaderboard data fetched.
-------------------------
-------------------------
time: October 3, 2021, 2:37 pm
message: GET method not allowed
-------------------------
-------------------------
time: October 3, 2021, 2:37 pm
message: GET method not allowed
-------------------------
-------------------------
time: October 3, 2021, 2:37 pm
message: Leaderboard data fetched.
-------------------------
-------------------------
time: October 3, 2021, 2:37 pm
message: Leaderboard data fetched.
-------------------------
-------------------------
time: October 3, 2021, 2:38 pm
message: Leaderboard data fetched.
-------------------------
-------------------------
time: October 3, 2021, 2:38 pm
message: Leaderboard data fetched.
-------------------------
-------------------------
time: October 3, 2021, 2:38 pm
message: Leaderboard data fetched.
-------------------------
-------------------------
time: October 3, 2021, 2:38 pm
message: Leaderboard data fetched.
-------------------------
-------------------------
time: October 3, 2021, 2:38 pm
message: GET method not allowed
-------------------------
-------------------------
time: October 3, 2021, 2:39 pm
message: GET method not allowed
-------------------------
-------------------------
time: October 3, 2021, 2:39 pm
message: Leaderboard data fetched.
-------------------------
-------------------------
time: October 3, 2021, 2:39 pm
message: GET method not allowed
-------------------------
-------------------------
time: October 3, 2021, 2:40 pm
message: User not found with given email id.
-------------------------
-------------------------
time: October 3, 2021, 2:40 pm
message: User not found with given email id.
-------------------------
-------------------------
time: October 3, 2021, 2:41 pm
message: Leaderboard data fetched.
-------------------------
-------------------------
time: October 3, 2021, 2:42 pm
message: Username/Password not valid.
-------------------------
-------------------------
time: October 3, 2021, 2:42 pm
message: Username/Password not valid.
-------------------------
-------------------------
time: October 3, 2021, 2:42 pm
message: Username/Password not valid.
-------------------------
-------------------------
time: October 3, 2021, 2:42 pm
message: Leaderboard data fetched.
-------------------------
-------------------------
time: October 3, 2021, 2:42 pm
message: GET method not allowed
-------------------------
-------------------------
time: October 3, 2021, 2:42 pm
message: Leaderboard data fetched.
-------------------------
-------------------------
time: October 3, 2021, 2:43 pm
message: Leaderboard data fetched.
-------------------------
-------------------------
time: October 3, 2021, 2:44 pm
message: Leaderboard data fetched.
-------------------------
-------------------------
time: October 3, 2021, 2:44 pm
message: Leaderboard data fetched.
-------------------------
-------------------------
time: October 3, 2021, 2:44 pm
message: Leaderboard data fetched.
-------------------------
-------------------------
time: October 3, 2021, 2:45 pm
message: Username/Password not valid.
-------------------------
-------------------------
time: October 3, 2021, 2:45 pm
message: Leaderboard data fetched.
-------------------------
-------------------------
time: October 3, 2021, 2:45 pm
message: Leaderboard data fetched.
-------------------------
-------------------------
time: October 3, 2021, 2:46 pm
message: Leaderboard data fetched.
-------------------------
-------------------------
time: October 3, 2021, 2:46 pm
message: Booking data fetched.
-------------------------
-------------------------
time: October 3, 2021, 2:46 pm
message: Booking data fetched.
-------------------------
-------------------------
time: October 3, 2021, 2:46 pm
message: Leaderboard data fetched.
-------------------------
-------------------------
time: October 3, 2021, 2:47 pm
message: GET method not allowed
-------------------------
-------------------------
time: October 3, 2021, 2:47 pm
message: Leaderboard data fetched.
-------------------------
-------------------------
time: October 3, 2021, 2:47 pm
message: GET method not allowed
-------------------------
-------------------------
time: October 3, 2021, 2:47 pm
message: Leaderboard data fetched.
-------------------------
-------------------------
time: October 3, 2021, 2:47 pm
message: Leaderboard data fetched.
-------------------------
-------------------------
time: October 3, 2021, 2:48 pm
message: Leaderboard data fetched.
-------------------------
-------------------------
time: October 3, 2021, 2:48 pm
message: Leaderboard data fetched.
-------------------------
-------------------------
time: October 3, 2021, 2:49 pm
message: Leaderboard data fetched.
-------------------------
-------------------------
time: October 3, 2021, 2:49 pm
message: Leaderboard data fetched.
-------------------------
-------------------------
time: October 3, 2021, 2:49 pm
message: Leaderboard data fetched.
-------------------------
-------------------------
time: October 3, 2021, 2:49 pm
message: Leaderboard data fetched.
-------------------------
-------------------------
time: October 3, 2021, 2:49 pm
message: Error 8 occured on line 38 in file C:\inetpub\wwwroot\trbs_2021\services\api\payments\create.php: Undefined property: stdClass::$user_id.
-------------------------
-------------------------
time: October 3, 2021, 2:49 pm
message: Booking data fetched.
-------------------------
-------------------------
time: October 3, 2021, 2:50 pm
message: Username/Password not valid.
-------------------------
-------------------------
time: October 3, 2021, 2:50 pm
message: Leaderboard data fetched.
-------------------------
-------------------------
time: October 3, 2021, 2:51 pm
message: Leaderboard data fetched.
-------------------------
-------------------------
time: October 3, 2021, 2:51 pm
message: Leaderboard data fetched.
-------------------------
-------------------------
time: October 3, 2021, 2:51 pm
message: Username/Password not valid.
-------------------------
-------------------------
time: October 3, 2021, 2:51 pm
message: Leaderboard data fetched.
-------------------------
-------------------------
time: October 3, 2021, 2:53 pm
message: Leaderboard data fetched.
-------------------------
-------------------------
time: October 3, 2021, 2:55 pm
message: Booking data fetched.
-------------------------
-------------------------
time: October 3, 2021, 2:55 pm
message: Leaderboard data fetched.
-------------------------
-------------------------
time: October 3, 2021, 2:57 pm
message: before foreach: 7, informal_event
-------------------------
-------------------------
time: October 3, 2021, 2:57 pm
message: Image file to be deleted: C:\inetpub\wwwroot\trbs_2021\services\models/../uploads/722695-random.jpg
-------------------------
-------------------------
time: October 3, 2021, 2:57 pm
message: Image file deleted: C:\inetpub\wwwroot\trbs_2021\services\models/../uploads/722695-random.jpg
-------------------------
-------------------------
time: October 3, 2021, 2:57 pm
message: before foreach: 42, workshop
-------------------------
-------------------------
time: October 3, 2021, 3:01 pm
message: Leaderboard data fetched.
-------------------------
-------------------------
time: October 3, 2021, 3:02 pm
message: Leaderboard data fetched.
-------------------------
-------------------------
time: October 3, 2021, 3:02 pm
message: Leaderboard data fetched.
-------------------------
-------------------------
time: October 3, 2021, 3:03 pm
message: Leaderboard data fetched.
-------------------------
-------------------------
time: October 3, 2021, 3:04 pm
message: Leaderboard data fetched.
-------------------------
-------------------------
time: October 3, 2021, 3:05 pm
message: Leaderboard data fetched.
-------------------------
-------------------------
time: October 3, 2021, 3:09 pm
message: Leaderboard data fetched.
-------------------------
-------------------------
time: October 3, 2021, 3:13 pm
message: Leaderboard data fetched.
-------------------------
-------------------------
time: October 3, 2021, 3:14 pm
message: Leaderboard data fetched.
-------------------------
-------------------------
time: October 3, 2021, 3:14 pm
message: Leaderboard data fetched.
-------------------------
-------------------------
time: October 3, 2021, 3:14 pm
message: Leaderboard data fetched.
-------------------------
-------------------------
time: October 3, 2021, 3:14 pm
message: Leaderboard data fetched.
-------------------------
-------------------------
time: October 3, 2021, 3:15 pm
message: Leaderboard data fetched.
-------------------------
-------------------------
time: October 3, 2021, 3:18 pm
message: Username/Password not valid.
-------------------------
-------------------------
time: October 3, 2021, 3:18 pm
message: Username/Password not valid.
-------------------------
-------------------------
time: October 3, 2021, 3:23 pm
message: GET method not allowed
-------------------------
-------------------------
time: October 3, 2021, 3:25 pm
message: Leaderboard data fetched.
-------------------------
-------------------------
time: October 3, 2021, 3:27 pm
message: Booking data fetched.
-------------------------
-------------------------
time: October 3, 2021, 3:28 pm
message: Username/Password not valid.
-------------------------
-------------------------
time: October 3, 2021, 3:28 pm
message: Booking data fetched.
-------------------------
-------------------------
time: October 3, 2021, 3:29 pm
message: Username/Password not valid.
-------------------------
-------------------------
time: October 3, 2021, 3:29 pm
message: Booking data fetched.
-------------------------
-------------------------
time: October 3, 2021, 3:29 pm
message: Booking data fetched.
-------------------------
-------------------------
time: October 3, 2021, 3:41 pm
message: Leaderboard data fetched.
-------------------------
-------------------------
time: October 3, 2021, 3:49 pm
message: Leaderboard data fetched.
-------------------------
-------------------------
time: October 3, 2021, 3:52 pm
message: Error 8 occured on line 38 in file C:\inetpub\wwwroot\trbs_2021\services\api\payments\create.php: Undefined property: stdClass::$user_id.
-------------------------
-------------------------
time: October 3, 2021, 3:52 pm
message: Booking data fetched.
-------------------------
-------------------------
time: October 3, 2021, 3:52 pm
message: Leaderboard data fetched.
-------------------------
-------------------------
time: October 3, 2021, 3:53 pm
message: Booking data fetched.
-------------------------
-------------------------
time: October 3, 2021, 3:56 pm
message: GET method not allowed
-------------------------
-------------------------
time: October 3, 2021, 3:56 pm
message: GET method not allowed
-------------------------
-------------------------
time: October 3, 2021, 3:56 pm
message: GET method not allowed
-------------------------
-------------------------
time: October 3, 2021, 3:56 pm
message: GET method not allowed
-------------------------
-------------------------
time: October 3, 2021, 3:57 pm
message: Leaderboard data fetched.
-------------------------
-------------------------
time: October 3, 2021, 3:58 pm
message: Leaderboard data fetched.
-------------------------
-------------------------
time: October 3, 2021, 4:25 pm
message: Leaderboard data fetched.
-------------------------
-------------------------
time: October 3, 2021, 4:47 pm
message: Leaderboard data fetched.
-------------------------
-------------------------
time: October 3, 2021, 4:48 pm
message: SQLSTATE[22001]: String data, right truncated: 1406 Data too long for column 'address' at row 1
-------------------------
-------------------------
time: October 3, 2021, 4:48 pm
message: SQLSTATE[22001]: String data, right truncated: 1406 Data too long for column 'address' at row 1
-------------------------
-------------------------
time: October 3, 2021, 4:51 pm
message: Username/Password not valid.
-------------------------
-------------------------
time: October 3, 2021, 4:52 pm
message: Username/Password not valid.
-------------------------
-------------------------
time: October 3, 2021, 4:52 pm
message: Username/Password not valid.
-------------------------
-------------------------
time: October 3, 2021, 4:53 pm
message: Username/Password not valid.
-------------------------
-------------------------
time: October 3, 2021, 4:53 pm
message: Username/Password not valid.
-------------------------
-------------------------
time: October 3, 2021, 4:55 pm
message: Email Id is already associated with another account.
-------------------------
-------------------------
time: October 3, 2021, 4:55 pm
message: Leaderboard data fetched.
-------------------------
-------------------------
time: October 3, 2021, 4:56 pm
message: Username/Password not valid.
-------------------------
-------------------------
time: October 3, 2021, 4:56 pm
message: Username/Password not valid.
-------------------------
-------------------------
time: October 3, 2021, 4:56 pm
message: Username/Password not valid.
-------------------------
-------------------------
time: October 3, 2021, 4:56 pm
message: SQLSTATE[HY000]: General error: 1366 Incorrect integer value: '' for column 'year' at row 1
-------------------------
-------------------------
time: October 3, 2021, 4:56 pm
message: SQLSTATE[HY000]: General error: 1366 Incorrect integer value: '' for column 'year' at row 1
-------------------------
-------------------------
time: October 3, 2021, 4:58 pm
message: Username/Password not valid.
-------------------------
-------------------------
time: October 3, 2021, 4:59 pm
message: Username/Password not valid.
-------------------------
-------------------------
time: October 3, 2021, 5:10 pm
message: Username/Password not valid.
-------------------------
-------------------------
time: October 3, 2021, 5:10 pm
message: Username/Password not valid.
-------------------------
-------------------------
time: October 3, 2021, 5:11 pm
message: Username/Password not valid.
-------------------------
-------------------------
time: October 3, 2021, 5:12 pm
message: Leaderboard data fetched.
-------------------------
-------------------------
time: October 3, 2021, 5:12 pm
message: Username/Password not valid.
-------------------------
-------------------------
time: October 3, 2021, 5:13 pm
message: Username/Password not valid.
-------------------------
-------------------------
time: October 3, 2021, 5:14 pm
message: Username/Password not valid.
-------------------------
-------------------------
time: October 3, 2021, 5:14 pm
message: Username/Password not valid.
-------------------------
-------------------------
time: October 3, 2021, 5:14 pm
message: Username/Password not valid.
-------------------------
-------------------------
time: October 3, 2021, 5:15 pm
message: Username/Password not valid.
-------------------------
-------------------------
time: October 3, 2021, 5:16 pm
message: Username/Password not valid.
-------------------------
-------------------------
time: October 3, 2021, 5:21 pm
message: Username/Password not valid.
-------------------------
-------------------------
time: October 3, 2021, 5:22 pm
message: Username/Password not valid.
-------------------------
-------------------------
time: October 3, 2021, 5:22 pm
message: Username/Password not valid.
-------------------------
-------------------------
time: October 3, 2021, 5:22 pm
message: Username/Password not valid.
-------------------------
-------------------------
time: October 3, 2021, 5:25 pm
message: Username/Password not valid.
-------------------------
-------------------------
time: October 3, 2021, 5:26 pm
message: User not found with given email id.
-------------------------
-------------------------
time: October 3, 2021, 5:26 pm
message: User not found with given email id.
-------------------------
-------------------------
time: October 3, 2021, 5:26 pm
message: User not found with given email id.
-------------------------
-------------------------
time: October 3, 2021, 5:26 pm
message: User not found with given email id.
-------------------------
-------------------------
time: October 3, 2021, 5:26 pm
message: User not found with given email id.
-------------------------
-------------------------
time: October 3, 2021, 5:27 pm
message: SQLSTATE[22001]: String data, right truncated: 1406 Data too long for column 'address' at row 1
-------------------------
-------------------------
time: October 3, 2021, 5:27 pm
message: SQLSTATE[22001]: String data, right truncated: 1406 Data too long for column 'address' at row 1
-------------------------
-------------------------
time: October 3, 2021, 5:29 pm
message: Username/Password not valid.
-------------------------
-------------------------
time: October 3, 2021, 5:36 pm
message: Username/Password not valid.
-------------------------
-------------------------
time: October 3, 2021, 5:37 pm
message: Username/Password not valid.
-------------------------
-------------------------
time: October 3, 2021, 5:41 pm
message: Error 8 occured on line 38 in file C:\inetpub\wwwroot\trbs_2021\services\api\payments\create.php: Undefined property: stdClass::$user_id.
-------------------------
-------------------------
time: October 3, 2021, 5:41 pm
message: Booking data fetched.
-------------------------
-------------------------
time: October 3, 2021, 5:45 pm
message: Leaderboard data fetched.
-------------------------
-------------------------
time: October 3, 2021, 5:48 pm
message: Username/Password not valid.
-------------------------
-------------------------
time: October 3, 2021, 5:54 pm
message: Error 8 occured on line 38 in file C:\inetpub\wwwroot\trbs_2021\services\api\payments\create.php: Undefined property: stdClass::$user_id.
-------------------------
-------------------------
time: October 3, 2021, 5:54 pm
message: Booking data fetched.
-------------------------
-------------------------
time: October 3, 2021, 5:54 pm
message: Booking data fetched.
-------------------------
-------------------------
time: October 3, 2021, 6:08 pm
message: Error 8 occured on line 38 in file C:\inetpub\wwwroot\trbs_2021\services\api\payments\create.php: Undefined property: stdClass::$user_id.
-------------------------
-------------------------
time: October 3, 2021, 6:16 pm
message: Error uploading image file.
-------------------------
-------------------------
time: October 3, 2021, 6:22 pm
message: Error 8 occured on line 33 in file C:\inetpub\wwwroot\trbs_2021\services\api\users\cart\update.php: Undefined property: stdClass::$state.
-------------------------
-------------------------
time: October 3, 2021, 6:22 pm
message: Username/Password not valid.
-------------------------
-------------------------
time: October 3, 2021, 6:23 pm
message: Booking data fetched.
-------------------------
-------------------------
time: October 3, 2021, 6:23 pm
message: Leaderboard data fetched.
-------------------------
-------------------------
time: October 3, 2021, 6:26 pm
message: SQLSTATE[22001]: String data, right truncated: 1406 Data too long for column 'address' at row 1
-------------------------
-------------------------
time: October 3, 2021, 6:26 pm
message: SQLSTATE[22001]: String data, right truncated: 1406 Data too long for column 'address' at row 1
-------------------------
-------------------------
time: October 3, 2021, 6:27 pm
message: SQLSTATE[22001]: String data, right truncated: 1406 Data too long for column 'address' at row 1
-------------------------
-------------------------
time: October 3, 2021, 6:27 pm
message: SQLSTATE[22001]: String data, right truncated: 1406 Data too long for column 'address' at row 1
-------------------------
-------------------------
time: October 3, 2021, 6:33 pm
message: Username/Password not valid.
-------------------------
-------------------------
time: October 3, 2021, 6:33 pm
message: Username/Password not valid.
-------------------------
-------------------------
time: October 3, 2021, 6:33 pm
message: Username/Password not valid.
-------------------------
-------------------------
time: October 3, 2021, 6:33 pm
message: User not found with given email id.
-------------------------
-------------------------
time: October 3, 2021, 6:33 pm
message: User not found with given email id.
-------------------------
-------------------------
time: October 3, 2021, 6:52 pm
message: Error 8 occured on line 38 in file C:\inetpub\wwwroot\trbs_2021\services\api\payments\create.php: Undefined property: stdClass::$user_id.
-------------------------
-------------------------
time: October 3, 2021, 6:52 pm
message: Booking data fetched.
-------------------------
-------------------------
time: October 3, 2021, 6:53 pm
message: Booking data fetched.
-------------------------
-------------------------
time: October 3, 2021, 6:59 pm
message: Error 8 occured on line 38 in file C:\inetpub\wwwroot\trbs_2021\services\api\payments\create.php: Undefined property: stdClass::$user_id.
-------------------------
-------------------------
time: October 3, 2021, 6:59 pm
message: Booking data fetched.
-------------------------
-------------------------
time: October 3, 2021, 7:00 pm
message: Booking data fetched.
-------------------------
-------------------------
time: October 3, 2021, 7:19 pm
message: Booking data fetched.
-------------------------
-------------------------
time: October 3, 2021, 7:26 pm
message: Booking data fetched.
-------------------------
-------------------------
time: October 3, 2021, 7:27 pm
message: Leaderboard data fetched.
-------------------------
-------------------------
time: October 3, 2021, 7:30 pm
message: Booking data fetched.
-------------------------
-------------------------
time: October 3, 2021, 7:30 pm
message: Username/Password not valid.
-------------------------
-------------------------
time: October 3, 2021, 7:30 pm
message: User not found with given email id.
-------------------------
-------------------------
time: October 3, 2021, 7:30 pm
message: User not found with given email id.
-------------------------
-------------------------
time: October 3, 2021, 7:30 pm
message: User not found with given email id.
-------------------------
-------------------------
time: October 3, 2021, 7:30 pm
message: User not found with given email id.
-------------------------
-------------------------
time: October 3, 2021, 7:34 pm
message: Username/Password not valid.
-------------------------
-------------------------
time: October 3, 2021, 7:36 pm
message: Username/Password not valid.
-------------------------
-------------------------
time: October 3, 2021, 7:36 pm
message: Username/Password not valid.
-------------------------
-------------------------
time: October 3, 2021, 7:37 pm
message: SQLSTATE[22001]: String data, right truncated: 1406 Data too long for column 'address' at row 1
-------------------------
-------------------------
time: October 3, 2021, 7:37 pm
message: SQLSTATE[22001]: String data, right truncated: 1406 Data too long for column 'address' at row 1
-------------------------
-------------------------
time: October 3, 2021, 7:38 pm
message: Leaderboard data fetched.
-------------------------
-------------------------
time: October 3, 2021, 7:38 pm
message: Booking data fetched.
-------------------------
-------------------------
time: October 3, 2021, 7:39 pm
message: Username/Password not valid.
-------------------------
-------------------------
time: October 3, 2021, 7:39 pm
message: Username/Password not valid.
-------------------------
-------------------------
time: October 3, 2021, 7:39 pm
message: Username/Password not valid.
-------------------------
-------------------------
time: October 3, 2021, 7:39 pm
message: Username/Password not valid.
-------------------------
-------------------------
time: October 3, 2021, 7:40 pm
message: Username/Password not valid.
-------------------------
-------------------------
time: October 3, 2021, 7:40 pm
message: Username/Password not valid.
-------------------------
-------------------------
time: October 3, 2021, 7:40 pm
message: Username/Password not valid.
-------------------------
-------------------------
time: October 3, 2021, 7:40 pm
message: Username/Password not valid.
-------------------------
-------------------------
time: October 3, 2021, 7:40 pm
message: Username/Password not valid.
-------------------------
-------------------------
time: October 3, 2021, 7:40 pm
message: Username/Password not valid.
-------------------------
-------------------------
time: October 3, 2021, 7:41 pm
message: Username/Password not valid.
-------------------------
-------------------------
time: October 3, 2021, 7:41 pm
message: Username/Password not valid.
-------------------------
-------------------------
time: October 3, 2021, 7:41 pm
message: Username/Password not valid.
-------------------------
-------------------------
time: October 3, 2021, 7:41 pm
message: Username/Password not valid.
-------------------------
-------------------------
time: October 3, 2021, 7:42 pm
message: Leaderboard data fetched.
-------------------------
-------------------------
time: October 3, 2021, 7:42 pm
message: Username/Password not valid.
-------------------------
-------------------------
time: October 3, 2021, 7:42 pm
message: Leaderboard data fetched.
-------------------------
-------------------------
time: October 3, 2021, 7:42 pm
message: Username/Password not valid.
-------------------------
-------------------------
time: October 3, 2021, 7:43 pm
message: Username/Password not valid.
-------------------------
-------------------------
time: October 3, 2021, 7:44 pm
message: Username/Password not valid.
-------------------------
-------------------------
time: October 3, 2021, 7:46 pm
message: Username/Password not valid.
-------------------------
-------------------------
time: October 3, 2021, 7:46 pm
message: Username/Password not valid.
-------------------------
-------------------------
time: October 3, 2021, 7:50 pm
message: Username/Password not valid.
-------------------------
-------------------------
time: October 3, 2021, 7:58 pm
message: Username/Password not valid.
-------------------------
-------------------------
time: October 3, 2021, 8:00 pm
message: Username/Password not valid.
-------------------------
-------------------------
time: October 3, 2021, 8:00 pm
message: Username/Password not valid.
-------------------------
-------------------------
time: October 3, 2021, 8:00 pm
message: Username/Password not valid.
-------------------------
-------------------------
time: October 3, 2021, 8:00 pm
message: Username/Password not valid.
-------------------------
-------------------------
time: October 3, 2021, 8:00 pm
message: Username/Password not valid.
-------------------------
-------------------------
time: October 3, 2021, 8:01 pm
message: Username/Password not valid.
-------------------------
-------------------------
time: October 3, 2021, 8:01 pm
message: Username/Password not valid.
-------------------------
-------------------------
time: October 3, 2021, 8:03 pm
message: Username/Password not valid.
-------------------------
-------------------------
time: October 3, 2021, 8:04 pm
message: Username/Password not valid.
-------------------------
-------------------------
time: October 3, 2021, 8:12 pm
message: Error 8 occured on line 38 in file C:\inetpub\wwwroot\trbs_2021\services\api\payments\create.php: Undefined property: stdClass::$user_id.
-------------------------
-------------------------
time: October 3, 2021, 8:12 pm
message: Booking data fetched.
-------------------------
-------------------------
time: October 3, 2021, 8:14 pm
message: Booking data fetched.
-------------------------
-------------------------
time: October 3, 2021, 8:16 pm
message: SQLSTATE[HY000]: General error: 1366 Incorrect integer value: '' for column 'year' at row 1
-------------------------
-------------------------
time: October 3, 2021, 8:16 pm
message: SQLSTATE[HY000]: General error: 1366 Incorrect integer value: '' for column 'year' at row 1
-------------------------
-------------------------
time: October 3, 2021, 8:19 pm
message: Username/Password not valid.
-------------------------
-------------------------
time: October 3, 2021, 8:20 pm
message: Username/Password not valid.
-------------------------
-------------------------
time: October 3, 2021, 8:21 pm
message: Username/Password not valid.
-------------------------
-------------------------
time: October 3, 2021, 8:22 pm
message: Username/Password not valid.
-------------------------
-------------------------
time: October 3, 2021, 8:22 pm
message: Username/Password not valid.
-------------------------
-------------------------
time: October 3, 2021, 8:23 pm
message: Username/Password not valid.
-------------------------
-------------------------
time: October 3, 2021, 8:24 pm
message: Leaderboard data fetched.
-------------------------
-------------------------
time: October 3, 2021, 8:31 pm
message: Leaderboard data fetched.
-------------------------
-------------------------
time: October 3, 2021, 8:32 pm
message: Leaderboard data fetched.
-------------------------
-------------------------
time: October 3, 2021, 8:37 pm
message: Leaderboard data fetched.
-------------------------
-------------------------
time: October 3, 2021, 8:54 pm
message: User not found with given email id.
-------------------------
-------------------------
time: October 3, 2021, 8:54 pm
message: User not found with given email id.
-------------------------
-------------------------
time: October 3, 2021, 8:55 pm
message: Booking data fetched.
-------------------------
-------------------------
time: October 3, 2021, 8:58 pm
message: Error 8 occured on line 38 in file C:\inetpub\wwwroot\trbs_2021\services\api\payments\create.php: Undefined property: stdClass::$user_id.
-------------------------
-------------------------
time: October 3, 2021, 8:58 pm
message: Booking data fetched.
-------------------------
-------------------------
time: October 3, 2021, 8:59 pm
message: SQLSTATE[22001]: String data, right truncated: 1406 Data too long for column 'address' at row 1
-------------------------
-------------------------
time: October 3, 2021, 8:59 pm
message: SQLSTATE[22001]: String data, right truncated: 1406 Data too long for column 'address' at row 1
-------------------------
-------------------------
time: October 3, 2021, 8:59 pm
message: Leaderboard data fetched.
-------------------------
-------------------------
time: October 3, 2021, 8:59 pm
message: Leaderboard data fetched.
-------------------------
-------------------------
time: October 3, 2021, 8:59 pm
message: Booking data fetched.
-------------------------
-------------------------
time: October 3, 2021, 8:59 pm
message: Booking data fetched.
-------------------------
-------------------------
time: October 3, 2021, 9:00 pm
message: Booking data fetched.
-------------------------
-------------------------
time: October 3, 2021, 9:01 pm
message: Booking data fetched.
-------------------------
-------------------------
time: October 3, 2021, 9:02 pm
message: Booking data fetched.
-------------------------
-------------------------
time: October 3, 2021, 9:02 pm
message: Expired token
-------------------------
-------------------------
time: October 3, 2021, 9:03 pm
message: Username/Password not valid.
-------------------------
-------------------------
time: October 3, 2021, 9:03 pm
message: Username/Password not valid.
-------------------------
-------------------------
time: October 3, 2021, 9:03 pm
message: Username/Password not valid.
-------------------------
-------------------------
time: October 3, 2021, 9:03 pm
message: Username/Password not valid.
-------------------------
-------------------------
time: October 3, 2021, 9:03 pm
message: Username/Password not valid.
-------------------------
-------------------------
time: October 3, 2021, 9:03 pm
message: Username/Password not valid.
-------------------------
-------------------------
time: October 3, 2021, 9:03 pm
message: Username/Password not valid.
-------------------------
-------------------------
time: October 3, 2021, 9:03 pm
message: Error 8 occured on line 38 in file C:\inetpub\wwwroot\trbs_2021\services\api\payments\create.php: Undefined property: stdClass::$user_id.
-------------------------
-------------------------
time: October 3, 2021, 9:03 pm
message: Username/Password not valid.
-------------------------
-------------------------
time: October 3, 2021, 9:03 pm
message: Username/Password not valid.
-------------------------
-------------------------
time: October 3, 2021, 9:03 pm
message: Username/Password not valid.
-------------------------
-------------------------
time: October 3, 2021, 9:03 pm
message: Username/Password not valid.
-------------------------
-------------------------
time: October 3, 2021, 9:03 pm
message: Username/Password not valid.
-------------------------
-------------------------
time: October 3, 2021, 9:03 pm
message: Booking data fetched.
-------------------------
-------------------------
time: October 3, 2021, 9:03 pm
message: Expired token
-------------------------
-------------------------
time: October 3, 2021, 9:04 pm
message: Error 8 occured on line 38 in file C:\inetpub\wwwroot\trbs_2021\services\api\payments\create.php: Undefined property: stdClass::$user_id.
-------------------------
-------------------------
time: October 3, 2021, 9:04 pm
message: Booking data fetched.
-------------------------
-------------------------
time: October 3, 2021, 9:05 pm
message: Booking data fetched.
-------------------------
-------------------------
time: October 3, 2021, 9:08 pm
message: Username/Password not valid.
-------------------------
-------------------------
time: October 3, 2021, 9:08 pm
message: Booking data fetched.
-------------------------
-------------------------
time: October 3, 2021, 9:08 pm
message: Leaderboard data fetched.
-------------------------
-------------------------
time: October 3, 2021, 9:08 pm
message: SQLSTATE[22001]: String data, right truncated: 1406 Data too long for column 'address' at row 1
-------------------------
-------------------------
time: October 3, 2021, 9:08 pm
message: SQLSTATE[22001]: String data, right truncated: 1406 Data too long for column 'address' at row 1
-------------------------
-------------------------
time: October 3, 2021, 9:12 pm
message: Error 8 occured on line 38 in file C:\inetpub\wwwroot\trbs_2021\services\api\payments\create.php: Undefined property: stdClass::$user_id.
-------------------------
-------------------------
time: October 3, 2021, 9:14 pm
message: Username/Password not valid.
-------------------------
-------------------------
time: October 3, 2021, 9:14 pm
message: Username/Password not valid.
-------------------------
-------------------------
time: October 3, 2021, 9:15 pm
message: User not found with given email id.
-------------------------
-------------------------
time: October 3, 2021, 9:15 pm
message: Booking data fetched.
-------------------------
-------------------------
time: October 3, 2021, 9:16 pm
message: Booking data fetched.
-------------------------
-------------------------
time: October 3, 2021, 9:16 pm
message: Error 8 occured on line 38 in file C:\inetpub\wwwroot\trbs_2021\services\api\payments\create.php: Undefined property: stdClass::$user_id.
-------------------------
-------------------------
time: October 3, 2021, 9:16 pm
message: Booking data fetched.
-------------------------
-------------------------
time: October 3, 2021, 9:16 pm
message: Booking data fetched.
-------------------------
-------------------------
time: October 3, 2021, 9:17 pm
message: Booking data fetched.
-------------------------
-------------------------
time: October 3, 2021, 9:17 pm
message: Booking data fetched.
-------------------------
-------------------------
time: October 3, 2021, 9:17 pm
message: Error 8 occured on line 38 in file C:\inetpub\wwwroot\trbs_2021\services\api\payments\create.php: Undefined property: stdClass::$user_id.
-------------------------
-------------------------
time: October 3, 2021, 9:17 pm
message: Booking data fetched.
-------------------------
-------------------------
time: October 3, 2021, 9:17 pm
message: Error 8 occured on line 38 in file C:\inetpub\wwwroot\trbs_2021\services\api\payments\create.php: Undefined property: stdClass::$user_id.
-------------------------
-------------------------
time: October 3, 2021, 9:17 pm
message: Booking data fetched.
-------------------------
-------------------------
time: October 3, 2021, 9:17 pm
message: Error 8 occured on line 38 in file C:\inetpub\wwwroot\trbs_2021\services\api\payments\create.php: Undefined property: stdClass::$user_id.
-------------------------
-------------------------
time: October 3, 2021, 9:17 pm
message: Booking data fetched.
-------------------------
-------------------------
time: October 3, 2021, 9:19 pm
message: Error 8 occured on line 38 in file C:\inetpub\wwwroot\trbs_2021\services\api\payments\create.php: Undefined property: stdClass::$user_id.
-------------------------
-------------------------
time: October 3, 2021, 9:19 pm
message: Booking data fetched.
-------------------------
-------------------------
time: October 3, 2021, 9:20 pm
message: Booking data fetched.
-------------------------
-------------------------
time: October 3, 2021, 9:20 pm
message: Booking data fetched.
-------------------------
-------------------------
time: October 3, 2021, 9:23 pm
message: Booking data fetched.
-------------------------
-------------------------
time: October 3, 2021, 9:23 pm
message: Booking data fetched.
-------------------------
-------------------------
time: October 3, 2021, 9:23 pm
message: Booking data fetched.
-------------------------
-------------------------
time: October 3, 2021, 9:23 pm
message: Booking data fetched.
-------------------------
-------------------------
time: October 3, 2021, 9:24 pm
message: Booking data fetched.
-------------------------
-------------------------
time: October 3, 2021, 9:25 pm
message: GET method not allowed
-------------------------
-------------------------
time: October 3, 2021, 9:36 pm
message: Expired token
-------------------------
-------------------------
time: October 3, 2021, 9:36 pm
message: Booking data fetched.
-------------------------
-------------------------
time: October 3, 2021, 9:37 pm
message: Booking data fetched.
-------------------------
-------------------------
time: October 3, 2021, 9:38 pm
message: GET method not allowed
-------------------------
-------------------------
time: October 3, 2021, 9:38 pm
message: Username/Password not valid.
-------------------------
-------------------------
time: October 3, 2021, 9:38 pm
message: Username/Password not valid.
-------------------------
-------------------------
time: October 3, 2021, 9:39 pm
message: GET method not allowed
-------------------------
-------------------------
time: October 3, 2021, 9:39 pm
message: GET method not allowed
-------------------------
-------------------------
time: October 3, 2021, 9:39 pm
message: GET method not allowed
-------------------------
-------------------------
time: October 3, 2021, 9:40 pm
message: Error 8 occured on line 38 in file C:\inetpub\wwwroot\trbs_2021\services\api\payments\create.php: Undefined property: stdClass::$user_id.
-------------------------
-------------------------
time: October 3, 2021, 9:40 pm
message: Booking data fetched.
-------------------------
-------------------------
time: October 3, 2021, 9:44 pm
message: Booking data fetched.
-------------------------
-------------------------
time: October 3, 2021, 9:46 pm
message: Leaderboard data fetched.
-------------------------
-------------------------
time: October 3, 2021, 9:48 pm
message: Leaderboard data fetched.
-------------------------
-------------------------
time: October 3, 2021, 9:48 pm
message: Leaderboard data fetched.
-------------------------
-------------------------
time: October 3, 2021, 9:49 pm
message: Error 8 occured on line 38 in file C:\inetpub\wwwroot\trbs_2021\services\api\payments\create.php: Undefined property: stdClass::$user_id.
-------------------------
-------------------------
time: October 3, 2021, 9:49 pm
message: Booking data fetched.
-------------------------
-------------------------
time: October 3, 2021, 9:51 pm
message: Username/Password not valid.
-------------------------
-------------------------
time: October 3, 2021, 9:51 pm
message: Username/Password not valid.
-------------------------
-------------------------
time: October 3, 2021, 9:51 pm
message: Leaderboard data fetched.
-------------------------
-------------------------
time: October 3, 2021, 9:57 pm
message: Error 8 occured on line 38 in file C:\inetpub\wwwroot\trbs_2021\services\api\payments\create.php: Undefined property: stdClass::$user_id.
-------------------------
-------------------------
time: October 3, 2021, 9:57 pm
message: Booking data fetched.
-------------------------
-------------------------
time: October 3, 2021, 9:57 pm
message: Leaderboard data fetched.
-------------------------
-------------------------
time: October 3, 2021, 9:59 pm
message: Username/Password not valid.
-------------------------
-------------------------
time: October 3, 2021, 10:01 pm
message: Username/Password not valid.
-------------------------
-------------------------
time: October 3, 2021, 10:01 pm
message: User not found with given email id.
-------------------------
-------------------------
time: October 3, 2021, 10:01 pm
message: User not found with given email id.
-------------------------
-------------------------
time: October 3, 2021, 10:03 pm
message: GET method not allowed
-------------------------
-------------------------
time: October 3, 2021, 10:04 pm
message: GET method not allowed
-------------------------
-------------------------
time: October 3, 2021, 10:04 pm
message: Leaderboard data fetched.
-------------------------
-------------------------
time: October 3, 2021, 10:04 pm
message: GET method not allowed
-------------------------
-------------------------
time: October 3, 2021, 10:04 pm
message: GET method not allowed
-------------------------
-------------------------
time: October 3, 2021, 10:05 pm
message: Booking data fetched.
-------------------------
-------------------------
time: October 3, 2021, 10:05 pm
message: GET method not allowed
-------------------------
-------------------------
time: October 3, 2021, 10:05 pm
message: GET method not allowed
-------------------------
-------------------------
time: October 3, 2021, 10:06 pm
message: before foreach: 43, workshop
-------------------------
-------------------------
time: October 3, 2021, 10:06 pm
message: GET method not allowed
-------------------------
-------------------------
time: October 3, 2021, 10:07 pm
message: GET method not allowed
-------------------------
-------------------------
time: October 3, 2021, 10:11 pm
message: GET method not allowed
-------------------------
-------------------------
time: October 3, 2021, 10:13 pm
message: Username/Password not valid.
-------------------------
-------------------------
time: October 3, 2021, 10:13 pm
message: Username/Password not valid.
-------------------------
-------------------------
time: October 3, 2021, 10:14 pm
message: Username/Password not valid.
-------------------------
-------------------------
time: October 3, 2021, 10:16 pm
message: Username/Password not valid.
-------------------------
-------------------------
time: October 3, 2021, 10:16 pm
message: Username/Password not valid.
-------------------------
-------------------------
time: October 3, 2021, 10:16 pm
message: User not found with given email id.
-------------------------
-------------------------
time: October 3, 2021, 10:17 pm
message: User not found with given email id.
-------------------------
-------------------------
time: October 3, 2021, 10:17 pm
message: User not found with given email id.
-------------------------
-------------------------
time: October 3, 2021, 10:17 pm
message: User not found with given email id.
-------------------------
-------------------------
time: October 3, 2021, 10:17 pm
message: User not found with given email id.
-------------------------
-------------------------
time: October 3, 2021, 10:17 pm
message: User not found with given email id.
-------------------------
-------------------------
time: October 3, 2021, 10:17 pm
message: User not found with given email id.
-------------------------
-------------------------
time: October 3, 2021, 10:17 pm
message: User not found with given email id.
-------------------------
-------------------------
time: October 3, 2021, 10:17 pm
message: User not found with given email id.
-------------------------
-------------------------
time: October 3, 2021, 10:17 pm
message: User not found with given email id.
-------------------------
-------------------------
time: October 3, 2021, 10:17 pm
message: User not found with given email id.
-------------------------
-------------------------
time: October 3, 2021, 10:17 pm
message: User not found with given email id.
-------------------------
-------------------------
time: October 3, 2021, 10:17 pm
message: User not found with given email id.
-------------------------
-------------------------
time: October 3, 2021, 10:17 pm
message: User not found with given email id.
-------------------------
-------------------------
time: October 3, 2021, 10:17 pm
message: User not found with given email id.
-------------------------
-------------------------
time: October 3, 2021, 10:17 pm
message: Leaderboard data fetched.
-------------------------
-------------------------
time: October 3, 2021, 10:18 pm
message: Username/Password not valid.
-------------------------
-------------------------
time: October 3, 2021, 10:36 pm
message: SQLSTATE[22001]: String data, right truncated: 1406 Data too long for column 'address' at row 1
-------------------------
-------------------------
time: October 3, 2021, 10:36 pm
message: SQLSTATE[22001]: String data, right truncated: 1406 Data too long for column 'address' at row 1
-------------------------
-------------------------
time: October 3, 2021, 10:37 pm
message: SQLSTATE[22001]: String data, right truncated: 1406 Data too long for column 'address' at row 1
-------------------------
-------------------------
time: October 3, 2021, 10:37 pm
message: SQLSTATE[22001]: String data, right truncated: 1406 Data too long for column 'address' at row 1
-------------------------
-------------------------
time: October 3, 2021, 10:37 pm
message: SQLSTATE[22001]: String data, right truncated: 1406 Data too long for column 'address' at row 1
-------------------------
-------------------------
time: October 3, 2021, 10:37 pm
message: SQLSTATE[22001]: String data, right truncated: 1406 Data too long for column 'address' at row 1
-------------------------
-------------------------
time: October 3, 2021, 10:37 pm
message: SQLSTATE[22001]: String data, right truncated: 1406 Data too long for column 'address' at row 1
-------------------------
-------------------------
time: October 3, 2021, 10:37 pm
message: SQLSTATE[22001]: String data, right truncated: 1406 Data too long for column 'address' at row 1
-------------------------
-------------------------
time: October 3, 2021, 10:56 pm
message: Leaderboard data fetched.
-------------------------
-------------------------
time: October 3, 2021, 10:56 pm
message: Leaderboard data fetched.
-------------------------
-------------------------
time: October 3, 2021, 11:04 pm
message: SQLSTATE[22001]: String data, right truncated: 1406 Data too long for column 'address' at row 1
-------------------------
-------------------------
time: October 3, 2021, 11:04 pm
message: SQLSTATE[22001]: String data, right truncated: 1406 Data too long for column 'address' at row 1
-------------------------
-------------------------
time: October 3, 2021, 11:04 pm
message: Email Id is already associated with another account.
-------------------------
-------------------------
time: October 3, 2021, 11:06 pm
message: Leaderboard data fetched.
-------------------------
-------------------------
time: October 3, 2021, 11:09 pm
message: SQLSTATE[22001]: String data, right truncated: 1406 Data too long for column 'address' at row 1
-------------------------
-------------------------
time: October 3, 2021, 11:09 pm
message: SQLSTATE[22001]: String data, right truncated: 1406 Data too long for column 'address' at row 1
-------------------------
-------------------------
time: October 3, 2021, 11:09 pm
message: SQLSTATE[22001]: String data, right truncated: 1406 Data too long for column 'address' at row 1
-------------------------
-------------------------
time: October 3, 2021, 11:09 pm
message: SQLSTATE[22001]: String data, right truncated: 1406 Data too long for column 'address' at row 1
-------------------------
-------------------------
time: October 3, 2021, 11:09 pm
message: SQLSTATE[22001]: String data, right truncated: 1406 Data too long for column 'address' at row 1
-------------------------
-------------------------
time: October 3, 2021, 11:09 pm
message: SQLSTATE[22001]: String data, right truncated: 1406 Data too long for column 'address' at row 1
-------------------------
-------------------------
time: October 3, 2021, 11:15 pm
message: Leaderboard data fetched.
-------------------------
-------------------------
time: October 3, 2021, 11:17 pm
message: Error 8 occured on line 38 in file C:\inetpub\wwwroot\trbs_2021\services\api\payments\create.php: Undefined property: stdClass::$user_id.
-------------------------
-------------------------
time: October 3, 2021, 11:18 pm
message: Leaderboard data fetched.
-------------------------
-------------------------
time: October 3, 2021, 11:22 pm
message: Username/Password not valid.
-------------------------
-------------------------
time: October 3, 2021, 11:22 pm
message: Username/Password not valid.
-------------------------
-------------------------
time: October 3, 2021, 11:23 pm
message: Booking data fetched.
-------------------------
-------------------------
time: October 3, 2021, 11:26 pm
message: Coupon data fetched.
-------------------------
-------------------------
time: October 3, 2021, 11:27 pm
message: Leaderboard data fetched.
-------------------------
-------------------------
time: October 3, 2021, 11:30 pm
message: Error 8 occured on line 38 in file C:\inetpub\wwwroot\trbs_2021\services\api\payments\create.php: Undefined property: stdClass::$user_id.
-------------------------
-------------------------
time: October 3, 2021, 11:35 pm
message: Booking data fetched.
-------------------------
-------------------------
time: October 3, 2021, 11:36 pm
message: Username/Password not valid.
-------------------------
-------------------------
time: October 3, 2021, 11:36 pm
message: Username/Password not valid.
-------------------------
-------------------------
time: October 3, 2021, 11:43 pm
message: Leaderboard data fetched.
-------------------------
-------------------------
time: October 3, 2021, 11:45 pm
message: GET method not allowed
-------------------------
-------------------------
time: October 3, 2021, 11:48 pm
message: Booking data fetched.
-------------------------
-------------------------
time: October 3, 2021, 11:48 pm
message: Username/Password not valid.
-------------------------
-------------------------
time: October 3, 2021, 11:49 pm
message: Username/Password not valid.
-------------------------
-------------------------
time: October 3, 2021, 11:49 pm
message: Booking data fetched.
-------------------------
-------------------------
time: October 3, 2021, 11:50 pm
message: GET method not allowed
-------------------------
-------------------------
time: October 3, 2021, 11:55 pm
message: Booking data fetched.
-------------------------
-------------------------
time: October 3, 2021, 11:56 pm
message: GET method not allowed
-------------------------
-------------------------
time: October 3, 2021, 11:56 pm
message: GET method not allowed
-------------------------
-------------------------
time: October 3, 2021, 11:56 pm
message: GET method not allowed
-------------------------
-------------------------
time: October 3, 2021, 11:56 pm
message: GET method not allowed
-------------------------
-------------------------
time: October 3, 2021, 11:56 pm
message: GET method not allowed
-------------------------
-------------------------
time: October 3, 2021, 11:57 pm
message: Booking data fetched.
-------------------------
-------------------------
time: October 3, 2021, 11:57 pm
message: Expired token
-------------------------
-------------------------
time: October 3, 2021, 11:57 pm
message: Booking data fetched.
-------------------------
-------------------------
time: October 3, 2021, 11:57 pm
message: Expired token
-------------------------
