-------------------------
time: January 20, 2022, 12:32 am
message: Contact Role data fetched.
-------------------------
-------------------------
time: January 20, 2022, 1:10 am
message: Contact Role data fetched.
-------------------------
-------------------------
time: January 20, 2022, 1:10 am
message: Contact Role data fetched.
-------------------------
-------------------------
time: January 20, 2022, 1:12 am
message: Contact Role data fetched.
-------------------------
-------------------------
time: January 20, 2022, 1:30 am
message: Contact Role data fetched.
-------------------------
-------------------------
time: January 20, 2022, 1:30 am
message: GET method not allowed
-------------------------
-------------------------
time: January 20, 2022, 1:30 am
message: GET method not allowed
-------------------------
-------------------------
time: January 20, 2022, 2:01 am
message: GET method not allowed
-------------------------
-------------------------
time: January 20, 2022, 2:01 am
message: GET method not allowed
-------------------------
-------------------------
time: January 20, 2022, 2:35 am
message: Contact Role data fetched.
-------------------------
-------------------------
time: January 20, 2022, 2:54 am
message: Contact Role data fetched.
-------------------------
-------------------------
time: January 20, 2022, 3:34 am
message: Contact Role data fetched.
-------------------------
-------------------------
time: January 20, 2022, 4:29 am
message: Contact Role data fetched.
-------------------------
-------------------------
time: January 20, 2022, 5:14 am
message: Contact Role data fetched.
-------------------------
-------------------------
time: January 20, 2022, 5:57 am
message: Contact Role data fetched.
-------------------------
-------------------------
time: January 20, 2022, 6:46 am
message: GET method not allowed
-------------------------
-------------------------
time: January 20, 2022, 6:58 am
message: Contact Role data fetched.
-------------------------
-------------------------
time: January 20, 2022, 7:17 am
message: GET method not allowed
-------------------------
-------------------------
time: January 20, 2022, 7:24 am
message: Contact Role data fetched.
-------------------------
-------------------------
time: January 20, 2022, 7:41 am
message: Contact Role data fetched.
-------------------------
-------------------------
time: January 20, 2022, 7:52 am
message: Contact Role data fetched.
-------------------------
-------------------------
time: January 20, 2022, 8:23 am
message: Contact Role data fetched.
-------------------------
-------------------------
time: January 20, 2022, 8:43 am
message: Contact Role data fetched.
-------------------------
-------------------------
time: January 20, 2022, 9:00 am
message: Contact Role data fetched.
-------------------------
-------------------------
time: January 20, 2022, 9:51 am
message: Contact Role data fetched.
-------------------------
-------------------------
time: January 20, 2022, 10:50 am
message: Contact Role data fetched.
-------------------------
-------------------------
time: January 20, 2022, 10:58 am
message: Contact Role data fetched.
-------------------------
-------------------------
time: January 20, 2022, 11:14 am
message: Contact Role data fetched.
-------------------------
-------------------------
time: January 20, 2022, 11:59 am
message: Contact Role data fetched.
-------------------------
-------------------------
time: January 20, 2022, 12:45 pm
message: Leaderboard data fetched.
-------------------------
-------------------------
time: January 20, 2022, 12:53 pm
message: Contact Role data fetched.
-------------------------
-------------------------
time: January 20, 2022, 1:36 pm
message: Contact Role data fetched.
-------------------------
-------------------------
time: January 20, 2022, 1:41 pm
message: Leaderboard data fetched.
-------------------------
-------------------------
time: January 20, 2022, 1:50 pm
message: Contact Role data fetched.
-------------------------
-------------------------
time: January 20, 2022, 2:18 pm
message: Contact Role data fetched.
-------------------------
-------------------------
time: January 20, 2022, 2:18 pm
message: Contact Role data fetched.
-------------------------
-------------------------
time: January 20, 2022, 2:46 pm
message: Contact Role data fetched.
-------------------------
-------------------------
time: January 20, 2022, 2:56 pm
message: Contact Role data fetched.
-------------------------
-------------------------
time: January 20, 2022, 3:07 pm
message: GET method not allowed
-------------------------
-------------------------
time: January 20, 2022, 3:07 pm
message: Contact Role data fetched.
-------------------------
-------------------------
time: January 20, 2022, 3:08 pm
message: Contact Role data fetched.
-------------------------
-------------------------
time: January 20, 2022, 3:08 pm
message: Leaderboard data fetched.
-------------------------
-------------------------
time: January 20, 2022, 3:29 pm
message: Contact Role data fetched.
-------------------------
-------------------------
time: January 20, 2022, 3:32 pm
message: GET method not allowed
-------------------------
-------------------------
time: January 20, 2022, 3:43 pm
message: Contact Role data fetched.
-------------------------
-------------------------
time: January 20, 2022, 4:47 pm
message: Contact Role data fetched.
-------------------------
-------------------------
time: January 20, 2022, 4:48 pm
message: Contact Role data fetched.
-------------------------
-------------------------
time: January 20, 2022, 5:10 pm
message: Contact Role data fetched.
-------------------------
-------------------------
time: January 20, 2022, 6:39 pm
message: Contact Role data fetched.
-------------------------
-------------------------
time: January 20, 2022, 7:01 pm
message: Contact Role data fetched.
-------------------------
-------------------------
time: January 20, 2022, 7:08 pm
message: Contact Role data fetched.
-------------------------
-------------------------
time: January 20, 2022, 7:32 pm
message: Contact Role data fetched.
-------------------------
-------------------------
time: January 20, 2022, 7:53 pm
message: Contact Role data fetched.
-------------------------
-------------------------
time: January 20, 2022, 8:27 pm
message: Contact Role data fetched.
-------------------------
-------------------------
time: January 20, 2022, 8:40 pm
message: Contact Role data fetched.
-------------------------
-------------------------
time: January 20, 2022, 8:44 pm
message: Contact Role data fetched.
-------------------------
-------------------------
time: January 20, 2022, 8:44 pm
message: Contact Role data fetched.
-------------------------
-------------------------
time: January 20, 2022, 9:13 pm
message: Contact Role data fetched.
-------------------------
-------------------------
time: January 20, 2022, 9:24 pm
message: Contact Role data fetched.
-------------------------
-------------------------
time: January 20, 2022, 9:58 pm
message: Contact Role data fetched.
-------------------------
-------------------------
time: January 20, 2022, 10:10 pm
message: Contact Role data fetched.
-------------------------
-------------------------
time: January 20, 2022, 10:26 pm
message: Contact Role data fetched.
-------------------------
-------------------------
time: January 20, 2022, 11:01 pm
message: Contact Role data fetched.
-------------------------
-------------------------
time: January 20, 2022, 11:23 pm
message: Leaderboard data fetched.
-------------------------
