-------------------------
time: December 28, 2021, 12:17 am
message: Contact Role data fetched.
-------------------------
-------------------------
time: December 28, 2021, 12:35 am
message: Contact Role data fetched.
-------------------------
-------------------------
time: December 28, 2021, 1:27 am
message: Contact Role data fetched.
-------------------------
-------------------------
time: December 28, 2021, 1:38 am
message: Contact Role data fetched.
-------------------------
-------------------------
time: December 28, 2021, 2:45 am
message: Contact Role data fetched.
-------------------------
-------------------------
time: December 28, 2021, 3:22 am
message: Contact Role data fetched.
-------------------------
-------------------------
time: December 28, 2021, 3:50 am
message: Contact Role data fetched.
-------------------------
-------------------------
time: December 28, 2021, 4:17 am
message: Contact Role data fetched.
-------------------------
-------------------------
time: December 28, 2021, 9:51 am
message: Contact Role data fetched.
-------------------------
-------------------------
time: December 28, 2021, 10:39 am
message: Contact Role data fetched.
-------------------------
-------------------------
time: December 28, 2021, 10:39 am
message: Contact Role data fetched.
-------------------------
-------------------------
time: December 28, 2021, 10:46 am
message: Contact Role data fetched.
-------------------------
-------------------------
time: December 28, 2021, 10:48 am
message: Leaderboard data fetched.
-------------------------
-------------------------
time: December 28, 2021, 10:48 am
message: Contact Role data fetched.
-------------------------
-------------------------
time: December 28, 2021, 10:49 am
message: Contact Role data fetched.
-------------------------
-------------------------
time: December 28, 2021, 10:52 am
message: Username/Password not valid.
-------------------------
-------------------------
time: December 28, 2021, 10:53 am
message: Username/Password not valid.
-------------------------
-------------------------
time: December 28, 2021, 10:55 am
message: Username/Password not valid.
-------------------------
-------------------------
time: December 28, 2021, 10:56 am
message: Username/Password not valid.
-------------------------
-------------------------
time: December 28, 2021, 10:56 am
message: Contact Role data fetched.
-------------------------
-------------------------
time: December 28, 2021, 10:57 am
message: Contact Role data fetched.
-------------------------
-------------------------
time: December 28, 2021, 10:58 am
message: Contact Role data fetched.
-------------------------
-------------------------
time: December 28, 2021, 10:58 am
message: Contact Role data fetched.
-------------------------
-------------------------
time: December 28, 2021, 10:59 am
message: Contact Role data fetched.
-------------------------
-------------------------
time: December 28, 2021, 10:59 am
message: Contact Role data fetched.
-------------------------
-------------------------
time: December 28, 2021, 10:59 am
message: Contact Role data fetched.
-------------------------
-------------------------
time: December 28, 2021, 11:00 am
message: Contact Role data fetched.
-------------------------
-------------------------
time: December 28, 2021, 11:01 am
message: Contact Role data fetched.
-------------------------
-------------------------
time: December 28, 2021, 11:01 am
message: Contact Role data fetched.
-------------------------
-------------------------
time: December 28, 2021, 11:01 am
message: Contact Role data fetched.
-------------------------
-------------------------
time: December 28, 2021, 11:01 am
message: Contact Role data fetched.
-------------------------
-------------------------
time: December 28, 2021, 11:02 am
message: Booking data fetched.
-------------------------
-------------------------
time: December 28, 2021, 11:06 am
message: Contact Role data fetched.
-------------------------
-------------------------
time: December 28, 2021, 11:09 am
message: Contact Role data fetched.
-------------------------
-------------------------
time: December 28, 2021, 11:09 am
message: Contact Role data fetched.
-------------------------
-------------------------
time: December 28, 2021, 11:18 am
message: Contact Role data fetched.
-------------------------
-------------------------
time: December 28, 2021, 11:27 am
message: GET method not allowed
-------------------------
-------------------------
time: December 28, 2021, 11:29 am
message: Contact Role data fetched.
-------------------------
-------------------------
time: December 28, 2021, 11:29 am
message: Contact Role data fetched.
-------------------------
-------------------------
time: December 28, 2021, 11:29 am
message: Contact Role data fetched.
-------------------------
-------------------------
time: December 28, 2021, 11:30 am
message: Contact Role data fetched.
-------------------------
-------------------------
time: December 28, 2021, 11:31 am
message: Contact Role data fetched.
-------------------------
-------------------------
time: December 28, 2021, 11:33 am
message: Contact Role data fetched.
-------------------------
-------------------------
time: December 28, 2021, 11:33 am
message: Mail Exception: 5.7.8 Username and Password not accepted. Learn more at
 5.7.8  https://support.google.com/mail/?p=BadCredentials s35sm13579670pfw.193 - gsmtp

-------------------------
-------------------------
time: December 28, 2021, 11:58 am
message: GET method not allowed
-------------------------
-------------------------
time: December 28, 2021, 12:55 pm
message: Contact Role data fetched.
-------------------------
-------------------------
time: December 28, 2021, 12:57 pm
message: Mail Exception: 5.7.8 Username and Password not accepted. Learn more at
 5.7.8  https://support.google.com/mail/?p=BadCredentials 204sm2038602pfy.207 - gsmtp

-------------------------
-------------------------
time: December 28, 2021, 1:04 pm
message: Contact Role data fetched.
-------------------------
-------------------------
time: December 28, 2021, 1:04 pm
message: Contact Role data fetched.
-------------------------
-------------------------
time: December 28, 2021, 1:05 pm
message: Booking data fetched.
-------------------------
-------------------------
time: December 28, 2021, 1:53 pm
message: Contact Role data fetched.
-------------------------
-------------------------
time: December 28, 2021, 2:38 pm
message: Contact Role data fetched.
-------------------------
-------------------------
time: December 28, 2021, 3:04 pm
message: Contact Role data fetched.
-------------------------
-------------------------
time: December 28, 2021, 3:56 pm
message: Contact Role data fetched.
-------------------------
-------------------------
time: December 28, 2021, 4:01 pm
message: Contact Role data fetched.
-------------------------
-------------------------
time: December 28, 2021, 4:50 pm
message: Contact Role data fetched.
-------------------------
-------------------------
time: December 28, 2021, 5:01 pm
message: Contact Role data fetched.
-------------------------
-------------------------
time: December 28, 2021, 6:12 pm
message: Contact Role data fetched.
-------------------------
-------------------------
time: December 28, 2021, 6:17 pm
message: Contact Role data fetched.
-------------------------
-------------------------
time: December 28, 2021, 7:02 pm
message: Contact Role data fetched.
-------------------------
-------------------------
time: December 28, 2021, 7:26 pm
message: Contact Role data fetched.
-------------------------
-------------------------
time: December 28, 2021, 8:37 pm
message: Contact Role data fetched.
-------------------------
-------------------------
time: December 28, 2021, 8:55 pm
message: Contact Role data fetched.
-------------------------
