-------------------------
time: October 14, 2021, 3:01 am
message: Leaderboard data fetched.
-------------------------
-------------------------
time: October 14, 2021, 3:25 am
message: Leaderboard data fetched.
-------------------------
-------------------------
time: October 14, 2021, 6:26 am
message: GET method not allowed
-------------------------
-------------------------
time: October 14, 2021, 6:26 am
message: GET method not allowed
-------------------------
-------------------------
time: October 14, 2021, 6:26 am
message: GET method not allowed
-------------------------
-------------------------
time: October 14, 2021, 10:47 am
message: Booking data fetched.
-------------------------
-------------------------
time: October 14, 2021, 10:47 am
message: Expired token
-------------------------
-------------------------
time: October 14, 2021, 2:10 pm
message: Booking data fetched.
-------------------------
-------------------------
time: October 14, 2021, 2:10 pm
message: Expired token
-------------------------
-------------------------
time: October 14, 2021, 2:38 pm
message: Leaderboard data fetched.
-------------------------
-------------------------
time: October 14, 2021, 4:15 pm
message: Booking data fetched.
-------------------------
-------------------------
time: October 14, 2021, 4:15 pm
message: Expired token
-------------------------
-------------------------
time: October 14, 2021, 4:48 pm
message: Booking data fetched.
-------------------------
-------------------------
time: October 14, 2021, 4:49 pm
message: Booking data fetched.
-------------------------
-------------------------
time: October 14, 2021, 6:29 pm
message: Expired token
-------------------------
-------------------------
time: October 14, 2021, 6:29 pm
message: Booking data fetched.
-------------------------
-------------------------
time: October 14, 2021, 6:56 pm
message: Coupon data fetched.
-------------------------
-------------------------
time: October 14, 2021, 6:56 pm
message: Coupon data fetched.
-------------------------
-------------------------
time: October 14, 2021, 6:57 pm
message: Coupon data fetched.
-------------------------
-------------------------
time: October 14, 2021, 6:57 pm
message: Expired token
-------------------------
-------------------------
time: October 14, 2021, 6:57 pm
message: Coupon data fetched.
-------------------------
-------------------------
time: October 14, 2021, 6:58 pm
message: Coupon data fetched.
-------------------------
-------------------------
time: October 14, 2021, 8:01 pm
message: Booking data fetched.
-------------------------
-------------------------
time: October 14, 2021, 8:05 pm
message: Expired token
-------------------------
-------------------------
time: October 14, 2021, 8:05 pm
message: Booking data fetched.
-------------------------
-------------------------
time: October 14, 2021, 8:28 pm
message: Booking data fetched.
-------------------------
-------------------------
time: October 14, 2021, 10:13 pm
message: Expired token
-------------------------
-------------------------
time: October 14, 2021, 10:13 pm
message: Booking data fetched.
-------------------------
-------------------------
time: October 14, 2021, 11:15 pm
message: Leaderboard data fetched.
-------------------------
