-------------------------
time: October 20, 2021, 12:25 am
message: Leaderboard data fetched.
-------------------------
-------------------------
time: October 20, 2021, 3:54 am
message: GET method not allowed
-------------------------
-------------------------
time: October 20, 2021, 4:25 am
message: GET method not allowed
-------------------------
-------------------------
time: October 20, 2021, 5:27 am
message: GET method not allowed
-------------------------
-------------------------
time: October 20, 2021, 10:40 am
message: GET method not allowed
-------------------------
-------------------------
time: October 20, 2021, 10:40 am
message: GET method not allowed
-------------------------
-------------------------
time: October 20, 2021, 10:40 am
message: GET method not allowed
-------------------------
-------------------------
time: October 20, 2021, 10:40 am
message: GET method not allowed
-------------------------
-------------------------
time: October 20, 2021, 11:11 am
message: GET method not allowed
-------------------------
-------------------------
time: October 20, 2021, 11:11 am
message: GET method not allowed
-------------------------
-------------------------
time: October 20, 2021, 11:11 am
message: GET method not allowed
-------------------------
-------------------------
time: October 20, 2021, 11:11 am
message: GET method not allowed
-------------------------
-------------------------
time: October 20, 2021, 11:31 am
message: Error uploading image file.
-------------------------
-------------------------
time: October 20, 2021, 12:06 pm
message: GET method not allowed
-------------------------
-------------------------
time: October 20, 2021, 12:37 pm
message: GET method not allowed
-------------------------
-------------------------
time: October 20, 2021, 1:13 pm
message: Booking data fetched.
-------------------------
-------------------------
time: October 20, 2021, 1:13 pm
message: Booking data fetched.
-------------------------
-------------------------
time: October 20, 2021, 1:28 pm
message: Username/Password not valid.
-------------------------
-------------------------
time: October 20, 2021, 2:23 pm
message: Booking data fetched.
-------------------------
-------------------------
time: October 20, 2021, 2:23 pm
message: Expired token
-------------------------
-------------------------
time: October 20, 2021, 5:16 pm
message: Booking data fetched.
-------------------------
-------------------------
time: October 20, 2021, 5:16 pm
message: Expired token
-------------------------
-------------------------
time: October 20, 2021, 9:36 pm
message: Booking data fetched.
-------------------------
-------------------------
time: October 20, 2021, 9:36 pm
message: Expired token
-------------------------
