-------------------------
time: January 19, 2022, 12:23 am
message: Contact Role data fetched.
-------------------------
-------------------------
time: January 19, 2022, 12:32 am
message: GET method not allowed
-------------------------
-------------------------
time: January 19, 2022, 12:32 am
message: GET method not allowed
-------------------------
-------------------------
time: January 19, 2022, 12:40 am
message: Contact Role data fetched.
-------------------------
-------------------------
time: January 19, 2022, 12:43 am
message: GET method not allowed
-------------------------
-------------------------
time: January 19, 2022, 12:54 am
message: Contact Role data fetched.
-------------------------
-------------------------
time: January 19, 2022, 1:11 am
message: Contact Role data fetched.
-------------------------
-------------------------
time: January 19, 2022, 1:16 am
message: Contact Role data fetched.
-------------------------
-------------------------
time: January 19, 2022, 1:46 am
message: Contact Role data fetched.
-------------------------
-------------------------
time: January 19, 2022, 1:46 am
message: Contact Role data fetched.
-------------------------
-------------------------
time: January 19, 2022, 2:18 am
message: Contact Role data fetched.
-------------------------
-------------------------
time: January 19, 2022, 2:19 am
message: Contact Role data fetched.
-------------------------
-------------------------
time: January 19, 2022, 3:21 am
message: Contact Role data fetched.
-------------------------
-------------------------
time: January 19, 2022, 3:25 am
message: Contact Role data fetched.
-------------------------
-------------------------
time: January 19, 2022, 5:09 am
message: Contact Role data fetched.
-------------------------
-------------------------
time: January 19, 2022, 5:17 am
message: Contact Role data fetched.
-------------------------
-------------------------
time: January 19, 2022, 5:26 am
message: Contact Role data fetched.
-------------------------
-------------------------
time: January 19, 2022, 8:14 am
message: Contact Role data fetched.
-------------------------
-------------------------
time: January 19, 2022, 8:19 am
message: Contact Role data fetched.
-------------------------
-------------------------
time: January 19, 2022, 9:40 am
message: Contact Role data fetched.
-------------------------
-------------------------
time: January 19, 2022, 10:23 am
message: Contact Role data fetched.
-------------------------
-------------------------
time: January 19, 2022, 10:43 am
message: Contact Role data fetched.
-------------------------
-------------------------
time: January 19, 2022, 11:25 am
message: Contact Role data fetched.
-------------------------
-------------------------
time: January 19, 2022, 12:13 pm
message: Contact Role data fetched.
-------------------------
-------------------------
time: January 19, 2022, 12:28 pm
message: Contact Role data fetched.
-------------------------
-------------------------
time: January 19, 2022, 1:07 pm
message: Contact Role data fetched.
-------------------------
-------------------------
time: January 19, 2022, 2:04 pm
message: Contact Role data fetched.
-------------------------
-------------------------
time: January 19, 2022, 2:10 pm
message: Contact Role data fetched.
-------------------------
-------------------------
time: January 19, 2022, 2:35 pm
message: GET method not allowed
-------------------------
-------------------------
time: January 19, 2022, 3:05 pm
message: Contact Role data fetched.
-------------------------
-------------------------
time: January 19, 2022, 3:05 pm
message: Contact Role data fetched.
-------------------------
-------------------------
time: January 19, 2022, 3:05 pm
message: Contact Role data fetched.
-------------------------
-------------------------
time: January 19, 2022, 3:05 pm
message: Contact Role data fetched.
-------------------------
-------------------------
time: January 19, 2022, 3:26 pm
message: GET method not allowed
-------------------------
-------------------------
time: January 19, 2022, 3:57 pm
message: GET method not allowed
-------------------------
-------------------------
time: January 19, 2022, 3:57 pm
message: GET method not allowed
-------------------------
-------------------------
time: January 19, 2022, 4:16 pm
message: Contact Role data fetched.
-------------------------
-------------------------
time: January 19, 2022, 4:21 pm
message: Contact Role data fetched.
-------------------------
-------------------------
time: January 19, 2022, 4:22 pm
message: Contact Role data fetched.
-------------------------
-------------------------
time: January 19, 2022, 5:17 pm
message: Contact Role data fetched.
-------------------------
-------------------------
time: January 19, 2022, 5:42 pm
message: Contact Role data fetched.
-------------------------
-------------------------
time: January 19, 2022, 6:12 pm
message: Contact Role data fetched.
-------------------------
-------------------------
time: January 19, 2022, 6:37 pm
message: Contact Role data fetched.
-------------------------
-------------------------
time: January 19, 2022, 7:07 pm
message: Contact Role data fetched.
-------------------------
-------------------------
time: January 19, 2022, 7:32 pm
message: Contact Role data fetched.
-------------------------
-------------------------
time: January 19, 2022, 7:59 pm
message: Contact Role data fetched.
-------------------------
-------------------------
time: January 19, 2022, 8:00 pm
message: Leaderboard data fetched.
-------------------------
-------------------------
time: January 19, 2022, 8:09 pm
message: Contact Role data fetched.
-------------------------
-------------------------
time: January 19, 2022, 8:16 pm
message: Contact Role data fetched.
-------------------------
-------------------------
time: January 19, 2022, 8:24 pm
message: Contact Role data fetched.
-------------------------
-------------------------
time: January 19, 2022, 11:37 pm
message: Contact Role data fetched.
-------------------------
