-------------------------
time: October 13, 2021, 9:31 am
message: Booking data fetched.
-------------------------
-------------------------
time: October 13, 2021, 9:31 am
message: Expired token
-------------------------
-------------------------
time: October 13, 2021, 9:48 am
message: Booking data fetched.
-------------------------
-------------------------
time: October 13, 2021, 9:48 am
message: Expired token
-------------------------
-------------------------
time: October 13, 2021, 9:48 am
message: Booking data fetched.
-------------------------
-------------------------
time: October 13, 2021, 9:48 am
message: Expired token
-------------------------
-------------------------
time: October 13, 2021, 10:15 am
message: Expired token
-------------------------
-------------------------
time: October 13, 2021, 10:15 am
message: Booking data fetched.
-------------------------
-------------------------
time: October 13, 2021, 10:56 am
message: Booking data fetched.
-------------------------
-------------------------
time: October 13, 2021, 10:56 am
message: Expired token
-------------------------
-------------------------
time: October 13, 2021, 11:26 am
message: Leaderboard data fetched.
-------------------------
-------------------------
time: October 13, 2021, 12:29 pm
message: Leaderboard data fetched.
-------------------------
-------------------------
time: October 13, 2021, 12:51 pm
message: GET method not allowed
-------------------------
-------------------------
time: October 13, 2021, 1:02 pm
message: Booking data fetched.
-------------------------
-------------------------
time: October 13, 2021, 1:02 pm
message: Expired token
-------------------------
-------------------------
time: October 13, 2021, 1:22 pm
message: GET method not allowed
-------------------------
-------------------------
time: October 13, 2021, 2:47 pm
message: Booking data fetched.
-------------------------
-------------------------
time: October 13, 2021, 2:47 pm
message: Expired token
-------------------------
-------------------------
time: October 13, 2021, 2:47 pm
message: Booking data fetched.
-------------------------
-------------------------
time: October 13, 2021, 2:47 pm
message: Expired token
-------------------------
-------------------------
time: October 13, 2021, 2:59 pm
message: Booking data fetched.
-------------------------
-------------------------
time: October 13, 2021, 2:59 pm
message: Expired token
-------------------------
-------------------------
time: October 13, 2021, 5:09 pm
message: Leaderboard data fetched.
-------------------------
-------------------------
time: October 13, 2021, 5:09 pm
message: Expired token
-------------------------
-------------------------
time: October 13, 2021, 5:09 pm
message: Booking data fetched.
-------------------------
-------------------------
time: October 13, 2021, 5:29 pm
message: Leaderboard data fetched.
-------------------------
-------------------------
time: October 13, 2021, 5:31 pm
message: GET method not allowed
-------------------------
-------------------------
time: October 13, 2021, 5:40 pm
message: GET method not allowed
-------------------------
-------------------------
time: October 13, 2021, 5:50 pm
message: Leaderboard data fetched.
-------------------------
-------------------------
time: October 13, 2021, 6:02 pm
message: GET method not allowed
-------------------------
-------------------------
time: October 13, 2021, 6:11 pm
message: GET method not allowed
-------------------------
-------------------------
time: October 13, 2021, 6:48 pm
message: Booking data fetched.
-------------------------
-------------------------
time: October 13, 2021, 6:48 pm
message: Expired token
-------------------------
-------------------------
time: October 13, 2021, 7:34 pm
message: Leaderboard data fetched.
-------------------------
-------------------------
time: October 13, 2021, 8:53 pm
message: GET method not allowed
-------------------------
-------------------------
time: October 13, 2021, 9:24 pm
message: GET method not allowed
-------------------------
-------------------------
time: October 13, 2021, 11:19 pm
message: Leaderboard data fetched.
-------------------------
