-------------------------
time: January 18, 2022, 12:42 am
message: GET method not allowed
-------------------------
-------------------------
time: January 18, 2022, 12:42 am
message: GET method not allowed
-------------------------
-------------------------
time: January 18, 2022, 1:11 am
message: Contact Role data fetched.
-------------------------
-------------------------
time: January 18, 2022, 1:13 am
message: GET method not allowed
-------------------------
-------------------------
time: January 18, 2022, 1:20 am
message: Contact Role data fetched.
-------------------------
-------------------------
time: January 18, 2022, 1:28 am
message: Contact Role data fetched.
-------------------------
-------------------------
time: January 18, 2022, 1:32 am
message: Contact Role data fetched.
-------------------------
-------------------------
time: January 18, 2022, 2:11 am
message: Contact Role data fetched.
-------------------------
-------------------------
time: January 18, 2022, 2:26 am
message: Contact Role data fetched.
-------------------------
-------------------------
time: January 18, 2022, 3:34 am
message: Contact Role data fetched.
-------------------------
-------------------------
time: January 18, 2022, 4:07 am
message: Contact Role data fetched.
-------------------------
-------------------------
time: January 18, 2022, 6:15 am
message: Contact Role data fetched.
-------------------------
-------------------------
time: January 18, 2022, 7:24 am
message: Contact Role data fetched.
-------------------------
-------------------------
time: January 18, 2022, 7:32 am
message: Contact Role data fetched.
-------------------------
-------------------------
time: January 18, 2022, 7:34 am
message: Contact Role data fetched.
-------------------------
-------------------------
time: January 18, 2022, 8:06 am
message: Contact Role data fetched.
-------------------------
-------------------------
time: January 18, 2022, 8:44 am
message: Contact Role data fetched.
-------------------------
-------------------------
time: January 18, 2022, 8:44 am
message: Contact Role data fetched.
-------------------------
-------------------------
time: January 18, 2022, 9:05 am
message: Contact Role data fetched.
-------------------------
-------------------------
time: January 18, 2022, 11:03 am
message: Contact Role data fetched.
-------------------------
-------------------------
time: January 18, 2022, 11:10 am
message: Contact Role data fetched.
-------------------------
-------------------------
time: January 18, 2022, 11:35 am
message: Contact Role data fetched.
-------------------------
-------------------------
time: January 18, 2022, 12:02 pm
message: Contact Role data fetched.
-------------------------
-------------------------
time: January 18, 2022, 12:37 pm
message: Contact Role data fetched.
-------------------------
-------------------------
time: January 18, 2022, 1:08 pm
message: Contact Role data fetched.
-------------------------
-------------------------
time: January 18, 2022, 1:40 pm
message: Contact Role data fetched.
-------------------------
-------------------------
time: January 18, 2022, 1:44 pm
message: Contact Role data fetched.
-------------------------
-------------------------
time: January 18, 2022, 1:58 pm
message: Contact Role data fetched.
-------------------------
-------------------------
time: January 18, 2022, 2:00 pm
message: Contact Role data fetched.
-------------------------
-------------------------
time: January 18, 2022, 2:10 pm
message: Contact Role data fetched.
-------------------------
-------------------------
time: January 18, 2022, 2:39 pm
message: Contact Role data fetched.
-------------------------
-------------------------
time: January 18, 2022, 2:59 pm
message: Contact Role data fetched.
-------------------------
-------------------------
time: January 18, 2022, 3:12 pm
message: Contact Role data fetched.
-------------------------
-------------------------
time: January 18, 2022, 3:16 pm
message: Contact Role data fetched.
-------------------------
-------------------------
time: January 18, 2022, 3:31 pm
message: Contact Role data fetched.
-------------------------
-------------------------
time: January 18, 2022, 3:44 pm
message: Contact Role data fetched.
-------------------------
-------------------------
time: January 18, 2022, 3:52 pm
message: Contact Role data fetched.
-------------------------
-------------------------
time: January 18, 2022, 4:22 pm
message: Contact Role data fetched.
-------------------------
-------------------------
time: January 18, 2022, 4:49 pm
message: Contact Role data fetched.
-------------------------
-------------------------
time: January 18, 2022, 4:55 pm
message: Contact Role data fetched.
-------------------------
-------------------------
time: January 18, 2022, 5:18 pm
message: Contact Role data fetched.
-------------------------
-------------------------
time: January 18, 2022, 5:34 pm
message: Contact Role data fetched.
-------------------------
-------------------------
time: January 18, 2022, 6:04 pm
message: Contact Role data fetched.
-------------------------
-------------------------
time: January 18, 2022, 6:11 pm
message: Contact Role data fetched.
-------------------------
-------------------------
time: January 18, 2022, 6:26 pm
message: Contact Role data fetched.
-------------------------
-------------------------
time: January 18, 2022, 6:55 pm
message: Contact Role data fetched.
-------------------------
-------------------------
time: January 18, 2022, 6:58 pm
message: Contact Role data fetched.
-------------------------
-------------------------
time: January 18, 2022, 7:18 pm
message: Contact Role data fetched.
-------------------------
-------------------------
time: January 18, 2022, 7:26 pm
message: Contact Role data fetched.
-------------------------
-------------------------
time: January 18, 2022, 7:30 pm
message: Contact Role data fetched.
-------------------------
-------------------------
time: January 18, 2022, 8:30 pm
message: Contact Role data fetched.
-------------------------
-------------------------
time: January 18, 2022, 11:32 pm
message: Contact Role data fetched.
-------------------------
