-------------------------
time: October 5, 2021, 12:23 am
message: Leaderboard data fetched.
-------------------------
-------------------------
time: October 5, 2021, 12:25 am
message: Leaderboard data fetched.
-------------------------
-------------------------
time: October 5, 2021, 12:33 am
message: Booking data fetched.
-------------------------
-------------------------
time: October 5, 2021, 12:33 am
message: Expired token
-------------------------
-------------------------
time: October 5, 2021, 1:07 am
message: User not found with given email id.
-------------------------
-------------------------
time: October 5, 2021, 1:09 am
message: Leaderboard data fetched.
-------------------------
-------------------------
time: October 5, 2021, 1:27 am
message: Booking data fetched.
-------------------------
-------------------------
time: October 5, 2021, 5:38 am
message: User not found with given email id.
-------------------------
-------------------------
time: October 5, 2021, 5:38 am
message: User not found with given email id.
-------------------------
-------------------------
time: October 5, 2021, 5:43 am
message: Username/Password not valid.
-------------------------
-------------------------
time: October 5, 2021, 6:43 am
message: Leaderboard data fetched.
-------------------------
-------------------------
time: October 5, 2021, 6:51 am
message: Username/Password not valid.
-------------------------
-------------------------
time: October 5, 2021, 6:59 am
message: SQLSTATE[22001]: String data, right truncated: 1406 Data too long for column 'address' at row 1
-------------------------
-------------------------
time: October 5, 2021, 6:59 am
message: SQLSTATE[22001]: String data, right truncated: 1406 Data too long for column 'address' at row 1
-------------------------
-------------------------
time: October 5, 2021, 6:59 am
message: SQLSTATE[22001]: String data, right truncated: 1406 Data too long for column 'address' at row 1
-------------------------
-------------------------
time: October 5, 2021, 6:59 am
message: SQLSTATE[22001]: String data, right truncated: 1406 Data too long for column 'address' at row 1
-------------------------
-------------------------
time: October 5, 2021, 6:59 am
message: SQLSTATE[22001]: String data, right truncated: 1406 Data too long for column 'address' at row 1
-------------------------
-------------------------
time: October 5, 2021, 6:59 am
message: SQLSTATE[22001]: String data, right truncated: 1406 Data too long for column 'address' at row 1
-------------------------
-------------------------
time: October 5, 2021, 6:59 am
message: SQLSTATE[22001]: String data, right truncated: 1406 Data too long for column 'address' at row 1
-------------------------
-------------------------
time: October 5, 2021, 6:59 am
message: SQLSTATE[22001]: String data, right truncated: 1406 Data too long for column 'address' at row 1
-------------------------
-------------------------
time: October 5, 2021, 7:00 am
message: SQLSTATE[22001]: String data, right truncated: 1406 Data too long for column 'address' at row 1
-------------------------
-------------------------
time: October 5, 2021, 7:00 am
message: SQLSTATE[22001]: String data, right truncated: 1406 Data too long for column 'address' at row 1
-------------------------
-------------------------
time: October 5, 2021, 7:06 am
message: Username/Password not valid.
-------------------------
-------------------------
time: October 5, 2021, 7:07 am
message: Booking data fetched.
-------------------------
-------------------------
time: October 5, 2021, 7:11 am
message: Booking data fetched.
-------------------------
-------------------------
time: October 5, 2021, 7:12 am
message: Booking data fetched.
-------------------------
-------------------------
time: October 5, 2021, 7:13 am
message: Error uploading image file.
-------------------------
-------------------------
time: October 5, 2021, 7:21 am
message: Booking data fetched.
-------------------------
-------------------------
time: October 5, 2021, 7:21 am
message: Booking data fetched.
-------------------------
-------------------------
time: October 5, 2021, 7:27 am
message: Error 8 occured on line 33 in file C:\inetpub\wwwroot\trbs_2021\services\api\users\cart\update.php: Undefined property: stdClass::$state.
-------------------------
-------------------------
time: October 5, 2021, 7:27 am
message: Error 8 occured on line 33 in file C:\inetpub\wwwroot\trbs_2021\services\api\users\cart\update.php: Undefined property: stdClass::$state.
-------------------------
-------------------------
time: October 5, 2021, 7:27 am
message: Error 8 occured on line 33 in file C:\inetpub\wwwroot\trbs_2021\services\api\users\cart\update.php: Undefined property: stdClass::$state.
-------------------------
-------------------------
time: October 5, 2021, 7:27 am
message: Error 8 occured on line 33 in file C:\inetpub\wwwroot\trbs_2021\services\api\users\cart\update.php: Undefined property: stdClass::$state.
-------------------------
-------------------------
time: October 5, 2021, 7:27 am
message: Error 8 occured on line 33 in file C:\inetpub\wwwroot\trbs_2021\services\api\users\cart\update.php: Undefined property: stdClass::$state.
-------------------------
-------------------------
time: October 5, 2021, 7:48 am
message: GET method not allowed
-------------------------
-------------------------
time: October 5, 2021, 8:19 am
message: GET method not allowed
-------------------------
-------------------------
time: October 5, 2021, 8:21 am
message: Username/Password not valid.
-------------------------
-------------------------
time: October 5, 2021, 8:21 am
message: User not found with given email id.
-------------------------
-------------------------
time: October 5, 2021, 8:22 am
message: User not found with given email id.
-------------------------
-------------------------
time: October 5, 2021, 8:22 am
message: Username/Password not valid.
-------------------------
-------------------------
time: October 5, 2021, 8:23 am
message: Username/Password not valid.
-------------------------
-------------------------
time: October 5, 2021, 8:27 am
message: Username/Password not valid.
-------------------------
-------------------------
time: October 5, 2021, 8:28 am
message: Expired token
-------------------------
-------------------------
time: October 5, 2021, 8:28 am
message: Booking data fetched.
-------------------------
-------------------------
time: October 5, 2021, 8:31 am
message: Username/Password not valid.
-------------------------
-------------------------
time: October 5, 2021, 8:32 am
message: User not found with given email id.
-------------------------
-------------------------
time: October 5, 2021, 8:32 am
message: User not found with given email id.
-------------------------
-------------------------
time: October 5, 2021, 8:33 am
message: User not found with given email id.
-------------------------
-------------------------
time: October 5, 2021, 8:35 am
message: SQLSTATE[22001]: String data, right truncated: 1406 Data too long for column 'address' at row 1
-------------------------
-------------------------
time: October 5, 2021, 8:35 am
message: SQLSTATE[22001]: String data, right truncated: 1406 Data too long for column 'address' at row 1
-------------------------
-------------------------
time: October 5, 2021, 8:36 am
message: SQLSTATE[22001]: String data, right truncated: 1406 Data too long for column 'address' at row 1
-------------------------
-------------------------
time: October 5, 2021, 8:36 am
message: SQLSTATE[22001]: String data, right truncated: 1406 Data too long for column 'address' at row 1
-------------------------
-------------------------
time: October 5, 2021, 8:36 am
message: SQLSTATE[22001]: String data, right truncated: 1406 Data too long for column 'address' at row 1
-------------------------
-------------------------
time: October 5, 2021, 8:36 am
message: SQLSTATE[22001]: String data, right truncated: 1406 Data too long for column 'address' at row 1
-------------------------
-------------------------
time: October 5, 2021, 9:12 am
message: Username/Password not valid.
-------------------------
-------------------------
time: October 5, 2021, 9:15 am
message: Username/Password not valid.
-------------------------
-------------------------
time: October 5, 2021, 9:23 am
message: Username/Password not valid.
-------------------------
-------------------------
time: October 5, 2021, 9:23 am
message: User not found with given email id.
-------------------------
-------------------------
time: October 5, 2021, 9:27 am
message: Booking data fetched.
-------------------------
-------------------------
time: October 5, 2021, 9:33 am
message: Expired token
-------------------------
-------------------------
time: October 5, 2021, 9:33 am
message: Booking data fetched.
-------------------------
-------------------------
time: October 5, 2021, 9:40 am
message: Expired token
-------------------------
-------------------------
time: October 5, 2021, 9:40 am
message: Booking data fetched.
-------------------------
-------------------------
time: October 5, 2021, 9:43 am
message: Booking data fetched.
-------------------------
-------------------------
time: October 5, 2021, 9:55 am
message: SQLSTATE[HY000]: General error: 1366 Incorrect integer value: 'Select an option' for column 'college_id' at row 1
-------------------------
-------------------------
time: October 5, 2021, 9:55 am
message: SQLSTATE[HY000]: General error: 1366 Incorrect integer value: 'Select an option' for column 'college_id' at row 1
-------------------------
-------------------------
time: October 5, 2021, 9:56 am
message: Leaderboard data fetched.
-------------------------
-------------------------
time: October 5, 2021, 10:00 am
message: SQLSTATE[HY000]: General error: 1366 Incorrect integer value: 'Select an option' for column 'college_id' at row 1
-------------------------
-------------------------
time: October 5, 2021, 10:00 am
message: SQLSTATE[HY000]: General error: 1366 Incorrect integer value: 'Select an option' for column 'college_id' at row 1
-------------------------
-------------------------
time: October 5, 2021, 10:00 am
message: SQLSTATE[HY000]: General error: 1366 Incorrect integer value: 'Select an option' for column 'college_id' at row 1
-------------------------
-------------------------
time: October 5, 2021, 10:00 am
message: SQLSTATE[HY000]: General error: 1366 Incorrect integer value: 'Select an option' for column 'college_id' at row 1
-------------------------
-------------------------
time: October 5, 2021, 10:01 am
message: Booking data fetched.
-------------------------
-------------------------
time: October 5, 2021, 10:02 am
message: Booking data fetched.
-------------------------
-------------------------
time: October 5, 2021, 10:03 am
message: Expired token
-------------------------
-------------------------
time: October 5, 2021, 10:05 am
message: Booking data fetched.
-------------------------
-------------------------
time: October 5, 2021, 10:05 am
message: Expired token
-------------------------
-------------------------
time: October 5, 2021, 10:06 am
message: Username/Password not valid.
-------------------------
-------------------------
time: October 5, 2021, 10:06 am
message: Username/Password not valid.
-------------------------
-------------------------
time: October 5, 2021, 10:06 am
message: User not found with given email id.
-------------------------
-------------------------
time: October 5, 2021, 10:06 am
message: User not found with given email id.
-------------------------
-------------------------
time: October 5, 2021, 10:07 am
message: Booking data fetched.
-------------------------
-------------------------
time: October 5, 2021, 10:07 am
message: Expired token
-------------------------
-------------------------
time: October 5, 2021, 10:08 am
message: Leaderboard data fetched.
-------------------------
-------------------------
time: October 5, 2021, 10:08 am
message: Leaderboard data fetched.
-------------------------
-------------------------
time: October 5, 2021, 10:13 am
message: Expired token
-------------------------
-------------------------
time: October 5, 2021, 10:13 am
message: Booking data fetched.
-------------------------
-------------------------
time: October 5, 2021, 10:16 am
message: Username/Password not valid.
-------------------------
-------------------------
time: October 5, 2021, 10:18 am
message: SQLSTATE[HY000]: General error: 1366 Incorrect integer value: '' for column 'year' at row 1
-------------------------
-------------------------
time: October 5, 2021, 10:18 am
message: SQLSTATE[HY000]: General error: 1366 Incorrect integer value: '' for column 'year' at row 1
-------------------------
-------------------------
time: October 5, 2021, 10:18 am
message: SQLSTATE[HY000]: General error: 1366 Incorrect integer value: '' for column 'year' at row 1
-------------------------
-------------------------
time: October 5, 2021, 10:18 am
message: SQLSTATE[HY000]: General error: 1366 Incorrect integer value: '' for column 'year' at row 1
-------------------------
-------------------------
time: October 5, 2021, 10:33 am
message: Booking data fetched.
-------------------------
-------------------------
time: October 5, 2021, 10:40 am
message: Booking data fetched.
-------------------------
-------------------------
time: October 5, 2021, 10:42 am
message: Booking data fetched.
-------------------------
-------------------------
time: October 5, 2021, 10:43 am
message: Booking data fetched.
-------------------------
-------------------------
time: October 5, 2021, 10:53 am
message: SQLSTATE[22001]: String data, right truncated: 1406 Data too long for column 'address' at row 1
-------------------------
-------------------------
time: October 5, 2021, 10:53 am
message: SQLSTATE[22001]: String data, right truncated: 1406 Data too long for column 'address' at row 1
-------------------------
-------------------------
time: October 5, 2021, 10:56 am
message: Leaderboard data fetched.
-------------------------
-------------------------
time: October 5, 2021, 11:04 am
message: SQLSTATE[22001]: String data, right truncated: 1406 Data too long for column 'address' at row 1
-------------------------
-------------------------
time: October 5, 2021, 11:04 am
message: SQLSTATE[22001]: String data, right truncated: 1406 Data too long for column 'address' at row 1
-------------------------
-------------------------
time: October 5, 2021, 11:05 am
message: SQLSTATE[22001]: String data, right truncated: 1406 Data too long for column 'address' at row 1
-------------------------
-------------------------
time: October 5, 2021, 11:05 am
message: SQLSTATE[22001]: String data, right truncated: 1406 Data too long for column 'address' at row 1
-------------------------
-------------------------
time: October 5, 2021, 11:05 am
message: SQLSTATE[22001]: String data, right truncated: 1406 Data too long for column 'address' at row 1
-------------------------
-------------------------
time: October 5, 2021, 11:05 am
message: SQLSTATE[22001]: String data, right truncated: 1406 Data too long for column 'address' at row 1
-------------------------
-------------------------
time: October 5, 2021, 11:05 am
message: SQLSTATE[22001]: String data, right truncated: 1406 Data too long for column 'address' at row 1
-------------------------
-------------------------
time: October 5, 2021, 11:05 am
message: SQLSTATE[22001]: String data, right truncated: 1406 Data too long for column 'address' at row 1
-------------------------
-------------------------
time: October 5, 2021, 11:05 am
message: SQLSTATE[22001]: String data, right truncated: 1406 Data too long for column 'address' at row 1
-------------------------
-------------------------
time: October 5, 2021, 11:05 am
message: SQLSTATE[22001]: String data, right truncated: 1406 Data too long for column 'address' at row 1
-------------------------
-------------------------
time: October 5, 2021, 11:05 am
message: SQLSTATE[22001]: String data, right truncated: 1406 Data too long for column 'address' at row 1
-------------------------
-------------------------
time: October 5, 2021, 11:05 am
message: SQLSTATE[22001]: String data, right truncated: 1406 Data too long for column 'address' at row 1
-------------------------
-------------------------
time: October 5, 2021, 11:06 am
message: SQLSTATE[22001]: String data, right truncated: 1406 Data too long for column 'address' at row 1
-------------------------
-------------------------
time: October 5, 2021, 11:06 am
message: SQLSTATE[22001]: String data, right truncated: 1406 Data too long for column 'address' at row 1
-------------------------
-------------------------
time: October 5, 2021, 11:06 am
message: SQLSTATE[22001]: String data, right truncated: 1406 Data too long for column 'address' at row 1
-------------------------
-------------------------
time: October 5, 2021, 11:06 am
message: SQLSTATE[22001]: String data, right truncated: 1406 Data too long for column 'address' at row 1
-------------------------
-------------------------
time: October 5, 2021, 11:06 am
message: SQLSTATE[22001]: String data, right truncated: 1406 Data too long for column 'address' at row 1
-------------------------
-------------------------
time: October 5, 2021, 11:06 am
message: SQLSTATE[22001]: String data, right truncated: 1406 Data too long for column 'address' at row 1
-------------------------
-------------------------
time: October 5, 2021, 11:28 am
message: Booking data fetched.
-------------------------
-------------------------
time: October 5, 2021, 11:28 am
message: Booking data fetched.
-------------------------
-------------------------
time: October 5, 2021, 11:29 am
message: Booking data fetched.
-------------------------
-------------------------
time: October 5, 2021, 11:29 am
message: Expired token
-------------------------
-------------------------
time: October 5, 2021, 11:29 am
message: Booking data fetched.
-------------------------
-------------------------
time: October 5, 2021, 11:30 am
message: Expired token
-------------------------
-------------------------
time: October 5, 2021, 11:31 am
message: Booking data fetched.
-------------------------
-------------------------
time: October 5, 2021, 11:31 am
message: Booking data fetched.
-------------------------
-------------------------
time: October 5, 2021, 11:36 am
message: Leaderboard data fetched.
-------------------------
-------------------------
time: October 5, 2021, 11:40 am
message: GET method not allowed
-------------------------
-------------------------
time: October 5, 2021, 11:41 am
message: GET method not allowed
-------------------------
-------------------------
time: October 5, 2021, 11:42 am
message: GET method not allowed
-------------------------
-------------------------
time: October 5, 2021, 11:43 am
message: Leaderboard data fetched.
-------------------------
-------------------------
time: October 5, 2021, 11:44 am
message: GET method not allowed
-------------------------
-------------------------
time: October 5, 2021, 11:50 am
message: GET method not allowed
-------------------------
-------------------------
time: October 5, 2021, 11:50 am
message: SQLSTATE[HY000]: General error: 1366 Incorrect decimal value: '' for column 'price' at row 1
-------------------------
-------------------------
time: October 5, 2021, 11:50 am
message: SQLSTATE[HY000]: General error: 1366 Incorrect decimal value: '' for column 'price' at row 1
-------------------------
-------------------------
time: October 5, 2021, 11:50 am
message: SQLSTATE[HY000]: General error: 1366 Incorrect decimal value: '' for column 'price' at row 1
-------------------------
-------------------------
time: October 5, 2021, 11:50 am
message: SQLSTATE[HY000]: General error: 1366 Incorrect decimal value: '' for column 'price' at row 1
-------------------------
-------------------------
time: October 5, 2021, 11:51 am
message: SQLSTATE[HY000]: General error: 1366 Incorrect decimal value: '' for column 'price' at row 1
-------------------------
-------------------------
time: October 5, 2021, 11:51 am
message: SQLSTATE[HY000]: General error: 1366 Incorrect decimal value: '' for column 'price' at row 1
-------------------------
-------------------------
time: October 5, 2021, 11:52 am
message: GET method not allowed
-------------------------
-------------------------
time: October 5, 2021, 11:54 am
message: GET method not allowed
-------------------------
-------------------------
time: October 5, 2021, 11:54 am
message: SQLSTATE[HY000]: General error: 1366 Incorrect decimal value: '' for column 'price' at row 1
-------------------------
-------------------------
time: October 5, 2021, 11:54 am
message: SQLSTATE[HY000]: General error: 1366 Incorrect decimal value: '' for column 'price' at row 1
-------------------------
-------------------------
time: October 5, 2021, 11:55 am
message: GET method not allowed
-------------------------
-------------------------
time: October 5, 2021, 11:55 am
message: SQLSTATE[HY000]: General error: 1366 Incorrect decimal value: '' for column 'price' at row 1
-------------------------
-------------------------
time: October 5, 2021, 11:55 am
message: SQLSTATE[HY000]: General error: 1366 Incorrect decimal value: '' for column 'price' at row 1
-------------------------
-------------------------
time: October 5, 2021, 11:55 am
message: Booking data fetched.
-------------------------
-------------------------
time: October 5, 2021, 11:55 am
message: SQLSTATE[HY000]: General error: 1366 Incorrect decimal value: '' for column 'price' at row 1
-------------------------
-------------------------
time: October 5, 2021, 11:55 am
message: SQLSTATE[HY000]: General error: 1366 Incorrect decimal value: '' for column 'price' at row 1
-------------------------
-------------------------
time: October 5, 2021, 11:55 am
message: Leaderboard data fetched.
-------------------------
-------------------------
time: October 5, 2021, 11:56 am
message: Leaderboard data fetched.
-------------------------
-------------------------
time: October 5, 2021, 11:57 am
message: Leaderboard data fetched.
-------------------------
-------------------------
time: October 5, 2021, 11:58 am
message: GET method not allowed
-------------------------
-------------------------
time: October 5, 2021, 12:05 pm
message: Leaderboard data fetched.
-------------------------
-------------------------
time: October 5, 2021, 12:05 pm
message: SQLSTATE[HY000]: General error: 1366 Incorrect decimal value: '' for column 'price' at row 1
-------------------------
-------------------------
time: October 5, 2021, 12:05 pm
message: SQLSTATE[HY000]: General error: 1366 Incorrect decimal value: '' for column 'price' at row 1
-------------------------
-------------------------
time: October 5, 2021, 12:05 pm
message: SQLSTATE[HY000]: General error: 1366 Incorrect decimal value: '' for column 'price' at row 1
-------------------------
-------------------------
time: October 5, 2021, 12:05 pm
message: SQLSTATE[HY000]: General error: 1366 Incorrect decimal value: '' for column 'price' at row 1
-------------------------
-------------------------
time: October 5, 2021, 12:08 pm
message: Expired token
-------------------------
-------------------------
time: October 5, 2021, 12:12 pm
message: Username/Password not valid.
-------------------------
-------------------------
time: October 5, 2021, 12:12 pm
message: Username/Password not valid.
-------------------------
-------------------------
time: October 5, 2021, 12:12 pm
message: Username/Password not valid.
-------------------------
-------------------------
time: October 5, 2021, 12:18 pm
message: Username/Password not valid.
-------------------------
-------------------------
time: October 5, 2021, 12:22 pm
message: Error uploading image file.
-------------------------
-------------------------
time: October 5, 2021, 12:22 pm
message: Error 8 occured on line 24 in file C:\inetpub\wwwroot\trbs_2021\services\api\images\create.php: Undefined index: image_upload.
-------------------------
-------------------------
time: October 5, 2021, 12:24 pm
message: Expired token
-------------------------
-------------------------
time: October 5, 2021, 12:24 pm
message: Booking data fetched.
-------------------------
-------------------------
time: October 5, 2021, 12:24 pm
message: Expired token
-------------------------
-------------------------
time: October 5, 2021, 12:32 pm
message: Username/Password not valid.
-------------------------
-------------------------
time: October 5, 2021, 12:37 pm
message: Username/Password not valid.
-------------------------
-------------------------
time: October 5, 2021, 12:37 pm
message: Username/Password not valid.
-------------------------
-------------------------
time: October 5, 2021, 12:47 pm
message: SQLSTATE[22001]: String data, right truncated: 1406 Data too long for column 'address' at row 1
-------------------------
-------------------------
time: October 5, 2021, 12:47 pm
message: SQLSTATE[22001]: String data, right truncated: 1406 Data too long for column 'address' at row 1
-------------------------
-------------------------
time: October 5, 2021, 12:53 pm
message: Username/Password not valid.
-------------------------
-------------------------
time: October 5, 2021, 12:53 pm
message: User not found with given email id.
-------------------------
-------------------------
time: October 5, 2021, 12:54 pm
message: Leaderboard data fetched.
-------------------------
-------------------------
time: October 5, 2021, 12:54 pm
message: Leaderboard data fetched.
-------------------------
-------------------------
time: October 5, 2021, 1:01 pm
message: Username/Password not valid.
-------------------------
-------------------------
time: October 5, 2021, 1:03 pm
message: Booking data fetched.
-------------------------
-------------------------
time: October 5, 2021, 1:03 pm
message: SQLSTATE[22001]: String data, right truncated: 1406 Data too long for column 'address' at row 1
-------------------------
-------------------------
time: October 5, 2021, 1:03 pm
message: SQLSTATE[22001]: String data, right truncated: 1406 Data too long for column 'address' at row 1
-------------------------
-------------------------
time: October 5, 2021, 1:03 pm
message: SQLSTATE[22001]: String data, right truncated: 1406 Data too long for column 'address' at row 1
-------------------------
-------------------------
time: October 5, 2021, 1:03 pm
message: SQLSTATE[22001]: String data, right truncated: 1406 Data too long for column 'address' at row 1
-------------------------
-------------------------
time: October 5, 2021, 1:05 pm
message: Expired token
-------------------------
-------------------------
time: October 5, 2021, 1:05 pm
message: Booking data fetched.
-------------------------
-------------------------
time: October 5, 2021, 1:05 pm
message: Expired token
-------------------------
-------------------------
time: October 5, 2021, 1:06 pm
message: Booking data fetched.
-------------------------
-------------------------
time: October 5, 2021, 1:06 pm
message: Expired token
-------------------------
-------------------------
time: October 5, 2021, 1:20 pm
message: SQLSTATE[22001]: String data, right truncated: 1406 Data too long for column 'address' at row 1
-------------------------
-------------------------
time: October 5, 2021, 1:20 pm
message: SQLSTATE[22001]: String data, right truncated: 1406 Data too long for column 'address' at row 1
-------------------------
-------------------------
time: October 5, 2021, 1:20 pm
message: SQLSTATE[22001]: String data, right truncated: 1406 Data too long for column 'address' at row 1
-------------------------
-------------------------
time: October 5, 2021, 1:20 pm
message: SQLSTATE[22001]: String data, right truncated: 1406 Data too long for column 'address' at row 1
-------------------------
-------------------------
time: October 5, 2021, 1:20 pm
message: SQLSTATE[22001]: String data, right truncated: 1406 Data too long for column 'address' at row 1
-------------------------
-------------------------
time: October 5, 2021, 1:20 pm
message: SQLSTATE[22001]: String data, right truncated: 1406 Data too long for column 'address' at row 1
-------------------------
-------------------------
time: October 5, 2021, 1:20 pm
message: SQLSTATE[22001]: String data, right truncated: 1406 Data too long for column 'address' at row 1
-------------------------
-------------------------
time: October 5, 2021, 1:20 pm
message: SQLSTATE[22001]: String data, right truncated: 1406 Data too long for column 'address' at row 1
-------------------------
-------------------------
time: October 5, 2021, 1:21 pm
message: SQLSTATE[22001]: String data, right truncated: 1406 Data too long for column 'address' at row 1
-------------------------
-------------------------
time: October 5, 2021, 1:21 pm
message: SQLSTATE[22001]: String data, right truncated: 1406 Data too long for column 'address' at row 1
-------------------------
-------------------------
time: October 5, 2021, 1:21 pm
message: SQLSTATE[22001]: String data, right truncated: 1406 Data too long for column 'address' at row 1
-------------------------
-------------------------
time: October 5, 2021, 1:21 pm
message: SQLSTATE[22001]: String data, right truncated: 1406 Data too long for column 'address' at row 1
-------------------------
-------------------------
time: October 5, 2021, 1:23 pm
message: GET method not allowed
-------------------------
-------------------------
time: October 5, 2021, 1:23 pm
message: GET method not allowed
-------------------------
-------------------------
time: October 5, 2021, 1:24 pm
message: GET method not allowed
-------------------------
-------------------------
time: October 5, 2021, 1:25 pm
message: GET method not allowed
-------------------------
-------------------------
time: October 5, 2021, 1:32 pm
message: GET method not allowed
-------------------------
-------------------------
time: October 5, 2021, 1:42 pm
message: Booking data fetched.
-------------------------
-------------------------
time: October 5, 2021, 1:54 pm
message: Expired token
-------------------------
-------------------------
time: October 5, 2021, 2:04 pm
message: Username/Password not valid.
-------------------------
-------------------------
time: October 5, 2021, 2:04 pm
message: Booking data fetched.
-------------------------
-------------------------
time: October 5, 2021, 2:06 pm
message: Booking data fetched.
-------------------------
-------------------------
time: October 5, 2021, 2:07 pm
message: Booking data fetched.
-------------------------
-------------------------
time: October 5, 2021, 2:09 pm
message: Booking data fetched.
-------------------------
-------------------------
time: October 5, 2021, 2:09 pm
message: Expired token
-------------------------
-------------------------
time: October 5, 2021, 2:10 pm
message: Booking data fetched.
-------------------------
-------------------------
time: October 5, 2021, 2:19 pm
message: Leaderboard data fetched.
-------------------------
-------------------------
time: October 5, 2021, 2:20 pm
message: Leaderboard data fetched.
-------------------------
-------------------------
time: October 5, 2021, 2:20 pm
message: Leaderboard data fetched.
-------------------------
-------------------------
time: October 5, 2021, 2:20 pm
message: Leaderboard data fetched.
-------------------------
-------------------------
time: October 5, 2021, 2:20 pm
message: Leaderboard data fetched.
-------------------------
-------------------------
time: October 5, 2021, 2:20 pm
message: Leaderboard data fetched.
-------------------------
-------------------------
time: October 5, 2021, 2:21 pm
message: Username/Password not valid.
-------------------------
-------------------------
time: October 5, 2021, 2:22 pm
message: Username/Password not valid.
-------------------------
-------------------------
time: October 5, 2021, 2:22 pm
message: Username/Password not valid.
-------------------------
-------------------------
time: October 5, 2021, 2:22 pm
message: Leaderboard data fetched.
-------------------------
-------------------------
time: October 5, 2021, 2:22 pm
message: Username/Password not valid.
-------------------------
-------------------------
time: October 5, 2021, 2:22 pm
message: User not found with given email id.
-------------------------
-------------------------
time: October 5, 2021, 2:23 pm
message: User not found with given email id.
-------------------------
-------------------------
time: October 5, 2021, 2:23 pm
message: User not found with given email id.
-------------------------
-------------------------
time: October 5, 2021, 2:24 pm
message: SQLSTATE[HY000]: General error: 1366 Incorrect integer value: 'Select an option' for column 'college_id' at row 1
-------------------------
-------------------------
time: October 5, 2021, 2:24 pm
message: SQLSTATE[HY000]: General error: 1366 Incorrect integer value: 'Select an option' for column 'college_id' at row 1
-------------------------
-------------------------
time: October 5, 2021, 2:24 pm
message: Username/Password not valid.
-------------------------
-------------------------
time: October 5, 2021, 2:24 pm
message: Username/Password not valid.
-------------------------
-------------------------
time: October 5, 2021, 2:24 pm
message: User not found with given email id.
-------------------------
-------------------------
time: October 5, 2021, 2:24 pm
message: Username/Password not valid.
-------------------------
-------------------------
time: October 5, 2021, 2:24 pm
message: Username/Password not valid.
-------------------------
-------------------------
time: October 5, 2021, 2:27 pm
message: SQLSTATE[22001]: String data, right truncated: 1406 Data too long for column 'address' at row 1
-------------------------
-------------------------
time: October 5, 2021, 2:27 pm
message: SQLSTATE[22001]: String data, right truncated: 1406 Data too long for column 'address' at row 1
-------------------------
-------------------------
time: October 5, 2021, 2:29 pm
message: Leaderboard data fetched.
-------------------------
-------------------------
time: October 5, 2021, 2:30 pm
message: Booking data fetched.
-------------------------
-------------------------
time: October 5, 2021, 2:33 pm
message: Leaderboard data fetched.
-------------------------
-------------------------
time: October 5, 2021, 2:43 pm
message: Booking data fetched.
-------------------------
-------------------------
time: October 5, 2021, 2:44 pm
message: Booking data fetched.
-------------------------
-------------------------
time: October 5, 2021, 2:45 pm
message: Booking data fetched.
-------------------------
-------------------------
time: October 5, 2021, 2:50 pm
message: Expired token
-------------------------
-------------------------
time: October 5, 2021, 2:51 pm
message: Expired token
-------------------------
-------------------------
time: October 5, 2021, 2:53 pm
message: Booking data fetched.
-------------------------
-------------------------
time: October 5, 2021, 3:12 pm
message: Expired token
-------------------------
-------------------------
time: October 5, 2021, 3:12 pm
message: Booking data fetched.
-------------------------
-------------------------
time: October 5, 2021, 3:13 pm
message: Booking data fetched.
-------------------------
-------------------------
time: October 5, 2021, 3:13 pm
message: Expired token
-------------------------
-------------------------
time: October 5, 2021, 3:13 pm
message: Booking data fetched.
-------------------------
-------------------------
time: October 5, 2021, 3:13 pm
message: Expired token
-------------------------
-------------------------
time: October 5, 2021, 3:13 pm
message: Booking data fetched.
-------------------------
-------------------------
time: October 5, 2021, 3:13 pm
message: Expired token
-------------------------
-------------------------
time: October 5, 2021, 3:16 pm
message: Booking data fetched.
-------------------------
-------------------------
time: October 5, 2021, 3:16 pm
message: Expired token
-------------------------
-------------------------
time: October 5, 2021, 3:18 pm
message: Leaderboard data fetched.
-------------------------
-------------------------
time: October 5, 2021, 3:18 pm
message: Leaderboard data fetched.
-------------------------
-------------------------
time: October 5, 2021, 3:22 pm
message: SQLSTATE[22001]: String data, right truncated: 1406 Data too long for column 'address' at row 1
-------------------------
-------------------------
time: October 5, 2021, 3:22 pm
message: SQLSTATE[22001]: String data, right truncated: 1406 Data too long for column 'address' at row 1
-------------------------
-------------------------
time: October 5, 2021, 3:23 pm
message: SQLSTATE[22001]: String data, right truncated: 1406 Data too long for column 'address' at row 1
-------------------------
-------------------------
time: October 5, 2021, 3:23 pm
message: SQLSTATE[22001]: String data, right truncated: 1406 Data too long for column 'address' at row 1
-------------------------
-------------------------
time: October 5, 2021, 3:26 pm
message: Booking data fetched.
-------------------------
-------------------------
time: October 5, 2021, 3:26 pm
message: Booking data fetched.
-------------------------
-------------------------
time: October 5, 2021, 3:35 pm
message: Leaderboard data fetched.
-------------------------
-------------------------
time: October 5, 2021, 3:35 pm
message: Username/Password not valid.
-------------------------
-------------------------
time: October 5, 2021, 3:35 pm
message: Username/Password not valid.
-------------------------
-------------------------
time: October 5, 2021, 3:35 pm
message: Username/Password not valid.
-------------------------
-------------------------
time: October 5, 2021, 3:36 pm
message: Username/Password not valid.
-------------------------
-------------------------
time: October 5, 2021, 3:51 pm
message: Leaderboard data fetched.
-------------------------
-------------------------
time: October 5, 2021, 3:52 pm
message: Username/Password not valid.
-------------------------
-------------------------
time: October 5, 2021, 3:52 pm
message: User not found with given email id.
-------------------------
-------------------------
time: October 5, 2021, 4:00 pm
message: Expired token
-------------------------
-------------------------
time: October 5, 2021, 4:00 pm
message: Expired token
-------------------------
-------------------------
time: October 5, 2021, 4:01 pm
message: Expired token
-------------------------
-------------------------
time: October 5, 2021, 4:05 pm
message: Booking data fetched.
-------------------------
-------------------------
time: October 5, 2021, 4:05 pm
message: Booking data fetched.
-------------------------
-------------------------
time: October 5, 2021, 4:12 pm
message: Booking data fetched.
-------------------------
-------------------------
time: October 5, 2021, 4:15 pm
message: Username/Password not valid.
-------------------------
-------------------------
time: October 5, 2021, 4:22 pm
message: Username/Password not valid.
-------------------------
-------------------------
time: October 5, 2021, 4:22 pm
message: Username/Password not valid.
-------------------------
-------------------------
time: October 5, 2021, 4:23 pm
message: Username/Password not valid.
-------------------------
-------------------------
time: October 5, 2021, 4:23 pm
message: User not found with given email id.
-------------------------
-------------------------
time: October 5, 2021, 4:32 pm
message: Booking data fetched.
-------------------------
-------------------------
time: October 5, 2021, 4:50 pm
message: Booking data fetched.
-------------------------
-------------------------
time: October 5, 2021, 4:50 pm
message: Booking data fetched.
-------------------------
-------------------------
time: October 5, 2021, 4:51 pm
message: Booking data fetched.
-------------------------
-------------------------
time: October 5, 2021, 5:03 pm
message: Expired token
-------------------------
-------------------------
time: October 5, 2021, 5:03 pm
message: Booking data fetched.
-------------------------
-------------------------
time: October 5, 2021, 5:05 pm
message: Username/Password not valid.
-------------------------
-------------------------
time: October 5, 2021, 5:05 pm
message: User not found with given email id.
-------------------------
-------------------------
time: October 5, 2021, 5:05 pm
message: User not found with given email id.
-------------------------
-------------------------
time: October 5, 2021, 5:15 pm
message: Booking data fetched.
-------------------------
-------------------------
time: October 5, 2021, 5:15 pm
message: Expired token
-------------------------
-------------------------
time: October 5, 2021, 5:24 pm
message: Expired token
-------------------------
-------------------------
time: October 5, 2021, 5:35 pm
message: Booking data fetched.
-------------------------
-------------------------
time: October 5, 2021, 5:35 pm
message: Expired token
-------------------------
-------------------------
time: October 5, 2021, 5:41 pm
message: Booking data fetched.
-------------------------
-------------------------
time: October 5, 2021, 5:41 pm
message: Booking data fetched.
-------------------------
-------------------------
time: October 5, 2021, 5:43 pm
message: Booking data fetched.
-------------------------
-------------------------
time: October 5, 2021, 5:46 pm
message: Booking data fetched.
-------------------------
-------------------------
time: October 5, 2021, 5:47 pm
message: Booking data fetched.
-------------------------
-------------------------
time: October 5, 2021, 5:48 pm
message: Booking data fetched.
-------------------------
-------------------------
time: October 5, 2021, 5:49 pm
message: Booking data fetched.
-------------------------
-------------------------
time: October 5, 2021, 5:52 pm
message: Username/Password not valid.
-------------------------
-------------------------
time: October 5, 2021, 5:53 pm
message: Username/Password not valid.
-------------------------
-------------------------
time: October 5, 2021, 5:54 pm
message: Leaderboard data fetched.
-------------------------
-------------------------
time: October 5, 2021, 5:55 pm
message: Booking data fetched.
-------------------------
-------------------------
time: October 5, 2021, 5:56 pm
message: Booking data fetched.
-------------------------
-------------------------
time: October 5, 2021, 5:57 pm
message: Booking data fetched.
-------------------------
-------------------------
time: October 5, 2021, 5:57 pm
message: Expired token
-------------------------
-------------------------
time: October 5, 2021, 6:02 pm
message: Booking data fetched.
-------------------------
-------------------------
time: October 5, 2021, 6:06 pm
message: Leaderboard data fetched.
-------------------------
-------------------------
time: October 5, 2021, 6:06 pm
message: Leaderboard data fetched.
-------------------------
-------------------------
time: October 5, 2021, 6:20 pm
message: User not found with given email id.
-------------------------
-------------------------
time: October 5, 2021, 6:20 pm
message: User not found with given email id.
-------------------------
-------------------------
time: October 5, 2021, 6:21 pm
message: Username/Password not valid.
-------------------------
-------------------------
time: October 5, 2021, 6:23 pm
message: Booking data fetched.
-------------------------
-------------------------
time: October 5, 2021, 6:26 pm
message: Booking data fetched.
-------------------------
-------------------------
time: October 5, 2021, 6:40 pm
message: Username/Password not valid.
-------------------------
-------------------------
time: October 5, 2021, 6:40 pm
message: Username/Password not valid.
-------------------------
-------------------------
time: October 5, 2021, 6:41 pm
message: User not found with given email id.
-------------------------
-------------------------
time: October 5, 2021, 6:41 pm
message: User not found with given email id.
-------------------------
-------------------------
time: October 5, 2021, 6:41 pm
message: User not found with given email id.
-------------------------
-------------------------
time: October 5, 2021, 6:42 pm
message: User not found with given email id.
-------------------------
-------------------------
time: October 5, 2021, 6:42 pm
message: User not found with given email id.
-------------------------
-------------------------
time: October 5, 2021, 6:42 pm
message: User not found with given email id.
-------------------------
-------------------------
time: October 5, 2021, 6:42 pm
message: User not found with given email id.
-------------------------
-------------------------
time: October 5, 2021, 6:43 pm
message: User not found with given email id.
-------------------------
-------------------------
time: October 5, 2021, 6:43 pm
message: User not found with given email id.
-------------------------
-------------------------
time: October 5, 2021, 6:43 pm
message: User not found with given email id.
-------------------------
-------------------------
time: October 5, 2021, 6:43 pm
message: User not found with given email id.
-------------------------
-------------------------
time: October 5, 2021, 6:43 pm
message: User not found with given email id.
-------------------------
-------------------------
time: October 5, 2021, 6:43 pm
message: User not found with given email id.
-------------------------
-------------------------
time: October 5, 2021, 6:43 pm
message: User not found with given email id.
-------------------------
-------------------------
time: October 5, 2021, 6:44 pm
message: User not found with given email id.
-------------------------
-------------------------
time: October 5, 2021, 6:44 pm
message: User not found with given email id.
-------------------------
-------------------------
time: October 5, 2021, 6:48 pm
message: Leaderboard data fetched.
-------------------------
-------------------------
time: October 5, 2021, 6:50 pm
message: Leaderboard data fetched.
-------------------------
-------------------------
time: October 5, 2021, 6:50 pm
message: Username/Password not valid.
-------------------------
-------------------------
time: October 5, 2021, 6:51 pm
message: Username/Password not valid.
-------------------------
-------------------------
time: October 5, 2021, 6:56 pm
message: Username/Password not valid.
-------------------------
-------------------------
time: October 5, 2021, 6:57 pm
message: Username/Password not valid.
-------------------------
-------------------------
time: October 5, 2021, 6:58 pm
message: Username/Password not valid.
-------------------------
-------------------------
time: October 5, 2021, 6:58 pm
message: User not found with given email id.
-------------------------
-------------------------
time: October 5, 2021, 6:58 pm
message: User not found with given email id.
-------------------------
-------------------------
time: October 5, 2021, 6:58 pm
message: User not found with given email id.
-------------------------
-------------------------
time: October 5, 2021, 7:00 pm
message: User not found with given email id.
-------------------------
-------------------------
time: October 5, 2021, 7:00 pm
message: User not found with given email id.
-------------------------
-------------------------
time: October 5, 2021, 7:00 pm
message: User not found with given email id.
-------------------------
-------------------------
time: October 5, 2021, 7:00 pm
message: User not found with given email id.
-------------------------
-------------------------
time: October 5, 2021, 7:00 pm
message: User not found with given email id.
-------------------------
-------------------------
time: October 5, 2021, 7:01 pm
message: Username/Password not valid.
-------------------------
-------------------------
time: October 5, 2021, 7:01 pm
message: Username/Password not valid.
-------------------------
-------------------------
time: October 5, 2021, 7:01 pm
message: Username/Password not valid.
-------------------------
-------------------------
time: October 5, 2021, 7:01 pm
message: Username/Password not valid.
-------------------------
-------------------------
time: October 5, 2021, 7:01 pm
message: Username/Password not valid.
-------------------------
-------------------------
time: October 5, 2021, 7:01 pm
message: Username/Password not valid.
-------------------------
-------------------------
time: October 5, 2021, 7:01 pm
message: User not found with given email id.
-------------------------
-------------------------
time: October 5, 2021, 7:03 pm
message: Username/Password not valid.
-------------------------
-------------------------
time: October 5, 2021, 7:07 pm
message: Expired token
-------------------------
-------------------------
time: October 5, 2021, 7:07 pm
message: Expired token
-------------------------
-------------------------
time: October 5, 2021, 7:08 pm
message: Leaderboard data fetched.
-------------------------
-------------------------
time: October 5, 2021, 7:08 pm
message: Username/Password not valid.
-------------------------
-------------------------
time: October 5, 2021, 7:09 pm
message: Username/Password not valid.
-------------------------
-------------------------
time: October 5, 2021, 7:10 pm
message: Booking data fetched.
-------------------------
-------------------------
time: October 5, 2021, 7:10 pm
message: Booking data fetched.
-------------------------
-------------------------
time: October 5, 2021, 7:29 pm
message: Leaderboard data fetched.
-------------------------
-------------------------
time: October 5, 2021, 7:30 pm
message: Leaderboard data fetched.
-------------------------
-------------------------
time: October 5, 2021, 7:30 pm
message: Booking data fetched.
-------------------------
-------------------------
time: October 5, 2021, 7:32 pm
message: Booking data fetched.
-------------------------
-------------------------
time: October 5, 2021, 7:32 pm
message: Expired token
-------------------------
-------------------------
time: October 5, 2021, 7:33 pm
message: Leaderboard data fetched.
-------------------------
-------------------------
time: October 5, 2021, 7:33 pm
message: Booking data fetched.
-------------------------
-------------------------
time: October 5, 2021, 7:40 pm
message: Booking data fetched.
-------------------------
-------------------------
time: October 5, 2021, 7:41 pm
message: Booking data fetched.
-------------------------
-------------------------
time: October 5, 2021, 7:44 pm
message: Error 8 occured on line 33 in file C:\inetpub\wwwroot\trbs_2021\services\api\users\cart\update.php: Undefined property: stdClass::$state.
-------------------------
-------------------------
time: October 5, 2021, 7:50 pm
message: Leaderboard data fetched.
-------------------------
-------------------------
time: October 5, 2021, 8:03 pm
message: Booking data fetched.
-------------------------
-------------------------
time: October 5, 2021, 8:03 pm
message: Booking data fetched.
-------------------------
-------------------------
time: October 5, 2021, 8:03 pm
message: Booking data fetched.
-------------------------
-------------------------
time: October 5, 2021, 8:07 pm
message: Booking data fetched.
-------------------------
-------------------------
time: October 5, 2021, 8:10 pm
message: Booking data fetched.
-------------------------
-------------------------
time: October 5, 2021, 8:16 pm
message: Booking data fetched.
-------------------------
-------------------------
time: October 5, 2021, 8:16 pm
message: Expired token
-------------------------
-------------------------
time: October 5, 2021, 8:16 pm
message: Transaction Id has already been used.
-------------------------
-------------------------
time: October 5, 2021, 8:16 pm
message: Booking data fetched.
-------------------------
-------------------------
time: October 5, 2021, 8:16 pm
message: Expired token
-------------------------
-------------------------
time: October 5, 2021, 8:17 pm
message: Expired token
-------------------------
-------------------------
time: October 5, 2021, 8:25 pm
message: Booking data fetched.
-------------------------
-------------------------
time: October 5, 2021, 8:25 pm
message: Booking data fetched.
-------------------------
-------------------------
time: October 5, 2021, 8:25 pm
message: Booking data fetched.
-------------------------
-------------------------
time: October 5, 2021, 8:26 pm
message: Booking data fetched.
-------------------------
-------------------------
time: October 5, 2021, 8:32 pm
message: SQLSTATE[22001]: String data, right truncated: 1406 Data too long for column 'address' at row 1
-------------------------
-------------------------
time: October 5, 2021, 8:32 pm
message: SQLSTATE[22001]: String data, right truncated: 1406 Data too long for column 'address' at row 1
-------------------------
-------------------------
time: October 5, 2021, 8:34 pm
message: Username/Password not valid.
-------------------------
-------------------------
time: October 5, 2021, 8:35 pm
message: Username/Password not valid.
-------------------------
-------------------------
time: October 5, 2021, 8:35 pm
message: Username/Password not valid.
-------------------------
-------------------------
time: October 5, 2021, 8:36 pm
message: Username/Password not valid.
-------------------------
-------------------------
time: October 5, 2021, 8:36 pm
message: User not found with given email id.
-------------------------
-------------------------
time: October 5, 2021, 8:38 pm
message: Booking data fetched.
-------------------------
-------------------------
time: October 5, 2021, 8:39 pm
message: Booking data fetched.
-------------------------
-------------------------
time: October 5, 2021, 8:40 pm
message: Booking data fetched.
-------------------------
-------------------------
time: October 5, 2021, 8:41 pm
message: Booking data fetched.
-------------------------
-------------------------
time: October 5, 2021, 8:44 pm
message: Booking data fetched.
-------------------------
-------------------------
time: October 5, 2021, 8:50 pm
message: Booking data fetched.
-------------------------
-------------------------
time: October 5, 2021, 8:52 pm
message: Leaderboard data fetched.
-------------------------
-------------------------
time: October 5, 2021, 8:58 pm
message: Booking data fetched.
-------------------------
-------------------------
time: October 5, 2021, 9:11 pm
message: Booking data fetched.
-------------------------
-------------------------
time: October 5, 2021, 9:13 pm
message: Booking data fetched.
-------------------------
-------------------------
time: October 5, 2021, 9:14 pm
message: Booking data fetched.
-------------------------
-------------------------
time: October 5, 2021, 9:14 pm
message: Booking data fetched.
-------------------------
-------------------------
time: October 5, 2021, 9:14 pm
message: Booking data fetched.
-------------------------
-------------------------
time: October 5, 2021, 9:17 pm
message: Booking data fetched.
-------------------------
-------------------------
time: October 5, 2021, 9:18 pm
message: Booking data fetched.
-------------------------
-------------------------
time: October 5, 2021, 9:20 pm
message: Leaderboard data fetched.
-------------------------
-------------------------
time: October 5, 2021, 9:21 pm
message: Leaderboard data fetched.
-------------------------
-------------------------
time: October 5, 2021, 9:23 pm
message: Booking data fetched.
-------------------------
-------------------------
time: October 5, 2021, 9:28 pm
message: Booking data fetched.
-------------------------
-------------------------
time: October 5, 2021, 9:28 pm
message: Expired token
-------------------------
-------------------------
time: October 5, 2021, 9:29 pm
message: Booking data fetched.
-------------------------
-------------------------
time: October 5, 2021, 9:29 pm
message: Expired token
-------------------------
-------------------------
time: October 5, 2021, 9:30 pm
message: Booking data fetched.
-------------------------
-------------------------
time: October 5, 2021, 9:30 pm
message: Expired token
-------------------------
-------------------------
time: October 5, 2021, 9:31 pm
message: GET method not allowed
-------------------------
-------------------------
time: October 5, 2021, 9:31 pm
message: Booking data fetched.
-------------------------
-------------------------
time: October 5, 2021, 9:31 pm
message: Expired token
-------------------------
-------------------------
time: October 5, 2021, 9:34 pm
message: GET method not allowed
-------------------------
-------------------------
time: October 5, 2021, 9:35 pm
message: Leaderboard data fetched.
-------------------------
-------------------------
time: October 5, 2021, 9:40 pm
message: Username/Password not valid.
-------------------------
-------------------------
time: October 5, 2021, 9:40 pm
message: Username/Password not valid.
-------------------------
-------------------------
time: October 5, 2021, 9:41 pm
message: Booking data fetched.
-------------------------
-------------------------
time: October 5, 2021, 9:41 pm
message: Booking data fetched.
-------------------------
-------------------------
time: October 5, 2021, 9:42 pm
message: Booking data fetched.
-------------------------
-------------------------
time: October 5, 2021, 9:45 pm
message: Booking data fetched.
-------------------------
-------------------------
time: October 5, 2021, 9:45 pm
message: Expired token
-------------------------
-------------------------
time: October 5, 2021, 9:46 pm
message: Booking data fetched.
-------------------------
-------------------------
time: October 5, 2021, 9:47 pm
message: Leaderboard data fetched.
-------------------------
-------------------------
time: October 5, 2021, 9:48 pm
message: Leaderboard data fetched.
-------------------------
-------------------------
time: October 5, 2021, 9:48 pm
message: Leaderboard data fetched.
-------------------------
-------------------------
time: October 5, 2021, 9:48 pm
message: Leaderboard data fetched.
-------------------------
-------------------------
time: October 5, 2021, 9:48 pm
message: Leaderboard data fetched.
-------------------------
-------------------------
time: October 5, 2021, 9:49 pm
message: Leaderboard data fetched.
-------------------------
-------------------------
time: October 5, 2021, 9:49 pm
message: Leaderboard data fetched.
-------------------------
-------------------------
time: October 5, 2021, 9:49 pm
message: Username/Password not valid.
-------------------------
-------------------------
time: October 5, 2021, 9:49 pm
message: Leaderboard data fetched.
-------------------------
-------------------------
time: October 5, 2021, 9:49 pm
message: Leaderboard data fetched.
-------------------------
-------------------------
time: October 5, 2021, 9:50 pm
message: Leaderboard data fetched.
-------------------------
-------------------------
time: October 5, 2021, 9:50 pm
message: Leaderboard data fetched.
-------------------------
-------------------------
time: October 5, 2021, 9:50 pm
message: Leaderboard data fetched.
-------------------------
-------------------------
time: October 5, 2021, 9:50 pm
message: Leaderboard data fetched.
-------------------------
-------------------------
time: October 5, 2021, 9:51 pm
message: Leaderboard data fetched.
-------------------------
-------------------------
time: October 5, 2021, 9:51 pm
message: Username/Password not valid.
-------------------------
-------------------------
time: October 5, 2021, 9:51 pm
message: Leaderboard data fetched.
-------------------------
-------------------------
time: October 5, 2021, 9:51 pm
message: Username/Password not valid.
-------------------------
-------------------------
time: October 5, 2021, 9:51 pm
message: Leaderboard data fetched.
-------------------------
-------------------------
time: October 5, 2021, 9:51 pm
message: Leaderboard data fetched.
-------------------------
-------------------------
time: October 5, 2021, 9:52 pm
message: Booking data fetched.
-------------------------
-------------------------
time: October 5, 2021, 9:52 pm
message: Leaderboard data fetched.
-------------------------
-------------------------
time: October 5, 2021, 9:53 pm
message: Username/Password not valid.
-------------------------
-------------------------
time: October 5, 2021, 9:53 pm
message: Username/Password not valid.
-------------------------
-------------------------
time: October 5, 2021, 9:53 pm
message: Username/Password not valid.
-------------------------
-------------------------
time: October 5, 2021, 9:56 pm
message: User not found with given email id.
-------------------------
-------------------------
time: October 5, 2021, 9:57 pm
message: User not found with given email id.
-------------------------
-------------------------
time: October 5, 2021, 9:57 pm
message: User not found with given email id.
-------------------------
-------------------------
time: October 5, 2021, 9:57 pm
message: User not found with given email id.
-------------------------
-------------------------
time: October 5, 2021, 9:57 pm
message: User not found with given email id.
-------------------------
-------------------------
time: October 5, 2021, 9:57 pm
message: User not found with given email id.
-------------------------
-------------------------
time: October 5, 2021, 9:57 pm
message: User not found with given email id.
-------------------------
-------------------------
time: October 5, 2021, 9:58 pm
message: User not found with given email id.
-------------------------
-------------------------
time: October 5, 2021, 9:59 pm
message: Booking data fetched.
-------------------------
-------------------------
time: October 5, 2021, 10:00 pm
message: User not found with given email id.
-------------------------
-------------------------
time: October 5, 2021, 10:00 pm
message: Booking data fetched.
-------------------------
-------------------------
time: October 5, 2021, 10:00 pm
message: Username/Password not valid.
-------------------------
-------------------------
time: October 5, 2021, 10:01 pm
message: Username/Password not valid.
-------------------------
-------------------------
time: October 5, 2021, 10:01 pm
message: Username/Password not valid.
-------------------------
-------------------------
time: October 5, 2021, 10:02 pm
message: GET method not allowed
-------------------------
-------------------------
time: October 5, 2021, 10:05 pm
message: GET method not allowed
-------------------------
-------------------------
time: October 5, 2021, 10:06 pm
message: Username/Password not valid.
-------------------------
-------------------------
time: October 5, 2021, 10:07 pm
message: Username/Password not valid.
-------------------------
-------------------------
time: October 5, 2021, 10:08 pm
message: Username/Password not valid.
-------------------------
-------------------------
time: October 5, 2021, 10:08 pm
message: User not found with given email id.
-------------------------
-------------------------
time: October 5, 2021, 10:12 pm
message: Expired token
-------------------------
-------------------------
time: October 5, 2021, 10:13 pm
message: User not found with given email id.
-------------------------
-------------------------
time: October 5, 2021, 10:14 pm
message: Expired token
-------------------------
-------------------------
time: October 5, 2021, 10:17 pm
message: Expired token
-------------------------
-------------------------
time: October 5, 2021, 10:18 pm
message: SQLSTATE[22001]: String data, right truncated: 1406 Data too long for column 'address' at row 1
-------------------------
-------------------------
time: October 5, 2021, 10:18 pm
message: SQLSTATE[22001]: String data, right truncated: 1406 Data too long for column 'address' at row 1
-------------------------
-------------------------
time: October 5, 2021, 10:18 pm
message: SQLSTATE[22001]: String data, right truncated: 1406 Data too long for column 'address' at row 1
-------------------------
-------------------------
time: October 5, 2021, 10:18 pm
message: SQLSTATE[22001]: String data, right truncated: 1406 Data too long for column 'address' at row 1
-------------------------
-------------------------
time: October 5, 2021, 10:25 pm
message: Username/Password not valid.
-------------------------
-------------------------
time: October 5, 2021, 10:36 pm
message: Expired token
-------------------------
-------------------------
time: October 5, 2021, 10:37 pm
message: GET method not allowed
-------------------------
-------------------------
time: October 5, 2021, 11:02 pm
message: Username/Password not valid.
-------------------------
-------------------------
time: October 5, 2021, 11:02 pm
message: User not found with given email id.
-------------------------
-------------------------
time: October 5, 2021, 11:03 pm
message: User not found with given email id.
-------------------------
-------------------------
time: October 5, 2021, 11:03 pm
message: User not found with given email id.
-------------------------
-------------------------
time: October 5, 2021, 11:04 pm
message: Expired token
-------------------------
-------------------------
time: October 5, 2021, 11:05 pm
message: Expired token
-------------------------
-------------------------
time: October 5, 2021, 11:05 pm
message: Leaderboard data fetched.
-------------------------
-------------------------
time: October 5, 2021, 11:05 pm
message: Leaderboard data fetched.
-------------------------
-------------------------
time: October 5, 2021, 11:05 pm
message: Expired token
-------------------------
-------------------------
time: October 5, 2021, 11:06 pm
message: Expired token
-------------------------
-------------------------
time: October 5, 2021, 11:06 pm
message: Booking data fetched.
-------------------------
-------------------------
time: October 5, 2021, 11:06 pm
message: Expired token
-------------------------
-------------------------
time: October 5, 2021, 11:06 pm
message: Booking data fetched.
-------------------------
-------------------------
time: October 5, 2021, 11:06 pm
message: Expired token
-------------------------
-------------------------
time: October 5, 2021, 11:06 pm
message: Booking data fetched.
-------------------------
-------------------------
time: October 5, 2021, 11:08 pm
message: Leaderboard data fetched.
-------------------------
-------------------------
time: October 5, 2021, 11:09 pm
message: Expired token
-------------------------
-------------------------
time: October 5, 2021, 11:10 pm
message: Booking data fetched.
-------------------------
-------------------------
time: October 5, 2021, 11:10 pm
message: Expired token
-------------------------
-------------------------
time: October 5, 2021, 11:13 pm
message: Expired token
-------------------------
-------------------------
time: October 5, 2021, 11:14 pm
message: Expired token
-------------------------
-------------------------
time: October 5, 2021, 11:17 pm
message: User not found with given email id.
-------------------------
-------------------------
time: October 5, 2021, 11:18 pm
message: Booking data fetched.
-------------------------
-------------------------
time: October 5, 2021, 11:18 pm
message: User not found with given email id.
-------------------------
-------------------------
time: October 5, 2021, 11:18 pm
message: Booking data fetched.
-------------------------
-------------------------
time: October 5, 2021, 11:19 pm
message: Booking data fetched.
-------------------------
-------------------------
time: October 5, 2021, 11:23 pm
message: Booking data fetched.
-------------------------
-------------------------
time: October 5, 2021, 11:24 pm
message: Booking data fetched.
-------------------------
-------------------------
time: October 5, 2021, 11:38 pm
message: Leaderboard data fetched.
-------------------------
-------------------------
time: October 5, 2021, 11:42 pm
message: Email Id is already associated with another account.
-------------------------
-------------------------
time: October 5, 2021, 11:44 pm
message: Username/Password not valid.
-------------------------
-------------------------
time: October 5, 2021, 11:45 pm
message: Username/Password not valid.
-------------------------
-------------------------
time: October 5, 2021, 11:54 pm
message: SQLSTATE[22001]: String data, right truncated: 1406 Data too long for column 'address' at row 1
-------------------------
-------------------------
time: October 5, 2021, 11:54 pm
message: SQLSTATE[22001]: String data, right truncated: 1406 Data too long for column 'address' at row 1
-------------------------
-------------------------
time: October 5, 2021, 11:55 pm
message: SQLSTATE[22001]: String data, right truncated: 1406 Data too long for column 'address' at row 1
-------------------------
-------------------------
time: October 5, 2021, 11:55 pm
message: SQLSTATE[22001]: String data, right truncated: 1406 Data too long for column 'address' at row 1
-------------------------
-------------------------
time: October 5, 2021, 11:55 pm
message: SQLSTATE[22001]: String data, right truncated: 1406 Data too long for column 'address' at row 1
-------------------------
-------------------------
time: October 5, 2021, 11:55 pm
message: SQLSTATE[22001]: String data, right truncated: 1406 Data too long for column 'address' at row 1
-------------------------
