-------------------------
time: November 11, 2021, 12:28 am
message: Expired token
-------------------------
-------------------------
time: November 11, 2021, 12:28 am
message: Booking data fetched.
-------------------------
-------------------------
time: November 11, 2021, 9:46 am
message: GET method not allowed
-------------------------
-------------------------
time: November 11, 2021, 11:51 am
message: GET method not allowed
-------------------------
-------------------------
time: November 11, 2021, 12:03 pm
message: GET method not allowed
-------------------------
-------------------------
time: November 11, 2021, 12:04 pm
message: GET method not allowed
-------------------------
-------------------------
time: November 11, 2021, 12:04 pm
message: GET method not allowed
-------------------------
-------------------------
time: November 11, 2021, 12:04 pm
message: GET method not allowed
-------------------------
-------------------------
time: November 11, 2021, 12:35 pm
message: GET method not allowed
-------------------------
-------------------------
time: November 11, 2021, 12:35 pm
message: GET method not allowed
-------------------------
-------------------------
time: November 11, 2021, 12:35 pm
message: GET method not allowed
-------------------------
-------------------------
time: November 11, 2021, 12:35 pm
message: GET method not allowed
-------------------------
-------------------------
time: November 11, 2021, 1:19 pm
message: GET method not allowed
-------------------------
-------------------------
time: November 11, 2021, 1:50 pm
message: GET method not allowed
-------------------------
-------------------------
time: November 11, 2021, 3:41 pm
message: GET method not allowed
-------------------------
-------------------------
time: November 11, 2021, 6:48 pm
message: GET method not allowed
-------------------------
-------------------------
time: November 11, 2021, 7:19 pm
message: GET method not allowed
-------------------------
-------------------------
time: November 11, 2021, 7:45 pm
message: GET method not allowed
-------------------------
-------------------------
time: November 11, 2021, 7:45 pm
message: GET method not allowed
-------------------------
-------------------------
time: November 11, 2021, 7:45 pm
message: GET method not allowed
-------------------------
-------------------------
time: November 11, 2021, 7:45 pm
message: GET method not allowed
-------------------------
-------------------------
time: November 11, 2021, 8:31 pm
message: GET method not allowed
-------------------------
-------------------------
time: November 11, 2021, 9:02 pm
message: GET method not allowed
-------------------------
-------------------------
time: November 11, 2021, 9:46 pm
message: GET method not allowed
-------------------------
-------------------------
time: November 11, 2021, 10:17 pm
message: GET method not allowed
-------------------------
-------------------------
time: November 11, 2021, 11:02 pm
message: GET method not allowed
-------------------------
-------------------------
time: November 11, 2021, 11:33 pm
message: GET method not allowed
-------------------------
