-------------------------
time: October 30, 2021, 4:24 am
message: GET method not allowed
-------------------------
-------------------------
time: October 30, 2021, 9:15 am
message: GET method not allowed
-------------------------
-------------------------
time: October 30, 2021, 9:15 am
message: GET method not allowed
-------------------------
-------------------------
time: October 30, 2021, 9:46 am
message: GET method not allowed
-------------------------
-------------------------
time: October 30, 2021, 9:46 am
message: GET method not allowed
-------------------------
-------------------------
time: October 30, 2021, 10:27 am
message: GET method not allowed
-------------------------
-------------------------
time: October 30, 2021, 10:27 am
message: GET method not allowed
-------------------------
-------------------------
time: October 30, 2021, 10:47 am
message: Expired token
-------------------------
-------------------------
time: October 30, 2021, 10:47 am
message: Booking data fetched.
-------------------------
-------------------------
time: October 30, 2021, 10:47 am
message: Booking data fetched.
-------------------------
-------------------------
time: October 30, 2021, 10:47 am
message: Expired token
-------------------------
-------------------------
time: October 30, 2021, 10:58 am
message: GET method not allowed
-------------------------
-------------------------
time: October 30, 2021, 10:58 am
message: GET method not allowed
-------------------------
-------------------------
time: October 30, 2021, 1:03 pm
message: GET method not allowed
-------------------------
-------------------------
time: October 30, 2021, 1:03 pm
message: GET method not allowed
-------------------------
-------------------------
time: October 30, 2021, 1:03 pm
message: GET method not allowed
-------------------------
-------------------------
time: October 30, 2021, 1:03 pm
message: GET method not allowed
-------------------------
-------------------------
time: October 30, 2021, 3:05 pm
message: GET method not allowed
-------------------------
-------------------------
time: October 30, 2021, 3:36 pm
message: GET method not allowed
-------------------------
-------------------------
time: October 30, 2021, 7:21 pm
message: GET method not allowed
-------------------------
-------------------------
time: October 30, 2021, 7:32 pm
message: Booking data fetched.
-------------------------
-------------------------
time: October 30, 2021, 7:32 pm
message: Expired token
-------------------------
-------------------------
time: October 30, 2021, 7:52 pm
message: GET method not allowed
-------------------------
-------------------------
time: October 30, 2021, 9:38 pm
message: Leaderboard data fetched.
-------------------------
-------------------------
time: October 30, 2021, 9:42 pm
message: GET method not allowed
-------------------------
-------------------------
time: October 30, 2021, 10:04 pm
message: Booking data fetched.
-------------------------
-------------------------
time: October 30, 2021, 10:04 pm
message: Expired token
-------------------------
-------------------------
time: October 30, 2021, 10:08 pm
message: Booking data fetched.
-------------------------
-------------------------
time: October 30, 2021, 10:08 pm
message: Expired token
-------------------------
-------------------------
time: October 30, 2021, 10:13 pm
message: GET method not allowed
-------------------------
-------------------------
time: October 30, 2021, 11:13 pm
message: Booking data fetched.
-------------------------
-------------------------
time: October 30, 2021, 11:13 pm
message: Expired token
-------------------------
-------------------------
time: October 30, 2021, 11:13 pm
message: Booking data fetched.
-------------------------
-------------------------
time: October 30, 2021, 11:13 pm
message: Expired token
-------------------------
