-------------------------
time: January 10, 2022, 12:02 am
message: Contact Role data fetched.
-------------------------
-------------------------
time: January 10, 2022, 12:57 am
message: Contact Role data fetched.
-------------------------
-------------------------
time: January 10, 2022, 1:18 am
message: Contact Role data fetched.
-------------------------
-------------------------
time: January 10, 2022, 2:07 am
message: Contact Role data fetched.
-------------------------
-------------------------
time: January 10, 2022, 2:43 am
message: Contact Role data fetched.
-------------------------
-------------------------
time: January 10, 2022, 3:08 am
message: Contact Role data fetched.
-------------------------
-------------------------
time: January 10, 2022, 3:48 am
message: Contact Role data fetched.
-------------------------
-------------------------
time: January 10, 2022, 4:01 am
message: Contact Role data fetched.
-------------------------
-------------------------
time: January 10, 2022, 4:57 am
message: Contact Role data fetched.
-------------------------
-------------------------
time: January 10, 2022, 5:51 am
message: Contact Role data fetched.
-------------------------
-------------------------
time: January 10, 2022, 6:57 am
message: Contact Role data fetched.
-------------------------
-------------------------
time: January 10, 2022, 7:06 am
message: Contact Role data fetched.
-------------------------
-------------------------
time: January 10, 2022, 7:59 am
message: Contact Role data fetched.
-------------------------
-------------------------
time: January 10, 2022, 8:05 am
message: Contact Role data fetched.
-------------------------
-------------------------
time: January 10, 2022, 8:35 am
message: GET method not allowed
-------------------------
-------------------------
time: January 10, 2022, 9:06 am
message: GET method not allowed
-------------------------
-------------------------
time: January 10, 2022, 9:11 am
message: Contact Role data fetched.
-------------------------
-------------------------
time: January 10, 2022, 9:44 am
message: Contact Role data fetched.
-------------------------
-------------------------
time: January 10, 2022, 10:03 am
message: Contact Role data fetched.
-------------------------
-------------------------
time: January 10, 2022, 10:51 am
message: Contact Role data fetched.
-------------------------
-------------------------
time: January 10, 2022, 11:33 am
message: GET method not allowed
-------------------------
-------------------------
time: January 10, 2022, 12:04 pm
message: GET method not allowed
-------------------------
-------------------------
time: January 10, 2022, 12:08 pm
message: Contact Role data fetched.
-------------------------
-------------------------
time: January 10, 2022, 12:40 pm
message: Contact Role data fetched.
-------------------------
-------------------------
time: January 10, 2022, 12:49 pm
message: Contact Role data fetched.
-------------------------
-------------------------
time: January 10, 2022, 1:52 pm
message: Contact Role data fetched.
-------------------------
-------------------------
time: January 10, 2022, 1:53 pm
message: Contact Role data fetched.
-------------------------
-------------------------
time: January 10, 2022, 2:03 pm
message: Contact Role data fetched.
-------------------------
-------------------------
time: January 10, 2022, 2:03 pm
message: Contact Role data fetched.
-------------------------
-------------------------
time: January 10, 2022, 2:13 pm
message: Contact Role data fetched.
-------------------------
-------------------------
time: January 10, 2022, 2:21 pm
message: Contact Role data fetched.
-------------------------
-------------------------
time: January 10, 2022, 2:50 pm
message: Contact Role data fetched.
-------------------------
-------------------------
time: January 10, 2022, 3:02 pm
message: Contact Role data fetched.
-------------------------
-------------------------
time: January 10, 2022, 3:59 pm
message: Contact Role data fetched.
-------------------------
-------------------------
time: January 10, 2022, 4:07 pm
message: Contact Role data fetched.
-------------------------
-------------------------
time: January 10, 2022, 4:23 pm
message: Contact Role data fetched.
-------------------------
-------------------------
time: January 10, 2022, 4:34 pm
message: Contact Role data fetched.
-------------------------
-------------------------
time: January 10, 2022, 4:53 pm
message: Contact Role data fetched.
-------------------------
-------------------------
time: January 10, 2022, 5:42 pm
message: Contact Role data fetched.
-------------------------
-------------------------
time: January 10, 2022, 5:53 pm
message: Contact Role data fetched.
-------------------------
-------------------------
time: January 10, 2022, 6:22 pm
message: Contact Role data fetched.
-------------------------
-------------------------
time: January 10, 2022, 6:30 pm
message: Leaderboard data fetched.
-------------------------
-------------------------
time: January 10, 2022, 6:45 pm
message: Contact Role data fetched.
-------------------------
-------------------------
time: January 10, 2022, 6:48 pm
message: Contact Role data fetched.
-------------------------
-------------------------
time: January 10, 2022, 7:44 pm
message: Contact Role data fetched.
-------------------------
-------------------------
time: January 10, 2022, 8:38 pm
message: Contact Role data fetched.
-------------------------
-------------------------
time: January 10, 2022, 8:52 pm
message: Contact Role data fetched.
-------------------------
-------------------------
time: January 10, 2022, 9:13 pm
message: Contact Role data fetched.
-------------------------
-------------------------
time: January 10, 2022, 9:23 pm
message: Contact Role data fetched.
-------------------------
-------------------------
time: January 10, 2022, 9:38 pm
message: Contact Role data fetched.
-------------------------
-------------------------
time: January 10, 2022, 9:54 pm
message: Contact Role data fetched.
-------------------------
-------------------------
time: January 10, 2022, 10:10 pm
message: Contact Role data fetched.
-------------------------
-------------------------
time: January 10, 2022, 10:20 pm
message: Contact Role data fetched.
-------------------------
-------------------------
time: January 10, 2022, 10:37 pm
message: Contact Role data fetched.
-------------------------
-------------------------
time: January 10, 2022, 10:47 pm
message: Contact Role data fetched.
-------------------------
-------------------------
time: January 10, 2022, 11:22 pm
message: Contact Role data fetched.
-------------------------
-------------------------
time: January 10, 2022, 11:44 pm
message: Contact Role data fetched.
-------------------------
