-------------------------
time: October 15, 2021, 5:11 am
message: Booking data fetched.
-------------------------
-------------------------
time: October 15, 2021, 5:11 am
message: Expired token
-------------------------
-------------------------
time: October 15, 2021, 7:15 am
message: Expired token
-------------------------
-------------------------
time: October 15, 2021, 7:15 am
message: Booking data fetched.
-------------------------
-------------------------
time: October 15, 2021, 11:43 am
message: Leaderboard data fetched.
-------------------------
-------------------------
time: October 15, 2021, 12:42 pm
message: Leaderboard data fetched.
-------------------------
-------------------------
time: October 15, 2021, 1:06 pm
message: GET method not allowed
-------------------------
-------------------------
time: October 15, 2021, 1:06 pm
message: GET method not allowed
-------------------------
-------------------------
time: October 15, 2021, 3:53 pm
message: Leaderboard data fetched.
-------------------------
-------------------------
time: October 15, 2021, 4:40 pm
message: Expired token
-------------------------
-------------------------
time: October 15, 2021, 4:40 pm
message: Booking data fetched.
-------------------------
-------------------------
time: October 15, 2021, 4:48 pm
message: GET method not allowed
-------------------------
-------------------------
time: October 15, 2021, 4:48 pm
message: Booking data fetched.
-------------------------
-------------------------
time: October 15, 2021, 4:48 pm
message: Expired token
-------------------------
-------------------------
time: October 15, 2021, 4:49 pm
message: GET method not allowed
-------------------------
-------------------------
time: October 15, 2021, 4:50 pm
message: GET method not allowed
-------------------------
-------------------------
time: October 15, 2021, 4:50 pm
message: GET method not allowed
-------------------------
-------------------------
time: October 15, 2021, 4:53 pm
message: Leaderboard data fetched.
-------------------------
-------------------------
time: October 15, 2021, 4:56 pm
message: GET method not allowed
-------------------------
-------------------------
time: October 15, 2021, 4:57 pm
message: Expired token
-------------------------
-------------------------
time: October 15, 2021, 4:57 pm
message: GET method not allowed
-------------------------
-------------------------
time: October 15, 2021, 4:58 pm
message: Expired token
-------------------------
-------------------------
time: October 15, 2021, 4:58 pm
message: Username/Password not valid.
-------------------------
-------------------------
time: October 15, 2021, 4:59 pm
message: GET method not allowed.
-------------------------
-------------------------
time: October 15, 2021, 4:59 pm
message: GET method not allowed
-------------------------
-------------------------
time: October 15, 2021, 5:01 pm
message: GET method not allowed
-------------------------
-------------------------
time: October 15, 2021, 5:02 pm
message: GET method not allowed.
-------------------------
-------------------------
time: October 15, 2021, 5:03 pm
message: GET method not allowed
-------------------------
-------------------------
time: October 15, 2021, 5:03 pm
message: GET method not allowed
-------------------------
-------------------------
time: October 15, 2021, 5:03 pm
message: GET method not allowed
-------------------------
-------------------------
time: October 15, 2021, 5:03 pm
message: Coupon data fetched.
-------------------------
-------------------------
time: October 15, 2021, 5:03 pm
message: Booking data fetched.
-------------------------
-------------------------
time: October 15, 2021, 5:05 pm
message: GET method not allowed
-------------------------
-------------------------
time: October 15, 2021, 5:05 pm
message: GET method not allowed
-------------------------
-------------------------
time: October 15, 2021, 5:05 pm
message: GET method not allowed
-------------------------
-------------------------
time: October 15, 2021, 5:07 pm
message: GET method not allowed
-------------------------
-------------------------
time: October 15, 2021, 5:08 pm
message: Leaderboard data fetched.
-------------------------
-------------------------
time: October 15, 2021, 5:09 pm
message: Leaderboard data fetched.
-------------------------
-------------------------
time: October 15, 2021, 5:10 pm
message: GET method not allowed
-------------------------
-------------------------
time: October 15, 2021, 5:10 pm
message: GET method not allowed
-------------------------
-------------------------
time: October 15, 2021, 5:11 pm
message: Leaderboard data fetched.
-------------------------
-------------------------
time: October 15, 2021, 5:20 pm
message: GET method not allowed
-------------------------
-------------------------
time: October 15, 2021, 5:24 pm
message: GET method not allowed
-------------------------
-------------------------
time: October 15, 2021, 5:35 pm
message: Unexpected control character found
-------------------------
-------------------------
time: October 15, 2021, 5:35 pm
message: Expired token
-------------------------
-------------------------
time: October 15, 2021, 5:36 pm
message: GET method not allowed.
-------------------------
-------------------------
time: October 15, 2021, 5:44 pm
message: Expired token
-------------------------
-------------------------
time: October 15, 2021, 5:44 pm
message: Expired token
-------------------------
-------------------------
time: October 15, 2021, 5:44 pm
message: Expired token
-------------------------
-------------------------
time: October 15, 2021, 5:44 pm
message: Expired token
-------------------------
-------------------------
time: October 15, 2021, 5:44 pm
message: Expired token
-------------------------
-------------------------
time: October 15, 2021, 5:44 pm
message: Expired token
-------------------------
-------------------------
time: October 15, 2021, 5:44 pm
message: Expired token
-------------------------
-------------------------
time: October 15, 2021, 5:44 pm
message: Expired token
-------------------------
-------------------------
time: October 15, 2021, 5:44 pm
message: Expired token
-------------------------
-------------------------
time: October 15, 2021, 5:44 pm
message: Expired token
-------------------------
-------------------------
time: October 15, 2021, 5:44 pm
message: Expired token
-------------------------
-------------------------
time: October 15, 2021, 5:44 pm
message: Expired token
-------------------------
-------------------------
time: October 15, 2021, 5:44 pm
message: Expired token
-------------------------
-------------------------
time: October 15, 2021, 5:44 pm
message: Expired token
-------------------------
-------------------------
time: October 15, 2021, 5:44 pm
message: Expired token
-------------------------
-------------------------
time: October 15, 2021, 5:44 pm
message: Expired token
-------------------------
-------------------------
time: October 15, 2021, 5:44 pm
message: Expired token
-------------------------
-------------------------
time: October 15, 2021, 5:44 pm
message: Expired token
-------------------------
-------------------------
time: October 15, 2021, 5:44 pm
message: Expired token
-------------------------
-------------------------
time: October 15, 2021, 5:44 pm
message: Expired token
-------------------------
-------------------------
time: October 15, 2021, 5:44 pm
message: Expired token
-------------------------
-------------------------
time: October 15, 2021, 5:44 pm
message: Expired token
-------------------------
-------------------------
time: October 15, 2021, 5:44 pm
message: Expired token
-------------------------
-------------------------
time: October 15, 2021, 5:44 pm
message: Expired token
-------------------------
-------------------------
time: October 15, 2021, 5:44 pm
message: Expired token
-------------------------
-------------------------
time: October 15, 2021, 5:44 pm
message: Expired token
-------------------------
-------------------------
time: October 15, 2021, 5:45 pm
message: Expired token
-------------------------
-------------------------
time: October 15, 2021, 5:45 pm
message: Expired token
-------------------------
-------------------------
time: October 15, 2021, 5:45 pm
message: Expired token
-------------------------
-------------------------
time: October 15, 2021, 5:45 pm
message: Expired token
-------------------------
-------------------------
time: October 15, 2021, 5:45 pm
message: Expired token
-------------------------
-------------------------
time: October 15, 2021, 5:45 pm
message: Expired token
-------------------------
-------------------------
time: October 15, 2021, 5:45 pm
message: Expired token
-------------------------
-------------------------
time: October 15, 2021, 5:45 pm
message: GET method not allowed
-------------------------
-------------------------
time: October 15, 2021, 5:45 pm
message: Expired token
-------------------------
-------------------------
time: October 15, 2021, 5:45 pm
message: Expired token
-------------------------
-------------------------
time: October 15, 2021, 5:45 pm
message: Expired token
-------------------------
-------------------------
time: October 15, 2021, 5:45 pm
message: Expired token
-------------------------
-------------------------
time: October 15, 2021, 5:45 pm
message: Expired token
-------------------------
-------------------------
time: October 15, 2021, 5:45 pm
message: Expired token
-------------------------
-------------------------
time: October 15, 2021, 5:45 pm
message: Expired token
-------------------------
-------------------------
time: October 15, 2021, 5:45 pm
message: Booking data fetched.
-------------------------
-------------------------
time: October 15, 2021, 5:45 pm
message: Expired token
-------------------------
-------------------------
time: October 15, 2021, 5:45 pm
message: Expired token
-------------------------
-------------------------
time: October 15, 2021, 5:45 pm
message: Expired token
-------------------------
-------------------------
time: October 15, 2021, 5:45 pm
message: Expired token
-------------------------
-------------------------
time: October 15, 2021, 5:45 pm
message: Expired token
-------------------------
-------------------------
time: October 15, 2021, 5:45 pm
message: Expired token
-------------------------
-------------------------
time: October 15, 2021, 5:45 pm
message: Expired token
-------------------------
-------------------------
time: October 15, 2021, 5:45 pm
message: Expired token
-------------------------
-------------------------
time: October 15, 2021, 5:45 pm
message: Expired token
-------------------------
-------------------------
time: October 15, 2021, 5:45 pm
message: Expired token
-------------------------
-------------------------
time: October 15, 2021, 5:45 pm
message: Expired token
-------------------------
-------------------------
time: October 15, 2021, 5:45 pm
message: Expired token
-------------------------
-------------------------
time: October 15, 2021, 5:45 pm
message: Expired token
-------------------------
-------------------------
time: October 15, 2021, 5:45 pm
message: Expired token
-------------------------
-------------------------
time: October 15, 2021, 5:45 pm
message: Expired token
-------------------------
-------------------------
time: October 15, 2021, 5:45 pm
message: Expired token
-------------------------
-------------------------
time: October 15, 2021, 5:45 pm
message: Expired token
-------------------------
-------------------------
time: October 15, 2021, 5:46 pm
message: Expired token
-------------------------
-------------------------
time: October 15, 2021, 5:46 pm
message: Expired token
-------------------------
-------------------------
time: October 15, 2021, 5:46 pm
message: Expired token
-------------------------
-------------------------
time: October 15, 2021, 5:46 pm
message: Expired token
-------------------------
-------------------------
time: October 15, 2021, 5:46 pm
message: Expired token
-------------------------
-------------------------
time: October 15, 2021, 5:46 pm
message: Expired token
-------------------------
-------------------------
time: October 15, 2021, 5:46 pm
message: Expired token
-------------------------
-------------------------
time: October 15, 2021, 5:46 pm
message: Leaderboard data fetched.
-------------------------
-------------------------
time: October 15, 2021, 5:46 pm
message: Expired token
-------------------------
-------------------------
time: October 15, 2021, 5:46 pm
message: Expired token
-------------------------
-------------------------
time: October 15, 2021, 5:46 pm
message: Booking data fetched.
-------------------------
-------------------------
time: October 15, 2021, 5:46 pm
message: Expired token
-------------------------
-------------------------
time: October 15, 2021, 5:46 pm
message: Expired token
-------------------------
-------------------------
time: October 15, 2021, 5:46 pm
message: Expired token
-------------------------
-------------------------
time: October 15, 2021, 5:46 pm
message: Expired token
-------------------------
-------------------------
time: October 15, 2021, 5:46 pm
message: Expired token
-------------------------
-------------------------
time: October 15, 2021, 5:46 pm
message: Expired token
-------------------------
-------------------------
time: October 15, 2021, 5:46 pm
message: Expired token
-------------------------
-------------------------
time: October 15, 2021, 5:46 pm
message: Expired token
-------------------------
-------------------------
time: October 15, 2021, 5:46 pm
message: Expired token
-------------------------
-------------------------
time: October 15, 2021, 5:46 pm
message: Expired token
-------------------------
-------------------------
time: October 15, 2021, 5:46 pm
message: Expired token
-------------------------
-------------------------
time: October 15, 2021, 5:46 pm
message: Expired token
-------------------------
-------------------------
time: October 15, 2021, 5:46 pm
message: Expired token
-------------------------
-------------------------
time: October 15, 2021, 5:46 pm
message: Expired token
-------------------------
-------------------------
time: October 15, 2021, 5:46 pm
message: Expired token
-------------------------
-------------------------
time: October 15, 2021, 5:46 pm
message: Expired token
-------------------------
-------------------------
time: October 15, 2021, 5:46 pm
message: Expired token
-------------------------
-------------------------
time: October 15, 2021, 5:46 pm
message: Expired token
-------------------------
-------------------------
time: October 15, 2021, 5:46 pm
message: Expired token
-------------------------
-------------------------
time: October 15, 2021, 5:46 pm
message: Expired token
-------------------------
-------------------------
time: October 15, 2021, 5:46 pm
message: Expired token
-------------------------
-------------------------
time: October 15, 2021, 5:46 pm
message: Expired token
-------------------------
-------------------------
time: October 15, 2021, 5:47 pm
message: Expired token
-------------------------
-------------------------
time: October 15, 2021, 5:47 pm
message: Expired token
-------------------------
-------------------------
time: October 15, 2021, 5:47 pm
message: Expired token
-------------------------
-------------------------
time: October 15, 2021, 5:47 pm
message: Expired token
-------------------------
-------------------------
time: October 15, 2021, 5:47 pm
message: GET method not allowed.
-------------------------
-------------------------
time: October 15, 2021, 5:47 pm
message: Expired token
-------------------------
-------------------------
time: October 15, 2021, 5:47 pm
message: Expired token
-------------------------
-------------------------
time: October 15, 2021, 5:47 pm
message: Expired token
-------------------------
-------------------------
time: October 15, 2021, 5:47 pm
message: Expired token
-------------------------
-------------------------
time: October 15, 2021, 5:47 pm
message: Expired token
-------------------------
-------------------------
time: October 15, 2021, 5:48 pm
message: Expired token
-------------------------
-------------------------
time: October 15, 2021, 5:48 pm
message: Booking data fetched.
-------------------------
-------------------------
time: October 15, 2021, 5:48 pm
message: Expired token
-------------------------
-------------------------
time: October 15, 2021, 5:49 pm
message: GET method not allowed
-------------------------
-------------------------
time: October 15, 2021, 5:49 pm
message: Expired token
-------------------------
-------------------------
time: October 15, 2021, 5:49 pm
message: Wrong number of segments
-------------------------
-------------------------
time: October 15, 2021, 5:49 pm
message: Wrong number of segments
-------------------------
-------------------------
time: October 15, 2021, 5:49 pm
message: Wrong number of segments
-------------------------
-------------------------
time: October 15, 2021, 5:49 pm
message: Wrong number of segments
-------------------------
-------------------------
time: October 15, 2021, 5:50 pm
message: Wrong number of segments
-------------------------
-------------------------
time: October 15, 2021, 5:50 pm
message: Wrong number of segments
-------------------------
-------------------------
time: October 15, 2021, 5:50 pm
message: Expired token
-------------------------
-------------------------
time: October 15, 2021, 5:50 pm
message: Wrong number of segments
-------------------------
-------------------------
time: October 15, 2021, 5:50 pm
message: Wrong number of segments
-------------------------
-------------------------
time: October 15, 2021, 5:50 pm
message: Wrong number of segments
-------------------------
-------------------------
time: October 15, 2021, 5:50 pm
message: Wrong number of segments
-------------------------
-------------------------
time: October 15, 2021, 5:50 pm
message: Wrong number of segments
-------------------------
-------------------------
time: October 15, 2021, 5:50 pm
message: Wrong number of segments
-------------------------
-------------------------
time: October 15, 2021, 5:50 pm
message: Wrong number of segments
-------------------------
-------------------------
time: October 15, 2021, 5:50 pm
message: Wrong number of segments
-------------------------
-------------------------
time: October 15, 2021, 5:50 pm
message: Wrong number of segments
-------------------------
-------------------------
time: October 15, 2021, 5:50 pm
message: Wrong number of segments
-------------------------
-------------------------
time: October 15, 2021, 5:50 pm
message: Wrong number of segments
-------------------------
-------------------------
time: October 15, 2021, 5:50 pm
message: Wrong number of segments
-------------------------
-------------------------
time: October 15, 2021, 5:50 pm
message: Expired token
-------------------------
-------------------------
time: October 15, 2021, 5:50 pm
message: Wrong number of segments
-------------------------
-------------------------
time: October 15, 2021, 5:50 pm
message: Wrong number of segments
-------------------------
-------------------------
time: October 15, 2021, 5:50 pm
message: Wrong number of segments
-------------------------
-------------------------
time: October 15, 2021, 5:50 pm
message: Wrong number of segments
-------------------------
-------------------------
time: October 15, 2021, 5:50 pm
message: Wrong number of segments
-------------------------
-------------------------
time: October 15, 2021, 5:50 pm
message: Wrong number of segments
-------------------------
-------------------------
time: October 15, 2021, 5:50 pm
message: Wrong number of segments
-------------------------
-------------------------
time: October 15, 2021, 5:50 pm
message: Wrong number of segments
-------------------------
-------------------------
time: October 15, 2021, 5:50 pm
message: Wrong number of segments
-------------------------
-------------------------
time: October 15, 2021, 5:50 pm
message: Wrong number of segments
-------------------------
-------------------------
time: October 15, 2021, 5:50 pm
message: Wrong number of segments
-------------------------
-------------------------
time: October 15, 2021, 5:50 pm
message: Wrong number of segments
-------------------------
-------------------------
time: October 15, 2021, 5:50 pm
message: Wrong number of segments
-------------------------
-------------------------
time: October 15, 2021, 5:50 pm
message: Wrong number of segments
-------------------------
-------------------------
time: October 15, 2021, 5:50 pm
message: Wrong number of segments
-------------------------
-------------------------
time: October 15, 2021, 5:50 pm
message: Wrong number of segments
-------------------------
-------------------------
time: October 15, 2021, 5:51 pm
message: GET method not allowed
-------------------------
-------------------------
time: October 15, 2021, 5:51 pm
message: Wrong number of segments
-------------------------
-------------------------
time: October 15, 2021, 5:51 pm
message: Wrong number of segments
-------------------------
-------------------------
time: October 15, 2021, 5:51 pm
message: Wrong number of segments
-------------------------
-------------------------
time: October 15, 2021, 5:51 pm
message: Wrong number of segments
-------------------------
-------------------------
time: October 15, 2021, 5:51 pm
message: Wrong number of segments
-------------------------
-------------------------
time: October 15, 2021, 5:51 pm
message: Wrong number of segments
-------------------------
-------------------------
time: October 15, 2021, 5:51 pm
message: GET method not allowed
-------------------------
-------------------------
time: October 15, 2021, 5:51 pm
message: Wrong number of segments
-------------------------
-------------------------
time: October 15, 2021, 5:51 pm
message: Wrong number of segments
-------------------------
-------------------------
time: October 15, 2021, 5:51 pm
message: Wrong number of segments
-------------------------
-------------------------
time: October 15, 2021, 5:51 pm
message: Wrong number of segments
-------------------------
-------------------------
time: October 15, 2021, 5:52 pm
message: GET method not allowed
-------------------------
-------------------------
time: October 15, 2021, 5:53 pm
message: GET method not allowed
-------------------------
-------------------------
time: October 15, 2021, 5:56 pm
message: GET method not allowed.
-------------------------
-------------------------
time: October 15, 2021, 5:58 pm
message: GET method not allowed.
-------------------------
-------------------------
time: October 15, 2021, 6:02 pm
message: GET method not allowed.
-------------------------
-------------------------
time: October 15, 2021, 6:08 pm
message: GET method not allowed
-------------------------
-------------------------
time: October 15, 2021, 6:11 pm
message: GET method not allowed.
-------------------------
-------------------------
time: October 15, 2021, 6:16 pm
message: Expired token
-------------------------
-------------------------
time: October 15, 2021, 6:16 pm
message: Expired token
-------------------------
-------------------------
time: October 15, 2021, 6:16 pm
message: Expired token
-------------------------
-------------------------
time: October 15, 2021, 6:16 pm
message: Expired token
-------------------------
-------------------------
time: October 15, 2021, 6:16 pm
message: Expired token
-------------------------
-------------------------
time: October 15, 2021, 6:16 pm
message: Expired token
-------------------------
-------------------------
time: October 15, 2021, 6:16 pm
message: Expired token
-------------------------
-------------------------
time: October 15, 2021, 6:16 pm
message: GET method not allowed.
-------------------------
-------------------------
time: October 15, 2021, 6:16 pm
message: Expired token
-------------------------
-------------------------
time: October 15, 2021, 6:16 pm
message: Expired token
-------------------------
-------------------------
time: October 15, 2021, 6:16 pm
message: Expired token
-------------------------
-------------------------
time: October 15, 2021, 6:16 pm
message: Expired token
-------------------------
-------------------------
time: October 15, 2021, 6:16 pm
message: Expired token
-------------------------
-------------------------
time: October 15, 2021, 6:16 pm
message: Expired token
-------------------------
-------------------------
time: October 15, 2021, 6:16 pm
message: Expired token
-------------------------
-------------------------
time: October 15, 2021, 6:16 pm
message: Expired token
-------------------------
-------------------------
time: October 15, 2021, 6:16 pm
message: Expired token
-------------------------
-------------------------
time: October 15, 2021, 6:16 pm
message: Expired token
-------------------------
-------------------------
time: October 15, 2021, 6:16 pm
message: Expired token
-------------------------
-------------------------
time: October 15, 2021, 6:16 pm
message: Expired token
-------------------------
-------------------------
time: October 15, 2021, 6:16 pm
message: Expired token
-------------------------
-------------------------
time: October 15, 2021, 6:16 pm
message: Expired token
-------------------------
-------------------------
time: October 15, 2021, 6:17 pm
message: Expired token
-------------------------
-------------------------
time: October 15, 2021, 6:17 pm
message: Expired token
-------------------------
-------------------------
time: October 15, 2021, 6:17 pm
message: Expired token
-------------------------
-------------------------
time: October 15, 2021, 6:17 pm
message: Expired token
-------------------------
-------------------------
time: October 15, 2021, 6:17 pm
message: Expired token
-------------------------
-------------------------
time: October 15, 2021, 6:17 pm
message: Expired token
-------------------------
-------------------------
time: October 15, 2021, 6:17 pm
message: Expired token
-------------------------
-------------------------
time: October 15, 2021, 6:17 pm
message: Expired token
-------------------------
-------------------------
time: October 15, 2021, 6:17 pm
message: GET method not allowed.
-------------------------
-------------------------
time: October 15, 2021, 6:17 pm
message: Expired token
-------------------------
-------------------------
time: October 15, 2021, 6:17 pm
message: Expired token
-------------------------
-------------------------
time: October 15, 2021, 6:17 pm
message: Expired token
-------------------------
-------------------------
time: October 15, 2021, 6:17 pm
message: Expired token
-------------------------
-------------------------
time: October 15, 2021, 6:17 pm
message: Expired token
-------------------------
-------------------------
time: October 15, 2021, 6:17 pm
message: Expired token
-------------------------
-------------------------
time: October 15, 2021, 6:19 pm
message: Expired token
-------------------------
-------------------------
time: October 15, 2021, 6:24 pm
message: GET method not allowed.
-------------------------
-------------------------
time: October 15, 2021, 6:31 pm
message: GET method not allowed
-------------------------
-------------------------
time: October 15, 2021, 6:31 pm
message: GET method not allowed.
-------------------------
-------------------------
time: October 15, 2021, 6:32 pm
message: GET method not allowed
-------------------------
-------------------------
time: October 15, 2021, 6:32 pm
message: GET method not allowed
-------------------------
-------------------------
time: October 15, 2021, 6:33 pm
message: GET method not allowed
-------------------------
-------------------------
time: October 15, 2021, 6:44 pm
message: Leaderboard data fetched.
-------------------------
-------------------------
time: October 15, 2021, 6:49 pm
message: GET method not allowed
-------------------------
-------------------------
time: October 15, 2021, 6:50 pm
message: GET method not allowed
-------------------------
-------------------------
time: October 15, 2021, 6:50 pm
message: Error 4096 occured on line 7 in file C:\inetpub\wwwroot\trbs_2021\services\utilities\logger.php: Object of class stdClass could not be converted to string.
-------------------------
-------------------------
time: October 15, 2021, 6:51 pm
message: GET method not allowed
-------------------------
-------------------------
time: October 15, 2021, 6:51 pm
message: Error 4096 occured on line 7 in file C:\inetpub\wwwroot\trbs_2021\services\utilities\logger.php: Object of class stdClass could not be converted to string.
-------------------------
-------------------------
time: October 15, 2021, 6:52 pm
message: Error 4096 occured on line 7 in file C:\inetpub\wwwroot\trbs_2021\services\utilities\logger.php: Object of class stdClass could not be converted to string.
-------------------------
-------------------------
time: October 15, 2021, 6:53 pm
message: Error 4096 occured on line 7 in file C:\inetpub\wwwroot\trbs_2021\services\utilities\logger.php: Object of class stdClass could not be converted to string.
-------------------------
-------------------------
time: October 15, 2021, 6:53 pm
message: GET method not allowed
-------------------------
-------------------------
time: October 15, 2021, 6:53 pm
message: GET method not allowed
-------------------------
-------------------------
time: October 15, 2021, 6:54 pm
message: GET method not allowed
-------------------------
-------------------------
time: October 15, 2021, 6:55 pm
message: Booking data fetched.
-------------------------
-------------------------
time: October 15, 2021, 6:55 pm
message: Expired token
-------------------------
-------------------------
time: October 15, 2021, 6:55 pm
message: Failed to initate payment. Please contact the system administrator.
-------------------------
-------------------------
time: October 15, 2021, 6:55 pm
message: GET method not allowed
-------------------------
-------------------------
time: October 15, 2021, 6:56 pm
message: Failed to initate payment. Please contact the system administrator.
-------------------------
-------------------------
time: October 15, 2021, 6:56 pm
message: GET method not allowed.
-------------------------
-------------------------
time: October 15, 2021, 6:56 pm
message: Failed to initate payment. Please contact the system administrator.
-------------------------
-------------------------
time: October 15, 2021, 6:57 pm
message: GET method not allowed
-------------------------
-------------------------
time: October 15, 2021, 6:59 pm
message: GET method not allowed
-------------------------
-------------------------
time: October 15, 2021, 7:00 pm
message: GET method not allowed
-------------------------
-------------------------
time: October 15, 2021, 7:04 pm
message: GET method not allowed
-------------------------
-------------------------
time: October 15, 2021, 7:05 pm
message: GET method not allowed
-------------------------
-------------------------
time: October 15, 2021, 7:08 pm
message: Failed to initate payment. Please contact the system administrator.
-------------------------
-------------------------
time: October 15, 2021, 7:09 pm
message: GET method not allowed
-------------------------
-------------------------
time: October 15, 2021, 7:09 pm
message: GET method not allowed
-------------------------
-------------------------
time: October 15, 2021, 7:10 pm
message: GET method not allowed
-------------------------
-------------------------
time: October 15, 2021, 7:10 pm
message: Failed to initate payment. Please contact the system administrator.
-------------------------
-------------------------
time: October 15, 2021, 7:11 pm
message: GET method not allowed
-------------------------
-------------------------
time: October 15, 2021, 7:16 pm
message: GET method not allowed
-------------------------
-------------------------
time: October 15, 2021, 7:16 pm
message: GET method not allowed
-------------------------
-------------------------
time: October 15, 2021, 7:18 pm
message: GET method not allowed.
-------------------------
-------------------------
time: October 15, 2021, 7:19 pm
message: GET method not allowed
-------------------------
-------------------------
time: October 15, 2021, 7:41 pm
message: GET method not allowed
-------------------------
-------------------------
time: October 15, 2021, 8:40 pm
message: Leaderboard data fetched.
-------------------------
-------------------------
time: October 15, 2021, 8:40 pm
message: Leaderboard data fetched.
-------------------------
-------------------------
time: October 15, 2021, 8:40 pm
message: Leaderboard data fetched.
-------------------------
-------------------------
time: October 15, 2021, 8:41 pm
message: Leaderboard data fetched.
-------------------------
-------------------------
time: October 15, 2021, 8:41 pm
message: Leaderboard data fetched.
-------------------------
-------------------------
time: October 15, 2021, 8:41 pm
message: Leaderboard data fetched.
-------------------------
-------------------------
time: October 15, 2021, 8:42 pm
message: Leaderboard data fetched.
-------------------------
-------------------------
time: October 15, 2021, 8:42 pm
message: Leaderboard data fetched.
-------------------------
-------------------------
time: October 15, 2021, 8:42 pm
message: Leaderboard data fetched.
-------------------------
-------------------------
time: October 15, 2021, 8:43 pm
message: Leaderboard data fetched.
-------------------------
-------------------------
time: October 15, 2021, 8:44 pm
message: Leaderboard data fetched.
-------------------------
-------------------------
time: October 15, 2021, 8:45 pm
message: Leaderboard data fetched.
-------------------------
-------------------------
time: October 15, 2021, 8:45 pm
message: Leaderboard data fetched.
-------------------------
-------------------------
time: October 15, 2021, 8:52 pm
message: Leaderboard data fetched.
-------------------------
-------------------------
time: October 15, 2021, 8:52 pm
message: Leaderboard data fetched.
-------------------------
-------------------------
time: October 15, 2021, 8:52 pm
message: Leaderboard data fetched.
-------------------------
-------------------------
time: October 15, 2021, 8:53 pm
message: Leaderboard data fetched.
-------------------------
-------------------------
time: October 15, 2021, 8:53 pm
message: Booking data fetched.
-------------------------
-------------------------
time: October 15, 2021, 8:53 pm
message: Expired token
-------------------------
-------------------------
time: October 15, 2021, 8:57 pm
message: Leaderboard data fetched.
-------------------------
-------------------------
time: October 15, 2021, 8:57 pm
message: Leaderboard data fetched.
-------------------------
-------------------------
time: October 15, 2021, 8:58 pm
message: Leaderboard data fetched.
-------------------------
-------------------------
time: October 15, 2021, 9:07 pm
message: Leaderboard data fetched.
-------------------------
-------------------------
time: October 15, 2021, 9:08 pm
message: Leaderboard data fetched.
-------------------------
-------------------------
time: October 15, 2021, 9:12 pm
message: Leaderboard data fetched.
-------------------------
-------------------------
time: October 15, 2021, 9:13 pm
message: Leaderboard data fetched.
-------------------------
-------------------------
time: October 15, 2021, 9:13 pm
message: Leaderboard data fetched.
-------------------------
-------------------------
time: October 15, 2021, 9:13 pm
message: Leaderboard data fetched.
-------------------------
-------------------------
time: October 15, 2021, 9:14 pm
message: Leaderboard data fetched.
-------------------------
-------------------------
time: October 15, 2021, 9:16 pm
message: Leaderboard data fetched.
-------------------------
-------------------------
time: October 15, 2021, 9:17 pm
message: Leaderboard data fetched.
-------------------------
-------------------------
time: October 15, 2021, 9:19 pm
message: Expired token
-------------------------
-------------------------
time: October 15, 2021, 9:19 pm
message: Booking data fetched.
-------------------------
-------------------------
time: October 15, 2021, 9:39 pm
message: Leaderboard data fetched.
-------------------------
-------------------------
time: October 15, 2021, 9:40 pm
message: Leaderboard data fetched.
-------------------------
-------------------------
time: October 15, 2021, 9:53 pm
message: Leaderboard data fetched.
-------------------------
-------------------------
time: October 15, 2021, 10:08 pm
message: Leaderboard data fetched.
-------------------------
-------------------------
time: October 15, 2021, 10:11 pm
message: Booking data fetched.
-------------------------
-------------------------
time: October 15, 2021, 10:16 pm
message: Booking data fetched.
-------------------------
-------------------------
time: October 15, 2021, 10:18 pm
message: Booking data fetched.
-------------------------
-------------------------
time: October 15, 2021, 10:19 pm
message: Booking data fetched.
-------------------------
-------------------------
time: October 15, 2021, 10:28 pm
message: Username/Password not valid.
-------------------------
-------------------------
time: October 15, 2021, 10:28 pm
message: Leaderboard data fetched.
-------------------------
-------------------------
time: October 15, 2021, 11:14 pm
message: Leaderboard data fetched.
-------------------------
-------------------------
time: October 15, 2021, 11:17 pm
message: Leaderboard data fetched.
-------------------------
-------------------------
time: October 15, 2021, 11:23 pm
message: Booking data fetched.
-------------------------
-------------------------
time: October 15, 2021, 11:23 pm
message: Expired token
-------------------------
-------------------------
time: October 15, 2021, 11:35 pm
message: Booking data fetched.
-------------------------
-------------------------
time: October 15, 2021, 11:35 pm
message: Expired token
-------------------------
-------------------------
time: October 15, 2021, 11:46 pm
message: GET method not allowed
-------------------------
