-------------------------
time: October 11, 2021, 12:07 am
message: Coupon data fetched.
-------------------------
-------------------------
time: October 11, 2021, 12:09 am
message: Booking data fetched.
-------------------------
-------------------------
time: October 11, 2021, 12:09 am
message: Expired token
-------------------------
-------------------------
time: October 11, 2021, 12:09 am
message: User not found with given email id.
-------------------------
-------------------------
time: October 11, 2021, 12:10 am
message: User not found with given email id.
-------------------------
-------------------------
time: October 11, 2021, 12:10 am
message: User not found with given email id.
-------------------------
-------------------------
time: October 11, 2021, 12:10 am
message: User not found with given email id.
-------------------------
-------------------------
time: October 11, 2021, 12:10 am
message: User not found with given email id.
-------------------------
-------------------------
time: October 11, 2021, 12:10 am
message: User not found with given email id.
-------------------------
-------------------------
time: October 11, 2021, 12:10 am
message: User not found with given email id.
-------------------------
-------------------------
time: October 11, 2021, 12:11 am
message: GET method not allowed
-------------------------
-------------------------
time: October 11, 2021, 12:11 am
message: GET method not allowed
-------------------------
-------------------------
time: October 11, 2021, 12:11 am
message: GET method not allowed.
-------------------------
-------------------------
time: October 11, 2021, 12:11 am
message: Booking data fetched.
-------------------------
-------------------------
time: October 11, 2021, 12:11 am
message: Expired token
-------------------------
-------------------------
time: October 11, 2021, 12:20 am
message: Booking data fetched.
-------------------------
-------------------------
time: October 11, 2021, 12:33 am
message: Leaderboard data fetched.
-------------------------
-------------------------
time: October 11, 2021, 12:33 am
message: Leaderboard data fetched.
-------------------------
-------------------------
time: October 11, 2021, 3:36 am
message: Leaderboard data fetched.
-------------------------
-------------------------
time: October 11, 2021, 5:21 am
message: Booking data fetched.
-------------------------
-------------------------
time: October 11, 2021, 7:51 am
message: Booking data fetched.
-------------------------
-------------------------
time: October 11, 2021, 7:51 am
message: Expired token
-------------------------
-------------------------
time: October 11, 2021, 7:52 am
message: Leaderboard data fetched.
-------------------------
-------------------------
time: October 11, 2021, 7:53 am
message: Leaderboard data fetched.
-------------------------
-------------------------
time: October 11, 2021, 7:54 am
message: Expired token
-------------------------
-------------------------
time: October 11, 2021, 7:54 am
message: Booking data fetched.
-------------------------
-------------------------
time: October 11, 2021, 7:56 am
message: Expired token
-------------------------
-------------------------
time: October 11, 2021, 7:56 am
message: Booking data fetched.
-------------------------
-------------------------
time: October 11, 2021, 9:11 am
message: Leaderboard data fetched.
-------------------------
-------------------------
time: October 11, 2021, 9:18 am
message: Booking data fetched.
-------------------------
-------------------------
time: October 11, 2021, 9:18 am
message: Expired token
-------------------------
-------------------------
time: October 11, 2021, 9:20 am
message: Leaderboard data fetched.
-------------------------
-------------------------
time: October 11, 2021, 9:21 am
message: Booking data fetched.
-------------------------
-------------------------
time: October 11, 2021, 9:21 am
message: Expired token
-------------------------
-------------------------
time: October 11, 2021, 9:54 am
message: Username/Password not valid.
-------------------------
-------------------------
time: October 11, 2021, 9:55 am
message: Booking data fetched.
-------------------------
-------------------------
time: October 11, 2021, 9:55 am
message: Expired token
-------------------------
-------------------------
time: October 11, 2021, 10:27 am
message: Booking data fetched.
-------------------------
-------------------------
time: October 11, 2021, 10:27 am
message: Expired token
-------------------------
-------------------------
time: October 11, 2021, 10:38 am
message: Leaderboard data fetched.
-------------------------
-------------------------
time: October 11, 2021, 10:41 am
message: Booking data fetched.
-------------------------
-------------------------
time: October 11, 2021, 10:48 am
message: Leaderboard data fetched.
-------------------------
-------------------------
time: October 11, 2021, 10:51 am
message: Booking data fetched.
-------------------------
-------------------------
time: October 11, 2021, 10:51 am
message: Booking data fetched.
-------------------------
-------------------------
time: October 11, 2021, 11:18 am
message: Leaderboard data fetched.
-------------------------
-------------------------
time: October 11, 2021, 11:44 am
message: Leaderboard data fetched.
-------------------------
-------------------------
time: October 11, 2021, 11:50 am
message: Expired token
-------------------------
-------------------------
time: October 11, 2021, 11:51 am
message: Leaderboard data fetched.
-------------------------
-------------------------
time: October 11, 2021, 12:01 pm
message: Leaderboard data fetched.
-------------------------
-------------------------
time: October 11, 2021, 12:03 pm
message: Booking data fetched.
-------------------------
-------------------------
time: October 11, 2021, 12:06 pm
message: Leaderboard data fetched.
-------------------------
-------------------------
time: October 11, 2021, 12:07 pm
message: Leaderboard data fetched.
-------------------------
-------------------------
time: October 11, 2021, 12:25 pm
message: Booking data fetched.
-------------------------
-------------------------
time: October 11, 2021, 12:25 pm
message: Expired token
-------------------------
-------------------------
time: October 11, 2021, 12:25 pm
message: Booking data fetched.
-------------------------
-------------------------
time: October 11, 2021, 12:25 pm
message: Expired token
-------------------------
-------------------------
time: October 11, 2021, 12:52 pm
message: Booking data fetched.
-------------------------
-------------------------
time: October 11, 2021, 12:52 pm
message: Expired token
-------------------------
-------------------------
time: October 11, 2021, 1:50 pm
message: Leaderboard data fetched.
-------------------------
-------------------------
time: October 11, 2021, 2:03 pm
message: Leaderboard data fetched.
-------------------------
-------------------------
time: October 11, 2021, 2:05 pm
message: Leaderboard data fetched.
-------------------------
-------------------------
time: October 11, 2021, 2:12 pm
message: Leaderboard data fetched.
-------------------------
-------------------------
time: October 11, 2021, 3:34 pm
message: Booking data fetched.
-------------------------
-------------------------
time: October 11, 2021, 3:34 pm
message: Expired token
-------------------------
-------------------------
time: October 11, 2021, 3:57 pm
message: Leaderboard data fetched.
-------------------------
-------------------------
time: October 11, 2021, 4:38 pm
message: Leaderboard data fetched.
-------------------------
-------------------------
time: October 11, 2021, 4:41 pm
message: Leaderboard data fetched.
-------------------------
-------------------------
time: October 11, 2021, 4:49 pm
message: Username/Password not valid.
-------------------------
-------------------------
time: October 11, 2021, 4:49 pm
message: Booking data fetched.
-------------------------
-------------------------
time: October 11, 2021, 6:24 pm
message: Expired token
-------------------------
-------------------------
time: October 11, 2021, 6:24 pm
message: Booking data fetched.
-------------------------
-------------------------
time: October 11, 2021, 6:33 pm
message: Booking data fetched.
-------------------------
-------------------------
time: October 11, 2021, 6:33 pm
message: Booking data fetched.
-------------------------
-------------------------
time: October 11, 2021, 6:33 pm
message: Expired token
-------------------------
-------------------------
time: October 11, 2021, 6:33 pm
message: Expired token
-------------------------
-------------------------
time: October 11, 2021, 6:33 pm
message: Booking data fetched.
-------------------------
-------------------------
time: October 11, 2021, 6:38 pm
message: Booking data fetched.
-------------------------
-------------------------
time: October 11, 2021, 6:44 pm
message: Booking data fetched.
-------------------------
-------------------------
time: October 11, 2021, 6:51 pm
message: Booking data fetched.
-------------------------
-------------------------
time: October 11, 2021, 6:51 pm
message: Booking data fetched.
-------------------------
-------------------------
time: October 11, 2021, 6:52 pm
message: Booking data fetched.
-------------------------
-------------------------
time: October 11, 2021, 6:53 pm
message: Booking data fetched.
-------------------------
-------------------------
time: October 11, 2021, 7:14 pm
message: Booking data fetched.
-------------------------
-------------------------
time: October 11, 2021, 7:14 pm
message: Expired token
-------------------------
-------------------------
time: October 11, 2021, 7:21 pm
message: Leaderboard data fetched.
-------------------------
-------------------------
time: October 11, 2021, 7:44 pm
message: Leaderboard data fetched.
-------------------------
-------------------------
time: October 11, 2021, 8:07 pm
message: Leaderboard data fetched.
-------------------------
-------------------------
time: October 11, 2021, 8:13 pm
message: Leaderboard data fetched.
-------------------------
-------------------------
time: October 11, 2021, 8:30 pm
message: Leaderboard data fetched.
-------------------------
-------------------------
time: October 11, 2021, 8:30 pm
message: Leaderboard data fetched.
-------------------------
-------------------------
time: October 11, 2021, 8:36 pm
message: Leaderboard data fetched.
-------------------------
-------------------------
time: October 11, 2021, 8:58 pm
message: Booking data fetched.
-------------------------
-------------------------
time: October 11, 2021, 8:58 pm
message: Expired token
-------------------------
-------------------------
time: October 11, 2021, 9:56 pm
message: GET method not allowed
-------------------------
-------------------------
time: October 11, 2021, 10:04 pm
message: Leaderboard data fetched.
-------------------------
-------------------------
time: October 11, 2021, 11:11 pm
message: Booking data fetched.
-------------------------
-------------------------
time: October 11, 2021, 11:11 pm
message: Expired token
-------------------------
-------------------------
time: October 11, 2021, 11:12 pm
message: Leaderboard data fetched.
-------------------------
-------------------------
time: October 11, 2021, 11:13 pm
message: GET method not allowed
-------------------------
-------------------------
time: October 11, 2021, 11:14 pm
message: GET method not allowed.
-------------------------
-------------------------
time: October 11, 2021, 11:16 pm
message: Booking data fetched.
-------------------------
-------------------------
time: October 11, 2021, 11:16 pm
message: Expired token
-------------------------
-------------------------
time: October 11, 2021, 11:16 pm
message: GET method not allowed
-------------------------
-------------------------
time: October 11, 2021, 11:16 pm
message: GET method not allowed
-------------------------
-------------------------
time: October 11, 2021, 11:18 pm
message: Booking data fetched.
-------------------------
-------------------------
time: October 11, 2021, 11:18 pm
message: Expired token
-------------------------
-------------------------
time: October 11, 2021, 11:19 pm
message: GET method not allowed
-------------------------
-------------------------
time: October 11, 2021, 11:19 pm
message: GET method not allowed.
-------------------------
-------------------------
time: October 11, 2021, 11:24 pm
message: GET method not allowed
-------------------------
-------------------------
time: October 11, 2021, 11:25 pm
message: Coupon data fetched.
-------------------------
-------------------------
time: October 11, 2021, 11:27 pm
message: GET method not allowed
-------------------------
-------------------------
time: October 11, 2021, 11:34 pm
message: GET method not allowed
-------------------------
-------------------------
time: October 11, 2021, 11:34 pm
message: GET method not allowed
-------------------------
-------------------------
time: October 11, 2021, 11:34 pm
message: GET method not allowed
-------------------------
-------------------------
time: October 11, 2021, 11:35 pm
message: GET method not allowed
-------------------------
-------------------------
time: October 11, 2021, 11:36 pm
message: GET method not allowed
-------------------------
-------------------------
time: October 11, 2021, 11:36 pm
message: GET method not allowed
-------------------------
-------------------------
time: October 11, 2021, 11:36 pm
message: GET method not allowed
-------------------------
-------------------------
time: October 11, 2021, 11:36 pm
message: GET method not allowed
-------------------------
-------------------------
time: October 11, 2021, 11:53 pm
message: Coupon data fetched.
-------------------------
-------------------------
time: October 11, 2021, 11:53 pm
message: Coupon data fetched.
-------------------------
-------------------------
time: October 11, 2021, 11:54 pm
message: Coupon data fetched.
-------------------------
-------------------------
time: October 11, 2021, 11:54 pm
message: Coupon data fetched.
-------------------------
-------------------------
time: October 11, 2021, 11:54 pm
message: Booking data fetched.
-------------------------
-------------------------
time: October 11, 2021, 11:57 pm
message: GET method not allowed
-------------------------
