-------------------------
time: August 25, 2021, 6:02 pm
message: GET method not allowed
-------------------------
-------------------------
time: August 25, 2021, 6:36 pm
message: Error 8 occured on line 30 in file F:\SERVER\www\iim-app-services\models\Common\QueryUtils.php: Undefined property: stdClass::$value.
-------------------------
-------------------------
time: August 25, 2021, 6:37 pm
message: Error 8 occured on line 30 in file F:\SERVER\www\iim-app-services\models\Common\QueryUtils.php: Undefined property: stdClass::$value.
-------------------------
-------------------------
time: August 25, 2021, 6:38 pm
message: Error 8 occured on line 30 in file F:\SERVER\www\iim-app-services\models\Common\QueryUtils.php: Undefined property: stdClass::$value.
-------------------------
-------------------------
time: August 25, 2021, 6:38 pm
message: Error 8 occured on line 30 in file F:\SERVER\www\iim-app-services\models\Common\QueryUtils.php: Undefined property: stdClass::$value.
-------------------------
-------------------------
time: August 25, 2021, 6:40 pm
message: Coupon has expired.
-------------------------
-------------------------
time: August 25, 2021, 6:41 pm
message: Booking data fetched.
-------------------------
-------------------------
time: August 25, 2021, 6:42 pm
message: Booking data fetched.
-------------------------
-------------------------
time: August 25, 2021, 6:43 pm
message: Booking data fetched.
-------------------------
-------------------------
time: August 25, 2021, 6:43 pm
message: Booking data fetched.
-------------------------
-------------------------
time: August 25, 2021, 6:43 pm
message: Booking data fetched.
-------------------------
-------------------------
time: August 25, 2021, 6:44 pm
message: Booking data fetched.
-------------------------
-------------------------
time: August 25, 2021, 6:44 pm
message: Booking data fetched.
-------------------------
-------------------------
time: August 25, 2021, 6:45 pm
message: Booking data fetched.
-------------------------
-------------------------
time: August 25, 2021, 6:45 pm
message: Booking data fetched.
-------------------------
-------------------------
time: August 25, 2021, 7:23 pm
message: Booking data fetched.
-------------------------
-------------------------
time: August 25, 2021, 7:25 pm
message: Booking data fetched.
-------------------------
-------------------------
time: August 25, 2021, 7:26 pm
message: Booking data fetched.
-------------------------
-------------------------
time: August 25, 2021, 7:28 pm
message: Booking data fetched.
-------------------------
-------------------------
time: August 25, 2021, 7:36 pm
message: Booking data fetched.
-------------------------
-------------------------
time: August 25, 2021, 7:38 pm
message: Booking data fetched.
-------------------------
-------------------------
time: August 25, 2021, 7:38 pm
message: Booking data fetched.
-------------------------
-------------------------
time: August 25, 2021, 7:59 pm
message: Booking data fetched.
-------------------------
-------------------------
time: August 25, 2021, 7:59 pm
message: Booking data fetched.
-------------------------
-------------------------
time: August 25, 2021, 7:59 pm
message: Booking data fetched.
-------------------------
-------------------------
time: August 25, 2021, 8:00 pm
message: Booking data fetched.
-------------------------
-------------------------
time: August 25, 2021, 8:00 pm
message: Booking data fetched.
-------------------------
-------------------------
time: August 25, 2021, 8:01 pm
message: Booking data fetched.
-------------------------
-------------------------
time: August 25, 2021, 8:02 pm
message: Booking data fetched.
-------------------------
-------------------------
time: August 25, 2021, 8:02 pm
message: Booking data fetched.
-------------------------
-------------------------
time: August 25, 2021, 8:03 pm
message: Booking data fetched.
-------------------------
-------------------------
time: August 25, 2021, 8:05 pm
message: Booking data fetched.
-------------------------
-------------------------
time: August 25, 2021, 8:06 pm
message: GET method not allowed
-------------------------
-------------------------
time: August 25, 2021, 8:06 pm
message: Booking data fetched.
-------------------------
-------------------------
time: August 25, 2021, 8:08 pm
message: Booking data fetched.
-------------------------
-------------------------
time: August 25, 2021, 8:17 pm
message: Booking data fetched.
-------------------------
-------------------------
time: August 25, 2021, 8:18 pm
message: Booking data fetched.
-------------------------
-------------------------
time: August 25, 2021, 8:20 pm
message: Booking data fetched.
-------------------------
-------------------------
time: August 25, 2021, 8:20 pm
message: Booking data fetched.
-------------------------
-------------------------
time: August 25, 2021, 8:20 pm
message: Booking data fetched.
-------------------------
-------------------------
time: August 25, 2021, 8:22 pm
message: Booking data fetched.
-------------------------
-------------------------
time: August 25, 2021, 8:25 pm
message: Booking data fetched.
-------------------------
-------------------------
time: August 25, 2021, 8:30 pm
message: Booking data fetched.
-------------------------
-------------------------
time: August 25, 2021, 8:35 pm
message: Booking data fetched.
-------------------------
-------------------------
time: August 25, 2021, 8:55 pm
message: Booking data fetched.
-------------------------
-------------------------
time: August 25, 2021, 8:57 pm
message: Booking data fetched.
-------------------------
-------------------------
time: August 25, 2021, 8:57 pm
message: Booking data fetched.
-------------------------
-------------------------
time: August 25, 2021, 8:57 pm
message: Booking data fetched.
-------------------------
