-------------------------
time: October 22, 2021, 5:29 am
message: Booking data fetched.
-------------------------
-------------------------
time: October 22, 2021, 5:29 am
message: Expired token
-------------------------
-------------------------
time: October 22, 2021, 5:30 am
message: Booking data fetched.
-------------------------
-------------------------
time: October 22, 2021, 5:30 am
message: Expired token
-------------------------
-------------------------
time: October 22, 2021, 8:11 am
message: Booking data fetched.
-------------------------
-------------------------
time: October 22, 2021, 8:11 am
message: Expired token
-------------------------
-------------------------
time: October 22, 2021, 10:16 am
message: Booking data fetched.
-------------------------
-------------------------
time: October 22, 2021, 10:16 am
message: Expired token
-------------------------
-------------------------
time: October 22, 2021, 11:22 am
message: Booking data fetched.
-------------------------
-------------------------
time: October 22, 2021, 11:22 am
message: Expired token
-------------------------
-------------------------
time: October 22, 2021, 11:23 am
message: Booking data fetched.
-------------------------
-------------------------
time: October 22, 2021, 2:25 pm
message: Leaderboard data fetched.
-------------------------
-------------------------
time: October 22, 2021, 3:41 pm
message: Booking data fetched.
-------------------------
-------------------------
time: October 22, 2021, 3:41 pm
message: Expired token
-------------------------
-------------------------
time: October 22, 2021, 4:00 pm
message: GET method not allowed
-------------------------
-------------------------
time: October 22, 2021, 5:09 pm
message: Booking data fetched.
-------------------------
-------------------------
time: October 22, 2021, 5:35 pm
message: Booking data fetched.
-------------------------
-------------------------
time: October 22, 2021, 5:35 pm
message: Expired token
-------------------------
-------------------------
time: October 22, 2021, 5:35 pm
message: Expired token
-------------------------
-------------------------
time: October 22, 2021, 5:35 pm
message: Booking data fetched.
-------------------------
-------------------------
time: October 22, 2021, 7:44 pm
message: Booking data fetched.
-------------------------
-------------------------
time: October 22, 2021, 7:45 pm
message: Failed to initate payment. Please contact the system administrator.
-------------------------
-------------------------
time: October 22, 2021, 8:46 pm
message: Leaderboard data fetched.
-------------------------
-------------------------
time: October 22, 2021, 10:41 pm
message: Expired token
-------------------------
-------------------------
time: October 22, 2021, 10:41 pm
message: Booking data fetched.
-------------------------
-------------------------
time: October 22, 2021, 11:15 pm
message: Booking data fetched.
-------------------------
-------------------------
time: October 22, 2021, 11:15 pm
message: Expired token
-------------------------
-------------------------
time: October 22, 2021, 11:59 pm
message: Leaderboard data fetched.
-------------------------
