-------------------------
time: January 4, 2022, 2:08 am
message: Contact Role data fetched.
-------------------------
-------------------------
time: January 4, 2022, 3:13 am
message: Contact Role data fetched.
-------------------------
-------------------------
time: January 4, 2022, 3:31 am
message: Contact Role data fetched.
-------------------------
-------------------------
time: January 4, 2022, 3:45 am
message: Contact Role data fetched.
-------------------------
-------------------------
time: January 4, 2022, 4:21 am
message: Contact Role data fetched.
-------------------------
-------------------------
time: January 4, 2022, 4:27 am
message: Contact Role data fetched.
-------------------------
-------------------------
time: January 4, 2022, 4:36 am
message: Contact Role data fetched.
-------------------------
-------------------------
time: January 4, 2022, 5:21 am
message: Contact Role data fetched.
-------------------------
-------------------------
time: January 4, 2022, 5:27 am
message: Contact Role data fetched.
-------------------------
-------------------------
time: January 4, 2022, 6:25 am
message: Contact Role data fetched.
-------------------------
-------------------------
time: January 4, 2022, 7:17 am
message: Contact Role data fetched.
-------------------------
-------------------------
time: January 4, 2022, 7:27 am
message: Contact Role data fetched.
-------------------------
-------------------------
time: January 4, 2022, 9:57 am
message: Contact Role data fetched.
-------------------------
-------------------------
time: January 4, 2022, 10:58 am
message: Contact Role data fetched.
-------------------------
-------------------------
time: January 4, 2022, 11:25 am
message: Contact Role data fetched.
-------------------------
-------------------------
time: January 4, 2022, 12:01 pm
message: Contact Role data fetched.
-------------------------
-------------------------
time: January 4, 2022, 12:28 pm
message: Contact Role data fetched.
-------------------------
-------------------------
time: January 4, 2022, 1:05 pm
message: Contact Role data fetched.
-------------------------
-------------------------
time: January 4, 2022, 1:06 pm
message: Leaderboard data fetched.
-------------------------
-------------------------
time: January 4, 2022, 1:06 pm
message: Contact Role data fetched.
-------------------------
-------------------------
time: January 4, 2022, 1:06 pm
message: Contact Role data fetched.
-------------------------
-------------------------
time: January 4, 2022, 1:12 pm
message: Contact Role data fetched.
-------------------------
-------------------------
time: January 4, 2022, 1:17 pm
message: Contact Role data fetched.
-------------------------
-------------------------
time: January 4, 2022, 1:21 pm
message: Contact Role data fetched.
-------------------------
-------------------------
time: January 4, 2022, 2:19 pm
message: Contact Role data fetched.
-------------------------
-------------------------
time: January 4, 2022, 2:58 pm
message: Contact Role data fetched.
-------------------------
-------------------------
time: January 4, 2022, 2:58 pm
message: Contact Role data fetched.
-------------------------
-------------------------
time: January 4, 2022, 3:31 pm
message: Contact Role data fetched.
-------------------------
-------------------------
time: January 4, 2022, 4:55 pm
message: GET method not allowed
-------------------------
-------------------------
time: January 4, 2022, 5:26 pm
message: GET method not allowed
-------------------------
-------------------------
time: January 4, 2022, 6:30 pm
message: Contact Role data fetched.
-------------------------
-------------------------
time: January 4, 2022, 7:28 pm
message: Contact Role data fetched.
-------------------------
-------------------------
time: January 4, 2022, 8:13 pm
message: Contact Role data fetched.
-------------------------
-------------------------
time: January 4, 2022, 8:21 pm
message: Contact Role data fetched.
-------------------------
-------------------------
time: January 4, 2022, 8:30 pm
message: GET method not allowed
-------------------------
-------------------------
time: January 4, 2022, 9:01 pm
message: GET method not allowed
-------------------------
-------------------------
time: January 4, 2022, 9:15 pm
message: Contact Role data fetched.
-------------------------
-------------------------
time: January 4, 2022, 9:32 pm
message: Contact Role data fetched.
-------------------------
-------------------------
time: January 4, 2022, 10:08 pm
message: Contact Role data fetched.
-------------------------
-------------------------
time: January 4, 2022, 10:14 pm
message: Contact Role data fetched.
-------------------------
-------------------------
time: January 4, 2022, 10:23 pm
message: Contact Role data fetched.
-------------------------
-------------------------
time: January 4, 2022, 11:09 pm
message: Contact Role data fetched.
-------------------------
-------------------------
time: January 4, 2022, 11:18 pm
message: Contact Role data fetched.
-------------------------
