-------------------------
time: October 31, 2021, 12:07 am
message: Booking data fetched.
-------------------------
-------------------------
time: October 31, 2021, 12:07 am
message: Expired token
-------------------------
-------------------------
time: October 31, 2021, 8:53 am
message: Booking data fetched.
-------------------------
-------------------------
time: October 31, 2021, 8:53 am
message: Expired token
-------------------------
-------------------------
time: October 31, 2021, 9:38 am
message: Booking data fetched.
-------------------------
-------------------------
time: October 31, 2021, 11:52 am
message: Booking data fetched.
-------------------------
-------------------------
time: October 31, 2021, 11:52 am
message: Expired token
-------------------------
-------------------------
time: October 31, 2021, 3:30 pm
message: GET method not allowed
-------------------------
-------------------------
time: October 31, 2021, 4:01 pm
message: GET method not allowed
-------------------------
-------------------------
time: October 31, 2021, 4:37 pm
message: Leaderboard data fetched.
-------------------------
-------------------------
time: October 31, 2021, 4:41 pm
message: Leaderboard data fetched.
-------------------------
-------------------------
time: October 31, 2021, 5:55 pm
message: Leaderboard data fetched.
-------------------------
-------------------------
time: October 31, 2021, 5:56 pm
message: Leaderboard data fetched.
-------------------------
-------------------------
time: October 31, 2021, 6:13 pm
message: GET method not allowed
-------------------------
-------------------------
time: October 31, 2021, 7:51 pm
message: GET method not allowed
-------------------------
-------------------------
time: October 31, 2021, 8:22 pm
message: GET method not allowed
-------------------------
-------------------------
time: October 31, 2021, 9:28 pm
message: GET method not allowed
-------------------------
-------------------------
time: October 31, 2021, 11:00 pm
message: Booking data fetched.
-------------------------
-------------------------
time: October 31, 2021, 11:00 pm
message: Expired token
-------------------------
