-------------------------
time: December 27, 2021, 12:00 am
message: Contact Role data fetched.
-------------------------
-------------------------
time: December 27, 2021, 12:01 am
message: Contact Role data fetched.
-------------------------
-------------------------
time: December 27, 2021, 12:11 am
message: Email Id is already associated with another account.
-------------------------
-------------------------
time: December 27, 2021, 12:11 am
message: Email Id is already associated with another account.
-------------------------
-------------------------
time: December 27, 2021, 12:12 am
message: Email Id is already associated with another account.
-------------------------
-------------------------
time: December 27, 2021, 12:12 am
message: Email Id is already associated with another account.
-------------------------
-------------------------
time: December 27, 2021, 12:13 am
message: Email Id is already associated with another account.
-------------------------
-------------------------
time: December 27, 2021, 12:14 am
message: SQLSTATE[22001]: String data, right truncated: 1406 Data too long for column 'address' at row 1
-------------------------
-------------------------
time: December 27, 2021, 12:14 am
message: SQLSTATE[22001]: String data, right truncated: 1406 Data too long for column 'address' at row 1
-------------------------
-------------------------
time: December 27, 2021, 12:15 am
message: Mail Exception: 5.7.8 Username and Password not accepted. Learn more at
 5.7.8  https://support.google.com/mail/?p=BadCredentials lx8sm18017416pjb.18 - gsmtp

-------------------------
-------------------------
time: December 27, 2021, 12:17 am
message: Contact Role data fetched.
-------------------------
-------------------------
time: December 27, 2021, 2:11 am
message: Contact Role data fetched.
-------------------------
-------------------------
time: December 27, 2021, 2:11 am
message: Contact Role data fetched.
-------------------------
-------------------------
time: December 27, 2021, 2:11 am
message: Contact Role data fetched.
-------------------------
-------------------------
time: December 27, 2021, 2:11 am
message: Contact Role data fetched.
-------------------------
-------------------------
time: December 27, 2021, 2:12 am
message: Contact Role data fetched.
-------------------------
-------------------------
time: December 27, 2021, 2:12 am
message: Leaderboard data fetched.
-------------------------
-------------------------
time: December 27, 2021, 2:12 am
message: Contact Role data fetched.
-------------------------
-------------------------
time: December 27, 2021, 6:23 am
message: Contact Role data fetched.
-------------------------
-------------------------
time: December 27, 2021, 7:48 am
message: GET method not allowed
-------------------------
-------------------------
time: December 27, 2021, 8:40 am
message: Contact Role data fetched.
-------------------------
-------------------------
time: December 27, 2021, 11:40 am
message: Contact Role data fetched.
-------------------------
-------------------------
time: December 27, 2021, 12:01 pm
message: Contact Role data fetched.
-------------------------
-------------------------
time: December 27, 2021, 12:36 pm
message: Contact Role data fetched.
-------------------------
-------------------------
time: December 27, 2021, 12:45 pm
message: Contact Role data fetched.
-------------------------
-------------------------
time: December 27, 2021, 1:09 pm
message: Contact Role data fetched.
-------------------------
-------------------------
time: December 27, 2021, 2:17 pm
message: Contact Role data fetched.
-------------------------
-------------------------
time: December 27, 2021, 3:19 pm
message: Contact Role data fetched.
-------------------------
-------------------------
time: December 27, 2021, 3:37 pm
message: Contact Role data fetched.
-------------------------
-------------------------
time: December 27, 2021, 4:53 pm
message: Contact Role data fetched.
-------------------------
-------------------------
time: December 27, 2021, 6:21 pm
message: Contact Role data fetched.
-------------------------
-------------------------
time: December 27, 2021, 6:38 pm
message: Contact Role data fetched.
-------------------------
-------------------------
time: December 27, 2021, 6:59 pm
message: Contact Role data fetched.
-------------------------
-------------------------
time: December 27, 2021, 7:29 pm
message: Contact Role data fetched.
-------------------------
-------------------------
time: December 27, 2021, 7:40 pm
message: Contact Role data fetched.
-------------------------
-------------------------
time: December 27, 2021, 8:38 pm
message: Contact Role data fetched.
-------------------------
-------------------------
time: December 27, 2021, 9:16 pm
message: Contact Role data fetched.
-------------------------
-------------------------
time: December 27, 2021, 9:19 pm
message: Contact Role data fetched.
-------------------------
-------------------------
time: December 27, 2021, 9:22 pm
message: Leaderboard data fetched.
-------------------------
-------------------------
time: December 27, 2021, 9:27 pm
message: Contact Role data fetched.
-------------------------
-------------------------
time: December 27, 2021, 9:50 pm
message: Contact Role data fetched.
-------------------------
-------------------------
time: December 27, 2021, 10:45 pm
message: Contact Role data fetched.
-------------------------
-------------------------
time: December 27, 2021, 10:46 pm
message: Contact Role data fetched.
-------------------------
-------------------------
time: December 27, 2021, 11:23 pm
message: Contact Role data fetched.
-------------------------
