-------------------------
time: November 17, 2021, 1:01 am
message: Leaderboard data fetched.
-------------------------
-------------------------
time: November 17, 2021, 1:01 am
message: Leaderboard data fetched.
-------------------------
-------------------------
time: November 17, 2021, 1:04 am
message: Leaderboard data fetched.
-------------------------
-------------------------
time: November 17, 2021, 2:06 pm
message: GET method not allowed
-------------------------
-------------------------
time: November 17, 2021, 2:37 pm
message: Leaderboard data fetched.
-------------------------
-------------------------
time: November 17, 2021, 4:08 pm
message: Leaderboard data fetched.
-------------------------
