-------------------------
time: November 28, 2021, 1:13 pm
message: Leaderboard data fetched.
-------------------------
-------------------------
time: November 28, 2021, 1:13 pm
message: Leaderboard data fetched.
-------------------------
-------------------------
time: November 28, 2021, 1:17 pm
message: Leaderboard data fetched.
-------------------------
-------------------------
time: November 28, 2021, 1:17 pm
message: Leaderboard data fetched.
-------------------------
-------------------------
time: November 28, 2021, 1:20 pm
message: GET method not allowed
-------------------------
-------------------------
time: November 28, 2021, 1:21 pm
message: Leaderboard data fetched.
-------------------------
-------------------------
time: November 28, 2021, 1:22 pm
message: Expired token
-------------------------
-------------------------
time: November 28, 2021, 1:23 pm
message: GET method not allowed
-------------------------
-------------------------
time: November 28, 2021, 1:23 pm
message: GET method not allowed
-------------------------
-------------------------
time: November 28, 2021, 1:27 pm
message: GET method not allowed
-------------------------
-------------------------
time: November 28, 2021, 1:29 pm
message: GET method not allowed
-------------------------
-------------------------
time: November 28, 2021, 1:30 pm
message: GET method not allowed
-------------------------
-------------------------
time: November 28, 2021, 1:32 pm
message: GET method not allowed
-------------------------
-------------------------
time: November 28, 2021, 4:31 pm
message: Leaderboard data fetched.
-------------------------
-------------------------
time: November 28, 2021, 6:31 pm
message: Leaderboard data fetched.
-------------------------
