-------------------------
time: December 26, 2021, 1:29 am
message: Leaderboard data fetched.
-------------------------
-------------------------
time: December 26, 2021, 4:18 am
message: Contact Role data fetched.
-------------------------
-------------------------
time: December 26, 2021, 4:47 am
message: Contact Role data fetched.
-------------------------
-------------------------
time: December 26, 2021, 7:17 am
message: Contact Role data fetched.
-------------------------
-------------------------
time: December 26, 2021, 9:16 am
message: Contact Role data fetched.
-------------------------
-------------------------
time: December 26, 2021, 9:56 am
message: Contact Role data fetched.
-------------------------
-------------------------
time: December 26, 2021, 9:57 am
message: Contact Role data fetched.
-------------------------
-------------------------
time: December 26, 2021, 9:57 am
message: GET method not allowed
-------------------------
-------------------------
time: December 26, 2021, 9:57 am
message: Contact Role data fetched.
-------------------------
-------------------------
time: December 26, 2021, 10:50 am
message: Contact Role data fetched.
-------------------------
-------------------------
time: December 26, 2021, 12:49 pm
message: Contact Role data fetched.
-------------------------
-------------------------
time: December 26, 2021, 1:58 pm
message: GET method not allowed
-------------------------
-------------------------
time: December 26, 2021, 2:34 pm
message: Contact Role data fetched.
-------------------------
-------------------------
time: December 26, 2021, 4:05 pm
message: Contact Role data fetched.
-------------------------
-------------------------
time: December 26, 2021, 4:46 pm
message: Contact Role data fetched.
-------------------------
-------------------------
time: December 26, 2021, 4:53 pm
message: Contact Role data fetched.
-------------------------
-------------------------
time: December 26, 2021, 4:55 pm
message: Contact Role data fetched.
-------------------------
-------------------------
time: December 26, 2021, 4:56 pm
message: Contact Role data fetched.
-------------------------
-------------------------
time: December 26, 2021, 6:01 pm
message: Contact Role data fetched.
-------------------------
-------------------------
time: December 26, 2021, 6:14 pm
message: Contact Role data fetched.
-------------------------
-------------------------
time: December 26, 2021, 6:38 pm
message: GET method not allowed
-------------------------
-------------------------
time: December 26, 2021, 6:57 pm
message: Contact Role data fetched.
-------------------------
-------------------------
time: December 26, 2021, 7:42 pm
message: Contact Role data fetched.
-------------------------
-------------------------
time: December 26, 2021, 8:28 pm
message: Contact Role data fetched.
-------------------------
-------------------------
time: December 26, 2021, 9:20 pm
message: Contact Role data fetched.
-------------------------
-------------------------
time: December 26, 2021, 10:33 pm
message: Contact Role data fetched.
-------------------------
-------------------------
time: December 26, 2021, 11:55 pm
message: GET method not allowed
-------------------------
