-------------------------
time: November 14, 2021, 12:02 am
message: GET method not allowed
-------------------------
-------------------------
time: November 14, 2021, 12:38 pm
message: GET method not allowed
-------------------------
-------------------------
time: November 14, 2021, 12:38 pm
message: GET method not allowed
-------------------------
-------------------------
time: November 14, 2021, 12:38 pm
message: GET method not allowed
-------------------------
-------------------------
time: November 14, 2021, 12:38 pm
message: GET method not allowed
-------------------------
-------------------------
time: November 14, 2021, 7:36 pm
message: GET method not allowed
-------------------------
-------------------------
time: November 14, 2021, 7:36 pm
message: GET method not allowed
-------------------------
-------------------------
time: November 14, 2021, 7:36 pm
message: GET method not allowed
-------------------------
-------------------------
time: November 14, 2021, 7:36 pm
message: GET method not allowed
-------------------------
-------------------------
time: November 14, 2021, 7:38 pm
message: Leaderboard data fetched.
-------------------------
-------------------------
time: November 14, 2021, 7:38 pm
message: Leaderboard data fetched.
-------------------------
-------------------------
time: November 14, 2021, 8:07 pm
message: GET method not allowed
-------------------------
-------------------------
time: November 14, 2021, 8:07 pm
message: GET method not allowed
-------------------------
-------------------------
time: November 14, 2021, 8:07 pm
message: GET method not allowed
-------------------------
-------------------------
time: November 14, 2021, 8:07 pm
message: GET method not allowed
-------------------------
