-------------------------
time: August 12, 2021, 6:19 pm
message: GET method not allowed.
-------------------------
-------------------------
time: August 12, 2021, 6:19 pm
message: Error 2 occured on line 277 in file F:\SERVER\www\iim-app-services\models\AppUser.php: count(): Parameter must be an array or an object that implements Countable.
-------------------------
-------------------------
time: August 12, 2021, 6:21 pm
message: Email Id is already associated with another another account.
-------------------------
-------------------------
time: August 12, 2021, 6:23 pm
message: Email Id is already associated with another another account.
-------------------------
-------------------------
time: August 12, 2021, 6:25 pm
message: SQLSTATE[42S22]: Column not found: 1054 Unknown column 'created_by' in 'field list'
-------------------------
-------------------------
time: August 12, 2021, 6:25 pm
message: SQLSTATE[42S22]: Column not found: 1054 Unknown column 'created_by' in 'field list'
-------------------------
-------------------------
time: August 12, 2021, 6:26 pm
message: SQLSTATE[01000]: Warning: 1265 Data truncated for column 'year' at row 1
-------------------------
-------------------------
time: August 12, 2021, 6:26 pm
message: SQLSTATE[01000]: Warning: 1265 Data truncated for column 'year' at row 1
-------------------------
-------------------------
time: August 12, 2021, 6:26 pm
message: SQLSTATE[23000]: Integrity constraint violation: 1048 Column 'created_by' cannot be null
-------------------------
-------------------------
time: August 12, 2021, 6:26 pm
message: SQLSTATE[23000]: Integrity constraint violation: 1048 Column 'created_by' cannot be null
-------------------------
-------------------------
time: August 12, 2021, 6:30 pm
message: SQLSTATE[HY000]: General error: 1366 Incorrect integer value: 'user' for column 'created_by' at row 1
-------------------------
-------------------------
time: August 12, 2021, 6:30 pm
message: SQLSTATE[HY000]: General error: 1366 Incorrect integer value: 'user' for column 'created_by' at row 1
-------------------------
-------------------------
time: August 12, 2021, 6:33 pm
message: Email Id is already associated with another account.
-------------------------
