-------------------------
time: October 21, 2021, 12:00 am
message: Expired token
-------------------------
-------------------------
time: October 21, 2021, 12:00 am
message: Booking data fetched.
-------------------------
-------------------------
time: October 21, 2021, 8:47 am
message: GET method not allowed
-------------------------
-------------------------
time: October 21, 2021, 8:47 am
message: GET method not allowed
-------------------------
-------------------------
time: October 21, 2021, 8:47 am
message: GET method not allowed
-------------------------
-------------------------
time: October 21, 2021, 8:54 am
message: Leaderboard data fetched.
-------------------------
-------------------------
time: October 21, 2021, 9:18 am
message: GET method not allowed
-------------------------
-------------------------
time: October 21, 2021, 9:18 am
message: GET method not allowed
-------------------------
-------------------------
time: October 21, 2021, 9:18 am
message: GET method not allowed
-------------------------
-------------------------
time: October 21, 2021, 10:00 am
message: GET method not allowed
-------------------------
-------------------------
time: October 21, 2021, 10:00 am
message: GET method not allowed
-------------------------
-------------------------
time: October 21, 2021, 10:00 am
message: GET method not allowed
-------------------------
-------------------------
time: October 21, 2021, 10:00 am
message: GET method not allowed
-------------------------
-------------------------
time: October 21, 2021, 10:31 am
message: GET method not allowed
-------------------------
-------------------------
time: October 21, 2021, 10:31 am
message: GET method not allowed
-------------------------
-------------------------
time: October 21, 2021, 10:31 am
message: GET method not allowed
-------------------------
-------------------------
time: October 21, 2021, 10:59 am
message: GET method not allowed
-------------------------
-------------------------
time: October 21, 2021, 11:30 am
message: GET method not allowed
-------------------------
-------------------------
time: October 21, 2021, 11:35 am
message: Booking data fetched.
-------------------------
-------------------------
time: October 21, 2021, 11:35 am
message: Expired token
-------------------------
-------------------------
time: October 21, 2021, 11:36 am
message: Booking data fetched.
-------------------------
-------------------------
time: October 21, 2021, 11:36 am
message: Expired token
-------------------------
-------------------------
time: October 21, 2021, 12:28 pm
message: Expired token
-------------------------
-------------------------
time: October 21, 2021, 12:28 pm
message: Booking data fetched.
-------------------------
-------------------------
time: October 21, 2021, 2:39 pm
message: Expired token
-------------------------
-------------------------
time: October 21, 2021, 2:39 pm
message: Booking data fetched.
-------------------------
-------------------------
time: October 21, 2021, 2:39 pm
message: Booking data fetched.
-------------------------
-------------------------
time: October 21, 2021, 2:39 pm
message: Expired token
-------------------------
-------------------------
time: October 21, 2021, 3:41 pm
message: Leaderboard data fetched.
-------------------------
-------------------------
time: October 21, 2021, 3:42 pm
message: User not found with given email id.
-------------------------
-------------------------
time: October 21, 2021, 3:42 pm
message: User not found with given email id.
-------------------------
-------------------------
time: October 21, 2021, 3:42 pm
message: User not found with given email id.
-------------------------
-------------------------
time: October 21, 2021, 3:42 pm
message: User not found with given email id.
-------------------------
-------------------------
time: October 21, 2021, 3:42 pm
message: User not found with given email id.
-------------------------
-------------------------
time: October 21, 2021, 3:43 pm
message: Username/Password not valid.
-------------------------
-------------------------
time: October 21, 2021, 5:04 pm
message: GET method not allowed
-------------------------
-------------------------
time: October 21, 2021, 5:04 pm
message: GET method not allowed
-------------------------
-------------------------
time: October 21, 2021, 5:12 pm
message: Booking data fetched.
-------------------------
-------------------------
time: October 21, 2021, 5:12 pm
message: Expired token
-------------------------
-------------------------
time: October 21, 2021, 5:35 pm
message: GET method not allowed
-------------------------
-------------------------
time: October 21, 2021, 5:35 pm
message: GET method not allowed
-------------------------
-------------------------
time: October 21, 2021, 6:35 pm
message: Booking data fetched.
-------------------------
-------------------------
time: October 21, 2021, 6:35 pm
message: Expired token
-------------------------
-------------------------
time: October 21, 2021, 8:50 pm
message: Leaderboard data fetched.
-------------------------
-------------------------
time: October 21, 2021, 8:51 pm
message: Leaderboard data fetched.
-------------------------
-------------------------
time: October 21, 2021, 9:38 pm
message: Booking data fetched.
-------------------------
-------------------------
time: October 21, 2021, 9:38 pm
message: Expired token
-------------------------
-------------------------
time: October 21, 2021, 9:38 pm
message: Booking data fetched.
-------------------------
-------------------------
time: October 21, 2021, 9:38 pm
message: Expired token
-------------------------
-------------------------
time: October 21, 2021, 9:42 pm
message: GET method not allowed
-------------------------
-------------------------
time: October 21, 2021, 9:42 pm
message: GET method not allowed
-------------------------
-------------------------
time: October 21, 2021, 10:13 pm
message: GET method not allowed
-------------------------
-------------------------
time: October 21, 2021, 10:13 pm
message: GET method not allowed
-------------------------
