-------------------------
time: October 10, 2021, 12:04 am
message: Username/Password not valid.
-------------------------
-------------------------
time: October 10, 2021, 12:04 am
message: Username/Password not valid.
-------------------------
-------------------------
time: October 10, 2021, 12:04 am
message: Leaderboard data fetched.
-------------------------
-------------------------
time: October 10, 2021, 12:04 am
message: Username/Password not valid.
-------------------------
-------------------------
time: October 10, 2021, 12:05 am
message: Username/Password not valid.
-------------------------
-------------------------
time: October 10, 2021, 12:05 am
message: Username/Password not valid.
-------------------------
-------------------------
time: October 10, 2021, 12:05 am
message: Username/Password not valid.
-------------------------
-------------------------
time: October 10, 2021, 12:05 am
message: Username/Password not valid.
-------------------------
-------------------------
time: October 10, 2021, 12:05 am
message: Username/Password not valid.
-------------------------
-------------------------
time: October 10, 2021, 12:05 am
message: Username/Password not valid.
-------------------------
-------------------------
time: October 10, 2021, 12:06 am
message: Username/Password not valid.
-------------------------
-------------------------
time: October 10, 2021, 12:06 am
message: Username/Password not valid.
-------------------------
-------------------------
time: October 10, 2021, 12:06 am
message: Username/Password not valid.
-------------------------
-------------------------
time: October 10, 2021, 12:06 am
message: Username/Password not valid.
-------------------------
-------------------------
time: October 10, 2021, 12:06 am
message: Username/Password not valid.
-------------------------
-------------------------
time: October 10, 2021, 12:09 am
message: Username/Password not valid.
-------------------------
-------------------------
time: October 10, 2021, 12:10 am
message: Something went wrong.
-------------------------
-------------------------
time: October 10, 2021, 12:10 am
message: Something went wrong.
-------------------------
-------------------------
time: October 10, 2021, 12:11 am
message: Leaderboard data fetched.
-------------------------
-------------------------
time: October 10, 2021, 12:11 am
message: Email Id is already associated with another account.
-------------------------
-------------------------
time: October 10, 2021, 12:12 am
message: Username/Password not valid.
-------------------------
-------------------------
time: October 10, 2021, 12:12 am
message: Username/Password not valid.
-------------------------
-------------------------
time: October 10, 2021, 12:12 am
message: Expired token
-------------------------
-------------------------
time: October 10, 2021, 12:13 am
message: Leaderboard data fetched.
-------------------------
-------------------------
time: October 10, 2021, 12:13 am
message: Leaderboard data fetched.
-------------------------
-------------------------
time: October 10, 2021, 12:16 am
message: Expired token
-------------------------
-------------------------
time: October 10, 2021, 12:17 am
message: Booking data fetched.
-------------------------
-------------------------
time: October 10, 2021, 12:17 am
message: Expired token
-------------------------
-------------------------
time: October 10, 2021, 12:20 am
message: Booking data fetched.
-------------------------
-------------------------
time: October 10, 2021, 12:20 am
message: Expired token
-------------------------
-------------------------
time: October 10, 2021, 12:22 am
message: Leaderboard data fetched.
-------------------------
-------------------------
time: October 10, 2021, 12:23 am
message: Leaderboard data fetched.
-------------------------
-------------------------
time: October 10, 2021, 12:23 am
message: Booking data fetched.
-------------------------
-------------------------
time: October 10, 2021, 12:23 am
message: Expired token
-------------------------
-------------------------
time: October 10, 2021, 12:24 am
message: Booking data fetched.
-------------------------
-------------------------
time: October 10, 2021, 12:24 am
message: Expired token
-------------------------
-------------------------
time: October 10, 2021, 12:25 am
message: Booking data fetched.
-------------------------
-------------------------
time: October 10, 2021, 12:27 am
message: Booking data fetched.
-------------------------
-------------------------
time: October 10, 2021, 12:27 am
message: Username/Password not valid.
-------------------------
-------------------------
time: October 10, 2021, 12:28 am
message: Booking data fetched.
-------------------------
-------------------------
time: October 10, 2021, 12:28 am
message: Expired token
-------------------------
-------------------------
time: October 10, 2021, 12:28 am
message: Booking data fetched.
-------------------------
-------------------------
time: October 10, 2021, 12:28 am
message: Expired token
-------------------------
-------------------------
time: October 10, 2021, 12:29 am
message: Booking data fetched.
-------------------------
-------------------------
time: October 10, 2021, 12:29 am
message: Leaderboard data fetched.
-------------------------
-------------------------
time: October 10, 2021, 12:29 am
message: Booking data fetched.
-------------------------
-------------------------
time: October 10, 2021, 12:29 am
message: Booking data fetched.
-------------------------
-------------------------
time: October 10, 2021, 12:29 am
message: Expired token
-------------------------
-------------------------
time: October 10, 2021, 12:31 am
message: Expired token
-------------------------
-------------------------
time: October 10, 2021, 12:31 am
message: Booking data fetched.
-------------------------
-------------------------
time: October 10, 2021, 12:32 am
message: Booking data fetched.
-------------------------
-------------------------
time: October 10, 2021, 12:34 am
message: Booking data fetched.
-------------------------
-------------------------
time: October 10, 2021, 12:36 am
message: Expired token
-------------------------
-------------------------
time: October 10, 2021, 12:36 am
message: Booking data fetched.
-------------------------
-------------------------
time: October 10, 2021, 12:36 am
message: Booking data fetched.
-------------------------
-------------------------
time: October 10, 2021, 12:36 am
message: Expired token
-------------------------
-------------------------
time: October 10, 2021, 12:37 am
message: Expired token
-------------------------
-------------------------
time: October 10, 2021, 12:37 am
message: Booking data fetched.
-------------------------
-------------------------
time: October 10, 2021, 12:37 am
message: Booking data fetched.
-------------------------
-------------------------
time: October 10, 2021, 12:37 am
message: Expired token
-------------------------
-------------------------
time: October 10, 2021, 12:43 am
message: Booking data fetched.
-------------------------
-------------------------
time: October 10, 2021, 12:43 am
message: Expired token
-------------------------
-------------------------
time: October 10, 2021, 1:11 am
message: Error 8 occured on line 24 in file C:\inetpub\wwwroot\trbs_2021\services\api\payments\create.php: Undefined property: stdClass::$order_id.
-------------------------
-------------------------
time: October 10, 2021, 1:15 am
message: Leaderboard data fetched.
-------------------------
-------------------------
time: October 10, 2021, 1:24 am
message: Coupon data fetched.
-------------------------
-------------------------
time: October 10, 2021, 1:29 am
message: Leaderboard data fetched.
-------------------------
-------------------------
time: October 10, 2021, 1:31 am
message: GET method not allowed.
-------------------------
-------------------------
time: October 10, 2021, 1:31 am
message: GET method not allowed
-------------------------
-------------------------
time: October 10, 2021, 1:31 am
message: Leaderboard data fetched.
-------------------------
-------------------------
time: October 10, 2021, 1:31 am
message: Expired token
-------------------------
-------------------------
time: October 10, 2021, 1:31 am
message: Booking data fetched.
-------------------------
-------------------------
time: October 10, 2021, 1:33 am
message: GET method not allowed
-------------------------
-------------------------
time: October 10, 2021, 1:33 am
message: GET method not allowed
-------------------------
-------------------------
time: October 10, 2021, 1:33 am
message: GET method not allowed
-------------------------
-------------------------
time: October 10, 2021, 1:33 am
message: GET method not allowed
-------------------------
-------------------------
time: October 10, 2021, 1:34 am
message: Booking data fetched.
-------------------------
-------------------------
time: October 10, 2021, 1:34 am
message: Expired token
-------------------------
-------------------------
time: October 10, 2021, 1:34 am
message: GET method not allowed
-------------------------
-------------------------
time: October 10, 2021, 1:34 am
message: GET method not allowed
-------------------------
-------------------------
time: October 10, 2021, 1:34 am
message: GET method not allowed
-------------------------
-------------------------
time: October 10, 2021, 1:36 am
message: GET method not allowed
-------------------------
-------------------------
time: October 10, 2021, 1:38 am
message: GET method not allowed
-------------------------
-------------------------
time: October 10, 2021, 1:40 am
message: GET method not allowed.
-------------------------
-------------------------
time: October 10, 2021, 1:40 am
message: GET method not allowed
-------------------------
-------------------------
time: October 10, 2021, 1:42 am
message: GET method not allowed
-------------------------
-------------------------
time: October 10, 2021, 1:43 am
message: GET method not allowed.
-------------------------
-------------------------
time: October 10, 2021, 1:43 am
message: GET method not allowed
-------------------------
-------------------------
time: October 10, 2021, 1:46 am
message: GET method not allowed
-------------------------
-------------------------
time: October 10, 2021, 1:52 am
message: GET method not allowed
-------------------------
-------------------------
time: October 10, 2021, 2:10 am
message: Coupon data fetched.
-------------------------
-------------------------
time: October 10, 2021, 2:10 am
message: Coupon data fetched.
-------------------------
-------------------------
time: October 10, 2021, 2:10 am
message: Coupon data fetched.
-------------------------
-------------------------
time: October 10, 2021, 2:11 am
message: GET method not allowed
-------------------------
-------------------------
time: October 10, 2021, 2:12 am
message: GET method not allowed
-------------------------
-------------------------
time: October 10, 2021, 2:12 am
message: Coupon data fetched.
-------------------------
-------------------------
time: October 10, 2021, 2:12 am
message: GET method not allowed
-------------------------
-------------------------
time: October 10, 2021, 2:12 am
message: Coupon data fetched.
-------------------------
-------------------------
time: October 10, 2021, 2:12 am
message: GET method not allowed
-------------------------
-------------------------
time: October 10, 2021, 2:12 am
message: Coupon data fetched.
-------------------------
-------------------------
time: October 10, 2021, 2:13 am
message: Coupon data fetched.
-------------------------
-------------------------
time: October 10, 2021, 2:13 am
message: Coupon data fetched.
-------------------------
-------------------------
time: October 10, 2021, 2:13 am
message: Coupon data fetched.
-------------------------
-------------------------
time: October 10, 2021, 2:13 am
message: GET method not allowed
-------------------------
-------------------------
time: October 10, 2021, 2:15 am
message: GET method not allowed.
-------------------------
-------------------------
time: October 10, 2021, 2:15 am
message: Leaderboard data fetched.
-------------------------
-------------------------
time: October 10, 2021, 2:22 am
message: GET method not allowed
-------------------------
-------------------------
time: October 10, 2021, 2:23 am
message: GET method not allowed
-------------------------
-------------------------
time: October 10, 2021, 2:25 am
message: GET method not allowed
-------------------------
-------------------------
time: October 10, 2021, 2:25 am
message: GET method not allowed
-------------------------
-------------------------
time: October 10, 2021, 2:29 am
message: Coupon data fetched.
-------------------------
-------------------------
time: October 10, 2021, 2:29 am
message: Leaderboard data fetched.
-------------------------
-------------------------
time: October 10, 2021, 2:31 am
message: GET method not allowed
-------------------------
-------------------------
time: October 10, 2021, 2:31 am
message: GET method not allowed
-------------------------
-------------------------
time: October 10, 2021, 2:32 am
message: GET method not allowed
-------------------------
-------------------------
time: October 10, 2021, 2:32 am
message: GET method not allowed.
-------------------------
-------------------------
time: October 10, 2021, 2:37 am
message: Leaderboard data fetched.
-------------------------
-------------------------
time: October 10, 2021, 2:37 am
message: Coupon data fetched.
-------------------------
-------------------------
time: October 10, 2021, 2:38 am
message: Coupon data fetched.
-------------------------
-------------------------
time: October 10, 2021, 2:39 am
message: Username/Password not valid.
-------------------------
-------------------------
time: October 10, 2021, 2:39 am
message: Username/Password not valid.
-------------------------
-------------------------
time: October 10, 2021, 2:39 am
message: Username/Password not valid.
-------------------------
-------------------------
time: October 10, 2021, 2:40 am
message: GET method not allowed
-------------------------
-------------------------
time: October 10, 2021, 2:40 am
message: Username/Password not valid.
-------------------------
-------------------------
time: October 10, 2021, 2:41 am
message: GET method not allowed
-------------------------
-------------------------
time: October 10, 2021, 2:44 am
message: GET method not allowed
-------------------------
-------------------------
time: October 10, 2021, 2:45 am
message: GET method not allowed
-------------------------
-------------------------
time: October 10, 2021, 2:50 am
message: Coupon data fetched.
-------------------------
-------------------------
time: October 10, 2021, 2:50 am
message: Coupon data fetched.
-------------------------
-------------------------
time: October 10, 2021, 2:51 am
message: Coupon data fetched.
-------------------------
-------------------------
time: October 10, 2021, 3:02 am
message: GET method not allowed
-------------------------
-------------------------
time: October 10, 2021, 6:15 am
message: GET method not allowed
-------------------------
-------------------------
time: October 10, 2021, 6:33 am
message: Error 8 occured on line 33 in file C:\inetpub\wwwroot\trbs_2021\services\api\users\cart\update.php: Undefined property: stdClass::$state.
-------------------------
-------------------------
time: October 10, 2021, 6:33 am
message: Error 8 occured on line 33 in file C:\inetpub\wwwroot\trbs_2021\services\api\users\cart\update.php: Undefined property: stdClass::$state.
-------------------------
-------------------------
time: October 10, 2021, 6:33 am
message: Error 8 occured on line 33 in file C:\inetpub\wwwroot\trbs_2021\services\api\users\cart\update.php: Undefined property: stdClass::$state.
-------------------------
-------------------------
time: October 10, 2021, 6:33 am
message: Error 8 occured on line 33 in file C:\inetpub\wwwroot\trbs_2021\services\api\users\cart\update.php: Undefined property: stdClass::$state.
-------------------------
-------------------------
time: October 10, 2021, 6:34 am
message: Error 8 occured on line 33 in file C:\inetpub\wwwroot\trbs_2021\services\api\users\cart\update.php: Undefined property: stdClass::$state.
-------------------------
-------------------------
time: October 10, 2021, 6:34 am
message: Error 8 occured on line 33 in file C:\inetpub\wwwroot\trbs_2021\services\api\users\cart\update.php: Undefined property: stdClass::$state.
-------------------------
-------------------------
time: October 10, 2021, 6:34 am
message: Error 8 occured on line 33 in file C:\inetpub\wwwroot\trbs_2021\services\api\users\cart\update.php: Undefined property: stdClass::$state.
-------------------------
-------------------------
time: October 10, 2021, 6:34 am
message: Error 8 occured on line 33 in file C:\inetpub\wwwroot\trbs_2021\services\api\users\cart\update.php: Undefined property: stdClass::$state.
-------------------------
-------------------------
time: October 10, 2021, 6:34 am
message: Error 8 occured on line 33 in file C:\inetpub\wwwroot\trbs_2021\services\api\users\cart\update.php: Undefined property: stdClass::$state.
-------------------------
-------------------------
time: October 10, 2021, 6:34 am
message: Error 8 occured on line 33 in file C:\inetpub\wwwroot\trbs_2021\services\api\users\cart\update.php: Undefined property: stdClass::$state.
-------------------------
-------------------------
time: October 10, 2021, 6:34 am
message: Error 8 occured on line 33 in file C:\inetpub\wwwroot\trbs_2021\services\api\users\cart\update.php: Undefined property: stdClass::$state.
-------------------------
-------------------------
time: October 10, 2021, 6:34 am
message: Error 8 occured on line 33 in file C:\inetpub\wwwroot\trbs_2021\services\api\users\cart\update.php: Undefined property: stdClass::$state.
-------------------------
-------------------------
time: October 10, 2021, 6:34 am
message: Error 8 occured on line 33 in file C:\inetpub\wwwroot\trbs_2021\services\api\users\cart\update.php: Undefined property: stdClass::$state.
-------------------------
-------------------------
time: October 10, 2021, 6:34 am
message: Error 8 occured on line 33 in file C:\inetpub\wwwroot\trbs_2021\services\api\users\cart\update.php: Undefined property: stdClass::$state.
-------------------------
-------------------------
time: October 10, 2021, 6:34 am
message: Error 8 occured on line 33 in file C:\inetpub\wwwroot\trbs_2021\services\api\users\cart\update.php: Undefined property: stdClass::$state.
-------------------------
-------------------------
time: October 10, 2021, 6:34 am
message: Error 8 occured on line 33 in file C:\inetpub\wwwroot\trbs_2021\services\api\users\cart\update.php: Undefined property: stdClass::$state.
-------------------------
-------------------------
time: October 10, 2021, 6:38 am
message: Expired token
-------------------------
-------------------------
time: October 10, 2021, 6:51 am
message: Username/Password not valid.
-------------------------
-------------------------
time: October 10, 2021, 6:51 am
message: Username/Password not valid.
-------------------------
-------------------------
time: October 10, 2021, 7:08 am
message: Username/Password not valid.
-------------------------
-------------------------
time: October 10, 2021, 7:18 am
message: Booking data fetched.
-------------------------
-------------------------
time: October 10, 2021, 7:21 am
message: Email Id is already associated with another account.
-------------------------
-------------------------
time: October 10, 2021, 7:21 am
message: Email Id is already associated with another account.
-------------------------
-------------------------
time: October 10, 2021, 7:21 am
message: Email Id is already associated with another account.
-------------------------
-------------------------
time: October 10, 2021, 7:21 am
message: Email Id is already associated with another account.
-------------------------
-------------------------
time: October 10, 2021, 7:22 am
message: Email Id is already associated with another account.
-------------------------
-------------------------
time: October 10, 2021, 7:38 am
message: Username/Password not valid.
-------------------------
-------------------------
time: October 10, 2021, 7:38 am
message: Username/Password not valid.
-------------------------
-------------------------
time: October 10, 2021, 7:43 am
message: Username/Password not valid.
-------------------------
-------------------------
time: October 10, 2021, 7:46 am
message: Leaderboard data fetched.
-------------------------
-------------------------
time: October 10, 2021, 7:47 am
message: Leaderboard data fetched.
-------------------------
-------------------------
time: October 10, 2021, 7:49 am
message: Email Id is already associated with another account.
-------------------------
-------------------------
time: October 10, 2021, 7:53 am
message: Leaderboard data fetched.
-------------------------
-------------------------
time: October 10, 2021, 7:53 am
message: Booking data fetched.
-------------------------
-------------------------
time: October 10, 2021, 7:53 am
message: Expired token
-------------------------
-------------------------
time: October 10, 2021, 7:54 am
message: Booking data fetched.
-------------------------
-------------------------
time: October 10, 2021, 7:54 am
message: Expired token
-------------------------
-------------------------
time: October 10, 2021, 7:54 am
message: Booking data fetched.
-------------------------
-------------------------
time: October 10, 2021, 7:54 am
message: Expired token
-------------------------
-------------------------
time: October 10, 2021, 7:54 am
message: Leaderboard data fetched.
-------------------------
-------------------------
time: October 10, 2021, 7:54 am
message: Leaderboard data fetched.
-------------------------
-------------------------
time: October 10, 2021, 7:54 am
message: Leaderboard data fetched.
-------------------------
-------------------------
time: October 10, 2021, 7:55 am
message: Expired token
-------------------------
-------------------------
time: October 10, 2021, 7:55 am
message: Booking data fetched.
-------------------------
-------------------------
time: October 10, 2021, 7:55 am
message: Transaction Id has already been used.
-------------------------
-------------------------
time: October 10, 2021, 7:55 am
message: Username/Password not valid.
-------------------------
-------------------------
time: October 10, 2021, 7:56 am
message: Username/Password not valid.
-------------------------
-------------------------
time: October 10, 2021, 7:56 am
message: Username/Password not valid.
-------------------------
-------------------------
time: October 10, 2021, 7:56 am
message: Username/Password not valid.
-------------------------
-------------------------
time: October 10, 2021, 7:57 am
message: Username/Password not valid.
-------------------------
-------------------------
time: October 10, 2021, 7:57 am
message: Username/Password not valid.
-------------------------
-------------------------
time: October 10, 2021, 8:19 am
message: Leaderboard data fetched.
-------------------------
-------------------------
time: October 10, 2021, 8:19 am
message: Leaderboard data fetched.
-------------------------
-------------------------
time: October 10, 2021, 8:27 am
message: Booking data fetched.
-------------------------
-------------------------
time: October 10, 2021, 8:27 am
message: Expired token
-------------------------
-------------------------
time: October 10, 2021, 8:34 am
message: Expired token
-------------------------
-------------------------
time: October 10, 2021, 8:34 am
message: Expired token
-------------------------
-------------------------
time: October 10, 2021, 8:34 am
message: SQLSTATE[42000]: Syntax error or access violation: 1064 You have an error in your SQL syntax; check the manual that corresponds to your MySQL server version for the right syntax to use near 'WHERE  coupon_code = 'TJ19MQMV'  AND  status = '0'' at line 1
-------------------------
-------------------------
time: October 10, 2021, 8:34 am
message: SQLSTATE[42000]: Syntax error or access violation: 1064 You have an error in your SQL syntax; check the manual that corresponds to your MySQL server version for the right syntax to use near 'WHERE  coupon_code = 'TJ19MQMV'  AND  status = '0'' at line 1
-------------------------
-------------------------
time: October 10, 2021, 8:34 am
message: Booking data fetched.
-------------------------
-------------------------
time: October 10, 2021, 8:34 am
message: Expired token
-------------------------
-------------------------
time: October 10, 2021, 8:37 am
message: Error 8 occured on line 24 in file C:\inetpub\wwwroot\trbs_2021\services\api\payments\create.php: Undefined property: stdClass::$order_id.
-------------------------
-------------------------
time: October 10, 2021, 8:38 am
message: Error 8 occured on line 24 in file C:\inetpub\wwwroot\trbs_2021\services\api\payments\create.php: Undefined property: stdClass::$order_id.
-------------------------
-------------------------
time: October 10, 2021, 8:45 am
message: Expired token
-------------------------
-------------------------
time: October 10, 2021, 8:45 am
message: Booking data fetched.
-------------------------
-------------------------
time: October 10, 2021, 8:45 am
message: Expired token
-------------------------
-------------------------
time: October 10, 2021, 8:45 am
message: Booking data fetched.
-------------------------
-------------------------
time: October 10, 2021, 9:06 am
message: Booking data fetched.
-------------------------
-------------------------
time: October 10, 2021, 9:22 am
message: Booking data fetched.
-------------------------
-------------------------
time: October 10, 2021, 9:22 am
message: Expired token
-------------------------
-------------------------
time: October 10, 2021, 9:22 am
message: Booking data fetched.
-------------------------
-------------------------
time: October 10, 2021, 9:22 am
message: Expired token
-------------------------
-------------------------
time: October 10, 2021, 9:28 am
message: User not found with given email id.
-------------------------
-------------------------
time: October 10, 2021, 9:29 am
message: User not found with given email id.
-------------------------
-------------------------
time: October 10, 2021, 9:29 am
message: User not found with given email id.
-------------------------
-------------------------
time: October 10, 2021, 9:29 am
message: User not found with given email id.
-------------------------
-------------------------
time: October 10, 2021, 9:29 am
message: User not found with given email id.
-------------------------
-------------------------
time: October 10, 2021, 9:29 am
message: User not found with given email id.
-------------------------
-------------------------
time: October 10, 2021, 9:29 am
message: User not found with given email id.
-------------------------
-------------------------
time: October 10, 2021, 9:40 am
message: Expired token
-------------------------
-------------------------
time: October 10, 2021, 9:41 am
message: Leaderboard data fetched.
-------------------------
-------------------------
time: October 10, 2021, 9:42 am
message: Username/Password not valid.
-------------------------
-------------------------
time: October 10, 2021, 9:43 am
message: Username/Password not valid.
-------------------------
-------------------------
time: October 10, 2021, 9:43 am
message: Username/Password not valid.
-------------------------
-------------------------
time: October 10, 2021, 9:44 am
message: Username/Password not valid.
-------------------------
-------------------------
time: October 10, 2021, 9:46 am
message: Username/Password not valid.
-------------------------
-------------------------
time: October 10, 2021, 9:47 am
message: Username/Password not valid.
-------------------------
-------------------------
time: October 10, 2021, 9:47 am
message: Username/Password not valid.
-------------------------
-------------------------
time: October 10, 2021, 9:48 am
message: Username/Password not valid.
-------------------------
-------------------------
time: October 10, 2021, 9:48 am
message: Coupon data fetched.
-------------------------
-------------------------
time: October 10, 2021, 9:50 am
message: GET method not allowed
-------------------------
-------------------------
time: October 10, 2021, 9:57 am
message: Username/Password not valid.
-------------------------
-------------------------
time: October 10, 2021, 9:57 am
message: GET method not allowed
-------------------------
-------------------------
time: October 10, 2021, 9:59 am
message: GET method not allowed
-------------------------
-------------------------
time: October 10, 2021, 10:01 am
message: GET method not allowed
-------------------------
-------------------------
time: October 10, 2021, 10:03 am
message: GET method not allowed
-------------------------
-------------------------
time: October 10, 2021, 10:03 am
message: Coupon data fetched.
-------------------------
-------------------------
time: October 10, 2021, 10:04 am
message: GET method not allowed.
-------------------------
-------------------------
time: October 10, 2021, 10:04 am
message: Coupon data fetched.
-------------------------
-------------------------
time: October 10, 2021, 10:05 am
message: Coupon data fetched.
-------------------------
-------------------------
time: October 10, 2021, 10:06 am
message: Error 8 occured on line 24 in file C:\inetpub\wwwroot\trbs_2021\services\api\payments\create.php: Undefined property: stdClass::$order_id.
-------------------------
-------------------------
time: October 10, 2021, 10:06 am
message: Booking data fetched.
-------------------------
-------------------------
time: October 10, 2021, 10:06 am
message: Expired token
-------------------------
-------------------------
time: October 10, 2021, 10:07 am
message: Coupon data fetched.
-------------------------
-------------------------
time: October 10, 2021, 10:07 am
message: Coupon data fetched.
-------------------------
-------------------------
time: October 10, 2021, 10:08 am
message: Coupon data fetched.
-------------------------
-------------------------
time: October 10, 2021, 10:09 am
message: Coupon data fetched.
-------------------------
-------------------------
time: October 10, 2021, 10:10 am
message: Coupon data fetched.
-------------------------
-------------------------
time: October 10, 2021, 10:10 am
message: Username/Password not valid.
-------------------------
-------------------------
time: October 10, 2021, 10:11 am
message: GET method not allowed
-------------------------
-------------------------
time: October 10, 2021, 10:12 am
message: Leaderboard data fetched.
-------------------------
-------------------------
time: October 10, 2021, 10:12 am
message: Booking data fetched.
-------------------------
-------------------------
time: October 10, 2021, 10:13 am
message: Coupon data fetched.
-------------------------
-------------------------
time: October 10, 2021, 10:13 am
message: Coupon data fetched.
-------------------------
-------------------------
time: October 10, 2021, 10:13 am
message: SQLSTATE[22001]: String data, right truncated: 1406 Data too long for column 'address' at row 1
-------------------------
-------------------------
time: October 10, 2021, 10:13 am
message: SQLSTATE[22001]: String data, right truncated: 1406 Data too long for column 'address' at row 1
-------------------------
-------------------------
time: October 10, 2021, 10:14 am
message: Booking data fetched.
-------------------------
-------------------------
time: October 10, 2021, 10:14 am
message: Expired token
-------------------------
-------------------------
time: October 10, 2021, 10:15 am
message: SQLSTATE[42000]: Syntax error or access violation: 1064 You have an error in your SQL syntax; check the manual that corresponds to your MySQL server version for the right syntax to use near 'WHERE  coupon_code = ''  AND  status = '0'' at line 1
-------------------------
-------------------------
time: October 10, 2021, 10:15 am
message: SQLSTATE[42000]: Syntax error or access violation: 1064 You have an error in your SQL syntax; check the manual that corresponds to your MySQL server version for the right syntax to use near 'WHERE  coupon_code = ''  AND  status = '0'' at line 1
-------------------------
-------------------------
time: October 10, 2021, 10:15 am
message: SQLSTATE[42000]: Syntax error or access violation: 1064 You have an error in your SQL syntax; check the manual that corresponds to your MySQL server version for the right syntax to use near 'WHERE  coupon_code = 'ASDASD'  AND  status = '0'' at line 1
-------------------------
-------------------------
time: October 10, 2021, 10:15 am
message: SQLSTATE[42000]: Syntax error or access violation: 1064 You have an error in your SQL syntax; check the manual that corresponds to your MySQL server version for the right syntax to use near 'WHERE  coupon_code = 'ASDASD'  AND  status = '0'' at line 1
-------------------------
-------------------------
time: October 10, 2021, 10:16 am
message: GET method not allowed
-------------------------
-------------------------
time: October 10, 2021, 10:16 am
message: Leaderboard data fetched.
-------------------------
-------------------------
time: October 10, 2021, 10:16 am
message: GET method not allowed
-------------------------
-------------------------
time: October 10, 2021, 10:17 am
message: GET method not allowed
-------------------------
-------------------------
time: October 10, 2021, 10:17 am
message: Booking data fetched.
-------------------------
-------------------------
time: October 10, 2021, 10:17 am
message: Expired token
-------------------------
-------------------------
time: October 10, 2021, 10:17 am
message: Username/Password not valid.
-------------------------
-------------------------
time: October 10, 2021, 10:17 am
message: GET method not allowed
-------------------------
-------------------------
time: October 10, 2021, 10:17 am
message: Booking data fetched.
-------------------------
-------------------------
time: October 10, 2021, 10:17 am
message: Expired token
-------------------------
-------------------------
time: October 10, 2021, 10:17 am
message: GET method not allowed
-------------------------
-------------------------
time: October 10, 2021, 10:17 am
message: Booking data fetched.
-------------------------
-------------------------
time: October 10, 2021, 10:17 am
message: Expired token
-------------------------
-------------------------
time: October 10, 2021, 10:17 am
message: Booking data fetched.
-------------------------
-------------------------
time: October 10, 2021, 10:17 am
message: Expired token
-------------------------
-------------------------
time: October 10, 2021, 10:18 am
message: GET method not allowed
-------------------------
-------------------------
time: October 10, 2021, 10:18 am
message: GET method not allowed
-------------------------
-------------------------
time: October 10, 2021, 10:18 am
message: GET method not allowed
-------------------------
-------------------------
time: October 10, 2021, 10:19 am
message: GET method not allowed
-------------------------
-------------------------
time: October 10, 2021, 10:30 am
message: GET method not allowed.
-------------------------
-------------------------
time: October 10, 2021, 10:31 am
message: SQLSTATE[22001]: String data, right truncated: 1406 Data too long for column 'address' at row 1
-------------------------
-------------------------
time: October 10, 2021, 10:31 am
message: SQLSTATE[22001]: String data, right truncated: 1406 Data too long for column 'address' at row 1
-------------------------
-------------------------
time: October 10, 2021, 10:31 am
message: SQLSTATE[22001]: String data, right truncated: 1406 Data too long for column 'address' at row 1
-------------------------
-------------------------
time: October 10, 2021, 10:31 am
message: SQLSTATE[22001]: String data, right truncated: 1406 Data too long for column 'address' at row 1
-------------------------
-------------------------
time: October 10, 2021, 10:32 am
message: GET method not allowed
-------------------------
-------------------------
time: October 10, 2021, 10:32 am
message: GET method not allowed
-------------------------
-------------------------
time: October 10, 2021, 10:32 am
message: GET method not allowed
-------------------------
-------------------------
time: October 10, 2021, 10:33 am
message: GET method not allowed
-------------------------
-------------------------
time: October 10, 2021, 10:33 am
message: GET method not allowed
-------------------------
-------------------------
time: October 10, 2021, 10:33 am
message: Booking data fetched.
-------------------------
-------------------------
time: October 10, 2021, 10:34 am
message: Booking data fetched.
-------------------------
-------------------------
time: October 10, 2021, 10:34 am
message: Expired token
-------------------------
-------------------------
time: October 10, 2021, 10:35 am
message: GET method not allowed.
-------------------------
-------------------------
time: October 10, 2021, 10:36 am
message: Booking data fetched.
-------------------------
-------------------------
time: October 10, 2021, 10:36 am
message: GET method not allowed
-------------------------
-------------------------
time: October 10, 2021, 10:36 am
message: GET method not allowed.
-------------------------
-------------------------
time: October 10, 2021, 10:36 am
message: GET method not allowed
-------------------------
-------------------------
time: October 10, 2021, 10:39 am
message: Booking data fetched.
-------------------------
-------------------------
time: October 10, 2021, 10:40 am
message: Booking data fetched.
-------------------------
-------------------------
time: October 10, 2021, 10:41 am
message: Leaderboard data fetched.
-------------------------
-------------------------
time: October 10, 2021, 10:42 am
message: GET method not allowed
-------------------------
-------------------------
time: October 10, 2021, 10:43 am
message: GET method not allowed
-------------------------
-------------------------
time: October 10, 2021, 10:46 am
message: GET method not allowed
-------------------------
-------------------------
time: October 10, 2021, 10:54 am
message: Coupon data fetched.
-------------------------
-------------------------
time: October 10, 2021, 10:55 am
message: GET method not allowed
-------------------------
-------------------------
time: October 10, 2021, 10:55 am
message: GET method not allowed.
-------------------------
-------------------------
time: October 10, 2021, 10:55 am
message: Expired token
-------------------------
-------------------------
time: October 10, 2021, 10:55 am
message: Booking data fetched.
-------------------------
-------------------------
time: October 10, 2021, 10:55 am
message: Booking data fetched.
-------------------------
-------------------------
time: October 10, 2021, 10:55 am
message: Expired token
-------------------------
-------------------------
time: October 10, 2021, 10:56 am
message: Booking data fetched.
-------------------------
-------------------------
time: October 10, 2021, 10:56 am
message: Expired token
-------------------------
-------------------------
time: October 10, 2021, 10:56 am
message: Booking data fetched.
-------------------------
-------------------------
time: October 10, 2021, 11:03 am
message: Booking data fetched.
-------------------------
-------------------------
time: October 10, 2021, 11:07 am
message: GET method not allowed
-------------------------
-------------------------
time: October 10, 2021, 11:08 am
message: GET method not allowed
-------------------------
-------------------------
time: October 10, 2021, 11:08 am
message: GET method not allowed
-------------------------
-------------------------
time: October 10, 2021, 11:09 am
message: GET method not allowed
-------------------------
-------------------------
time: October 10, 2021, 11:09 am
message: GET method not allowed
-------------------------
-------------------------
time: October 10, 2021, 11:10 am
message: GET method not allowed
-------------------------
-------------------------
time: October 10, 2021, 11:10 am
message: GET method not allowed
-------------------------
-------------------------
time: October 10, 2021, 11:11 am
message: GET method not allowed
-------------------------
-------------------------
time: October 10, 2021, 11:11 am
message: Error 8 occured on line 31 in file C:\inetpub\wwwroot\trbs_2021\services\api\images\update.php: Undefined index: image_upload.
-------------------------
-------------------------
time: October 10, 2021, 11:11 am
message: GET method not allowed
-------------------------
-------------------------
time: October 10, 2021, 11:11 am
message: GET method not allowed
-------------------------
-------------------------
time: October 10, 2021, 11:11 am
message: GET method not allowed
-------------------------
-------------------------
time: October 10, 2021, 11:12 am
message: SQLSTATE[42000]: Syntax error or access violation: 1064 You have an error in your SQL syntax; check the manual that corresponds to your MySQL server version for the right syntax to use near 'WHERE  coupon_code = ''  AND  status = '0'' at line 1
-------------------------
-------------------------
time: October 10, 2021, 11:12 am
message: SQLSTATE[42000]: Syntax error or access violation: 1064 You have an error in your SQL syntax; check the manual that corresponds to your MySQL server version for the right syntax to use near 'WHERE  coupon_code = ''  AND  status = '0'' at line 1
-------------------------
-------------------------
time: October 10, 2021, 11:12 am
message: SQLSTATE[42000]: Syntax error or access violation: 1064 You have an error in your SQL syntax; check the manual that corresponds to your MySQL server version for the right syntax to use near 'WHERE  coupon_code = ''  AND  status = '0'' at line 1
-------------------------
-------------------------
time: October 10, 2021, 11:12 am
message: SQLSTATE[42000]: Syntax error or access violation: 1064 You have an error in your SQL syntax; check the manual that corresponds to your MySQL server version for the right syntax to use near 'WHERE  coupon_code = ''  AND  status = '0'' at line 1
-------------------------
-------------------------
time: October 10, 2021, 11:12 am
message: Leaderboard data fetched.
-------------------------
-------------------------
time: October 10, 2021, 11:12 am
message: Booking data fetched.
-------------------------
-------------------------
time: October 10, 2021, 11:13 am
message: GET method not allowed
-------------------------
-------------------------
time: October 10, 2021, 11:13 am
message: GET method not allowed
-------------------------
-------------------------
time: October 10, 2021, 11:13 am
message: GET method not allowed
-------------------------
-------------------------
time: October 10, 2021, 11:14 am
message: GET method not allowed
-------------------------
-------------------------
time: October 10, 2021, 11:15 am
message: GET method not allowed
-------------------------
-------------------------
time: October 10, 2021, 11:15 am
message: GET method not allowed
-------------------------
-------------------------
time: October 10, 2021, 11:15 am
message: GET method not allowed
-------------------------
-------------------------
time: October 10, 2021, 11:16 am
message: GET method not allowed
-------------------------
-------------------------
time: October 10, 2021, 11:21 am
message: Booking data fetched.
-------------------------
-------------------------
time: October 10, 2021, 11:21 am
message: Expired token
-------------------------
-------------------------
time: October 10, 2021, 11:21 am
message: Coupon data fetched.
-------------------------
-------------------------
time: October 10, 2021, 11:21 am
message: Coupon data fetched.
-------------------------
-------------------------
time: October 10, 2021, 11:22 am
message: Username/Password not valid.
-------------------------
-------------------------
time: October 10, 2021, 11:22 am
message: Username/Password not valid.
-------------------------
-------------------------
time: October 10, 2021, 11:22 am
message: User not found with given email id.
-------------------------
-------------------------
time: October 10, 2021, 11:22 am
message: User not found with given email id.
-------------------------
-------------------------
time: October 10, 2021, 11:22 am
message: User not found with given email id.
-------------------------
-------------------------
time: October 10, 2021, 11:23 am
message: Booking data fetched.
-------------------------
-------------------------
time: October 10, 2021, 11:23 am
message: GET method not allowed.
-------------------------
-------------------------
time: October 10, 2021, 11:23 am
message: GET method not allowed
-------------------------
-------------------------
time: October 10, 2021, 11:23 am
message: GET method not allowed
-------------------------
-------------------------
time: October 10, 2021, 11:23 am
message: GET method not allowed.
-------------------------
-------------------------
time: October 10, 2021, 11:25 am
message: GET method not allowed
-------------------------
-------------------------
time: October 10, 2021, 11:25 am
message: GET method not allowed
-------------------------
-------------------------
time: October 10, 2021, 11:26 am
message: GET method not allowed
-------------------------
-------------------------
time: October 10, 2021, 11:26 am
message: Username/Password not valid.
-------------------------
-------------------------
time: October 10, 2021, 11:26 am
message: User not found with given email id.
-------------------------
-------------------------
time: October 10, 2021, 11:28 am
message: Username/Password not valid.
-------------------------
-------------------------
time: October 10, 2021, 11:28 am
message: Username/Password not valid.
-------------------------
-------------------------
time: October 10, 2021, 11:28 am
message: Booking data fetched.
-------------------------
-------------------------
time: October 10, 2021, 11:30 am
message: Leaderboard data fetched.
-------------------------
-------------------------
time: October 10, 2021, 11:31 am
message: Leaderboard data fetched.
-------------------------
-------------------------
time: October 10, 2021, 11:31 am
message: Leaderboard data fetched.
-------------------------
-------------------------
time: October 10, 2021, 12:17 pm
message: GET method not allowed
-------------------------
-------------------------
time: October 10, 2021, 12:17 pm
message: GET method not allowed
-------------------------
-------------------------
time: October 10, 2021, 12:37 pm
message: GET method not allowed
-------------------------
-------------------------
time: October 10, 2021, 12:40 pm
message: Booking data fetched.
-------------------------
-------------------------
time: October 10, 2021, 12:40 pm
message: Expired token
-------------------------
-------------------------
time: October 10, 2021, 1:08 pm
message: GET method not allowed
-------------------------
-------------------------
time: October 10, 2021, 1:28 pm
message: Booking data fetched.
-------------------------
-------------------------
time: October 10, 2021, 1:28 pm
message: Expired token
-------------------------
-------------------------
time: October 10, 2021, 1:43 pm
message: Leaderboard data fetched.
-------------------------
-------------------------
time: October 10, 2021, 2:22 pm
message: Leaderboard data fetched.
-------------------------
-------------------------
time: October 10, 2021, 2:28 pm
message: Leaderboard data fetched.
-------------------------
-------------------------
time: October 10, 2021, 2:43 pm
message: Username/Password not valid.
-------------------------
-------------------------
time: October 10, 2021, 2:43 pm
message: Leaderboard data fetched.
-------------------------
-------------------------
time: October 10, 2021, 2:45 pm
message: User not found with given email id.
-------------------------
-------------------------
time: October 10, 2021, 2:45 pm
message: User not found with given email id.
-------------------------
-------------------------
time: October 10, 2021, 2:45 pm
message: User not found with given email id.
-------------------------
-------------------------
time: October 10, 2021, 2:45 pm
message: User not found with given email id.
-------------------------
-------------------------
time: October 10, 2021, 2:46 pm
message: User not found with given email id.
-------------------------
-------------------------
time: October 10, 2021, 2:48 pm
message: User not found with given email id.
-------------------------
-------------------------
time: October 10, 2021, 2:49 pm
message: User not found with given email id.
-------------------------
-------------------------
time: October 10, 2021, 2:49 pm
message: User not found with given email id.
-------------------------
-------------------------
time: October 10, 2021, 3:05 pm
message: Error 8 occured on line 24 in file C:\inetpub\wwwroot\trbs_2021\services\api\payments\create.php: Undefined property: stdClass::$order_id.
-------------------------
-------------------------
time: October 10, 2021, 3:08 pm
message: Expired token
-------------------------
-------------------------
time: October 10, 2021, 3:08 pm
message: Booking data fetched.
-------------------------
-------------------------
time: October 10, 2021, 3:09 pm
message: Error uploading image file.
-------------------------
-------------------------
time: October 10, 2021, 3:09 pm
message: Error 8 occured on line 24 in file C:\inetpub\wwwroot\trbs_2021\services\api\images\create.php: Undefined index: image_upload.
-------------------------
-------------------------
time: October 10, 2021, 3:10 pm
message: Expired token
-------------------------
-------------------------
time: October 10, 2021, 3:10 pm
message: Booking data fetched.
-------------------------
-------------------------
time: October 10, 2021, 3:10 pm
message: Leaderboard data fetched.
-------------------------
-------------------------
time: October 10, 2021, 3:15 pm
message: Booking data fetched.
-------------------------
-------------------------
time: October 10, 2021, 3:15 pm
message: Expired token
-------------------------
-------------------------
time: October 10, 2021, 3:25 pm
message: Leaderboard data fetched.
-------------------------
-------------------------
time: October 10, 2021, 3:30 pm
message: Booking data fetched.
-------------------------
-------------------------
time: October 10, 2021, 3:30 pm
message: Expired token
-------------------------
-------------------------
time: October 10, 2021, 3:32 pm
message: Expired token
-------------------------
-------------------------
time: October 10, 2021, 3:32 pm
message: Booking data fetched.
-------------------------
-------------------------
time: October 10, 2021, 3:35 pm
message: Leaderboard data fetched.
-------------------------
-------------------------
time: October 10, 2021, 3:44 pm
message: Booking data fetched.
-------------------------
-------------------------
time: October 10, 2021, 3:44 pm
message: Leaderboard data fetched.
-------------------------
-------------------------
time: October 10, 2021, 3:49 pm
message: Leaderboard data fetched.
-------------------------
-------------------------
time: October 10, 2021, 3:49 pm
message: Booking data fetched.
-------------------------
-------------------------
time: October 10, 2021, 3:55 pm
message: Leaderboard data fetched.
-------------------------
-------------------------
time: October 10, 2021, 3:56 pm
message: Booking data fetched.
-------------------------
-------------------------
time: October 10, 2021, 3:56 pm
message: Expired token
-------------------------
-------------------------
time: October 10, 2021, 4:00 pm
message: Username/Password not valid.
-------------------------
-------------------------
time: October 10, 2021, 4:21 pm
message: Username/Password not valid.
-------------------------
-------------------------
time: October 10, 2021, 4:21 pm
message: User not found with given email id.
-------------------------
-------------------------
time: October 10, 2021, 4:35 pm
message: Leaderboard data fetched.
-------------------------
-------------------------
time: October 10, 2021, 4:36 pm
message: Coupon data fetched.
-------------------------
-------------------------
time: October 10, 2021, 4:38 pm
message: SQLSTATE[42000]: Syntax error or access violation: 1064 You have an error in your SQL syntax; check the manual that corresponds to your MySQL server version for the right syntax to use near 'WHERE  coupon_code = '1OJQZ15B'  AND  status = '0'' at line 1
-------------------------
-------------------------
time: October 10, 2021, 4:38 pm
message: SQLSTATE[42000]: Syntax error or access violation: 1064 You have an error in your SQL syntax; check the manual that corresponds to your MySQL server version for the right syntax to use near 'WHERE  coupon_code = '1OJQZ15B'  AND  status = '0'' at line 1
-------------------------
-------------------------
time: October 10, 2021, 4:38 pm
message: SQLSTATE[42000]: Syntax error or access violation: 1064 You have an error in your SQL syntax; check the manual that corresponds to your MySQL server version for the right syntax to use near 'WHERE  coupon_code = '1OJQZ15B'  AND  status = '0'' at line 1
-------------------------
-------------------------
time: October 10, 2021, 4:38 pm
message: SQLSTATE[42000]: Syntax error or access violation: 1064 You have an error in your SQL syntax; check the manual that corresponds to your MySQL server version for the right syntax to use near 'WHERE  coupon_code = '1OJQZ15B'  AND  status = '0'' at line 1
-------------------------
-------------------------
time: October 10, 2021, 4:38 pm
message: Coupon data fetched.
-------------------------
-------------------------
time: October 10, 2021, 4:38 pm
message: SQLSTATE[42000]: Syntax error or access violation: 1064 You have an error in your SQL syntax; check the manual that corresponds to your MySQL server version for the right syntax to use near 'WHERE  coupon_code = 'GWKTKJZG'  AND  status = '0'' at line 1
-------------------------
-------------------------
time: October 10, 2021, 4:38 pm
message: SQLSTATE[42000]: Syntax error or access violation: 1064 You have an error in your SQL syntax; check the manual that corresponds to your MySQL server version for the right syntax to use near 'WHERE  coupon_code = 'GWKTKJZG'  AND  status = '0'' at line 1
-------------------------
-------------------------
time: October 10, 2021, 4:38 pm
message: SQLSTATE[42000]: Syntax error or access violation: 1064 You have an error in your SQL syntax; check the manual that corresponds to your MySQL server version for the right syntax to use near 'WHERE  coupon_code = 'GWKTKJZG'  AND  status = '0'' at line 1
-------------------------
-------------------------
time: October 10, 2021, 4:38 pm
message: SQLSTATE[42000]: Syntax error or access violation: 1064 You have an error in your SQL syntax; check the manual that corresponds to your MySQL server version for the right syntax to use near 'WHERE  coupon_code = 'GWKTKJZG'  AND  status = '0'' at line 1
-------------------------
-------------------------
time: October 10, 2021, 4:39 pm
message: SQLSTATE[42000]: Syntax error or access violation: 1064 You have an error in your SQL syntax; check the manual that corresponds to your MySQL server version for the right syntax to use near 'WHERE  coupon_code = 'F5TFIC25'  AND  status = '0'' at line 1
-------------------------
-------------------------
time: October 10, 2021, 4:39 pm
message: SQLSTATE[42000]: Syntax error or access violation: 1064 You have an error in your SQL syntax; check the manual that corresponds to your MySQL server version for the right syntax to use near 'WHERE  coupon_code = 'F5TFIC25'  AND  status = '0'' at line 1
-------------------------
-------------------------
time: October 10, 2021, 5:13 pm
message: SQLSTATE[42000]: Syntax error or access violation: 1064 You have an error in your SQL syntax; check the manual that corresponds to your MySQL server version for the right syntax to use near 'WHERE  coupon_code = ''  AND  status = '0'' at line 1
-------------------------
-------------------------
time: October 10, 2021, 5:13 pm
message: SQLSTATE[42000]: Syntax error or access violation: 1064 You have an error in your SQL syntax; check the manual that corresponds to your MySQL server version for the right syntax to use near 'WHERE  coupon_code = ''  AND  status = '0'' at line 1
-------------------------
-------------------------
time: October 10, 2021, 5:22 pm
message: Leaderboard data fetched.
-------------------------
-------------------------
time: October 10, 2021, 5:27 pm
message: Booking data fetched.
-------------------------
-------------------------
time: October 10, 2021, 5:27 pm
message: Expired token
-------------------------
-------------------------
time: October 10, 2021, 5:31 pm
message: Coupon data fetched.
-------------------------
-------------------------
time: October 10, 2021, 6:09 pm
message: Booking data fetched.
-------------------------
-------------------------
time: October 10, 2021, 6:09 pm
message: Expired token
-------------------------
-------------------------
time: October 10, 2021, 6:25 pm
message: Expired token
-------------------------
-------------------------
time: October 10, 2021, 6:25 pm
message: Booking data fetched.
-------------------------
-------------------------
time: October 10, 2021, 6:31 pm
message: Booking data fetched.
-------------------------
-------------------------
time: October 10, 2021, 6:31 pm
message: Expired token
-------------------------
-------------------------
time: October 10, 2021, 6:32 pm
message: Booking data fetched.
-------------------------
-------------------------
time: October 10, 2021, 6:32 pm
message: Expired token
-------------------------
-------------------------
time: October 10, 2021, 6:36 pm
message: Leaderboard data fetched.
-------------------------
-------------------------
time: October 10, 2021, 6:37 pm
message: Leaderboard data fetched.
-------------------------
-------------------------
time: October 10, 2021, 6:43 pm
message: SQLSTATE[22001]: String data, right truncated: 1406 Data too long for column 'address' at row 1
-------------------------
-------------------------
time: October 10, 2021, 6:43 pm
message: SQLSTATE[22001]: String data, right truncated: 1406 Data too long for column 'address' at row 1
-------------------------
-------------------------
time: October 10, 2021, 6:49 pm
message: Booking data fetched.
-------------------------
-------------------------
time: October 10, 2021, 6:50 pm
message: Booking data fetched.
-------------------------
-------------------------
time: October 10, 2021, 7:11 pm
message: Booking data fetched.
-------------------------
-------------------------
time: October 10, 2021, 7:13 pm
message: Booking data fetched.
-------------------------
-------------------------
time: October 10, 2021, 7:39 pm
message: Leaderboard data fetched.
-------------------------
-------------------------
time: October 10, 2021, 7:43 pm
message: Booking data fetched.
-------------------------
-------------------------
time: October 10, 2021, 7:48 pm
message: Leaderboard data fetched.
-------------------------
-------------------------
time: October 10, 2021, 7:56 pm
message: Leaderboard data fetched.
-------------------------
-------------------------
time: October 10, 2021, 8:21 pm
message: Leaderboard data fetched.
-------------------------
-------------------------
time: October 10, 2021, 8:23 pm
message: Booking data fetched.
-------------------------
-------------------------
time: October 10, 2021, 8:38 pm
message: Booking data fetched.
-------------------------
-------------------------
time: October 10, 2021, 8:38 pm
message: Expired token
-------------------------
-------------------------
time: October 10, 2021, 8:51 pm
message: Username/Password not valid.
-------------------------
-------------------------
time: October 10, 2021, 8:52 pm
message: Username/Password not valid.
-------------------------
-------------------------
time: October 10, 2021, 8:52 pm
message: Booking data fetched.
-------------------------
-------------------------
time: October 10, 2021, 9:43 pm
message: Leaderboard data fetched.
-------------------------
-------------------------
time: October 10, 2021, 9:59 pm
message: Username/Password not valid.
-------------------------
-------------------------
time: October 10, 2021, 10:03 pm
message: Leaderboard data fetched.
-------------------------
-------------------------
time: October 10, 2021, 10:32 pm
message: Booking data fetched.
-------------------------
-------------------------
time: October 10, 2021, 10:32 pm
message: Expired token
-------------------------
-------------------------
time: October 10, 2021, 10:45 pm
message: GET method not allowed
-------------------------
-------------------------
time: October 10, 2021, 11:14 pm
message: Coupon data fetched.
-------------------------
-------------------------
time: October 10, 2021, 11:14 pm
message: Coupon data fetched.
-------------------------
-------------------------
time: October 10, 2021, 11:15 pm
message: SQLSTATE[42000]: Syntax error or access violation: 1064 You have an error in your SQL syntax; check the manual that corresponds to your MySQL server version for the right syntax to use near 'WHERE  coupon_code = 'SWO1YGYJ'  AND  status = '0'' at line 1
-------------------------
-------------------------
time: October 10, 2021, 11:15 pm
message: SQLSTATE[42000]: Syntax error or access violation: 1064 You have an error in your SQL syntax; check the manual that corresponds to your MySQL server version for the right syntax to use near 'WHERE  coupon_code = 'SWO1YGYJ'  AND  status = '0'' at line 1
-------------------------
-------------------------
time: October 10, 2021, 11:15 pm
message: SQLSTATE[42000]: Syntax error or access violation: 1064 You have an error in your SQL syntax; check the manual that corresponds to your MySQL server version for the right syntax to use near 'WHERE  coupon_code = 'SWO1YGYJ'  AND  status = '0'' at line 1
-------------------------
-------------------------
time: October 10, 2021, 11:15 pm
message: SQLSTATE[42000]: Syntax error or access violation: 1064 You have an error in your SQL syntax; check the manual that corresponds to your MySQL server version for the right syntax to use near 'WHERE  coupon_code = 'SWO1YGYJ'  AND  status = '0'' at line 1
-------------------------
-------------------------
time: October 10, 2021, 11:16 pm
message: GET method not allowed
-------------------------
-------------------------
time: October 10, 2021, 11:16 pm
message: GET method not allowed
-------------------------
-------------------------
time: October 10, 2021, 11:16 pm
message: GET method not allowed
-------------------------
-------------------------
time: October 10, 2021, 11:16 pm
message: GET method not allowed
-------------------------
-------------------------
time: October 10, 2021, 11:19 pm
message: GET method not allowed
-------------------------
-------------------------
time: October 10, 2021, 11:20 pm
message: GET method not allowed
-------------------------
-------------------------
time: October 10, 2021, 11:22 pm
message: GET method not allowed
-------------------------
-------------------------
time: October 10, 2021, 11:22 pm
message: GET method not allowed
-------------------------
-------------------------
time: October 10, 2021, 11:24 pm
message: GET method not allowed
-------------------------
-------------------------
time: October 10, 2021, 11:24 pm
message: GET method not allowed
-------------------------
-------------------------
time: October 10, 2021, 11:25 pm
message: Leaderboard data fetched.
-------------------------
-------------------------
time: October 10, 2021, 11:37 pm
message: Coupon data fetched.
-------------------------
-------------------------
time: October 10, 2021, 11:38 pm
message: Coupon data fetched.
-------------------------
-------------------------
time: October 10, 2021, 11:41 pm
message: Coupon data fetched.
-------------------------
-------------------------
time: October 10, 2021, 11:41 pm
message: SQLSTATE[42000]: Syntax error or access violation: 1064 You have an error in your SQL syntax; check the manual that corresponds to your MySQL server version for the right syntax to use near 'de' at line 1
-------------------------
-------------------------
time: October 10, 2021, 11:41 pm
message: SQLSTATE[42000]: Syntax error or access violation: 1064 You have an error in your SQL syntax; check the manual that corresponds to your MySQL server version for the right syntax to use near 'de' at line 1
-------------------------
-------------------------
time: October 10, 2021, 11:41 pm
message: Coupon data fetched.
-------------------------
-------------------------
time: October 10, 2021, 11:45 pm
message: GET method not allowed
-------------------------
-------------------------
time: October 10, 2021, 11:59 pm
message: Username/Password not valid.
-------------------------
