-------------------------
time: August 23, 2021, 2:12 pm
message: GET method not allowed
-------------------------
-------------------------
time: August 23, 2021, 2:12 pm
message: SQLSTATE[42S22]: Column not found: 1054 Unknown column 'type' in 'where clause'
-------------------------
-------------------------
time: August 23, 2021, 2:12 pm
message: SQLSTATE[42S22]: Column not found: 1054 Unknown column 'type' in 'where clause'
-------------------------
-------------------------
time: August 23, 2021, 2:12 pm
message: Booking data fetched.
-------------------------
-------------------------
time: August 23, 2021, 2:13 pm
message: Error 8 occured on line 26 in file F:\SERVER\www\iim-app-services\models\Common\QueryUtils.php: Undefined property: stdClass::$filter_op.
-------------------------
-------------------------
time: August 23, 2021, 2:13 pm
message: Error 8 occured on line 26 in file F:\SERVER\www\iim-app-services\models\Common\QueryUtils.php: Undefined property: stdClass::$filter_op.
-------------------------
-------------------------
time: August 23, 2021, 2:13 pm
message: SQLSTATE[42000]: Syntax error or access violation: 1064 You have an error in your SQL syntax; check the manual that corresponds to your MySQL server version for the right syntax to use near '' at line 1
-------------------------
-------------------------
time: August 23, 2021, 2:13 pm
message: SQLSTATE[42000]: Syntax error or access violation: 1064 You have an error in your SQL syntax; check the manual that corresponds to your MySQL server version for the right syntax to use near '' at line 1
-------------------------
-------------------------
time: August 23, 2021, 2:14 pm
message: SQLSTATE[42000]: Syntax error or access violation: 1064 You have an error in your SQL syntax; check the manual that corresponds to your MySQL server version for the right syntax to use near '' at line 1
-------------------------
-------------------------
time: August 23, 2021, 2:14 pm
message: SQLSTATE[42000]: Syntax error or access violation: 1064 You have an error in your SQL syntax; check the manual that corresponds to your MySQL server version for the right syntax to use near '' at line 1
-------------------------
-------------------------
time: August 23, 2021, 2:19 pm
message: SQLSTATE[42000]: Syntax error or access violation: 1064 You have an error in your SQL syntax; check the manual that corresponds to your MySQL server version for the right syntax to use near '' at line 1
-------------------------
-------------------------
time: August 23, 2021, 2:19 pm
message: SQLSTATE[42000]: Syntax error or access violation: 1064 You have an error in your SQL syntax; check the manual that corresponds to your MySQL server version for the right syntax to use near '' at line 1
-------------------------
-------------------------
time: August 23, 2021, 2:20 pm
message: SQLSTATE[42000]: Syntax error or access violation: 1064 You have an error in your SQL syntax; check the manual that corresponds to your MySQL server version for the right syntax to use near '' at line 1
-------------------------
-------------------------
time: August 23, 2021, 2:20 pm
message: SQLSTATE[42000]: Syntax error or access violation: 1064 You have an error in your SQL syntax; check the manual that corresponds to your MySQL server version for the right syntax to use near '' at line 1
-------------------------
-------------------------
time: August 23, 2021, 2:29 pm
message: SQLSTATE[42000]: Syntax error or access violation: 1064 You have an error in your SQL syntax; check the manual that corresponds to your MySQL server version for the right syntax to use near '''' at line 1
-------------------------
-------------------------
time: August 23, 2021, 2:29 pm
message: SQLSTATE[42000]: Syntax error or access violation: 1064 You have an error in your SQL syntax; check the manual that corresponds to your MySQL server version for the right syntax to use near '''' at line 1
-------------------------
-------------------------
time: August 23, 2021, 2:29 pm
message: Booking data fetched.
-------------------------
-------------------------
time: August 23, 2021, 2:30 pm
message: Booking data fetched.
-------------------------
-------------------------
time: August 23, 2021, 2:30 pm
message: Booking data fetched.
-------------------------
-------------------------
time: August 23, 2021, 3:02 pm
message: Error 8 occured on line 50 in file F:\SERVER\www\iim-app-services\api\users\cart\read.php: Undefined index: coupon_id.
-------------------------
-------------------------
time: August 23, 2021, 3:03 pm
message: Error 8 occured on line 50 in file F:\SERVER\www\iim-app-services\api\users\cart\read.php: Undefined index: coupon_id.
-------------------------
-------------------------
time: August 23, 2021, 3:03 pm
message: Error 8 occured on line 50 in file F:\SERVER\www\iim-app-services\api\users\cart\read.php: Undefined index: coupon_id.
-------------------------
-------------------------
time: August 23, 2021, 3:04 pm
message: SQLSTATE[42S02]: Base table or view not found: 1146 Table 'iim-trbs-dev.coupon_master' doesn't exist
-------------------------
-------------------------
time: August 23, 2021, 3:04 pm
message: SQLSTATE[42S02]: Base table or view not found: 1146 Table 'iim-trbs-dev.coupon_master' doesn't exist
-------------------------
-------------------------
time: August 23, 2021, 6:08 pm
message: Error 8 occured on line 25 in file F:\SERVER\www\iim-app-services\api\users\cart\update.php: Undefined property: stdClass::$total.
-------------------------
-------------------------
time: August 23, 2021, 6:09 pm
message: Error 8 occured on line 26 in file F:\SERVER\www\iim-app-services\api\users\cart\update.php: Undefined property: stdClass::$coupon_id.
-------------------------
-------------------------
time: August 23, 2021, 6:11 pm
message: SQLSTATE[HY093]: Invalid parameter number: number of bound variables does not match number of tokens
-------------------------
-------------------------
time: August 23, 2021, 6:11 pm
message: SQLSTATE[HY093]: Invalid parameter number: number of bound variables does not match number of tokens
-------------------------
-------------------------
time: August 23, 2021, 6:17 pm
message: Error 8 occured on line 184 in file F:\SERVER\www\iim-app-services\models\Admin\CouponMaster.php: Trying to get property 'coupon_code' of non-object.
-------------------------
-------------------------
time: August 23, 2021, 6:18 pm
message: SQLSTATE[HY093]: Invalid parameter number: number of bound variables does not match number of tokens
-------------------------
-------------------------
time: August 23, 2021, 6:18 pm
message: SQLSTATE[HY093]: Invalid parameter number: number of bound variables does not match number of tokens
-------------------------
-------------------------
time: August 23, 2021, 6:18 pm
message: SQLSTATE[HY000]: General error: 1366 Incorrect integer value: 'unused' for column 'status' at row 1
-------------------------
-------------------------
time: August 23, 2021, 6:18 pm
message: SQLSTATE[HY000]: General error: 1366 Incorrect integer value: 'unused' for column 'status' at row 1
-------------------------
-------------------------
time: August 23, 2021, 6:18 pm
message: SQLSTATE[HY000]: General error: 1364 Field 'coupon_id' doesn't have a default value
-------------------------
-------------------------
time: August 23, 2021, 6:18 pm
message: SQLSTATE[HY000]: General error: 1364 Field 'coupon_id' doesn't have a default value
-------------------------
-------------------------
time: August 23, 2021, 6:36 pm
message: GET method not allowed
-------------------------
-------------------------
time: August 23, 2021, 6:36 pm
message: Error 8 occured on line 23 in file F:\SERVER\www\iim-app-services\api\users\cart\read_single.php: Undefined variable: cartResult.
-------------------------
-------------------------
time: August 23, 2021, 6:39 pm
message: GET method not allowed
-------------------------
-------------------------
time: August 23, 2021, 6:39 pm
message: Coupon data fetched.
-------------------------
-------------------------
time: August 23, 2021, 6:40 pm
message: Error 8 occured on line 23 in file F:\SERVER\www\iim-app-services\api\admin\coupons\read_single.php: Undefined property: CouponMaster::$email_id.
-------------------------
-------------------------
time: August 23, 2021, 6:41 pm
message: Error 8 occured on line 30 in file F:\SERVER\www\iim-app-services\api\admin\coupons\read_single.php: Undefined variable: coupon_code.
-------------------------
-------------------------
time: August 23, 2021, 6:44 pm
message: Leaderboard data fetched.
-------------------------
-------------------------
time: August 23, 2021, 6:44 pm
message: Leaderboard data fetched.
-------------------------
-------------------------
time: August 23, 2021, 6:44 pm
message: POST method not allowed
-------------------------
-------------------------
time: August 23, 2021, 7:46 pm
message: SQLSTATE[42000]: Syntax error or access violation: 1064 You have an error in your SQL syntax; check the manual that corresponds to your MySQL server version for the right syntax to use near 'created_at = '2021-08-23 19:46:38', updated_at = '2021-08-23 19:46:38'' at line 1
-------------------------
-------------------------
time: August 23, 2021, 7:46 pm
message: SQLSTATE[42000]: Syntax error or access violation: 1064 You have an error in your SQL syntax; check the manual that corresponds to your MySQL server version for the right syntax to use near 'created_at = '2021-08-23 19:46:38', updated_at = '2021-08-23 19:46:38'' at line 1
-------------------------
-------------------------
time: August 23, 2021, 7:49 pm
message: GET method not allowed
-------------------------
-------------------------
time: August 23, 2021, 7:51 pm
message: Error 8 occured on line 45 in file F:\SERVER\www\iim-app-services\api\users\order\read.php: Undefined variable: discount.
-------------------------
-------------------------
time: August 23, 2021, 7:51 pm
message: Error 8 occured on line 45 in file F:\SERVER\www\iim-app-services\api\users\order\read.php: Undefined variable: discount.
-------------------------
-------------------------
time: August 23, 2021, 7:52 pm
message: Error 8 occured on line 46 in file F:\SERVER\www\iim-app-services\api\users\order\read.php: Undefined variable: user_id.
-------------------------
-------------------------
time: August 23, 2021, 7:56 pm
message: No cart found.
-------------------------
-------------------------
time: August 23, 2021, 7:56 pm
message: No cart found.
-------------------------
-------------------------
time: August 23, 2021, 7:58 pm
message: No order found.
-------------------------
-------------------------
time: August 23, 2021, 7:58 pm
message: No order found.
-------------------------
-------------------------
time: August 23, 2021, 7:59 pm
message: Error 8 occured on line 36 in file F:\SERVER\www\iim-app-services\api\users\order\read_single.php: Undefined variable: discount.
-------------------------
-------------------------
time: August 23, 2021, 8:00 pm
message: Error 8 occured on line 41 in file F:\SERVER\www\iim-app-services\api\users\order\read_single.php: Undefined property: Order::$order_model.
-------------------------
-------------------------
time: August 23, 2021, 8:00 pm
message: Error 8 occured on line 47 in file F:\SERVER\www\iim-app-services\api\users\order\read_single.php: Undefined variable: cart.
-------------------------
-------------------------
time: August 23, 2021, 8:01 pm
message: Booking data fetched.
-------------------------
-------------------------
time: August 23, 2021, 8:10 pm
message: SQLSTATE[HY093]: Invalid parameter number: number of bound variables does not match number of tokens
-------------------------
-------------------------
time: August 23, 2021, 8:10 pm
message: SQLSTATE[HY093]: Invalid parameter number: number of bound variables does not match number of tokens
-------------------------
-------------------------
time: August 23, 2021, 8:11 pm
message: SQLSTATE[42000]: Syntax error or access violation: 1064 You have an error in your SQL syntax; check the manual that corresponds to your MySQL server version for the right syntax to use near 'WHERE coupon_id = '30'' at line 1
-------------------------
-------------------------
time: August 23, 2021, 8:11 pm
message: SQLSTATE[42000]: Syntax error or access violation: 1064 You have an error in your SQL syntax; check the manual that corresponds to your MySQL server version for the right syntax to use near 'WHERE coupon_id = '30'' at line 1
-------------------------
-------------------------
time: August 23, 2021, 8:13 pm
message: SQLSTATE[42000]: Syntax error or access violation: 1064 You have an error in your SQL syntax; check the manual that corresponds to your MySQL server version for the right syntax to use near 'WHERE coupon_id = '30'' at line 1
-------------------------
-------------------------
time: August 23, 2021, 8:13 pm
message: SQLSTATE[42000]: Syntax error or access violation: 1064 You have an error in your SQL syntax; check the manual that corresponds to your MySQL server version for the right syntax to use near 'WHERE coupon_id = '30'' at line 1
-------------------------
-------------------------
time: August 23, 2021, 8:13 pm
message: SQLSTATE[42000]: Syntax error or access violation: 1064 You have an error in your SQL syntax; check the manual that corresponds to your MySQL server version for the right syntax to use near 'WHERE coupon_id = '30'' at line 1
-------------------------
-------------------------
time: August 23, 2021, 8:13 pm
message: SQLSTATE[42000]: Syntax error or access violation: 1064 You have an error in your SQL syntax; check the manual that corresponds to your MySQL server version for the right syntax to use near 'WHERE coupon_id = '30'' at line 1
-------------------------
-------------------------
time: August 23, 2021, 8:17 pm
message: SQLSTATE[42000]: Syntax error or access violation: 1064 You have an error in your SQL syntax; check the manual that corresponds to your MySQL server version for the right syntax to use near 'WHERE coupon_id = '30'' at line 1
-------------------------
-------------------------
time: August 23, 2021, 8:17 pm
message: SQLSTATE[42000]: Syntax error or access violation: 1064 You have an error in your SQL syntax; check the manual that corresponds to your MySQL server version for the right syntax to use near 'WHERE coupon_id = '30'' at line 1
-------------------------
-------------------------
time: August 23, 2021, 8:17 pm
message: SQLSTATE[42000]: Syntax error or access violation: 1064 You have an error in your SQL syntax; check the manual that corresponds to your MySQL server version for the right syntax to use near 'WHERE coupon_id = '30'' at line 1
-------------------------
-------------------------
time: August 23, 2021, 8:17 pm
message: SQLSTATE[42000]: Syntax error or access violation: 1064 You have an error in your SQL syntax; check the manual that corresponds to your MySQL server version for the right syntax to use near 'WHERE coupon_id = '30'' at line 1
-------------------------
-------------------------
time: August 23, 2021, 8:19 pm
message: Error 8 occured on line 132 in file F:\SERVER\www\iim-app-services\models\Admin\CouponMaster.php: Only variables should be passed by reference.
-------------------------
-------------------------
time: August 23, 2021, 8:20 pm
message: SQLSTATE[42000]: Syntax error or access violation: 1064 You have an error in your SQL syntax; check the manual that corresponds to your MySQL server version for the right syntax to use near 'WHERE coupon_id = '30'' at line 1
-------------------------
-------------------------
time: August 23, 2021, 8:20 pm
message: SQLSTATE[42000]: Syntax error or access violation: 1064 You have an error in your SQL syntax; check the manual that corresponds to your MySQL server version for the right syntax to use near 'WHERE coupon_id = '30'' at line 1
-------------------------
-------------------------
time: August 23, 2021, 8:22 pm
message: SQLSTATE[42000]: Syntax error or access violation: 1064 You have an error in your SQL syntax; check the manual that corresponds to your MySQL server version for the right syntax to use near 'WHERE coupon_id = '30'' at line 1
-------------------------
-------------------------
time: August 23, 2021, 8:22 pm
message: SQLSTATE[42000]: Syntax error or access violation: 1064 You have an error in your SQL syntax; check the manual that corresponds to your MySQL server version for the right syntax to use near 'WHERE coupon_id = '30'' at line 1
-------------------------
