-------------------------
time: January 15, 2022, 12:01 am
message: Contact Role data fetched.
-------------------------
-------------------------
time: January 15, 2022, 12:29 am
message: Contact Role data fetched.
-------------------------
-------------------------
time: January 15, 2022, 12:29 am
message: Contact Role data fetched.
-------------------------
-------------------------
time: January 15, 2022, 12:31 am
message: Contact Role data fetched.
-------------------------
-------------------------
time: January 15, 2022, 12:48 am
message: Contact Role data fetched.
-------------------------
-------------------------
time: January 15, 2022, 1:04 am
message: Contact Role data fetched.
-------------------------
-------------------------
time: January 15, 2022, 1:31 am
message: Contact Role data fetched.
-------------------------
-------------------------
time: January 15, 2022, 1:52 am
message: Contact Role data fetched.
-------------------------
-------------------------
time: January 15, 2022, 1:57 am
message: Contact Role data fetched.
-------------------------
-------------------------
time: January 15, 2022, 2:34 am
message: Contact Role data fetched.
-------------------------
-------------------------
time: January 15, 2022, 2:44 am
message: Contact Role data fetched.
-------------------------
-------------------------
time: January 15, 2022, 2:58 am
message: Contact Role data fetched.
-------------------------
-------------------------
time: January 15, 2022, 4:01 am
message: Contact Role data fetched.
-------------------------
-------------------------
time: January 15, 2022, 4:59 am
message: Contact Role data fetched.
-------------------------
-------------------------
time: January 15, 2022, 5:09 am
message: Contact Role data fetched.
-------------------------
-------------------------
time: January 15, 2022, 7:37 am
message: Contact Role data fetched.
-------------------------
-------------------------
time: January 15, 2022, 7:59 am
message: Contact Role data fetched.
-------------------------
-------------------------
time: January 15, 2022, 8:16 am
message: Contact Role data fetched.
-------------------------
-------------------------
time: January 15, 2022, 8:23 am
message: Contact Role data fetched.
-------------------------
-------------------------
time: January 15, 2022, 8:32 am
message: Contact Role data fetched.
-------------------------
-------------------------
time: January 15, 2022, 9:08 am
message: Contact Role data fetched.
-------------------------
-------------------------
time: January 15, 2022, 9:32 am
message: Contact Role data fetched.
-------------------------
-------------------------
time: January 15, 2022, 10:17 am
message: Contact Role data fetched.
-------------------------
-------------------------
time: January 15, 2022, 11:09 am
message: GET method not allowed
-------------------------
-------------------------
time: January 15, 2022, 11:40 am
message: GET method not allowed
-------------------------
-------------------------
time: January 15, 2022, 11:40 am
message: GET method not allowed
-------------------------
-------------------------
time: January 15, 2022, 11:51 am
message: Contact Role data fetched.
-------------------------
-------------------------
time: January 15, 2022, 12:08 pm
message: Contact Role data fetched.
-------------------------
-------------------------
time: January 15, 2022, 12:51 pm
message: Contact Role data fetched.
-------------------------
-------------------------
time: January 15, 2022, 1:03 pm
message: Contact Role data fetched.
-------------------------
-------------------------
time: January 15, 2022, 1:52 pm
message: Contact Role data fetched.
-------------------------
-------------------------
time: January 15, 2022, 1:57 pm
message: Contact Role data fetched.
-------------------------
-------------------------
time: January 15, 2022, 2:06 pm
message: Contact Role data fetched.
-------------------------
-------------------------
time: January 15, 2022, 2:20 pm
message: Contact Role data fetched.
-------------------------
-------------------------
time: January 15, 2022, 3:06 pm
message: Contact Role data fetched.
-------------------------
-------------------------
time: January 15, 2022, 3:52 pm
message: Contact Role data fetched.
-------------------------
-------------------------
time: January 15, 2022, 3:57 pm
message: Contact Role data fetched.
-------------------------
-------------------------
time: January 15, 2022, 4:47 pm
message: Contact Role data fetched.
-------------------------
-------------------------
time: January 15, 2022, 6:39 pm
message: Contact Role data fetched.
-------------------------
-------------------------
time: January 15, 2022, 6:39 pm
message: Contact Role data fetched.
-------------------------
-------------------------
time: January 15, 2022, 6:39 pm
message: Leaderboard data fetched.
-------------------------
-------------------------
time: January 15, 2022, 6:40 pm
message: Leaderboard data fetched.
-------------------------
-------------------------
time: January 15, 2022, 6:47 pm
message: Contact Role data fetched.
-------------------------
-------------------------
time: January 15, 2022, 6:52 pm
message: Contact Role data fetched.
-------------------------
-------------------------
time: January 15, 2022, 7:05 pm
message: Contact Role data fetched.
-------------------------
-------------------------
time: January 15, 2022, 7:32 pm
message: Contact Role data fetched.
-------------------------
-------------------------
time: January 15, 2022, 8:14 pm
message: Contact Role data fetched.
-------------------------
-------------------------
time: January 15, 2022, 8:19 pm
message: Contact Role data fetched.
-------------------------
-------------------------
time: January 15, 2022, 8:59 pm
message: Contact Role data fetched.
-------------------------
-------------------------
time: January 15, 2022, 9:23 pm
message: Contact Role data fetched.
-------------------------
-------------------------
time: January 15, 2022, 9:47 pm
message: Contact Role data fetched.
-------------------------
-------------------------
time: January 15, 2022, 9:53 pm
message: Contact Role data fetched.
-------------------------
-------------------------
time: January 15, 2022, 10:23 pm
message: Contact Role data fetched.
-------------------------
-------------------------
time: January 15, 2022, 10:45 pm
message: Contact Role data fetched.
-------------------------
-------------------------
time: January 15, 2022, 11:26 pm
message: Contact Role data fetched.
-------------------------
-------------------------
time: January 15, 2022, 11:39 pm
message: Contact Role data fetched.
-------------------------
-------------------------
time: January 15, 2022, 11:52 pm
message: Contact Role data fetched.
-------------------------
-------------------------
time: January 15, 2022, 11:55 pm
message: Contact Role data fetched.
-------------------------
